[0.221s] Invoking command in '/home/ubuntu/ros2_delivFoxy/build/serial': CMAKE_PREFIX_PATH=${CMAKE_PREFIX_PATH}:/home/ubuntu/ros2_delivFoxy/install/serial_motor_demo:/home/ubuntu/dev_serial_motor/install/serial_motor_demo:/opt/ros/foxy /usr/bin/cmake --build /home/ubuntu/ros2_delivFoxy/build/serial -- -j4 -l4
[0.807s] [ 28%] Built target serial
[0.940s] [ 42%] Built target gtest
[0.977s] [ 57%] Built target gtest_main
[1.087s] [ 71%] Built target serial_example
[1.261s] [ 85%] Built target serial-test-timer
[1.332s] [100%] Built target serial-test
[1.420s] Invoked command in '/home/ubuntu/ros2_delivFoxy/build/serial' returned '0': CMAKE_PREFIX_PATH=${CMAKE_PREFIX_PATH}:/home/ubuntu/ros2_delivFoxy/install/serial_motor_demo:/home/ubuntu/dev_serial_motor/install/serial_motor_demo:/opt/ros/foxy /usr/bin/cmake --build /home/ubuntu/ros2_delivFoxy/build/serial -- -j4 -l4
[1.717s] Invoking command in '/home/ubuntu/ros2_delivFoxy/build/serial': CMAKE_PREFIX_PATH=${CMAKE_PREFIX_PATH}:/home/ubuntu/ros2_delivFoxy/install/serial_motor_demo:/home/ubuntu/dev_serial_motor/install/serial_motor_demo:/opt/ros/foxy /usr/bin/cmake --install /home/ubuntu/ros2_delivFoxy/build/serial
[1.785s] -- Install configuration: ""
[1.788s] -- Execute custom install script
[1.791s] -- Up-to-date symlink: /home/ubuntu/ros2_delivFoxy/install/serial/lib/libserial.a
[1.795s] -- Up-to-date symlink: /home/ubuntu/ros2_delivFoxy/install/serial/include/serial/serial.h
[1.798s] -- Up-to-date symlink: /home/ubuntu/ros2_delivFoxy/install/serial/include/serial/v8stdint.h
[1.800s] -- Up-to-date symlink: /home/ubuntu/ros2_delivFoxy/install/serial/share/serial/environment/library_path.sh
[1.803s] -- Up-to-date symlink: /home/ubuntu/ros2_delivFoxy/install/serial/share/serial/environment/library_path.dsv
[1.805s] -- Up-to-date symlink: /home/ubuntu/ros2_delivFoxy/install/serial/share/ament_index/resource_index/package_run_dependencies/serial
[1.810s] -- Up-to-date symlink: /home/ubuntu/ros2_delivFoxy/install/serial/share/ament_index/resource_index/parent_prefix_path/serial
[1.813s] -- Up-to-date symlink: /home/ubuntu/ros2_delivFoxy/install/serial/share/serial/environment/ament_prefix_path.sh
[1.815s] -- Up-to-date symlink: /home/ubuntu/ros2_delivFoxy/install/serial/share/serial/environment/ament_prefix_path.dsv
[1.818s] -- Up-to-date symlink: /home/ubuntu/ros2_delivFoxy/install/serial/share/serial/environment/path.sh
[1.821s] -- Up-to-date symlink: /home/ubuntu/ros2_delivFoxy/install/serial/share/serial/environment/path.dsv
[1.823s] -- Up-to-date symlink: /home/ubuntu/ros2_delivFoxy/install/serial/share/serial/local_setup.bash
[1.826s] -- Up-to-date symlink: /home/ubuntu/ros2_delivFoxy/install/serial/share/serial/local_setup.sh
[1.829s] -- Up-to-date symlink: /home/ubuntu/ros2_delivFoxy/install/serial/share/serial/local_setup.zsh
[1.833s] -- Up-to-date symlink: /home/ubuntu/ros2_delivFoxy/install/serial/share/serial/local_setup.dsv
[1.835s] -- Symlinking: /home/ubuntu/ros2_delivFoxy/install/serial/share/serial/package.dsv
[1.905s] -- Up-to-date symlink: /home/ubuntu/ros2_delivFoxy/install/serial/share/ament_index/resource_index/packages/serial
[1.906s] -- Up-to-date symlink: /home/ubuntu/ros2_delivFoxy/install/serial/share/serial/cmake/ament_cmake_export_include_directories-extras.cmake
[1.907s] -- Up-to-date symlink: /home/ubuntu/ros2_delivFoxy/install/serial/share/serial/cmake/ament_cmake_export_libraries-extras.cmake
[1.908s] -- Up-to-date symlink: /home/ubuntu/ros2_delivFoxy/install/serial/share/serial/cmake/serialConfig.cmake
[1.908s] -- Up-to-date symlink: /home/ubuntu/ros2_delivFoxy/install/serial/share/serial/cmake/serialConfig-version.cmake
[1.909s] -- Up-to-date symlink: /home/ubuntu/ros2_delivFoxy/install/serial/share/serial/package.xml
[1.997s] Invoked command in '/home/ubuntu/ros2_delivFoxy/build/serial' returned '0': CMAKE_PREFIX_PATH=${CMAKE_PREFIX_PATH}:/home/ubuntu/ros2_delivFoxy/install/serial_motor_demo:/home/ubuntu/dev_serial_motor/install/serial_motor_demo:/opt/ros/foxy /usr/bin/cmake --install /home/ubuntu/ros2_delivFoxy/build/serial
