[6.226s] Invoking command in '/home/ubuntu/ros2_delivFoxy/build/serial_motor_demo': CMAKE_PREFIX_PATH=/home/ubuntu/ros2_delivFoxy/install/serial_motor_demo_msgs:/home/ubuntu/ros2_delivFoxy/install/ydlidar_sdk:/home/ubuntu/ros2_delivFoxy/install/ydlidar_ros2_driver:/home/ubuntu/ros2_delivFoxy/install/slam_gmapping:/home/ubuntu/ros2_delivFoxy/install/diffdrive_arduino:/home/ubuntu/ros2_delivFoxy/install/serial:/home/ubuntu/ros2_delivFoxy/install/openslam_gmapping:/home/ubuntu/ros2_delivFoxy/install/articubot_one:/home/ubuntu/dev_serial_motor/install/serial_motor_demo_msgs PYTHONPATH=/home/ubuntu/ros2_delivFoxy/build/serial_motor_demo/prefix_override:/home/ubuntu/ros2_delivFoxy/install/serial_motor_demo/lib/python3.8/site-packages:/home/ubuntu/ros2_delivFoxy/install/serial_motor_demo_msgs/lib/python3.8/site-packages:/home/ubuntu/ros2_delivFoxy/install/serial_motor_demo/lib/python3.8/site-packages:/home/ubuntu/dev_serial_motor/install/serial_motor_demo/lib/python3.8/site-packages:/home/ubuntu/dev_serial_motor/install/serial_motor_demo_msgs/lib/python3.8/site-packages:/opt/ros/foxy/lib/python3.8/site-packages:ubuntu/quick2wire-python-api /usr/bin/python3 setup.py develop --uninstall --editable --build-directory /home/ubuntu/ros2_delivFoxy/build/serial_motor_demo/build
[8.793s] running develop
[9.944s] Invoked command in '/home/ubuntu/ros2_delivFoxy/build/serial_motor_demo' returned '0': CMAKE_PREFIX_PATH=/home/ubuntu/ros2_delivFoxy/install/serial_motor_demo_msgs:/home/ubuntu/ros2_delivFoxy/install/ydlidar_sdk:/home/ubuntu/ros2_delivFoxy/install/ydlidar_ros2_driver:/home/ubuntu/ros2_delivFoxy/install/slam_gmapping:/home/ubuntu/ros2_delivFoxy/install/diffdrive_arduino:/home/ubuntu/ros2_delivFoxy/install/serial:/home/ubuntu/ros2_delivFoxy/install/openslam_gmapping:/home/ubuntu/ros2_delivFoxy/install/articubot_one:/home/ubuntu/dev_serial_motor/install/serial_motor_demo_msgs PYTHONPATH=/home/ubuntu/ros2_delivFoxy/build/serial_motor_demo/prefix_override:/home/ubuntu/ros2_delivFoxy/install/serial_motor_demo/lib/python3.8/site-packages:/home/ubuntu/ros2_delivFoxy/install/serial_motor_demo_msgs/lib/python3.8/site-packages:/home/ubuntu/ros2_delivFoxy/install/serial_motor_demo/lib/python3.8/site-packages:/home/ubuntu/dev_serial_motor/install/serial_motor_demo/lib/python3.8/site-packages:/home/ubuntu/dev_serial_motor/install/serial_motor_demo_msgs/lib/python3.8/site-packages:/opt/ros/foxy/lib/python3.8/site-packages:ubuntu/quick2wire-python-api /usr/bin/python3 setup.py develop --uninstall --editable --build-directory /home/ubuntu/ros2_delivFoxy/build/serial_motor_demo/build
[9.955s] Invoking command in '/home/ubuntu/ros2_delivFoxy/src/serial_motor_demo/serial_motor_demo': CMAKE_PREFIX_PATH=/home/ubuntu/ros2_delivFoxy/install/serial_motor_demo_msgs:/home/ubuntu/ros2_delivFoxy/install/ydlidar_sdk:/home/ubuntu/ros2_delivFoxy/install/ydlidar_ros2_driver:/home/ubuntu/ros2_delivFoxy/install/slam_gmapping:/home/ubuntu/ros2_delivFoxy/install/diffdrive_arduino:/home/ubuntu/ros2_delivFoxy/install/serial:/home/ubuntu/ros2_delivFoxy/install/openslam_gmapping:/home/ubuntu/ros2_delivFoxy/install/articubot_one:/home/ubuntu/dev_serial_motor/install/serial_motor_demo_msgs PYTHONPATH=/home/ubuntu/ros2_delivFoxy/build/serial_motor_demo/prefix_override:/home/ubuntu/ros2_delivFoxy/install/serial_motor_demo/lib/python3.8/site-packages:/home/ubuntu/ros2_delivFoxy/install/serial_motor_demo_msgs/lib/python3.8/site-packages:/home/ubuntu/ros2_delivFoxy/install/serial_motor_demo/lib/python3.8/site-packages:/home/ubuntu/dev_serial_motor/install/serial_motor_demo/lib/python3.8/site-packages:/home/ubuntu/dev_serial_motor/install/serial_motor_demo_msgs/lib/python3.8/site-packages:/opt/ros/foxy/lib/python3.8/site-packages:ubuntu/quick2wire-python-api /usr/bin/python3 setup.py egg_info --egg-base ../../../build/serial_motor_demo build --build-base /home/ubuntu/ros2_delivFoxy/build/serial_motor_demo/build install --record /home/ubuntu/ros2_delivFoxy/build/serial_motor_demo/install.log --install-scripts $base/lib/serial_motor_demo --single-version-externally-managed
[11.021s] running egg_info
[11.025s] writing ../../../build/serial_motor_demo/serial_motor_demo.egg-info/PKG-INFO
[11.027s] writing dependency_links to ../../../build/serial_motor_demo/serial_motor_demo.egg-info/dependency_links.txt
[11.027s] writing entry points to ../../../build/serial_motor_demo/serial_motor_demo.egg-info/entry_points.txt
[11.028s] writing requirements to ../../../build/serial_motor_demo/serial_motor_demo.egg-info/requires.txt
[11.029s] writing top-level names to ../../../build/serial_motor_demo/serial_motor_demo.egg-info/top_level.txt
[11.404s] reading manifest file '../../../build/serial_motor_demo/serial_motor_demo.egg-info/SOURCES.txt'
[11.418s] writing manifest file '../../../build/serial_motor_demo/serial_motor_demo.egg-info/SOURCES.txt'
[11.420s] running build
[11.421s] running build_py
[11.424s] running install
[11.432s] running install_lib
[11.448s] running install_data
[11.453s] running install_egg_info
[11.469s] removing '/home/ubuntu/ros2_delivFoxy/install/serial_motor_demo/lib/python3.8/site-packages/serial_motor_demo-0.0.0-py3.8.egg-info' (and everything under it)
[11.476s] Copying ../../../build/serial_motor_demo/serial_motor_demo.egg-info to /home/ubuntu/ros2_delivFoxy/install/serial_motor_demo/lib/python3.8/site-packages/serial_motor_demo-0.0.0-py3.8.egg-info
[11.492s] running install_scripts
[11.653s] Installing driver script to /home/ubuntu/ros2_delivFoxy/install/serial_motor_demo/lib/serial_motor_demo
[11.655s] Installing gui script to /home/ubuntu/ros2_delivFoxy/install/serial_motor_demo/lib/serial_motor_demo
[11.658s] writing list of installed files to '/home/ubuntu/ros2_delivFoxy/build/serial_motor_demo/install.log'
[11.866s] Invoked command in '/home/ubuntu/ros2_delivFoxy/src/serial_motor_demo/serial_motor_demo' returned '0': CMAKE_PREFIX_PATH=/home/ubuntu/ros2_delivFoxy/install/serial_motor_demo_msgs:/home/ubuntu/ros2_delivFoxy/install/ydlidar_sdk:/home/ubuntu/ros2_delivFoxy/install/ydlidar_ros2_driver:/home/ubuntu/ros2_delivFoxy/install/slam_gmapping:/home/ubuntu/ros2_delivFoxy/install/diffdrive_arduino:/home/ubuntu/ros2_delivFoxy/install/serial:/home/ubuntu/ros2_delivFoxy/install/openslam_gmapping:/home/ubuntu/ros2_delivFoxy/install/articubot_one:/home/ubuntu/dev_serial_motor/install/serial_motor_demo_msgs PYTHONPATH=/home/ubuntu/ros2_delivFoxy/build/serial_motor_demo/prefix_override:/home/ubuntu/ros2_delivFoxy/install/serial_motor_demo/lib/python3.8/site-packages:/home/ubuntu/ros2_delivFoxy/install/serial_motor_demo_msgs/lib/python3.8/site-packages:/home/ubuntu/ros2_delivFoxy/install/serial_motor_demo/lib/python3.8/site-packages:/home/ubuntu/dev_serial_motor/install/serial_motor_demo/lib/python3.8/site-packages:/home/ubuntu/dev_serial_motor/install/serial_motor_demo_msgs/lib/python3.8/site-packages:/opt/ros/foxy/lib/python3.8/site-packages:ubuntu/quick2wire-python-api /usr/bin/python3 setup.py egg_info --egg-base ../../../build/serial_motor_demo build --build-base /home/ubuntu/ros2_delivFoxy/build/serial_motor_demo/build install --record /home/ubuntu/ros2_delivFoxy/build/serial_motor_demo/install.log --install-scripts $base/lib/serial_motor_demo --single-version-externally-managed
