[3.740s] DEBUG:colcon:Command line arguments: ['/usr/bin/colcon', 'build', '--symlink-install', '--packages-select', 'robot_localization', '--cmake-clean-cache']
[3.741s] DEBUG:colcon:Parsed command line arguments: Namespace(allow_overriding=[], ament_cmake_args=None, base_paths=['.'], build_base='build', catkin_cmake_args=None, catkin_skip_building_tests=False, cmake_args=None, cmake_clean_cache=True, cmake_clean_first=False, cmake_force_configure=False, cmake_target=None, cmake_target_skip_unavailable=False, continue_on_error=False, event_handlers=None, executor='parallel', ignore_user_meta=False, install_base='install', log_base=None, log_level=None, main=<bound method BuildVerb.main of <colcon_core.verb.build.BuildVerb object at 0xffffb9f02100>>, merge_install=False, metas=['./colcon.meta'], packages_above=None, packages_above_and_dependencies=None, packages_above_depth=None, packages_end=None, packages_ignore=None, packages_ignore_regex=None, packages_select=['robot_localization'], packages_select_build_failed=False, packages_select_by_dep=None, packages_select_regex=None, packages_select_test_failures=False, packages_skip=None, packages_skip_build_finished=False, packages_skip_by_dep=None, packages_skip_regex=None, packages_skip_test_passed=False, packages_skip_up_to=None, packages_start=None, packages_up_to=None, packages_up_to_regex=None, parallel_workers=4, paths=None, symlink_install=True, test_result_base=None, verb_extension=<colcon_core.verb.build.BuildVerb object at 0xffffb9f02100>, verb_name='build', verb_parser=<colcon_defaults.argument_parser.defaults.DefaultArgumentsDecorator object at 0xffffb9f02580>)
[4.049s] Level 1:colcon.colcon_core.package_discovery:discover_packages(colcon_meta) check parameters
[4.050s] Level 1:colcon.colcon_core.package_discovery:discover_packages(recursive) check parameters
[4.050s] Level 1:colcon.colcon_core.package_discovery:discover_packages(ignore) check parameters
[4.051s] Level 1:colcon.colcon_core.package_discovery:discover_packages(path) check parameters
[4.051s] Level 1:colcon.colcon_core.package_discovery:discover_packages(colcon_meta) discover
[4.052s] Level 1:colcon.colcon_core.package_discovery:discover_packages(recursive) discover
[4.052s] INFO:colcon.colcon_core.package_discovery:Crawling recursively for packages in '/home/ubuntu/ros2_delivFoxy'
[4.053s] Level 1:colcon.colcon_core.package_identification:_identify(.) by extensions ['ignore', 'ignore_ament_install']
[4.054s] Level 1:colcon.colcon_core.package_identification:_identify(.) by extension 'ignore'
[4.055s] Level 1:colcon.colcon_core.package_identification:_identify(.) by extension 'ignore_ament_install'
[4.056s] Level 1:colcon.colcon_core.package_identification:_identify(.) by extensions ['colcon_pkg']
[4.056s] Level 1:colcon.colcon_core.package_identification:_identify(.) by extension 'colcon_pkg'
[4.056s] Level 1:colcon.colcon_core.package_identification:_identify(.) by extensions ['colcon_meta']
[4.057s] Level 1:colcon.colcon_core.package_identification:_identify(.) by extension 'colcon_meta'
[4.057s] Level 1:colcon.colcon_core.package_identification:_identify(.) by extensions ['ros']
[4.057s] Level 1:colcon.colcon_core.package_identification:_identify(.) by extension 'ros'
[4.245s] Level 1:colcon.colcon_core.package_identification:_identify(.) by extensions ['cmake', 'python']
[4.246s] Level 1:colcon.colcon_core.package_identification:_identify(.) by extension 'cmake'
[4.247s] Level 1:colcon.colcon_core.package_identification:_identify(.) by extension 'python'
[4.248s] Level 1:colcon.colcon_core.package_identification:_identify(.) by extensions ['python_setup_py']
[4.248s] Level 1:colcon.colcon_core.package_identification:_identify(.) by extension 'python_setup_py'
[4.250s] Level 1:colcon.colcon_core.package_identification:_identify(build) by extensions ['ignore', 'ignore_ament_install']
[4.251s] Level 1:colcon.colcon_core.package_identification:_identify(build) by extension 'ignore'
[4.252s] Level 1:colcon.colcon_core.package_identification:_identify(build) ignored
[4.254s] Level 1:colcon.colcon_core.package_identification:_identify(install) by extensions ['ignore', 'ignore_ament_install']
[4.255s] Level 1:colcon.colcon_core.package_identification:_identify(install) by extension 'ignore'
[4.255s] Level 1:colcon.colcon_core.package_identification:_identify(install) ignored
[4.258s] Level 1:colcon.colcon_core.package_identification:_identify(log) by extensions ['ignore', 'ignore_ament_install']
[4.259s] Level 1:colcon.colcon_core.package_identification:_identify(log) by extension 'ignore'
[4.259s] Level 1:colcon.colcon_core.package_identification:_identify(log) ignored
[4.260s] Level 1:colcon.colcon_core.package_identification:_identify(src) by extensions ['ignore', 'ignore_ament_install']
[4.261s] Level 1:colcon.colcon_core.package_identification:_identify(src) by extension 'ignore'
[4.261s] Level 1:colcon.colcon_core.package_identification:_identify(src) by extension 'ignore_ament_install'
[4.262s] Level 1:colcon.colcon_core.package_identification:_identify(src) by extensions ['colcon_pkg']
[4.262s] Level 1:colcon.colcon_core.package_identification:_identify(src) by extension 'colcon_pkg'
[4.263s] Level 1:colcon.colcon_core.package_identification:_identify(src) by extensions ['colcon_meta']
[4.263s] Level 1:colcon.colcon_core.package_identification:_identify(src) by extension 'colcon_meta'
[4.264s] Level 1:colcon.colcon_core.package_identification:_identify(src) by extensions ['ros']
[4.264s] Level 1:colcon.colcon_core.package_identification:_identify(src) by extension 'ros'
[4.265s] Level 1:colcon.colcon_core.package_identification:_identify(src) by extensions ['cmake', 'python']
[4.265s] Level 1:colcon.colcon_core.package_identification:_identify(src) by extension 'cmake'
[4.266s] Level 1:colcon.colcon_core.package_identification:_identify(src) by extension 'python'
[4.266s] Level 1:colcon.colcon_core.package_identification:_identify(src) by extensions ['python_setup_py']
[4.266s] Level 1:colcon.colcon_core.package_identification:_identify(src) by extension 'python_setup_py'
[4.268s] Level 1:colcon.colcon_core.package_identification:_identify(src/articubot_one) by extensions ['ignore', 'ignore_ament_install']
[4.269s] Level 1:colcon.colcon_core.package_identification:_identify(src/articubot_one) by extension 'ignore'
[4.270s] Level 1:colcon.colcon_core.package_identification:_identify(src/articubot_one) by extension 'ignore_ament_install'
[4.271s] Level 1:colcon.colcon_core.package_identification:_identify(src/articubot_one) by extensions ['colcon_pkg']
[4.272s] Level 1:colcon.colcon_core.package_identification:_identify(src/articubot_one) by extension 'colcon_pkg'
[4.273s] Level 1:colcon.colcon_core.package_identification:_identify(src/articubot_one) by extensions ['colcon_meta']
[4.273s] Level 1:colcon.colcon_core.package_identification:_identify(src/articubot_one) by extension 'colcon_meta'
[4.274s] Level 1:colcon.colcon_core.package_identification:_identify(src/articubot_one) by extensions ['ros']
[4.274s] Level 1:colcon.colcon_core.package_identification:_identify(src/articubot_one) by extension 'ros'
[4.297s] DEBUG:colcon.colcon_core.package_identification:Package 'src/articubot_one' with type 'ros.ament_cmake' and name 'articubot_one'
[4.299s] Level 1:colcon.colcon_core.package_identification:_identify(src/diffdrive_arduino) by extensions ['ignore', 'ignore_ament_install']
[4.300s] Level 1:colcon.colcon_core.package_identification:_identify(src/diffdrive_arduino) by extension 'ignore'
[4.301s] Level 1:colcon.colcon_core.package_identification:_identify(src/diffdrive_arduino) by extension 'ignore_ament_install'
[4.301s] Level 1:colcon.colcon_core.package_identification:_identify(src/diffdrive_arduino) by extensions ['colcon_pkg']
[4.302s] Level 1:colcon.colcon_core.package_identification:_identify(src/diffdrive_arduino) by extension 'colcon_pkg'
[4.302s] Level 1:colcon.colcon_core.package_identification:_identify(src/diffdrive_arduino) by extensions ['colcon_meta']
[4.303s] Level 1:colcon.colcon_core.package_identification:_identify(src/diffdrive_arduino) by extension 'colcon_meta'
[4.303s] Level 1:colcon.colcon_core.package_identification:_identify(src/diffdrive_arduino) by extensions ['ros']
[4.304s] Level 1:colcon.colcon_core.package_identification:_identify(src/diffdrive_arduino) by extension 'ros'
[4.314s] DEBUG:colcon.colcon_core.package_identification:Package 'src/diffdrive_arduino' with type 'ros.ament_cmake' and name 'diffdrive_arduino'
[4.316s] Level 1:colcon.colcon_core.package_identification:_identify(src/robot_localization) by extensions ['ignore', 'ignore_ament_install']
[4.317s] Level 1:colcon.colcon_core.package_identification:_identify(src/robot_localization) by extension 'ignore'
[4.318s] Level 1:colcon.colcon_core.package_identification:_identify(src/robot_localization) by extension 'ignore_ament_install'
[4.318s] Level 1:colcon.colcon_core.package_identification:_identify(src/robot_localization) by extensions ['colcon_pkg']
[4.319s] Level 1:colcon.colcon_core.package_identification:_identify(src/robot_localization) by extension 'colcon_pkg'
[4.319s] Level 1:colcon.colcon_core.package_identification:_identify(src/robot_localization) by extensions ['colcon_meta']
[4.320s] Level 1:colcon.colcon_core.package_identification:_identify(src/robot_localization) by extension 'colcon_meta'
[4.320s] Level 1:colcon.colcon_core.package_identification:_identify(src/robot_localization) by extensions ['ros']
[4.321s] Level 1:colcon.colcon_core.package_identification:_identify(src/robot_localization) by extension 'ros'
[4.347s] DEBUG:colcon.colcon_core.package_identification:Package 'src/robot_localization' with type 'ros.ament_cmake' and name 'robot_localization'
[4.349s] Level 1:colcon.colcon_core.package_identification:_identify(src/serial) by extensions ['ignore', 'ignore_ament_install']
[4.350s] Level 1:colcon.colcon_core.package_identification:_identify(src/serial) by extension 'ignore'
[4.350s] Level 1:colcon.colcon_core.package_identification:_identify(src/serial) by extension 'ignore_ament_install'
[4.351s] Level 1:colcon.colcon_core.package_identification:_identify(src/serial) by extensions ['colcon_pkg']
[4.352s] Level 1:colcon.colcon_core.package_identification:_identify(src/serial) by extension 'colcon_pkg'
[4.352s] Level 1:colcon.colcon_core.package_identification:_identify(src/serial) by extensions ['colcon_meta']
[4.352s] Level 1:colcon.colcon_core.package_identification:_identify(src/serial) by extension 'colcon_meta'
[4.353s] Level 1:colcon.colcon_core.package_identification:_identify(src/serial) by extensions ['ros']
[4.353s] Level 1:colcon.colcon_core.package_identification:_identify(src/serial) by extension 'ros'
[4.359s] DEBUG:colcon.colcon_core.package_identification:Package 'src/serial' with type 'ros.ament_cmake' and name 'serial'
[4.360s] Level 1:colcon.colcon_core.package_identification:_identify(src/serial_motor_demo) by extensions ['ignore', 'ignore_ament_install']
[4.361s] Level 1:colcon.colcon_core.package_identification:_identify(src/serial_motor_demo) by extension 'ignore'
[4.362s] Level 1:colcon.colcon_core.package_identification:_identify(src/serial_motor_demo) by extension 'ignore_ament_install'
[4.362s] Level 1:colcon.colcon_core.package_identification:_identify(src/serial_motor_demo) by extensions ['colcon_pkg']
[4.363s] Level 1:colcon.colcon_core.package_identification:_identify(src/serial_motor_demo) by extension 'colcon_pkg'
[4.363s] Level 1:colcon.colcon_core.package_identification:_identify(src/serial_motor_demo) by extensions ['colcon_meta']
[4.364s] Level 1:colcon.colcon_core.package_identification:_identify(src/serial_motor_demo) by extension 'colcon_meta'
[4.364s] Level 1:colcon.colcon_core.package_identification:_identify(src/serial_motor_demo) by extensions ['ros']
[4.364s] Level 1:colcon.colcon_core.package_identification:_identify(src/serial_motor_demo) by extension 'ros'
[4.365s] Level 1:colcon.colcon_core.package_identification:_identify(src/serial_motor_demo) by extensions ['cmake', 'python']
[4.366s] Level 1:colcon.colcon_core.package_identification:_identify(src/serial_motor_demo) by extension 'cmake'
[4.366s] Level 1:colcon.colcon_core.package_identification:_identify(src/serial_motor_demo) by extension 'python'
[4.367s] Level 1:colcon.colcon_core.package_identification:_identify(src/serial_motor_demo) by extensions ['python_setup_py']
[4.367s] Level 1:colcon.colcon_core.package_identification:_identify(src/serial_motor_demo) by extension 'python_setup_py'
[4.368s] Level 1:colcon.colcon_core.package_identification:_identify(src/serial_motor_demo/serial_motor_demo) by extensions ['ignore', 'ignore_ament_install']
[4.369s] Level 1:colcon.colcon_core.package_identification:_identify(src/serial_motor_demo/serial_motor_demo) by extension 'ignore'
[4.370s] Level 1:colcon.colcon_core.package_identification:_identify(src/serial_motor_demo/serial_motor_demo) by extension 'ignore_ament_install'
[4.370s] Level 1:colcon.colcon_core.package_identification:_identify(src/serial_motor_demo/serial_motor_demo) by extensions ['colcon_pkg']
[4.371s] Level 1:colcon.colcon_core.package_identification:_identify(src/serial_motor_demo/serial_motor_demo) by extension 'colcon_pkg'
[4.371s] Level 1:colcon.colcon_core.package_identification:_identify(src/serial_motor_demo/serial_motor_demo) by extensions ['colcon_meta']
[4.372s] Level 1:colcon.colcon_core.package_identification:_identify(src/serial_motor_demo/serial_motor_demo) by extension 'colcon_meta'
[4.372s] Level 1:colcon.colcon_core.package_identification:_identify(src/serial_motor_demo/serial_motor_demo) by extensions ['ros']
[4.373s] Level 1:colcon.colcon_core.package_identification:_identify(src/serial_motor_demo/serial_motor_demo) by extension 'ros'
[4.381s] DEBUG:colcon.colcon_core.package_identification:Package 'src/serial_motor_demo/serial_motor_demo' with type 'ros.ament_python' and name 'serial_motor_demo'
[4.383s] Level 1:colcon.colcon_core.package_identification:_identify(src/serial_motor_demo/serial_motor_demo_msgs) by extensions ['ignore', 'ignore_ament_install']
[4.384s] Level 1:colcon.colcon_core.package_identification:_identify(src/serial_motor_demo/serial_motor_demo_msgs) by extension 'ignore'
[4.390s] Level 1:colcon.colcon_core.package_identification:_identify(src/serial_motor_demo/serial_motor_demo_msgs) by extension 'ignore_ament_install'
[4.391s] Level 1:colcon.colcon_core.package_identification:_identify(src/serial_motor_demo/serial_motor_demo_msgs) by extensions ['colcon_pkg']
[4.392s] Level 1:colcon.colcon_core.package_identification:_identify(src/serial_motor_demo/serial_motor_demo_msgs) by extension 'colcon_pkg'
[4.392s] Level 1:colcon.colcon_core.package_identification:_identify(src/serial_motor_demo/serial_motor_demo_msgs) by extensions ['colcon_meta']
[4.393s] Level 1:colcon.colcon_core.package_identification:_identify(src/serial_motor_demo/serial_motor_demo_msgs) by extension 'colcon_meta'
[4.393s] Level 1:colcon.colcon_core.package_identification:_identify(src/serial_motor_demo/serial_motor_demo_msgs) by extensions ['ros']
[4.394s] Level 1:colcon.colcon_core.package_identification:_identify(src/serial_motor_demo/serial_motor_demo_msgs) by extension 'ros'
[4.399s] DEBUG:colcon.colcon_core.package_identification:Package 'src/serial_motor_demo/serial_motor_demo_msgs' with type 'ros.ament_cmake' and name 'serial_motor_demo_msgs'
[4.400s] Level 1:colcon.colcon_core.package_identification:_identify(src/ydlidarX3_foxy) by extensions ['ignore', 'ignore_ament_install']
[4.401s] Level 1:colcon.colcon_core.package_identification:_identify(src/ydlidarX3_foxy) by extension 'ignore'
[4.402s] Level 1:colcon.colcon_core.package_identification:_identify(src/ydlidarX3_foxy) by extension 'ignore_ament_install'
[4.402s] Level 1:colcon.colcon_core.package_identification:_identify(src/ydlidarX3_foxy) by extensions ['colcon_pkg']
[4.403s] Level 1:colcon.colcon_core.package_identification:_identify(src/ydlidarX3_foxy) by extension 'colcon_pkg'
[4.403s] Level 1:colcon.colcon_core.package_identification:_identify(src/ydlidarX3_foxy) by extensions ['colcon_meta']
[4.404s] Level 1:colcon.colcon_core.package_identification:_identify(src/ydlidarX3_foxy) by extension 'colcon_meta'
[4.404s] Level 1:colcon.colcon_core.package_identification:_identify(src/ydlidarX3_foxy) by extensions ['ros']
[4.405s] Level 1:colcon.colcon_core.package_identification:_identify(src/ydlidarX3_foxy) by extension 'ros'
[4.406s] Level 1:colcon.colcon_core.package_identification:_identify(src/ydlidarX3_foxy) by extensions ['cmake', 'python']
[4.406s] Level 1:colcon.colcon_core.package_identification:_identify(src/ydlidarX3_foxy) by extension 'cmake'
[4.406s] Level 1:colcon.colcon_core.package_identification:_identify(src/ydlidarX3_foxy) by extension 'python'
[4.407s] Level 1:colcon.colcon_core.package_identification:_identify(src/ydlidarX3_foxy) by extensions ['python_setup_py']
[4.407s] Level 1:colcon.colcon_core.package_identification:_identify(src/ydlidarX3_foxy) by extension 'python_setup_py'
[4.410s] Level 1:colcon.colcon_core.package_identification:_identify(src/ydlidarX3_foxy/YDLidar-SDK-master) by extensions ['ignore', 'ignore_ament_install']
[4.411s] Level 1:colcon.colcon_core.package_identification:_identify(src/ydlidarX3_foxy/YDLidar-SDK-master) by extension 'ignore'
[4.412s] Level 1:colcon.colcon_core.package_identification:_identify(src/ydlidarX3_foxy/YDLidar-SDK-master) by extension 'ignore_ament_install'
[4.413s] Level 1:colcon.colcon_core.package_identification:_identify(src/ydlidarX3_foxy/YDLidar-SDK-master) by extensions ['colcon_pkg']
[4.413s] Level 1:colcon.colcon_core.package_identification:_identify(src/ydlidarX3_foxy/YDLidar-SDK-master) by extension 'colcon_pkg'
[4.413s] Level 1:colcon.colcon_core.package_identification:_identify(src/ydlidarX3_foxy/YDLidar-SDK-master) by extensions ['colcon_meta']
[4.414s] Level 1:colcon.colcon_core.package_identification:_identify(src/ydlidarX3_foxy/YDLidar-SDK-master) by extension 'colcon_meta'
[4.414s] Level 1:colcon.colcon_core.package_identification:_identify(src/ydlidarX3_foxy/YDLidar-SDK-master) by extensions ['ros']
[4.415s] Level 1:colcon.colcon_core.package_identification:_identify(src/ydlidarX3_foxy/YDLidar-SDK-master) by extension 'ros'
[4.416s] Level 1:colcon.colcon_core.package_identification:_identify(src/ydlidarX3_foxy/YDLidar-SDK-master) by extensions ['cmake', 'python']
[4.416s] Level 1:colcon.colcon_core.package_identification:_identify(src/ydlidarX3_foxy/YDLidar-SDK-master) by extension 'cmake'
[4.631s] Level 1:colcon.colcon_core.package_identification:_identify(src/ydlidarX3_foxy/YDLidar-SDK-master) by extension 'python'
[4.632s] DEBUG:colcon.colcon_core.package_identification:Package 'src/ydlidarX3_foxy/YDLidar-SDK-master' with type 'cmake' and name 'ydlidar_sdk'
[4.633s] Level 1:colcon.colcon_core.package_identification:_identify(src/ydlidarX3_foxy/build) by extensions ['ignore', 'ignore_ament_install']
[4.634s] Level 1:colcon.colcon_core.package_identification:_identify(src/ydlidarX3_foxy/build) by extension 'ignore'
[4.635s] Level 1:colcon.colcon_core.package_identification:_identify(src/ydlidarX3_foxy/build) ignored
[4.636s] Level 1:colcon.colcon_core.package_identification:_identify(src/ydlidarX3_foxy/install) by extensions ['ignore', 'ignore_ament_install']
[4.637s] Level 1:colcon.colcon_core.package_identification:_identify(src/ydlidarX3_foxy/install) by extension 'ignore'
[4.638s] Level 1:colcon.colcon_core.package_identification:_identify(src/ydlidarX3_foxy/install) ignored
[4.640s] Level 1:colcon.colcon_core.package_identification:_identify(src/ydlidarX3_foxy/log) by extensions ['ignore', 'ignore_ament_install']
[4.641s] Level 1:colcon.colcon_core.package_identification:_identify(src/ydlidarX3_foxy/log) by extension 'ignore'
[4.641s] Level 1:colcon.colcon_core.package_identification:_identify(src/ydlidarX3_foxy/log) ignored
[4.642s] Level 1:colcon.colcon_core.package_identification:_identify(src/ydlidarX3_foxy/src) by extensions ['ignore', 'ignore_ament_install']
[4.643s] Level 1:colcon.colcon_core.package_identification:_identify(src/ydlidarX3_foxy/src) by extension 'ignore'
[4.644s] Level 1:colcon.colcon_core.package_identification:_identify(src/ydlidarX3_foxy/src) by extension 'ignore_ament_install'
[4.644s] Level 1:colcon.colcon_core.package_identification:_identify(src/ydlidarX3_foxy/src) by extensions ['colcon_pkg']
[4.645s] Level 1:colcon.colcon_core.package_identification:_identify(src/ydlidarX3_foxy/src) by extension 'colcon_pkg'
[4.646s] Level 1:colcon.colcon_core.package_identification:_identify(src/ydlidarX3_foxy/src) by extensions ['colcon_meta']
[4.646s] Level 1:colcon.colcon_core.package_identification:_identify(src/ydlidarX3_foxy/src) by extension 'colcon_meta'
[4.647s] Level 1:colcon.colcon_core.package_identification:_identify(src/ydlidarX3_foxy/src) by extensions ['ros']
[4.647s] Level 1:colcon.colcon_core.package_identification:_identify(src/ydlidarX3_foxy/src) by extension 'ros'
[4.648s] Level 1:colcon.colcon_core.package_identification:_identify(src/ydlidarX3_foxy/src) by extensions ['cmake', 'python']
[4.649s] Level 1:colcon.colcon_core.package_identification:_identify(src/ydlidarX3_foxy/src) by extension 'cmake'
[4.649s] Level 1:colcon.colcon_core.package_identification:_identify(src/ydlidarX3_foxy/src) by extension 'python'
[4.650s] Level 1:colcon.colcon_core.package_identification:_identify(src/ydlidarX3_foxy/src) by extensions ['python_setup_py']
[4.650s] Level 1:colcon.colcon_core.package_identification:_identify(src/ydlidarX3_foxy/src) by extension 'python_setup_py'
[4.652s] Level 1:colcon.colcon_core.package_identification:_identify(src/ydlidarX3_foxy/src/openslam_gmapping) by extensions ['ignore', 'ignore_ament_install']
[4.653s] Level 1:colcon.colcon_core.package_identification:_identify(src/ydlidarX3_foxy/src/openslam_gmapping) by extension 'ignore'
[4.653s] Level 1:colcon.colcon_core.package_identification:_identify(src/ydlidarX3_foxy/src/openslam_gmapping) by extension 'ignore_ament_install'
[4.654s] Level 1:colcon.colcon_core.package_identification:_identify(src/ydlidarX3_foxy/src/openslam_gmapping) by extensions ['colcon_pkg']
[4.654s] Level 1:colcon.colcon_core.package_identification:_identify(src/ydlidarX3_foxy/src/openslam_gmapping) by extension 'colcon_pkg'
[4.655s] Level 1:colcon.colcon_core.package_identification:_identify(src/ydlidarX3_foxy/src/openslam_gmapping) by extensions ['colcon_meta']
[4.655s] Level 1:colcon.colcon_core.package_identification:_identify(src/ydlidarX3_foxy/src/openslam_gmapping) by extension 'colcon_meta'
[4.656s] Level 1:colcon.colcon_core.package_identification:_identify(src/ydlidarX3_foxy/src/openslam_gmapping) by extensions ['ros']
[4.656s] Level 1:colcon.colcon_core.package_identification:_identify(src/ydlidarX3_foxy/src/openslam_gmapping) by extension 'ros'
[4.661s] DEBUG:colcon.colcon_core.package_identification:Package 'src/ydlidarX3_foxy/src/openslam_gmapping' with type 'ros.ament_cmake' and name 'openslam_gmapping'
[4.663s] Level 1:colcon.colcon_core.package_identification:_identify(src/ydlidarX3_foxy/src/slam_gmapping) by extensions ['ignore', 'ignore_ament_install']
[4.664s] Level 1:colcon.colcon_core.package_identification:_identify(src/ydlidarX3_foxy/src/slam_gmapping) by extension 'ignore'
[4.664s] Level 1:colcon.colcon_core.package_identification:_identify(src/ydlidarX3_foxy/src/slam_gmapping) by extension 'ignore_ament_install'
[4.665s] Level 1:colcon.colcon_core.package_identification:_identify(src/ydlidarX3_foxy/src/slam_gmapping) by extensions ['colcon_pkg']
[4.665s] Level 1:colcon.colcon_core.package_identification:_identify(src/ydlidarX3_foxy/src/slam_gmapping) by extension 'colcon_pkg'
[4.666s] Level 1:colcon.colcon_core.package_identification:_identify(src/ydlidarX3_foxy/src/slam_gmapping) by extensions ['colcon_meta']
[4.666s] Level 1:colcon.colcon_core.package_identification:_identify(src/ydlidarX3_foxy/src/slam_gmapping) by extension 'colcon_meta'
[4.667s] Level 1:colcon.colcon_core.package_identification:_identify(src/ydlidarX3_foxy/src/slam_gmapping) by extensions ['ros']
[4.667s] Level 1:colcon.colcon_core.package_identification:_identify(src/ydlidarX3_foxy/src/slam_gmapping) by extension 'ros'
[4.681s] DEBUG:colcon.colcon_core.package_identification:Package 'src/ydlidarX3_foxy/src/slam_gmapping' with type 'ros.ament_cmake' and name 'slam_gmapping'
[4.683s] Level 1:colcon.colcon_core.package_identification:_identify(src/ydlidarX3_foxy/src/sllidar_ros2) by extensions ['ignore', 'ignore_ament_install']
[4.684s] Level 1:colcon.colcon_core.package_identification:_identify(src/ydlidarX3_foxy/src/sllidar_ros2) by extension 'ignore'
[4.685s] Level 1:colcon.colcon_core.package_identification:_identify(src/ydlidarX3_foxy/src/sllidar_ros2) by extension 'ignore_ament_install'
[4.686s] Level 1:colcon.colcon_core.package_identification:_identify(src/ydlidarX3_foxy/src/sllidar_ros2) by extensions ['colcon_pkg']
[4.686s] Level 1:colcon.colcon_core.package_identification:_identify(src/ydlidarX3_foxy/src/sllidar_ros2) by extension 'colcon_pkg'
[4.686s] Level 1:colcon.colcon_core.package_identification:_identify(src/ydlidarX3_foxy/src/sllidar_ros2) by extensions ['colcon_meta']
[4.687s] Level 1:colcon.colcon_core.package_identification:_identify(src/ydlidarX3_foxy/src/sllidar_ros2) by extension 'colcon_meta'
[4.688s] Level 1:colcon.colcon_core.package_identification:_identify(src/ydlidarX3_foxy/src/sllidar_ros2) by extensions ['ros']
[4.688s] Level 1:colcon.colcon_core.package_identification:_identify(src/ydlidarX3_foxy/src/sllidar_ros2) by extension 'ros'
[4.689s] Level 1:colcon.colcon_core.package_identification:_identify(src/ydlidarX3_foxy/src/sllidar_ros2) by extensions ['cmake', 'python']
[4.690s] Level 1:colcon.colcon_core.package_identification:_identify(src/ydlidarX3_foxy/src/sllidar_ros2) by extension 'cmake'
[4.690s] Level 1:colcon.colcon_core.package_identification:_identify(src/ydlidarX3_foxy/src/sllidar_ros2) by extension 'python'
[4.691s] Level 1:colcon.colcon_core.package_identification:_identify(src/ydlidarX3_foxy/src/sllidar_ros2) by extensions ['python_setup_py']
[4.691s] Level 1:colcon.colcon_core.package_identification:_identify(src/ydlidarX3_foxy/src/sllidar_ros2) by extension 'python_setup_py'
[4.693s] Level 1:colcon.colcon_core.package_identification:_identify(src/ydlidarX3_foxy/src/sllidar_ros2/launch) by extensions ['ignore', 'ignore_ament_install']
[4.694s] Level 1:colcon.colcon_core.package_identification:_identify(src/ydlidarX3_foxy/src/sllidar_ros2/launch) by extension 'ignore'
[4.694s] Level 1:colcon.colcon_core.package_identification:_identify(src/ydlidarX3_foxy/src/sllidar_ros2/launch) by extension 'ignore_ament_install'
[4.695s] Level 1:colcon.colcon_core.package_identification:_identify(src/ydlidarX3_foxy/src/sllidar_ros2/launch) by extensions ['colcon_pkg']
[4.695s] Level 1:colcon.colcon_core.package_identification:_identify(src/ydlidarX3_foxy/src/sllidar_ros2/launch) by extension 'colcon_pkg'
[4.696s] Level 1:colcon.colcon_core.package_identification:_identify(src/ydlidarX3_foxy/src/sllidar_ros2/launch) by extensions ['colcon_meta']
[4.696s] Level 1:colcon.colcon_core.package_identification:_identify(src/ydlidarX3_foxy/src/sllidar_ros2/launch) by extension 'colcon_meta'
[4.697s] Level 1:colcon.colcon_core.package_identification:_identify(src/ydlidarX3_foxy/src/sllidar_ros2/launch) by extensions ['ros']
[4.697s] Level 1:colcon.colcon_core.package_identification:_identify(src/ydlidarX3_foxy/src/sllidar_ros2/launch) by extension 'ros'
[4.698s] Level 1:colcon.colcon_core.package_identification:_identify(src/ydlidarX3_foxy/src/sllidar_ros2/launch) by extensions ['cmake', 'python']
[4.698s] Level 1:colcon.colcon_core.package_identification:_identify(src/ydlidarX3_foxy/src/sllidar_ros2/launch) by extension 'cmake'
[4.699s] Level 1:colcon.colcon_core.package_identification:_identify(src/ydlidarX3_foxy/src/sllidar_ros2/launch) by extension 'python'
[4.699s] Level 1:colcon.colcon_core.package_identification:_identify(src/ydlidarX3_foxy/src/sllidar_ros2/launch) by extensions ['python_setup_py']
[4.700s] Level 1:colcon.colcon_core.package_identification:_identify(src/ydlidarX3_foxy/src/sllidar_ros2/launch) by extension 'python_setup_py'
[4.701s] Level 1:colcon.colcon_core.package_identification:_identify(src/ydlidarX3_foxy/src/sllidar_ros2/launch/__pycache__) by extensions ['ignore', 'ignore_ament_install']
[4.702s] Level 1:colcon.colcon_core.package_identification:_identify(src/ydlidarX3_foxy/src/sllidar_ros2/launch/__pycache__) by extension 'ignore'
[4.703s] Level 1:colcon.colcon_core.package_identification:_identify(src/ydlidarX3_foxy/src/sllidar_ros2/launch/__pycache__) by extension 'ignore_ament_install'
[4.703s] Level 1:colcon.colcon_core.package_identification:_identify(src/ydlidarX3_foxy/src/sllidar_ros2/launch/__pycache__) by extensions ['colcon_pkg']
[4.704s] Level 1:colcon.colcon_core.package_identification:_identify(src/ydlidarX3_foxy/src/sllidar_ros2/launch/__pycache__) by extension 'colcon_pkg'
[4.704s] Level 1:colcon.colcon_core.package_identification:_identify(src/ydlidarX3_foxy/src/sllidar_ros2/launch/__pycache__) by extensions ['colcon_meta']
[4.705s] Level 1:colcon.colcon_core.package_identification:_identify(src/ydlidarX3_foxy/src/sllidar_ros2/launch/__pycache__) by extension 'colcon_meta'
[4.705s] Level 1:colcon.colcon_core.package_identification:_identify(src/ydlidarX3_foxy/src/sllidar_ros2/launch/__pycache__) by extensions ['ros']
[4.706s] Level 1:colcon.colcon_core.package_identification:_identify(src/ydlidarX3_foxy/src/sllidar_ros2/launch/__pycache__) by extension 'ros'
[4.707s] Level 1:colcon.colcon_core.package_identification:_identify(src/ydlidarX3_foxy/src/sllidar_ros2/launch/__pycache__) by extensions ['cmake', 'python']
[4.707s] Level 1:colcon.colcon_core.package_identification:_identify(src/ydlidarX3_foxy/src/sllidar_ros2/launch/__pycache__) by extension 'cmake'
[4.708s] Level 1:colcon.colcon_core.package_identification:_identify(src/ydlidarX3_foxy/src/sllidar_ros2/launch/__pycache__) by extension 'python'
[4.708s] Level 1:colcon.colcon_core.package_identification:_identify(src/ydlidarX3_foxy/src/sllidar_ros2/launch/__pycache__) by extensions ['python_setup_py']
[4.708s] Level 1:colcon.colcon_core.package_identification:_identify(src/ydlidarX3_foxy/src/sllidar_ros2/launch/__pycache__) by extension 'python_setup_py'
[4.710s] Level 1:colcon.colcon_core.package_identification:_identify(src/ydlidarX3_foxy/src/ydlidar_ros2_driver-master) by extensions ['ignore', 'ignore_ament_install']
[4.711s] Level 1:colcon.colcon_core.package_identification:_identify(src/ydlidarX3_foxy/src/ydlidar_ros2_driver-master) by extension 'ignore'
[4.712s] Level 1:colcon.colcon_core.package_identification:_identify(src/ydlidarX3_foxy/src/ydlidar_ros2_driver-master) by extension 'ignore_ament_install'
[4.713s] Level 1:colcon.colcon_core.package_identification:_identify(src/ydlidarX3_foxy/src/ydlidar_ros2_driver-master) by extensions ['colcon_pkg']
[4.713s] Level 1:colcon.colcon_core.package_identification:_identify(src/ydlidarX3_foxy/src/ydlidar_ros2_driver-master) by extension 'colcon_pkg'
[4.714s] Level 1:colcon.colcon_core.package_identification:_identify(src/ydlidarX3_foxy/src/ydlidar_ros2_driver-master) by extensions ['colcon_meta']
[4.714s] Level 1:colcon.colcon_core.package_identification:_identify(src/ydlidarX3_foxy/src/ydlidar_ros2_driver-master) by extension 'colcon_meta'
[4.715s] Level 1:colcon.colcon_core.package_identification:_identify(src/ydlidarX3_foxy/src/ydlidar_ros2_driver-master) by extensions ['ros']
[4.715s] Level 1:colcon.colcon_core.package_identification:_identify(src/ydlidarX3_foxy/src/ydlidar_ros2_driver-master) by extension 'ros'
[4.722s] DEBUG:colcon.colcon_core.package_identification:Package 'src/ydlidarX3_foxy/src/ydlidar_ros2_driver-master' with type 'ros.ament_cmake' and name 'ydlidar_ros2_driver'
[4.722s] Level 1:colcon.colcon_core.package_discovery:discover_packages(recursive) using defaults
[4.723s] Level 1:colcon.colcon_core.package_discovery:discover_packages(ignore) discover
[4.723s] Level 1:colcon.colcon_core.package_discovery:discover_packages(ignore) using defaults
[4.724s] Level 1:colcon.colcon_core.package_discovery:discover_packages(path) discover
[4.724s] Level 1:colcon.colcon_core.package_discovery:discover_packages(path) using defaults
[4.953s] INFO:colcon.colcon_core.package_selection:Skipping not selected package 'articubot_one' in 'src/articubot_one'
[4.953s] INFO:colcon.colcon_core.package_selection:Skipping not selected package 'openslam_gmapping' in 'src/ydlidarX3_foxy/src/openslam_gmapping'
[4.954s] INFO:colcon.colcon_core.package_selection:Skipping not selected package 'serial' in 'src/serial'
[4.954s] INFO:colcon.colcon_core.package_selection:Skipping not selected package 'serial_motor_demo_msgs' in 'src/serial_motor_demo/serial_motor_demo_msgs'
[4.954s] INFO:colcon.colcon_core.package_selection:Skipping not selected package 'ydlidar_ros2_driver' in 'src/ydlidarX3_foxy/src/ydlidar_ros2_driver-master'
[4.955s] INFO:colcon.colcon_core.package_selection:Skipping not selected package 'ydlidar_sdk' in 'src/ydlidarX3_foxy/YDLidar-SDK-master'
[4.955s] INFO:colcon.colcon_core.package_selection:Skipping not selected package 'diffdrive_arduino' in 'src/diffdrive_arduino'
[4.955s] INFO:colcon.colcon_core.package_selection:Skipping not selected package 'serial_motor_demo' in 'src/serial_motor_demo/serial_motor_demo'
[4.956s] INFO:colcon.colcon_core.package_selection:Skipping not selected package 'slam_gmapping' in 'src/ydlidarX3_foxy/src/slam_gmapping'
[4.963s] Level 1:colcon.colcon_core.package_discovery:discover_packages(prefix_path) check parameters
[4.963s] Level 1:colcon.colcon_core.package_discovery:discover_packages(prefix_path) discover
[5.006s] DEBUG:colcon.colcon_installed_package_information.package_discovery:Found 10 installed packages in /home/ubuntu/ros2_delivFoxy/install
[5.020s] DEBUG:colcon.colcon_installed_package_information.package_discovery:Found 2 installed packages in /home/ubuntu/dev_serial_motor/install
[5.052s] DEBUG:colcon.colcon_installed_package_information.package_discovery:Found 286 installed packages in /opt/ros/foxy
[5.073s] Level 1:colcon.colcon_core.package_discovery:discover_packages(prefix_path) using defaults
[5.809s] Level 5:colcon.colcon_core.verb:set package 'robot_localization' build argument 'cmake_args' from command line to 'None'
[5.809s] Level 5:colcon.colcon_core.verb:set package 'robot_localization' build argument 'cmake_target' from command line to 'None'
[5.810s] Level 5:colcon.colcon_core.verb:set package 'robot_localization' build argument 'cmake_target_skip_unavailable' from command line to 'False'
[5.810s] Level 5:colcon.colcon_core.verb:set package 'robot_localization' build argument 'cmake_clean_cache' from command line to 'True'
[5.810s] Level 5:colcon.colcon_core.verb:set package 'robot_localization' build argument 'cmake_clean_first' from command line to 'False'
[5.811s] Level 5:colcon.colcon_core.verb:set package 'robot_localization' build argument 'cmake_force_configure' from command line to 'False'
[5.811s] Level 5:colcon.colcon_core.verb:set package 'robot_localization' build argument 'ament_cmake_args' from command line to 'None'
[5.811s] Level 5:colcon.colcon_core.verb:set package 'robot_localization' build argument 'catkin_cmake_args' from command line to 'None'
[5.812s] Level 5:colcon.colcon_core.verb:set package 'robot_localization' build argument 'catkin_skip_building_tests' from command line to 'False'
[5.812s] DEBUG:colcon.colcon_core.verb:Building package 'robot_localization' with the following arguments: {'ament_cmake_args': None, 'build_base': '/home/ubuntu/ros2_delivFoxy/build/robot_localization', 'catkin_cmake_args': None, 'catkin_skip_building_tests': False, 'cmake_args': None, 'cmake_clean_cache': True, 'cmake_clean_first': False, 'cmake_force_configure': False, 'cmake_target': None, 'cmake_target_skip_unavailable': False, 'install_base': '/home/ubuntu/ros2_delivFoxy/install/robot_localization', 'merge_install': False, 'path': '/home/ubuntu/ros2_delivFoxy/src/robot_localization', 'symlink_install': True, 'test_result_base': None}
[5.821s] INFO:colcon.colcon_core.executor:Executing jobs using 'parallel' executor
[5.860s] DEBUG:colcon.colcon_parallel_executor.executor.parallel:run_until_complete
[5.863s] INFO:colcon.colcon_ros.task.ament_cmake.build:Building ROS package in '/home/ubuntu/ros2_delivFoxy/src/robot_localization' with build type 'ament_cmake'
[5.864s] INFO:colcon.colcon_cmake.task.cmake.build:Building CMake package in '/home/ubuntu/ros2_delivFoxy/src/robot_localization'
[5.918s] INFO:colcon.colcon_core.plugin_system:Skipping extension 'colcon_core.shell.bat': Not used on non-Windows systems
[5.920s] INFO:colcon.colcon_core.shell:Skip shell extension 'powershell' for command environment: Not usable outside of PowerShell
[5.920s] DEBUG:colcon.colcon_core.shell:Skip shell extension 'dsv' for command environment
[6.058s] DEBUG:colcon.colcon_core.event_handler.log_command:Invoking command in '/home/ubuntu/ros2_delivFoxy/build/robot_localization': CMAKE_PREFIX_PATH=${CMAKE_PREFIX_PATH}:/home/ubuntu/ros2_delivFoxy/install/serial_motor_demo:/home/ubuntu/dev_serial_motor/install/serial_motor_demo:/opt/ros/foxy /usr/bin/cmake /home/ubuntu/ros2_delivFoxy/src/robot_localization -DAMENT_CMAKE_SYMLINK_INSTALL=1 -DCMAKE_INSTALL_PREFIX=/home/ubuntu/ros2_delivFoxy/install/robot_localization
[48.680s] DEBUG:colcon.colcon_core.event_handler.log_command:Invoked command in '/home/ubuntu/ros2_delivFoxy/build/robot_localization' returned '1': CMAKE_PREFIX_PATH=${CMAKE_PREFIX_PATH}:/home/ubuntu/ros2_delivFoxy/install/serial_motor_demo:/home/ubuntu/dev_serial_motor/install/serial_motor_demo:/opt/ros/foxy /usr/bin/cmake /home/ubuntu/ros2_delivFoxy/src/robot_localization -DAMENT_CMAKE_SYMLINK_INSTALL=1 -DCMAKE_INSTALL_PREFIX=/home/ubuntu/ros2_delivFoxy/install/robot_localization
[48.827s] Level 1:colcon.colcon_core.environment:create_environment_scripts_only(robot_localization)
[48.886s] Level 1:colcon.colcon_core.environment:checking '/home/ubuntu/ros2_delivFoxy/install/robot_localization' for CMake module files
[48.892s] Level 1:colcon.colcon_core.environment:checking '/home/ubuntu/ros2_delivFoxy/install/robot_localization' for CMake config files
[48.897s] Level 1:colcon.colcon_core.environment:checking '/home/ubuntu/ros2_delivFoxy/install/robot_localization/bin'
[48.898s] Level 1:colcon.colcon_core.environment:checking '/home/ubuntu/ros2_delivFoxy/install/robot_localization/lib/pkgconfig/robot_localization.pc'
[48.900s] Level 1:colcon.colcon_core.environment:checking '/home/ubuntu/ros2_delivFoxy/install/robot_localization/lib/python3.8/site-packages'
[48.901s] Level 1:colcon.colcon_core.environment:checking '/home/ubuntu/ros2_delivFoxy/install/robot_localization/bin'
[48.919s] INFO:colcon.colcon_core.shell:Creating package script '/home/ubuntu/ros2_delivFoxy/install/robot_localization/share/robot_localization/package.ps1'
[48.930s] INFO:colcon.colcon_core.shell:Creating package descriptor '/home/ubuntu/ros2_delivFoxy/install/robot_localization/share/robot_localization/package.dsv'
[48.934s] INFO:colcon.colcon_core.shell:Creating package script '/home/ubuntu/ros2_delivFoxy/install/robot_localization/share/robot_localization/package.sh'
[48.942s] INFO:colcon.colcon_core.shell:Creating package script '/home/ubuntu/ros2_delivFoxy/install/robot_localization/share/robot_localization/package.bash'
[48.950s] INFO:colcon.colcon_core.shell:Creating package script '/home/ubuntu/ros2_delivFoxy/install/robot_localization/share/robot_localization/package.zsh'
[48.958s] Level 1:colcon.colcon_core.environment:create_file_with_runtime_dependencies(/home/ubuntu/ros2_delivFoxy/install/robot_localization/share/colcon-core/packages/robot_localization)
[48.962s] DEBUG:colcon.colcon_parallel_executor.executor.parallel:closing loop
[48.965s] DEBUG:colcon.colcon_parallel_executor.executor.parallel:loop closed
[48.966s] DEBUG:colcon.colcon_parallel_executor.executor.parallel:run_until_complete finished with '1'
[48.966s] DEBUG:colcon.colcon_core.event_reactor:joining thread
[49.015s] INFO:colcon.colcon_core.plugin_system:Skipping extension 'colcon_notification.desktop_notification.terminal_notifier': Not used on non-Darwin systems
[49.016s] INFO:colcon.colcon_core.plugin_system:Skipping extension 'colcon_notification.desktop_notification.win32': Not used on non-Windows systems
[49.017s] INFO:colcon.colcon_notification.desktop_notification:Sending desktop notification using 'notify2'
[49.118s] DEBUG:colcon.colcon_core.event_reactor:joined thread
[49.136s] INFO:colcon.colcon_core.shell:Creating prefix script '/home/ubuntu/ros2_delivFoxy/install/local_setup.ps1'
[49.145s] INFO:colcon.colcon_core.shell:Creating prefix util module '/home/ubuntu/ros2_delivFoxy/install/_local_setup_util_ps1.py'
[49.159s] INFO:colcon.colcon_core.shell:Creating prefix chain script '/home/ubuntu/ros2_delivFoxy/install/setup.ps1'
[49.181s] INFO:colcon.colcon_core.shell:Creating prefix script '/home/ubuntu/ros2_delivFoxy/install/local_setup.sh'
[49.187s] INFO:colcon.colcon_core.shell:Creating prefix util module '/home/ubuntu/ros2_delivFoxy/install/_local_setup_util_sh.py'
[49.192s] INFO:colcon.colcon_core.shell:Creating prefix chain script '/home/ubuntu/ros2_delivFoxy/install/setup.sh'
[49.214s] INFO:colcon.colcon_core.shell:Creating prefix script '/home/ubuntu/ros2_delivFoxy/install/local_setup.bash'
[49.219s] INFO:colcon.colcon_core.shell:Creating prefix chain script '/home/ubuntu/ros2_delivFoxy/install/setup.bash'
[49.242s] INFO:colcon.colcon_core.shell:Creating prefix script '/home/ubuntu/ros2_delivFoxy/install/local_setup.zsh'
[49.248s] INFO:colcon.colcon_core.shell:Creating prefix chain script '/home/ubuntu/ros2_delivFoxy/install/setup.zsh'
