[0.240s] Invoking command in '/home/ubuntu/ros2_delivFoxy/build/serial_motor_demo_msgs': CMAKE_PREFIX_PATH=${CMAKE_PREFIX_PATH}:/home/ubuntu/ros2_delivFoxy/install/serial_motor_demo:/home/ubuntu/dev_serial_motor/install/serial_motor_demo:/opt/ros/foxy /usr/bin/cmake --build /home/ubuntu/ros2_delivFoxy/build/serial_motor_demo_msgs -- -j4 -l4
[1.032s] [  2%] Built target serial_motor_demo_msgs__cpp
[1.102s] [ 12%] Built target serial_motor_demo_msgs__rosidl_generator_c
[1.444s] [ 23%] Built target serial_motor_demo_msgs__rosidl_typesupport_cpp
[1.480s] [ 34%] Built target serial_motor_demo_msgs__rosidl_typesupport_introspection_cpp
[1.730s] [ 44%] Built target serial_motor_demo_msgs__rosidl_typesupport_c
[1.746s] [ 55%] Built target serial_motor_demo_msgs__rosidl_typesupport_introspection_c
[2.191s] [ 65%] Built target serial_motor_demo_msgs__rosidl_typesupport_fastrtps_cpp
[3.938s] [ 76%] Built target serial_motor_demo_msgs__rosidl_typesupport_fastrtps_c
[4.096s] [ 76%] Built target serial_motor_demo_msgs
[4.442s] [ 78%] Built target serial_motor_demo_msgs__py
[4.712s] [ 87%] Built target serial_motor_demo_msgs__python
[4.942s] [ 91%] Built target serial_motor_demo_msgs__rosidl_typesupport_introspection_c__pyext
[5.212s] [ 95%] Built target serial_motor_demo_msgs__rosidl_typesupport_c__pyext
[5.412s] [100%] Built target serial_motor_demo_msgs__rosidl_typesupport_fastrtps_c__pyext
[5.532s] Invoked command in '/home/ubuntu/ros2_delivFoxy/build/serial_motor_demo_msgs' returned '0': CMAKE_PREFIX_PATH=${CMAKE_PREFIX_PATH}:/home/ubuntu/ros2_delivFoxy/install/serial_motor_demo:/home/ubuntu/dev_serial_motor/install/serial_motor_demo:/opt/ros/foxy /usr/bin/cmake --build /home/ubuntu/ros2_delivFoxy/build/serial_motor_demo_msgs -- -j4 -l4
[6.839s] Invoking command in '/home/ubuntu/ros2_delivFoxy/build/serial_motor_demo_msgs': CMAKE_PREFIX_PATH=${CMAKE_PREFIX_PATH}:/home/ubuntu/ros2_delivFoxy/install/serial_motor_demo:/home/ubuntu/dev_serial_motor/install/serial_motor_demo:/opt/ros/foxy /usr/bin/cmake --install /home/ubuntu/ros2_delivFoxy/build/serial_motor_demo_msgs
[6.947s] -- Install configuration: ""
[6.981s] -- Execute custom install script
[6.985s] -- Up-to-date symlink: /home/ubuntu/ros2_delivFoxy/install/serial_motor_demo_msgs/share/ament_index/resource_index/rosidl_interfaces/serial_motor_demo_msgs
[6.995s] -- Up-to-date symlink: /home/ubuntu/ros2_delivFoxy/install/serial_motor_demo_msgs/include/serial_motor_demo_msgs/msg/detail/encoder_vals__functions.h
[6.999s] -- Up-to-date symlink: /home/ubuntu/ros2_delivFoxy/install/serial_motor_demo_msgs/include/serial_motor_demo_msgs/msg/detail/encoder_vals__struct.h
[7.002s] -- Up-to-date symlink: /home/ubuntu/ros2_delivFoxy/install/serial_motor_demo_msgs/include/serial_motor_demo_msgs/msg/detail/encoder_vals__type_support.h
[7.008s] -- Up-to-date symlink: /home/ubuntu/ros2_delivFoxy/install/serial_motor_demo_msgs/include/serial_motor_demo_msgs/msg/detail/motor_command__functions.h
[7.017s] -- Up-to-date symlink: /home/ubuntu/ros2_delivFoxy/install/serial_motor_demo_msgs/include/serial_motor_demo_msgs/msg/detail/motor_command__struct.h
[7.020s] -- Up-to-date symlink: /home/ubuntu/ros2_delivFoxy/install/serial_motor_demo_msgs/include/serial_motor_demo_msgs/msg/detail/motor_command__type_support.h
[7.023s] -- Up-to-date symlink: /home/ubuntu/ros2_delivFoxy/install/serial_motor_demo_msgs/include/serial_motor_demo_msgs/msg/detail/motor_vels__functions.h
[7.028s] -- Up-to-date symlink: /home/ubuntu/ros2_delivFoxy/install/serial_motor_demo_msgs/include/serial_motor_demo_msgs/msg/detail/motor_vels__struct.h
[7.032s] -- Up-to-date symlink: /home/ubuntu/ros2_delivFoxy/install/serial_motor_demo_msgs/include/serial_motor_demo_msgs/msg/detail/motor_vels__type_support.h
[7.038s] -- Up-to-date symlink: /home/ubuntu/ros2_delivFoxy/install/serial_motor_demo_msgs/include/serial_motor_demo_msgs/msg/encoder_vals.h
[7.044s] -- Up-to-date symlink: /home/ubuntu/ros2_delivFoxy/install/serial_motor_demo_msgs/include/serial_motor_demo_msgs/msg/motor_command.h
[7.057s] -- Up-to-date symlink: /home/ubuntu/ros2_delivFoxy/install/serial_motor_demo_msgs/include/serial_motor_demo_msgs/msg/motor_vels.h
[7.068s] -- Up-to-date symlink: /home/ubuntu/ros2_delivFoxy/install/serial_motor_demo_msgs/include/serial_motor_demo_msgs/msg/rosidl_generator_c__visibility_control.h
[7.069s] -- Up-to-date symlink: /home/ubuntu/ros2_delivFoxy/install/serial_motor_demo_msgs/share/serial_motor_demo_msgs/environment/library_path.sh
[7.080s] -- Up-to-date symlink: /home/ubuntu/ros2_delivFoxy/install/serial_motor_demo_msgs/share/serial_motor_demo_msgs/environment/library_path.dsv
[7.088s] -- Up-to-date symlink: /home/ubuntu/ros2_delivFoxy/install/serial_motor_demo_msgs/include/serial_motor_demo_msgs/msg/detail/encoder_vals__rosidl_typesupport_fastrtps_c.h
[7.091s] -- Up-to-date symlink: /home/ubuntu/ros2_delivFoxy/install/serial_motor_demo_msgs/include/serial_motor_demo_msgs/msg/detail/motor_command__rosidl_typesupport_fastrtps_c.h
[7.093s] -- Up-to-date symlink: /home/ubuntu/ros2_delivFoxy/install/serial_motor_demo_msgs/include/serial_motor_demo_msgs/msg/detail/motor_vels__rosidl_typesupport_fastrtps_c.h
[7.098s] -- Up-to-date symlink: /home/ubuntu/ros2_delivFoxy/install/serial_motor_demo_msgs/include/serial_motor_demo_msgs/msg/rosidl_typesupport_fastrtps_c__visibility_control.h
[7.103s] -- Up-to-date symlink: /home/ubuntu/ros2_delivFoxy/install/serial_motor_demo_msgs/lib/libserial_motor_demo_msgs__rosidl_typesupport_fastrtps_c.so
[7.118s] -- Up-to-date symlink: /home/ubuntu/ros2_delivFoxy/install/serial_motor_demo_msgs/include/serial_motor_demo_msgs/msg/detail/encoder_vals__rosidl_typesupport_fastrtps_cpp.hpp
[7.119s] -- Up-to-date symlink: /home/ubuntu/ros2_delivFoxy/install/serial_motor_demo_msgs/include/serial_motor_demo_msgs/msg/detail/motor_command__rosidl_typesupport_fastrtps_cpp.hpp
[7.122s] -- Up-to-date symlink: /home/ubuntu/ros2_delivFoxy/install/serial_motor_demo_msgs/include/serial_motor_demo_msgs/msg/detail/motor_vels__rosidl_typesupport_fastrtps_cpp.hpp
[7.124s] -- Up-to-date symlink: /home/ubuntu/ros2_delivFoxy/install/serial_motor_demo_msgs/include/serial_motor_demo_msgs/msg/rosidl_typesupport_fastrtps_cpp__visibility_control.h
[7.134s] -- Up-to-date symlink: /home/ubuntu/ros2_delivFoxy/install/serial_motor_demo_msgs/lib/libserial_motor_demo_msgs__rosidl_typesupport_fastrtps_cpp.so
[7.149s] -- Up-to-date symlink: /home/ubuntu/ros2_delivFoxy/install/serial_motor_demo_msgs/include/serial_motor_demo_msgs/msg/detail/encoder_vals__rosidl_typesupport_introspection_c.h
[7.156s] -- Up-to-date symlink: /home/ubuntu/ros2_delivFoxy/install/serial_motor_demo_msgs/include/serial_motor_demo_msgs/msg/detail/motor_command__rosidl_typesupport_introspection_c.h
[7.167s] -- Up-to-date symlink: /home/ubuntu/ros2_delivFoxy/install/serial_motor_demo_msgs/include/serial_motor_demo_msgs/msg/detail/motor_vels__rosidl_typesupport_introspection_c.h
[7.174s] -- Up-to-date symlink: /home/ubuntu/ros2_delivFoxy/install/serial_motor_demo_msgs/include/serial_motor_demo_msgs/msg/rosidl_typesupport_introspection_c__visibility_control.h
[7.195s] -- Up-to-date symlink: /home/ubuntu/ros2_delivFoxy/install/serial_motor_demo_msgs/include/serial_motor_demo_msgs/msg/detail/encoder_vals__builder.hpp
[7.197s] -- Up-to-date symlink: /home/ubuntu/ros2_delivFoxy/install/serial_motor_demo_msgs/include/serial_motor_demo_msgs/msg/detail/encoder_vals__struct.hpp
[7.198s] -- Up-to-date symlink: /home/ubuntu/ros2_delivFoxy/install/serial_motor_demo_msgs/include/serial_motor_demo_msgs/msg/detail/encoder_vals__traits.hpp
[7.201s] -- Up-to-date symlink: /home/ubuntu/ros2_delivFoxy/install/serial_motor_demo_msgs/include/serial_motor_demo_msgs/msg/detail/encoder_vals__type_support.hpp
[7.208s] -- Up-to-date symlink: /home/ubuntu/ros2_delivFoxy/install/serial_motor_demo_msgs/include/serial_motor_demo_msgs/msg/detail/motor_command__builder.hpp
[7.211s] -- Up-to-date symlink: /home/ubuntu/ros2_delivFoxy/install/serial_motor_demo_msgs/include/serial_motor_demo_msgs/msg/detail/motor_command__struct.hpp
[7.217s] -- Up-to-date symlink: /home/ubuntu/ros2_delivFoxy/install/serial_motor_demo_msgs/include/serial_motor_demo_msgs/msg/detail/motor_command__traits.hpp
[7.221s] -- Up-to-date symlink: /home/ubuntu/ros2_delivFoxy/install/serial_motor_demo_msgs/include/serial_motor_demo_msgs/msg/detail/motor_command__type_support.hpp
[7.226s] -- Up-to-date symlink: /home/ubuntu/ros2_delivFoxy/install/serial_motor_demo_msgs/include/serial_motor_demo_msgs/msg/detail/motor_vels__builder.hpp
[7.230s] -- Up-to-date symlink: /home/ubuntu/ros2_delivFoxy/install/serial_motor_demo_msgs/include/serial_motor_demo_msgs/msg/detail/motor_vels__struct.hpp
[7.235s] -- Up-to-date symlink: /home/ubuntu/ros2_delivFoxy/install/serial_motor_demo_msgs/include/serial_motor_demo_msgs/msg/detail/motor_vels__traits.hpp
[7.240s] -- Up-to-date symlink: /home/ubuntu/ros2_delivFoxy/install/serial_motor_demo_msgs/include/serial_motor_demo_msgs/msg/detail/motor_vels__type_support.hpp
[7.244s] -- Up-to-date symlink: /home/ubuntu/ros2_delivFoxy/install/serial_motor_demo_msgs/include/serial_motor_demo_msgs/msg/encoder_vals.hpp
[7.247s] -- Up-to-date symlink: /home/ubuntu/ros2_delivFoxy/install/serial_motor_demo_msgs/include/serial_motor_demo_msgs/msg/motor_command.hpp
[7.250s] -- Up-to-date symlink: /home/ubuntu/ros2_delivFoxy/install/serial_motor_demo_msgs/include/serial_motor_demo_msgs/msg/motor_vels.hpp
[7.253s] -- Up-to-date symlink: /home/ubuntu/ros2_delivFoxy/install/serial_motor_demo_msgs/include/serial_motor_demo_msgs/msg/rosidl_generator_cpp__visibility_control.hpp
[7.260s] -- Up-to-date symlink: /home/ubuntu/ros2_delivFoxy/install/serial_motor_demo_msgs/include/serial_motor_demo_msgs/msg/detail/encoder_vals__rosidl_typesupport_introspection_cpp.hpp
[7.270s] -- Up-to-date symlink: /home/ubuntu/ros2_delivFoxy/install/serial_motor_demo_msgs/include/serial_motor_demo_msgs/msg/detail/motor_command__rosidl_typesupport_introspection_cpp.hpp
[7.270s] -- Up-to-date symlink: /home/ubuntu/ros2_delivFoxy/install/serial_motor_demo_msgs/include/serial_motor_demo_msgs/msg/detail/motor_vels__rosidl_typesupport_introspection_cpp.hpp
[7.274s] -- Up-to-date symlink: /home/ubuntu/ros2_delivFoxy/install/serial_motor_demo_msgs/share/serial_motor_demo_msgs/environment/pythonpath.sh
[7.285s] -- Up-to-date symlink: /home/ubuntu/ros2_delivFoxy/install/serial_motor_demo_msgs/share/serial_motor_demo_msgs/environment/pythonpath.dsv
[7.293s] -- Up-to-date symlink: /home/ubuntu/ros2_delivFoxy/install/serial_motor_demo_msgs/lib/python3.8/site-packages/serial_motor_demo_msgs/__init__.py
[7.294s] -- Up-to-date symlink: /home/ubuntu/ros2_delivFoxy/install/serial_motor_demo_msgs/lib/python3.8/site-packages/serial_motor_demo_msgs/msg/__init__.py
[7.295s] -- Up-to-date symlink: /home/ubuntu/ros2_delivFoxy/install/serial_motor_demo_msgs/lib/python3.8/site-packages/serial_motor_demo_msgs/msg/_encoder_vals.py
[7.305s] -- Up-to-date symlink: /home/ubuntu/ros2_delivFoxy/install/serial_motor_demo_msgs/lib/python3.8/site-packages/serial_motor_demo_msgs/msg/_motor_command.py
[7.310s] -- Up-to-date symlink: /home/ubuntu/ros2_delivFoxy/install/serial_motor_demo_msgs/lib/python3.8/site-packages/serial_motor_demo_msgs/msg/_motor_vels.py
[7.314s] -- Up-to-date symlink: /home/ubuntu/ros2_delivFoxy/install/serial_motor_demo_msgs/lib/python3.8/site-packages/serial_motor_demo_msgs/serial_motor_demo_msgs_s__rosidl_typesupport_fastrtps_c.cpython-38-aarch64-linux-gnu.so
[7.321s] -- Up-to-date symlink: /home/ubuntu/ros2_delivFoxy/install/serial_motor_demo_msgs/lib/python3.8/site-packages/serial_motor_demo_msgs/serial_motor_demo_msgs_s__rosidl_typesupport_introspection_c.cpython-38-aarch64-linux-gnu.so
[7.327s] -- Up-to-date symlink: /home/ubuntu/ros2_delivFoxy/install/serial_motor_demo_msgs/lib/python3.8/site-packages/serial_motor_demo_msgs/serial_motor_demo_msgs_s__rosidl_typesupport_c.cpython-38-aarch64-linux-gnu.so
[7.333s] -- Up-to-date symlink: /home/ubuntu/ros2_delivFoxy/install/serial_motor_demo_msgs/lib/libserial_motor_demo_msgs__python.so
[7.337s] -- Up-to-date symlink: /home/ubuntu/ros2_delivFoxy/install/serial_motor_demo_msgs/share/serial_motor_demo_msgs/msg/MotorCommand.idl
[7.339s] -- Up-to-date symlink: /home/ubuntu/ros2_delivFoxy/install/serial_motor_demo_msgs/share/serial_motor_demo_msgs/msg/MotorVels.idl
[7.342s] -- Up-to-date symlink: /home/ubuntu/ros2_delivFoxy/install/serial_motor_demo_msgs/share/serial_motor_demo_msgs/msg/EncoderVals.idl
[7.345s] -- Up-to-date symlink: /home/ubuntu/ros2_delivFoxy/install/serial_motor_demo_msgs/share/serial_motor_demo_msgs/msg/MotorCommand.msg
[7.349s] -- Up-to-date symlink: /home/ubuntu/ros2_delivFoxy/install/serial_motor_demo_msgs/share/serial_motor_demo_msgs/msg/MotorVels.msg
[7.352s] -- Up-to-date symlink: /home/ubuntu/ros2_delivFoxy/install/serial_motor_demo_msgs/share/serial_motor_demo_msgs/msg/EncoderVals.msg
[7.354s] -- Up-to-date symlink: /home/ubuntu/ros2_delivFoxy/install/serial_motor_demo_msgs/share/ament_index/resource_index/package_run_dependencies/serial_motor_demo_msgs
[7.358s] -- Up-to-date symlink: /home/ubuntu/ros2_delivFoxy/install/serial_motor_demo_msgs/share/ament_index/resource_index/parent_prefix_path/serial_motor_demo_msgs
[7.361s] -- Up-to-date symlink: /home/ubuntu/ros2_delivFoxy/install/serial_motor_demo_msgs/share/serial_motor_demo_msgs/environment/ament_prefix_path.sh
[7.365s] -- Up-to-date symlink: /home/ubuntu/ros2_delivFoxy/install/serial_motor_demo_msgs/share/serial_motor_demo_msgs/environment/ament_prefix_path.dsv
[7.370s] -- Up-to-date symlink: /home/ubuntu/ros2_delivFoxy/install/serial_motor_demo_msgs/share/serial_motor_demo_msgs/environment/path.sh
[7.377s] -- Up-to-date symlink: /home/ubuntu/ros2_delivFoxy/install/serial_motor_demo_msgs/share/serial_motor_demo_msgs/environment/path.dsv
[7.382s] -- Up-to-date symlink: /home/ubuntu/ros2_delivFoxy/install/serial_motor_demo_msgs/share/serial_motor_demo_msgs/local_setup.bash
[7.394s] -- Up-to-date symlink: /home/ubuntu/ros2_delivFoxy/install/serial_motor_demo_msgs/share/serial_motor_demo_msgs/local_setup.sh
[7.407s] -- Up-to-date symlink: /home/ubuntu/ros2_delivFoxy/install/serial_motor_demo_msgs/share/serial_motor_demo_msgs/local_setup.zsh
[7.407s] -- Up-to-date symlink: /home/ubuntu/ros2_delivFoxy/install/serial_motor_demo_msgs/share/serial_motor_demo_msgs/local_setup.dsv
[7.408s] -- Symlinking: /home/ubuntu/ros2_delivFoxy/install/serial_motor_demo_msgs/share/serial_motor_demo_msgs/package.dsv
[7.489s] -- Up-to-date symlink: /home/ubuntu/ros2_delivFoxy/install/serial_motor_demo_msgs/share/ament_index/resource_index/packages/serial_motor_demo_msgs
[7.496s] -- Up-to-date symlink: /home/ubuntu/ros2_delivFoxy/install/serial_motor_demo_msgs/share/serial_motor_demo_msgs/cmake/rosidl_cmake-extras.cmake
[7.516s] -- Up-to-date symlink: /home/ubuntu/ros2_delivFoxy/install/serial_motor_demo_msgs/share/serial_motor_demo_msgs/cmake/ament_cmake_export_dependencies-extras.cmake
[7.521s] -- Up-to-date symlink: /home/ubuntu/ros2_delivFoxy/install/serial_motor_demo_msgs/share/serial_motor_demo_msgs/cmake/ament_cmake_export_libraries-extras.cmake
[7.526s] -- Up-to-date symlink: /home/ubuntu/ros2_delivFoxy/install/serial_motor_demo_msgs/share/serial_motor_demo_msgs/cmake/ament_cmake_export_targets-extras.cmake
[7.532s] -- Up-to-date symlink: /home/ubuntu/ros2_delivFoxy/install/serial_motor_demo_msgs/share/serial_motor_demo_msgs/cmake/ament_cmake_export_include_directories-extras.cmake
[7.538s] -- Up-to-date symlink: /home/ubuntu/ros2_delivFoxy/install/serial_motor_demo_msgs/share/serial_motor_demo_msgs/cmake/rosidl_cmake_export_typesupport_libraries-extras.cmake
[7.546s] -- Up-to-date symlink: /home/ubuntu/ros2_delivFoxy/install/serial_motor_demo_msgs/share/serial_motor_demo_msgs/cmake/rosidl_cmake_export_typesupport_targets-extras.cmake
[7.553s] -- Up-to-date symlink: /home/ubuntu/ros2_delivFoxy/install/serial_motor_demo_msgs/share/serial_motor_demo_msgs/cmake/serial_motor_demo_msgsConfig.cmake
[7.556s] -- Up-to-date symlink: /home/ubuntu/ros2_delivFoxy/install/serial_motor_demo_msgs/share/serial_motor_demo_msgs/cmake/serial_motor_demo_msgsConfig-version.cmake
[7.558s] -- Up-to-date symlink: /home/ubuntu/ros2_delivFoxy/install/serial_motor_demo_msgs/share/serial_motor_demo_msgs/package.xml
[7.563s] -- Up-to-date: /home/ubuntu/ros2_delivFoxy/install/serial_motor_demo_msgs/lib/libserial_motor_demo_msgs__rosidl_generator_c.so
[7.571s] -- Up-to-date: /home/ubuntu/ros2_delivFoxy/install/serial_motor_demo_msgs/lib/libserial_motor_demo_msgs__rosidl_typesupport_introspection_c.so
[7.571s] -- Up-to-date: /home/ubuntu/ros2_delivFoxy/install/serial_motor_demo_msgs/lib/libserial_motor_demo_msgs__rosidl_typesupport_c.so
[7.578s] -- Up-to-date: /home/ubuntu/ros2_delivFoxy/install/serial_motor_demo_msgs/lib/libserial_motor_demo_msgs__rosidl_typesupport_introspection_cpp.so
[7.587s] -- Up-to-date: /home/ubuntu/ros2_delivFoxy/install/serial_motor_demo_msgs/lib/libserial_motor_demo_msgs__rosidl_typesupport_cpp.so
[7.861s] -- Up-to-date: /home/ubuntu/ros2_delivFoxy/install/serial_motor_demo_msgs/share/serial_motor_demo_msgs/cmake/serial_motor_demo_msgs__rosidl_generator_cExport.cmake
[7.863s] -- Up-to-date: /home/ubuntu/ros2_delivFoxy/install/serial_motor_demo_msgs/share/serial_motor_demo_msgs/cmake/serial_motor_demo_msgs__rosidl_generator_cExport-noconfig.cmake
[7.864s] -- Up-to-date: /home/ubuntu/ros2_delivFoxy/install/serial_motor_demo_msgs/share/serial_motor_demo_msgs/cmake/serial_motor_demo_msgs__rosidl_typesupport_introspection_cExport.cmake
[7.864s] -- Up-to-date: /home/ubuntu/ros2_delivFoxy/install/serial_motor_demo_msgs/share/serial_motor_demo_msgs/cmake/serial_motor_demo_msgs__rosidl_typesupport_introspection_cExport-noconfig.cmake
[7.868s] -- Up-to-date: /home/ubuntu/ros2_delivFoxy/install/serial_motor_demo_msgs/share/serial_motor_demo_msgs/cmake/serial_motor_demo_msgs__rosidl_typesupport_cExport.cmake
[7.869s] -- Up-to-date: /home/ubuntu/ros2_delivFoxy/install/serial_motor_demo_msgs/share/serial_motor_demo_msgs/cmake/serial_motor_demo_msgs__rosidl_typesupport_cExport-noconfig.cmake
[7.872s] -- Up-to-date: /home/ubuntu/ros2_delivFoxy/install/serial_motor_demo_msgs/share/serial_motor_demo_msgs/cmake/serial_motor_demo_msgs__rosidl_generator_cppExport.cmake
[7.875s] -- Up-to-date: /home/ubuntu/ros2_delivFoxy/install/serial_motor_demo_msgs/share/serial_motor_demo_msgs/cmake/serial_motor_demo_msgs__rosidl_typesupport_introspection_cppExport.cmake
[7.878s] -- Up-to-date: /home/ubuntu/ros2_delivFoxy/install/serial_motor_demo_msgs/share/serial_motor_demo_msgs/cmake/serial_motor_demo_msgs__rosidl_typesupport_introspection_cppExport-noconfig.cmake
[7.880s] -- Up-to-date: /home/ubuntu/ros2_delivFoxy/install/serial_motor_demo_msgs/share/serial_motor_demo_msgs/cmake/serial_motor_demo_msgs__rosidl_typesupport_cppExport.cmake
[7.882s] -- Up-to-date: /home/ubuntu/ros2_delivFoxy/install/serial_motor_demo_msgs/share/serial_motor_demo_msgs/cmake/serial_motor_demo_msgs__rosidl_typesupport_cppExport-noconfig.cmake
[7.903s] Invoked command in '/home/ubuntu/ros2_delivFoxy/build/serial_motor_demo_msgs' returned '0': CMAKE_PREFIX_PATH=${CMAKE_PREFIX_PATH}:/home/ubuntu/ros2_delivFoxy/install/serial_motor_demo:/home/ubuntu/dev_serial_motor/install/serial_motor_demo:/opt/ros/foxy /usr/bin/cmake --install /home/ubuntu/ros2_delivFoxy/build/serial_motor_demo_msgs
