[0.164s] Invoking command in '/home/ubuntu/ros2_delivFoxy/build/diffdrive_arduino': CMAKE_PREFIX_PATH=/home/ubuntu/ros2_delivFoxy/install/serial:/home/ubuntu/ros2_delivFoxy/install/ydlidar_sdk:/home/ubuntu/ros2_delivFoxy/install/ydlidar_ros2_driver:/home/ubuntu/ros2_delivFoxy/install/slam_gmapping:/home/ubuntu/ros2_delivFoxy/install/serial_motor_demo_msgs:/home/ubuntu/ros2_delivFoxy/install/diffdrive_arduino:/home/ubuntu/ros2_delivFoxy/install/openslam_gmapping:/home/ubuntu/ros2_delivFoxy/install/articubot_one:/home/ubuntu/dev_serial_motor/install/serial_motor_demo_msgs:/home/ubuntu/ros2_delivFoxy/install/serial_motor_demo:/home/ubuntu/dev_serial_motor/install/serial_motor_demo:/opt/ros/foxy /usr/bin/cmake --build /home/ubuntu/ros2_delivFoxy/build/diffdrive_arduino -- -j4 -l4
[0.954s] [ 42%] Built target fake_robot
[1.000s] [100%] Built target diffdrive_arduino
[1.159s] Invoked command in '/home/ubuntu/ros2_delivFoxy/build/diffdrive_arduino' returned '0': CMAKE_PREFIX_PATH=/home/ubuntu/ros2_delivFoxy/install/serial:/home/ubuntu/ros2_delivFoxy/install/ydlidar_sdk:/home/ubuntu/ros2_delivFoxy/install/ydlidar_ros2_driver:/home/ubuntu/ros2_delivFoxy/install/slam_gmapping:/home/ubuntu/ros2_delivFoxy/install/serial_motor_demo_msgs:/home/ubuntu/ros2_delivFoxy/install/diffdrive_arduino:/home/ubuntu/ros2_delivFoxy/install/openslam_gmapping:/home/ubuntu/ros2_delivFoxy/install/articubot_one:/home/ubuntu/dev_serial_motor/install/serial_motor_demo_msgs:/home/ubuntu/ros2_delivFoxy/install/serial_motor_demo:/home/ubuntu/dev_serial_motor/install/serial_motor_demo:/opt/ros/foxy /usr/bin/cmake --build /home/ubuntu/ros2_delivFoxy/build/diffdrive_arduino -- -j4 -l4
[1.732s] Invoking command in '/home/ubuntu/ros2_delivFoxy/build/diffdrive_arduino': CMAKE_PREFIX_PATH=/home/ubuntu/ros2_delivFoxy/install/serial:/home/ubuntu/ros2_delivFoxy/install/ydlidar_sdk:/home/ubuntu/ros2_delivFoxy/install/ydlidar_ros2_driver:/home/ubuntu/ros2_delivFoxy/install/slam_gmapping:/home/ubuntu/ros2_delivFoxy/install/serial_motor_demo_msgs:/home/ubuntu/ros2_delivFoxy/install/diffdrive_arduino:/home/ubuntu/ros2_delivFoxy/install/openslam_gmapping:/home/ubuntu/ros2_delivFoxy/install/articubot_one:/home/ubuntu/dev_serial_motor/install/serial_motor_demo_msgs:/home/ubuntu/ros2_delivFoxy/install/serial_motor_demo:/home/ubuntu/dev_serial_motor/install/serial_motor_demo:/opt/ros/foxy /usr/bin/cmake --install /home/ubuntu/ros2_delivFoxy/build/diffdrive_arduino
[1.843s] -- Install configuration: ""
[1.848s] -- Execute custom install script
[1.850s] -- Up-to-date symlink: /home/ubuntu/ros2_delivFoxy/install/diffdrive_arduino/share/diffdrive_arduino//robot_hardware.xml
[1.853s] -- Up-to-date symlink: /home/ubuntu/ros2_delivFoxy/install/diffdrive_arduino/share/diffdrive_arduino//fake_robot_hardware.xml
[1.855s] -- Up-to-date symlink: /home/ubuntu/ros2_delivFoxy/install/diffdrive_arduino/lib/libdiffdrive_arduino.so
[1.861s] -- Up-to-date symlink: /home/ubuntu/ros2_delivFoxy/install/diffdrive_arduino/lib/libfake_robot.so
[1.867s] -- Up-to-date symlink: /home/ubuntu/ros2_delivFoxy/install/diffdrive_arduino/share/diffdrive_arduino/controllers/robot_controller_example.yaml
[1.871s] -- Up-to-date symlink: /home/ubuntu/ros2_delivFoxy/install/diffdrive_arduino/share/diffdrive_arduino/fake_robot.launch.py
[1.875s] -- Up-to-date symlink: /home/ubuntu/ros2_delivFoxy/install/diffdrive_arduino/share/diffdrive_arduino/test_robot.launch.py
[1.879s] -- Up-to-date symlink: /home/ubuntu/ros2_delivFoxy/install/diffdrive_arduino/share/diffdrive_arduino/environment/library_path.sh
[1.890s] -- Up-to-date symlink: /home/ubuntu/ros2_delivFoxy/install/diffdrive_arduino/share/diffdrive_arduino/environment/library_path.dsv
[1.891s] -- Up-to-date symlink: /home/ubuntu/ros2_delivFoxy/install/diffdrive_arduino/share/ament_index/resource_index/package_run_dependencies/diffdrive_arduino
[1.900s] -- Up-to-date symlink: /home/ubuntu/ros2_delivFoxy/install/diffdrive_arduino/share/ament_index/resource_index/parent_prefix_path/diffdrive_arduino
[1.907s] -- Up-to-date symlink: /home/ubuntu/ros2_delivFoxy/install/diffdrive_arduino/share/diffdrive_arduino/environment/ament_prefix_path.sh
[1.912s] -- Up-to-date symlink: /home/ubuntu/ros2_delivFoxy/install/diffdrive_arduino/share/diffdrive_arduino/environment/ament_prefix_path.dsv
[1.923s] -- Up-to-date symlink: /home/ubuntu/ros2_delivFoxy/install/diffdrive_arduino/share/diffdrive_arduino/environment/path.sh
[1.928s] -- Up-to-date symlink: /home/ubuntu/ros2_delivFoxy/install/diffdrive_arduino/share/diffdrive_arduino/environment/path.dsv
[1.935s] -- Up-to-date symlink: /home/ubuntu/ros2_delivFoxy/install/diffdrive_arduino/share/diffdrive_arduino/local_setup.bash
[1.941s] -- Up-to-date symlink: /home/ubuntu/ros2_delivFoxy/install/diffdrive_arduino/share/diffdrive_arduino/local_setup.sh
[1.959s] -- Up-to-date symlink: /home/ubuntu/ros2_delivFoxy/install/diffdrive_arduino/share/diffdrive_arduino/local_setup.zsh
[1.961s] -- Up-to-date symlink: /home/ubuntu/ros2_delivFoxy/install/diffdrive_arduino/share/diffdrive_arduino/local_setup.dsv
[1.967s] -- Symlinking: /home/ubuntu/ros2_delivFoxy/install/diffdrive_arduino/share/diffdrive_arduino/package.dsv
[2.078s] -- Up-to-date symlink: /home/ubuntu/ros2_delivFoxy/install/diffdrive_arduino/share/ament_index/resource_index/packages/diffdrive_arduino
[2.084s] -- Up-to-date symlink: /home/ubuntu/ros2_delivFoxy/install/diffdrive_arduino/share/ament_index/resource_index/hardware_interface__pluginlib__plugin/diffdrive_arduino
[2.091s] -- Up-to-date symlink: /home/ubuntu/ros2_delivFoxy/install/diffdrive_arduino/share/diffdrive_arduino/cmake/ament_cmake_export_libraries-extras.cmake
[2.096s] -- Up-to-date symlink: /home/ubuntu/ros2_delivFoxy/install/diffdrive_arduino/share/diffdrive_arduino/cmake/ament_cmake_export_dependencies-extras.cmake
[2.100s] -- Up-to-date symlink: /home/ubuntu/ros2_delivFoxy/install/diffdrive_arduino/share/diffdrive_arduino/cmake/diffdrive_arduinoConfig.cmake
[2.104s] -- Up-to-date symlink: /home/ubuntu/ros2_delivFoxy/install/diffdrive_arduino/share/diffdrive_arduino/cmake/diffdrive_arduinoConfig-version.cmake
[2.108s] -- Up-to-date symlink: /home/ubuntu/ros2_delivFoxy/install/diffdrive_arduino/share/diffdrive_arduino/package.xml
[2.125s] Invoked command in '/home/ubuntu/ros2_delivFoxy/build/diffdrive_arduino' returned '0': CMAKE_PREFIX_PATH=/home/ubuntu/ros2_delivFoxy/install/serial:/home/ubuntu/ros2_delivFoxy/install/ydlidar_sdk:/home/ubuntu/ros2_delivFoxy/install/ydlidar_ros2_driver:/home/ubuntu/ros2_delivFoxy/install/slam_gmapping:/home/ubuntu/ros2_delivFoxy/install/serial_motor_demo_msgs:/home/ubuntu/ros2_delivFoxy/install/diffdrive_arduino:/home/ubuntu/ros2_delivFoxy/install/openslam_gmapping:/home/ubuntu/ros2_delivFoxy/install/articubot_one:/home/ubuntu/dev_serial_motor/install/serial_motor_demo_msgs:/home/ubuntu/ros2_delivFoxy/install/serial_motor_demo:/home/ubuntu/dev_serial_motor/install/serial_motor_demo:/opt/ros/foxy /usr/bin/cmake --install /home/ubuntu/ros2_delivFoxy/build/diffdrive_arduino
