[0.279s] Invoking command in '/home/ubuntu/ros2_delivFoxy/build/ydlidar_ros2_driver': CMAKE_PREFIX_PATH=${CMAKE_PREFIX_PATH}:/home/ubuntu/ros2_delivFoxy/install/serial_motor_demo:/home/ubuntu/dev_serial_motor/install/serial_motor_demo:/opt/ros/foxy /usr/bin/cmake --build /home/ubuntu/ros2_delivFoxy/build/ydlidar_ros2_driver -- -j4 -l4
[0.997s] [ 50%] Built target ydlidar_ros2_driver_node
[1.022s] [100%] Built target ydlidar_ros2_driver_client
[1.118s] Invoked command in '/home/ubuntu/ros2_delivFoxy/build/ydlidar_ros2_driver' returned '0': CMAKE_PREFIX_PATH=${CMAKE_PREFIX_PATH}:/home/ubuntu/ros2_delivFoxy/install/serial_motor_demo:/home/ubuntu/dev_serial_motor/install/serial_motor_demo:/opt/ros/foxy /usr/bin/cmake --build /home/ubuntu/ros2_delivFoxy/build/ydlidar_ros2_driver -- -j4 -l4
[1.409s] Invoking command in '/home/ubuntu/ros2_delivFoxy/build/ydlidar_ros2_driver': CMAKE_PREFIX_PATH=${CMAKE_PREFIX_PATH}:/home/ubuntu/ros2_delivFoxy/install/serial_motor_demo:/home/ubuntu/dev_serial_motor/install/serial_motor_demo:/opt/ros/foxy /usr/bin/cmake --install /home/ubuntu/ros2_delivFoxy/build/ydlidar_ros2_driver
[1.482s] -- Install configuration: ""
[1.483s] -- Execute custom install script
[1.486s] -- Up-to-date symlink: /home/ubuntu/ros2_delivFoxy/install/ydlidar_ros2_driver/lib/ydlidar_ros2_driver/ydlidar_ros2_driver_node
[1.487s] -- Up-to-date symlink: /home/ubuntu/ros2_delivFoxy/install/ydlidar_ros2_driver/lib/ydlidar_ros2_driver/ydlidar_ros2_driver_client
[1.492s] -- Up-to-date symlink: /home/ubuntu/ros2_delivFoxy/install/ydlidar_ros2_driver/share/ydlidar_ros2_driver/launch/__pycache__/ydlidar_launch.cpython-36.pyc
[1.495s] -- Up-to-date symlink: /home/ubuntu/ros2_delivFoxy/install/ydlidar_ros2_driver/share/ydlidar_ros2_driver/launch/__pycache__/ydlidar_launch_view.cpython-36.pyc
[1.496s] -- Up-to-date symlink: /home/ubuntu/ros2_delivFoxy/install/ydlidar_ros2_driver/share/ydlidar_ros2_driver/launch/ydlidar.py
[1.497s] -- Up-to-date symlink: /home/ubuntu/ros2_delivFoxy/install/ydlidar_ros2_driver/share/ydlidar_ros2_driver/launch/ydlidar_launch.py
[1.498s] -- Up-to-date symlink: /home/ubuntu/ros2_delivFoxy/install/ydlidar_ros2_driver/share/ydlidar_ros2_driver/launch/ydlidar_view_launch.py
[1.501s] -- Up-to-date symlink: /home/ubuntu/ros2_delivFoxy/install/ydlidar_ros2_driver/share/ydlidar_ros2_driver/params/ydlidar.yaml
[1.504s] -- Up-to-date symlink: /home/ubuntu/ros2_delivFoxy/install/ydlidar_ros2_driver/share/ydlidar_ros2_driver/startup/initenv.sh
[1.506s] -- Up-to-date symlink: /home/ubuntu/ros2_delivFoxy/install/ydlidar_ros2_driver/share/ydlidar_ros2_driver/config/ydlidar.rviz
[1.510s] -- Up-to-date symlink: /home/ubuntu/ros2_delivFoxy/install/ydlidar_ros2_driver/share/ament_index/resource_index/package_run_dependencies/ydlidar_ros2_driver
[1.514s] -- Up-to-date symlink: /home/ubuntu/ros2_delivFoxy/install/ydlidar_ros2_driver/share/ament_index/resource_index/parent_prefix_path/ydlidar_ros2_driver
[1.516s] -- Up-to-date symlink: /home/ubuntu/ros2_delivFoxy/install/ydlidar_ros2_driver/share/ydlidar_ros2_driver/environment/ament_prefix_path.sh
[1.518s] -- Up-to-date symlink: /home/ubuntu/ros2_delivFoxy/install/ydlidar_ros2_driver/share/ydlidar_ros2_driver/environment/ament_prefix_path.dsv
[1.520s] -- Up-to-date symlink: /home/ubuntu/ros2_delivFoxy/install/ydlidar_ros2_driver/share/ydlidar_ros2_driver/environment/path.sh
[1.522s] -- Up-to-date symlink: /home/ubuntu/ros2_delivFoxy/install/ydlidar_ros2_driver/share/ydlidar_ros2_driver/environment/path.dsv
[1.524s] -- Up-to-date symlink: /home/ubuntu/ros2_delivFoxy/install/ydlidar_ros2_driver/share/ydlidar_ros2_driver/local_setup.bash
[1.527s] -- Up-to-date symlink: /home/ubuntu/ros2_delivFoxy/install/ydlidar_ros2_driver/share/ydlidar_ros2_driver/local_setup.sh
[1.530s] -- Up-to-date symlink: /home/ubuntu/ros2_delivFoxy/install/ydlidar_ros2_driver/share/ydlidar_ros2_driver/local_setup.zsh
[1.534s] -- Up-to-date symlink: /home/ubuntu/ros2_delivFoxy/install/ydlidar_ros2_driver/share/ydlidar_ros2_driver/local_setup.dsv
[1.536s] -- Symlinking: /home/ubuntu/ros2_delivFoxy/install/ydlidar_ros2_driver/share/ydlidar_ros2_driver/package.dsv
[1.659s] -- Up-to-date symlink: /home/ubuntu/ros2_delivFoxy/install/ydlidar_ros2_driver/share/ament_index/resource_index/packages/ydlidar_ros2_driver
[1.664s] -- Up-to-date symlink: /home/ubuntu/ros2_delivFoxy/install/ydlidar_ros2_driver/share/ydlidar_ros2_driver/cmake/ydlidar_ros2_driverConfig.cmake
[1.667s] -- Up-to-date symlink: /home/ubuntu/ros2_delivFoxy/install/ydlidar_ros2_driver/share/ydlidar_ros2_driver/cmake/ydlidar_ros2_driverConfig-version.cmake
[1.673s] -- Up-to-date symlink: /home/ubuntu/ros2_delivFoxy/install/ydlidar_ros2_driver/share/ydlidar_ros2_driver/package.xml
[1.697s] Invoked command in '/home/ubuntu/ros2_delivFoxy/build/ydlidar_ros2_driver' returned '0': CMAKE_PREFIX_PATH=${CMAKE_PREFIX_PATH}:/home/ubuntu/ros2_delivFoxy/install/serial_motor_demo:/home/ubuntu/dev_serial_motor/install/serial_motor_demo:/opt/ros/foxy /usr/bin/cmake --install /home/ubuntu/ros2_delivFoxy/build/ydlidar_ros2_driver
