Performing C SOURCE FILE Test CMAKE_HAVE_LIBC_PTHREAD failed with the following output:
Change Dir: /home/ubuntu/ros2_delivFoxy/build/robot_localization/CMakeFiles/CMakeTmp

Run Build Command(s):/usr/bin/make cmTC_8bd20/fast && /usr/bin/make -f CMakeFiles/cmTC_8bd20.dir/build.make CMakeFiles/cmTC_8bd20.dir/build
make[1]: Entering directory '/home/ubuntu/ros2_delivFoxy/build/robot_localization/CMakeFiles/CMakeTmp'
Building C object CMakeFiles/cmTC_8bd20.dir/src.c.o
/usr/bin/cc   -DCMAKE_HAVE_LIBC_PTHREAD   -o CMakeFiles/cmTC_8bd20.dir/src.c.o   -c /home/ubuntu/ros2_delivFoxy/build/robot_localization/CMakeFiles/CMakeTmp/src.c
Linking C executable cmTC_8bd20
/usr/bin/cmake -E cmake_link_script CMakeFiles/cmTC_8bd20.dir/link.txt --verbose=1
/usr/bin/cc  -DCMAKE_HAVE_LIBC_PTHREAD    CMakeFiles/cmTC_8bd20.dir/src.c.o  -o cmTC_8bd20 
/usr/bin/ld: CMakeFiles/cmTC_8bd20.dir/src.c.o: in function `main':
src.c:(.text+0x48): undefined reference to `pthread_create'
/usr/bin/ld: src.c:(.text+0x50): undefined reference to `pthread_detach'
/usr/bin/ld: src.c:(.text+0x5c): undefined reference to `pthread_join'
collect2: error: ld returned 1 exit status
make[1]: *** [CMakeFiles/cmTC_8bd20.dir/build.make:87: cmTC_8bd20] Error 1
make[1]: Leaving directory '/home/ubuntu/ros2_delivFoxy/build/robot_localization/CMakeFiles/CMakeTmp'
make: *** [Makefile:121: cmTC_8bd20/fast] Error 2


Source file was:
#include <pthread.h>

void* test_func(void* data)
{
  return data;
}

int main(void)
{
  pthread_t thread;
  pthread_create(&thread, NULL, test_func, NULL);
  pthread_detach(thread);
  pthread_join(thread, NULL);
  pthread_atfork(NULL, NULL, NULL);
  pthread_exit(NULL);

  return 0;
}

Determining if the function pthread_create exists in the pthreads failed with the following output:
Change Dir: /home/ubuntu/ros2_delivFoxy/build/robot_localization/CMakeFiles/CMakeTmp

Run Build Command(s):/usr/bin/make cmTC_2cff3/fast && /usr/bin/make -f CMakeFiles/cmTC_2cff3.dir/build.make CMakeFiles/cmTC_2cff3.dir/build
make[1]: Entering directory '/home/ubuntu/ros2_delivFoxy/build/robot_localization/CMakeFiles/CMakeTmp'
Building C object CMakeFiles/cmTC_2cff3.dir/CheckFunctionExists.c.o
/usr/bin/cc   -DCHECK_FUNCTION_EXISTS=pthread_create   -o CMakeFiles/cmTC_2cff3.dir/CheckFunctionExists.c.o   -c /usr/share/cmake-3.16/Modules/CheckFunctionExists.c
Linking C executable cmTC_2cff3
/usr/bin/cmake -E cmake_link_script CMakeFiles/cmTC_2cff3.dir/link.txt --verbose=1
/usr/bin/cc  -DCHECK_FUNCTION_EXISTS=pthread_create    CMakeFiles/cmTC_2cff3.dir/CheckFunctionExists.c.o  -o cmTC_2cff3  -lpthreads 
/usr/bin/ld: cannot find -lpthreads
collect2: error: ld returned 1 exit status
make[1]: *** [CMakeFiles/cmTC_2cff3.dir/build.make:87: cmTC_2cff3] Error 1
make[1]: Leaving directory '/home/ubuntu/ros2_delivFoxy/build/robot_localization/CMakeFiles/CMakeTmp'
make: *** [Makefile:121: cmTC_2cff3/fast] Error 2



Performing C SOURCE FILE Test CMAKE_HAVE_LIBC_PTHREAD failed with the following output:
Change Dir: /home/ubuntu/ros2_delivFoxy/build/robot_localization/CMakeFiles/CMakeTmp

Run Build Command(s):/usr/bin/make cmTC_c0558/fast && /usr/bin/make -f CMakeFiles/cmTC_c0558.dir/build.make CMakeFiles/cmTC_c0558.dir/build
make[1]: Entering directory '/home/ubuntu/ros2_delivFoxy/build/robot_localization/CMakeFiles/CMakeTmp'
Building C object CMakeFiles/cmTC_c0558.dir/src.c.o
/usr/bin/cc   -DCMAKE_HAVE_LIBC_PTHREAD   -o CMakeFiles/cmTC_c0558.dir/src.c.o   -c /home/ubuntu/ros2_delivFoxy/build/robot_localization/CMakeFiles/CMakeTmp/src.c
Linking C executable cmTC_c0558
/usr/bin/cmake -E cmake_link_script CMakeFiles/cmTC_c0558.dir/link.txt --verbose=1
/usr/bin/cc  -DCMAKE_HAVE_LIBC_PTHREAD    CMakeFiles/cmTC_c0558.dir/src.c.o  -o cmTC_c0558 
/usr/bin/ld: CMakeFiles/cmTC_c0558.dir/src.c.o: in function `main':
src.c:(.text+0x48): undefined reference to `pthread_create'
/usr/bin/ld: src.c:(.text+0x50): undefined reference to `pthread_detach'
/usr/bin/ld: src.c:(.text+0x5c): undefined reference to `pthread_join'
collect2: error: ld returned 1 exit status
make[1]: *** [CMakeFiles/cmTC_c0558.dir/build.make:87: cmTC_c0558] Error 1
make[1]: Leaving directory '/home/ubuntu/ros2_delivFoxy/build/robot_localization/CMakeFiles/CMakeTmp'
make: *** [Makefile:121: cmTC_c0558/fast] Error 2


Source file was:
#include <pthread.h>

void* test_func(void* data)
{
  return data;
}

int main(void)
{
  pthread_t thread;
  pthread_create(&thread, NULL, test_func, NULL);
  pthread_detach(thread);
  pthread_join(thread, NULL);
  pthread_atfork(NULL, NULL, NULL);
  pthread_exit(NULL);

  return 0;
}

Determining if the function pthread_create exists in the pthreads failed with the following output:
Change Dir: /home/ubuntu/ros2_delivFoxy/build/robot_localization/CMakeFiles/CMakeTmp

Run Build Command(s):/usr/bin/make cmTC_5e24b/fast && /usr/bin/make -f CMakeFiles/cmTC_5e24b.dir/build.make CMakeFiles/cmTC_5e24b.dir/build
make[1]: Entering directory '/home/ubuntu/ros2_delivFoxy/build/robot_localization/CMakeFiles/CMakeTmp'
Building C object CMakeFiles/cmTC_5e24b.dir/CheckFunctionExists.c.o
/usr/bin/cc   -DCHECK_FUNCTION_EXISTS=pthread_create   -o CMakeFiles/cmTC_5e24b.dir/CheckFunctionExists.c.o   -c /usr/share/cmake-3.16/Modules/CheckFunctionExists.c
Linking C executable cmTC_5e24b
/usr/bin/cmake -E cmake_link_script CMakeFiles/cmTC_5e24b.dir/link.txt --verbose=1
/usr/bin/cc  -DCHECK_FUNCTION_EXISTS=pthread_create    CMakeFiles/cmTC_5e24b.dir/CheckFunctionExists.c.o  -o cmTC_5e24b  -lpthreads 
/usr/bin/ld: cannot find -lpthreads
collect2: error: ld returned 1 exit status
make[1]: *** [CMakeFiles/cmTC_5e24b.dir/build.make:87: cmTC_5e24b] Error 1
make[1]: Leaving directory '/home/ubuntu/ros2_delivFoxy/build/robot_localization/CMakeFiles/CMakeTmp'
make: *** [Makefile:121: cmTC_5e24b/fast] Error 2



