[0.364s] Invoking command in '/home/ubuntu/ros2_delivFoxy/build/slam_gmapping': CMAKE_PREFIX_PATH=/home/ubuntu/ros2_delivFoxy/install/openslam_gmapping:/home/ubuntu/ros2_delivFoxy/install/ydlidar_sdk:/home/ubuntu/ros2_delivFoxy/install/ydlidar_ros2_driver:/home/ubuntu/ros2_delivFoxy/install/slam_gmapping:/home/ubuntu/ros2_delivFoxy/install/serial_motor_demo_msgs:/home/ubuntu/ros2_delivFoxy/install/diffdrive_arduino:/home/ubuntu/ros2_delivFoxy/install/serial:/home/ubuntu/ros2_delivFoxy/install/articubot_one:/home/ubuntu/dev_serial_motor/install/serial_motor_demo_msgs:/home/ubuntu/ros2_delivFoxy/install/serial_motor_demo:/home/ubuntu/dev_serial_motor/install/serial_motor_demo:/opt/ros/foxy /usr/bin/cmake --build /home/ubuntu/ros2_delivFoxy/build/slam_gmapping -- -j4 -l4
[2.687s] [ 50%] Built target slam_gmapping
[3.039s] [100%] Built target transform
[3.345s] Invoked command in '/home/ubuntu/ros2_delivFoxy/build/slam_gmapping' returned '0': CMAKE_PREFIX_PATH=/home/ubuntu/ros2_delivFoxy/install/openslam_gmapping:/home/ubuntu/ros2_delivFoxy/install/ydlidar_sdk:/home/ubuntu/ros2_delivFoxy/install/ydlidar_ros2_driver:/home/ubuntu/ros2_delivFoxy/install/slam_gmapping:/home/ubuntu/ros2_delivFoxy/install/serial_motor_demo_msgs:/home/ubuntu/ros2_delivFoxy/install/diffdrive_arduino:/home/ubuntu/ros2_delivFoxy/install/serial:/home/ubuntu/ros2_delivFoxy/install/articubot_one:/home/ubuntu/dev_serial_motor/install/serial_motor_demo_msgs:/home/ubuntu/ros2_delivFoxy/install/serial_motor_demo:/home/ubuntu/dev_serial_motor/install/serial_motor_demo:/opt/ros/foxy /usr/bin/cmake --build /home/ubuntu/ros2_delivFoxy/build/slam_gmapping -- -j4 -l4
[3.957s] Invoking command in '/home/ubuntu/ros2_delivFoxy/build/slam_gmapping': CMAKE_PREFIX_PATH=/home/ubuntu/ros2_delivFoxy/install/openslam_gmapping:/home/ubuntu/ros2_delivFoxy/install/ydlidar_sdk:/home/ubuntu/ros2_delivFoxy/install/ydlidar_ros2_driver:/home/ubuntu/ros2_delivFoxy/install/slam_gmapping:/home/ubuntu/ros2_delivFoxy/install/serial_motor_demo_msgs:/home/ubuntu/ros2_delivFoxy/install/diffdrive_arduino:/home/ubuntu/ros2_delivFoxy/install/serial:/home/ubuntu/ros2_delivFoxy/install/articubot_one:/home/ubuntu/dev_serial_motor/install/serial_motor_demo_msgs:/home/ubuntu/ros2_delivFoxy/install/serial_motor_demo:/home/ubuntu/dev_serial_motor/install/serial_motor_demo:/opt/ros/foxy /usr/bin/cmake --install /home/ubuntu/ros2_delivFoxy/build/slam_gmapping
[4.089s] -- Install configuration: ""
[4.101s] -- Execute custom install script
[4.113s] -- Up-to-date symlink: /home/ubuntu/ros2_delivFoxy/install/slam_gmapping/lib/slam_gmapping/slam_gmapping
[4.118s] -- Up-to-date symlink: /home/ubuntu/ros2_delivFoxy/install/slam_gmapping/lib/slam_gmapping/transform
[4.134s] -- Up-to-date symlink: /home/ubuntu/ros2_delivFoxy/install/slam_gmapping/share/slam_gmapping/launch/gmapping_launch.py
[4.141s] -- Up-to-date symlink: /home/ubuntu/ros2_delivFoxy/install/slam_gmapping/share/slam_gmapping/launch/slam_gmapping.launch.py
[4.143s] -- Up-to-date symlink: /home/ubuntu/ros2_delivFoxy/install/slam_gmapping/share/ament_index/resource_index/package_run_dependencies/slam_gmapping
[4.147s] -- Up-to-date symlink: /home/ubuntu/ros2_delivFoxy/install/slam_gmapping/share/ament_index/resource_index/parent_prefix_path/slam_gmapping
[4.156s] -- Up-to-date symlink: /home/ubuntu/ros2_delivFoxy/install/slam_gmapping/share/slam_gmapping/environment/ament_prefix_path.sh
[4.165s] -- Up-to-date symlink: /home/ubuntu/ros2_delivFoxy/install/slam_gmapping/share/slam_gmapping/environment/ament_prefix_path.dsv
[4.170s] -- Up-to-date symlink: /home/ubuntu/ros2_delivFoxy/install/slam_gmapping/share/slam_gmapping/environment/path.sh
[4.178s] -- Up-to-date symlink: /home/ubuntu/ros2_delivFoxy/install/slam_gmapping/share/slam_gmapping/environment/path.dsv
[4.188s] -- Up-to-date symlink: /home/ubuntu/ros2_delivFoxy/install/slam_gmapping/share/slam_gmapping/local_setup.bash
[4.193s] -- Up-to-date symlink: /home/ubuntu/ros2_delivFoxy/install/slam_gmapping/share/slam_gmapping/local_setup.sh
[4.197s] -- Up-to-date symlink: /home/ubuntu/ros2_delivFoxy/install/slam_gmapping/share/slam_gmapping/local_setup.zsh
[4.202s] -- Up-to-date symlink: /home/ubuntu/ros2_delivFoxy/install/slam_gmapping/share/slam_gmapping/local_setup.dsv
[4.207s] -- Symlinking: /home/ubuntu/ros2_delivFoxy/install/slam_gmapping/share/slam_gmapping/package.dsv
[4.319s] -- Up-to-date symlink: /home/ubuntu/ros2_delivFoxy/install/slam_gmapping/share/ament_index/resource_index/packages/slam_gmapping
[4.324s] -- Up-to-date symlink: /home/ubuntu/ros2_delivFoxy/install/slam_gmapping/share/slam_gmapping/cmake/slam_gmappingConfig.cmake
[4.333s] -- Up-to-date symlink: /home/ubuntu/ros2_delivFoxy/install/slam_gmapping/share/slam_gmapping/cmake/slam_gmappingConfig-version.cmake
[4.345s] -- Up-to-date symlink: /home/ubuntu/ros2_delivFoxy/install/slam_gmapping/share/slam_gmapping/package.xml
[4.370s] Invoked command in '/home/ubuntu/ros2_delivFoxy/build/slam_gmapping' returned '0': CMAKE_PREFIX_PATH=/home/ubuntu/ros2_delivFoxy/install/openslam_gmapping:/home/ubuntu/ros2_delivFoxy/install/ydlidar_sdk:/home/ubuntu/ros2_delivFoxy/install/ydlidar_ros2_driver:/home/ubuntu/ros2_delivFoxy/install/slam_gmapping:/home/ubuntu/ros2_delivFoxy/install/serial_motor_demo_msgs:/home/ubuntu/ros2_delivFoxy/install/diffdrive_arduino:/home/ubuntu/ros2_delivFoxy/install/serial:/home/ubuntu/ros2_delivFoxy/install/articubot_one:/home/ubuntu/dev_serial_motor/install/serial_motor_demo_msgs:/home/ubuntu/ros2_delivFoxy/install/serial_motor_demo:/home/ubuntu/dev_serial_motor/install/serial_motor_demo:/opt/ros/foxy /usr/bin/cmake --install /home/ubuntu/ros2_delivFoxy/build/slam_gmapping
