[0.190s] Invoking command in '/home/ubuntu/ros2_delivFoxy/build/slam_gmapping': CMAKE_PREFIX_PATH=/home/ubuntu/ros2_delivFoxy/install/openslam_gmapping:/home/ubuntu/ros2_delivFoxy/install/ydlidar_sdk:/home/ubuntu/ros2_delivFoxy/install/ydlidar_ros2_driver:/home/ubuntu/ros2_delivFoxy/install/slam_gmapping:/home/ubuntu/ros2_delivFoxy/install/serial_motor_demo_msgs:/home/ubuntu/ros2_delivFoxy/install/diffdrive_arduino:/home/ubuntu/ros2_delivFoxy/install/serial:/home/ubuntu/ros2_delivFoxy/install/articubot_one:/home/ubuntu/dev_serial_motor/install/serial_motor_demo_msgs:/home/ubuntu/ros2_delivFoxy/install/serial_motor_demo:/home/ubuntu/dev_serial_motor/install/serial_motor_demo:/opt/ros/foxy /usr/bin/cmake --build /home/ubuntu/ros2_delivFoxy/build/slam_gmapping -- -j4 -l4
[0.964s] [ 50%] Built target slam_gmapping
[0.967s] [100%] Built target transform
[1.118s] Invoked command in '/home/ubuntu/ros2_delivFoxy/build/slam_gmapping' returned '0': CMAKE_PREFIX_PATH=/home/ubuntu/ros2_delivFoxy/install/openslam_gmapping:/home/ubuntu/ros2_delivFoxy/install/ydlidar_sdk:/home/ubuntu/ros2_delivFoxy/install/ydlidar_ros2_driver:/home/ubuntu/ros2_delivFoxy/install/slam_gmapping:/home/ubuntu/ros2_delivFoxy/install/serial_motor_demo_msgs:/home/ubuntu/ros2_delivFoxy/install/diffdrive_arduino:/home/ubuntu/ros2_delivFoxy/install/serial:/home/ubuntu/ros2_delivFoxy/install/articubot_one:/home/ubuntu/dev_serial_motor/install/serial_motor_demo_msgs:/home/ubuntu/ros2_delivFoxy/install/serial_motor_demo:/home/ubuntu/dev_serial_motor/install/serial_motor_demo:/opt/ros/foxy /usr/bin/cmake --build /home/ubuntu/ros2_delivFoxy/build/slam_gmapping -- -j4 -l4
[1.325s] Invoking command in '/home/ubuntu/ros2_delivFoxy/build/slam_gmapping': CMAKE_PREFIX_PATH=/home/ubuntu/ros2_delivFoxy/install/openslam_gmapping:/home/ubuntu/ros2_delivFoxy/install/ydlidar_sdk:/home/ubuntu/ros2_delivFoxy/install/ydlidar_ros2_driver:/home/ubuntu/ros2_delivFoxy/install/slam_gmapping:/home/ubuntu/ros2_delivFoxy/install/serial_motor_demo_msgs:/home/ubuntu/ros2_delivFoxy/install/diffdrive_arduino:/home/ubuntu/ros2_delivFoxy/install/serial:/home/ubuntu/ros2_delivFoxy/install/articubot_one:/home/ubuntu/dev_serial_motor/install/serial_motor_demo_msgs:/home/ubuntu/ros2_delivFoxy/install/serial_motor_demo:/home/ubuntu/dev_serial_motor/install/serial_motor_demo:/opt/ros/foxy /usr/bin/cmake --install /home/ubuntu/ros2_delivFoxy/build/slam_gmapping
[1.374s] -- Install configuration: ""
[1.375s] -- Execute custom install script
[1.381s] -- Up-to-date symlink: /home/ubuntu/ros2_delivFoxy/install/slam_gmapping/lib/slam_gmapping/slam_gmapping
[1.385s] -- Up-to-date symlink: /home/ubuntu/ros2_delivFoxy/install/slam_gmapping/lib/slam_gmapping/transform
[1.388s] -- Up-to-date symlink: /home/ubuntu/ros2_delivFoxy/install/slam_gmapping/share/slam_gmapping/launch/gmapping_launch.py
[1.391s] -- Up-to-date symlink: /home/ubuntu/ros2_delivFoxy/install/slam_gmapping/share/slam_gmapping/launch/slam_gmapping.launch.py
[1.394s] -- Up-to-date symlink: /home/ubuntu/ros2_delivFoxy/install/slam_gmapping/share/ament_index/resource_index/package_run_dependencies/slam_gmapping
[1.398s] -- Up-to-date symlink: /home/ubuntu/ros2_delivFoxy/install/slam_gmapping/share/ament_index/resource_index/parent_prefix_path/slam_gmapping
[1.400s] -- Up-to-date symlink: /home/ubuntu/ros2_delivFoxy/install/slam_gmapping/share/slam_gmapping/environment/ament_prefix_path.sh
[1.403s] -- Up-to-date symlink: /home/ubuntu/ros2_delivFoxy/install/slam_gmapping/share/slam_gmapping/environment/ament_prefix_path.dsv
[1.410s] -- Up-to-date symlink: /home/ubuntu/ros2_delivFoxy/install/slam_gmapping/share/slam_gmapping/environment/path.sh
[1.415s] -- Up-to-date symlink: /home/ubuntu/ros2_delivFoxy/install/slam_gmapping/share/slam_gmapping/environment/path.dsv
[1.417s] -- Up-to-date symlink: /home/ubuntu/ros2_delivFoxy/install/slam_gmapping/share/slam_gmapping/local_setup.bash
[1.418s] -- Up-to-date symlink: /home/ubuntu/ros2_delivFoxy/install/slam_gmapping/share/slam_gmapping/local_setup.sh
[1.419s] -- Up-to-date symlink: /home/ubuntu/ros2_delivFoxy/install/slam_gmapping/share/slam_gmapping/local_setup.zsh
[1.420s] -- Up-to-date symlink: /home/ubuntu/ros2_delivFoxy/install/slam_gmapping/share/slam_gmapping/local_setup.dsv
[1.430s] -- Symlinking: /home/ubuntu/ros2_delivFoxy/install/slam_gmapping/share/slam_gmapping/package.dsv
[1.494s] -- Up-to-date symlink: /home/ubuntu/ros2_delivFoxy/install/slam_gmapping/share/ament_index/resource_index/packages/slam_gmapping
[1.496s] -- Up-to-date symlink: /home/ubuntu/ros2_delivFoxy/install/slam_gmapping/share/slam_gmapping/cmake/slam_gmappingConfig.cmake
[1.499s] -- Up-to-date symlink: /home/ubuntu/ros2_delivFoxy/install/slam_gmapping/share/slam_gmapping/cmake/slam_gmappingConfig-version.cmake
[1.502s] -- Up-to-date symlink: /home/ubuntu/ros2_delivFoxy/install/slam_gmapping/share/slam_gmapping/package.xml
[1.510s] Invoked command in '/home/ubuntu/ros2_delivFoxy/build/slam_gmapping' returned '0': CMAKE_PREFIX_PATH=/home/ubuntu/ros2_delivFoxy/install/openslam_gmapping:/home/ubuntu/ros2_delivFoxy/install/ydlidar_sdk:/home/ubuntu/ros2_delivFoxy/install/ydlidar_ros2_driver:/home/ubuntu/ros2_delivFoxy/install/slam_gmapping:/home/ubuntu/ros2_delivFoxy/install/serial_motor_demo_msgs:/home/ubuntu/ros2_delivFoxy/install/diffdrive_arduino:/home/ubuntu/ros2_delivFoxy/install/serial:/home/ubuntu/ros2_delivFoxy/install/articubot_one:/home/ubuntu/dev_serial_motor/install/serial_motor_demo_msgs:/home/ubuntu/ros2_delivFoxy/install/serial_motor_demo:/home/ubuntu/dev_serial_motor/install/serial_motor_demo:/opt/ros/foxy /usr/bin/cmake --install /home/ubuntu/ros2_delivFoxy/build/slam_gmapping
