[0.236s] Invoking command in '/home/ubuntu/ros2_delivFoxy/build/serial_motor_demo_msgs': CMAKE_PREFIX_PATH=${CMAKE_PREFIX_PATH}:/home/ubuntu/ros2_delivFoxy/install/serial_motor_demo:/home/ubuntu/dev_serial_motor/install/serial_motor_demo:/opt/ros/foxy /usr/bin/cmake --build /home/ubuntu/ros2_delivFoxy/build/serial_motor_demo_msgs -- -j4 -l4
[1.440s] [ 10%] Built target serial_motor_demo_msgs__rosidl_generator_c
[1.595s] [ 12%] Built target serial_motor_demo_msgs__cpp
[2.211s] [ 23%] Built target serial_motor_demo_msgs__rosidl_typesupport_introspection_c
[2.383s] [ 34%] Built target serial_motor_demo_msgs__rosidl_typesupport_c
[2.568s] [ 44%] Built target serial_motor_demo_msgs__rosidl_typesupport_cpp
[2.948s] [ 65%] Built target serial_motor_demo_msgs__rosidl_typesupport_introspection_cpp
[2.966s] [ 55%] Built target serial_motor_demo_msgs__rosidl_typesupport_fastrtps_cpp
[3.590s] [ 76%] Built target serial_motor_demo_msgs__rosidl_typesupport_fastrtps_c
[3.908s] [ 76%] Built target serial_motor_demo_msgs
[4.285s] [ 78%] Built target serial_motor_demo_msgs__py
[4.794s] [ 87%] Built target serial_motor_demo_msgs__python
[5.640s] [ 91%] Built target serial_motor_demo_msgs__rosidl_typesupport_introspection_c__pyext
[5.802s] [ 97%] Built target serial_motor_demo_msgs__rosidl_typesupport_c__pyext
[5.806s] [100%] Built target serial_motor_demo_msgs__rosidl_typesupport_fastrtps_c__pyext
[6.133s] Invoked command in '/home/ubuntu/ros2_delivFoxy/build/serial_motor_demo_msgs' returned '0': CMAKE_PREFIX_PATH=${CMAKE_PREFIX_PATH}:/home/ubuntu/ros2_delivFoxy/install/serial_motor_demo:/home/ubuntu/dev_serial_motor/install/serial_motor_demo:/opt/ros/foxy /usr/bin/cmake --build /home/ubuntu/ros2_delivFoxy/build/serial_motor_demo_msgs -- -j4 -l4
[8.736s] Invoking command in '/home/ubuntu/ros2_delivFoxy/build/serial_motor_demo_msgs': CMAKE_PREFIX_PATH=${CMAKE_PREFIX_PATH}:/home/ubuntu/ros2_delivFoxy/install/serial_motor_demo:/home/ubuntu/dev_serial_motor/install/serial_motor_demo:/opt/ros/foxy /usr/bin/cmake --install /home/ubuntu/ros2_delivFoxy/build/serial_motor_demo_msgs
[8.909s] -- Install configuration: ""
[8.916s] -- Execute custom install script
[8.921s] -- Up-to-date symlink: /home/ubuntu/ros2_delivFoxy/install/serial_motor_demo_msgs/share/ament_index/resource_index/rosidl_interfaces/serial_motor_demo_msgs
[8.936s] -- Up-to-date symlink: /home/ubuntu/ros2_delivFoxy/install/serial_motor_demo_msgs/include/serial_motor_demo_msgs/msg/detail/encoder_vals__functions.h
[8.938s] -- Up-to-date symlink: /home/ubuntu/ros2_delivFoxy/install/serial_motor_demo_msgs/include/serial_motor_demo_msgs/msg/detail/encoder_vals__struct.h
[8.942s] -- Up-to-date symlink: /home/ubuntu/ros2_delivFoxy/install/serial_motor_demo_msgs/include/serial_motor_demo_msgs/msg/detail/encoder_vals__type_support.h
[8.964s] -- Up-to-date symlink: /home/ubuntu/ros2_delivFoxy/install/serial_motor_demo_msgs/include/serial_motor_demo_msgs/msg/detail/motor_command__functions.h
[8.966s] -- Up-to-date symlink: /home/ubuntu/ros2_delivFoxy/install/serial_motor_demo_msgs/include/serial_motor_demo_msgs/msg/detail/motor_command__struct.h
[8.977s] -- Up-to-date symlink: /home/ubuntu/ros2_delivFoxy/install/serial_motor_demo_msgs/include/serial_motor_demo_msgs/msg/detail/motor_command__type_support.h
[8.980s] -- Up-to-date symlink: /home/ubuntu/ros2_delivFoxy/install/serial_motor_demo_msgs/include/serial_motor_demo_msgs/msg/detail/motor_vels__functions.h
[8.981s] -- Up-to-date symlink: /home/ubuntu/ros2_delivFoxy/install/serial_motor_demo_msgs/include/serial_motor_demo_msgs/msg/detail/motor_vels__struct.h
[8.982s] -- Up-to-date symlink: /home/ubuntu/ros2_delivFoxy/install/serial_motor_demo_msgs/include/serial_motor_demo_msgs/msg/detail/motor_vels__type_support.h
[8.983s] -- Up-to-date symlink: /home/ubuntu/ros2_delivFoxy/install/serial_motor_demo_msgs/include/serial_motor_demo_msgs/msg/encoder_vals.h
[8.986s] -- Up-to-date symlink: /home/ubuntu/ros2_delivFoxy/install/serial_motor_demo_msgs/include/serial_motor_demo_msgs/msg/motor_command.h
[8.992s] -- Up-to-date symlink: /home/ubuntu/ros2_delivFoxy/install/serial_motor_demo_msgs/include/serial_motor_demo_msgs/msg/motor_vels.h
[9.004s] -- Up-to-date symlink: /home/ubuntu/ros2_delivFoxy/install/serial_motor_demo_msgs/include/serial_motor_demo_msgs/msg/rosidl_generator_c__visibility_control.h
[9.017s] -- Up-to-date symlink: /home/ubuntu/ros2_delivFoxy/install/serial_motor_demo_msgs/share/serial_motor_demo_msgs/environment/library_path.sh
[9.022s] -- Up-to-date symlink: /home/ubuntu/ros2_delivFoxy/install/serial_motor_demo_msgs/share/serial_motor_demo_msgs/environment/library_path.dsv
[9.043s] -- Up-to-date symlink: /home/ubuntu/ros2_delivFoxy/install/serial_motor_demo_msgs/include/serial_motor_demo_msgs/msg/detail/encoder_vals__rosidl_typesupport_fastrtps_c.h
[9.047s] -- Up-to-date symlink: /home/ubuntu/ros2_delivFoxy/install/serial_motor_demo_msgs/include/serial_motor_demo_msgs/msg/detail/motor_command__rosidl_typesupport_fastrtps_c.h
[9.051s] -- Up-to-date symlink: /home/ubuntu/ros2_delivFoxy/install/serial_motor_demo_msgs/include/serial_motor_demo_msgs/msg/detail/motor_vels__rosidl_typesupport_fastrtps_c.h
[9.055s] -- Up-to-date symlink: /home/ubuntu/ros2_delivFoxy/install/serial_motor_demo_msgs/include/serial_motor_demo_msgs/msg/rosidl_typesupport_fastrtps_c__visibility_control.h
[9.061s] -- Up-to-date symlink: /home/ubuntu/ros2_delivFoxy/install/serial_motor_demo_msgs/lib/libserial_motor_demo_msgs__rosidl_typesupport_fastrtps_c.so
[9.075s] -- Up-to-date symlink: /home/ubuntu/ros2_delivFoxy/install/serial_motor_demo_msgs/include/serial_motor_demo_msgs/msg/detail/encoder_vals__rosidl_typesupport_fastrtps_cpp.hpp
[9.078s] -- Up-to-date symlink: /home/ubuntu/ros2_delivFoxy/install/serial_motor_demo_msgs/include/serial_motor_demo_msgs/msg/detail/motor_command__rosidl_typesupport_fastrtps_cpp.hpp
[9.084s] -- Up-to-date symlink: /home/ubuntu/ros2_delivFoxy/install/serial_motor_demo_msgs/include/serial_motor_demo_msgs/msg/detail/motor_vels__rosidl_typesupport_fastrtps_cpp.hpp
[9.086s] -- Up-to-date symlink: /home/ubuntu/ros2_delivFoxy/install/serial_motor_demo_msgs/include/serial_motor_demo_msgs/msg/rosidl_typesupport_fastrtps_cpp__visibility_control.h
[9.092s] -- Up-to-date symlink: /home/ubuntu/ros2_delivFoxy/install/serial_motor_demo_msgs/lib/libserial_motor_demo_msgs__rosidl_typesupport_fastrtps_cpp.so
[9.103s] -- Up-to-date symlink: /home/ubuntu/ros2_delivFoxy/install/serial_motor_demo_msgs/include/serial_motor_demo_msgs/msg/detail/encoder_vals__rosidl_typesupport_introspection_c.h
[9.108s] -- Up-to-date symlink: /home/ubuntu/ros2_delivFoxy/install/serial_motor_demo_msgs/include/serial_motor_demo_msgs/msg/detail/motor_command__rosidl_typesupport_introspection_c.h
[9.111s] -- Up-to-date symlink: /home/ubuntu/ros2_delivFoxy/install/serial_motor_demo_msgs/include/serial_motor_demo_msgs/msg/detail/motor_vels__rosidl_typesupport_introspection_c.h
[9.115s] -- Up-to-date symlink: /home/ubuntu/ros2_delivFoxy/install/serial_motor_demo_msgs/include/serial_motor_demo_msgs/msg/rosidl_typesupport_introspection_c__visibility_control.h
[9.157s] -- Up-to-date symlink: /home/ubuntu/ros2_delivFoxy/install/serial_motor_demo_msgs/include/serial_motor_demo_msgs/msg/detail/encoder_vals__builder.hpp
[9.158s] -- Up-to-date symlink: /home/ubuntu/ros2_delivFoxy/install/serial_motor_demo_msgs/include/serial_motor_demo_msgs/msg/detail/encoder_vals__struct.hpp
[9.159s] -- Up-to-date symlink: /home/ubuntu/ros2_delivFoxy/install/serial_motor_demo_msgs/include/serial_motor_demo_msgs/msg/detail/encoder_vals__traits.hpp
[9.161s] -- Up-to-date symlink: /home/ubuntu/ros2_delivFoxy/install/serial_motor_demo_msgs/include/serial_motor_demo_msgs/msg/detail/encoder_vals__type_support.hpp
[9.162s] -- Up-to-date symlink: /home/ubuntu/ros2_delivFoxy/install/serial_motor_demo_msgs/include/serial_motor_demo_msgs/msg/detail/motor_command__builder.hpp
[9.170s] -- Up-to-date symlink: /home/ubuntu/ros2_delivFoxy/install/serial_motor_demo_msgs/include/serial_motor_demo_msgs/msg/detail/motor_command__struct.hpp
[9.185s] -- Up-to-date symlink: /home/ubuntu/ros2_delivFoxy/install/serial_motor_demo_msgs/include/serial_motor_demo_msgs/msg/detail/motor_command__traits.hpp
[9.213s] -- Up-to-date symlink: /home/ubuntu/ros2_delivFoxy/install/serial_motor_demo_msgs/include/serial_motor_demo_msgs/msg/detail/motor_command__type_support.hpp
[9.214s] -- Up-to-date symlink: /home/ubuntu/ros2_delivFoxy/install/serial_motor_demo_msgs/include/serial_motor_demo_msgs/msg/detail/motor_vels__builder.hpp
[9.217s] -- Up-to-date symlink: /home/ubuntu/ros2_delivFoxy/install/serial_motor_demo_msgs/include/serial_motor_demo_msgs/msg/detail/motor_vels__struct.hpp
[9.218s] -- Up-to-date symlink: /home/ubuntu/ros2_delivFoxy/install/serial_motor_demo_msgs/include/serial_motor_demo_msgs/msg/detail/motor_vels__traits.hpp
[9.261s] -- Up-to-date symlink: /home/ubuntu/ros2_delivFoxy/install/serial_motor_demo_msgs/include/serial_motor_demo_msgs/msg/detail/motor_vels__type_support.hpp
[9.263s] -- Up-to-date symlink: /home/ubuntu/ros2_delivFoxy/install/serial_motor_demo_msgs/include/serial_motor_demo_msgs/msg/encoder_vals.hpp
[9.265s] -- Up-to-date symlink: /home/ubuntu/ros2_delivFoxy/install/serial_motor_demo_msgs/include/serial_motor_demo_msgs/msg/motor_command.hpp
[9.266s] -- Up-to-date symlink: /home/ubuntu/ros2_delivFoxy/install/serial_motor_demo_msgs/include/serial_motor_demo_msgs/msg/motor_vels.hpp
[9.270s] -- Up-to-date symlink: /home/ubuntu/ros2_delivFoxy/install/serial_motor_demo_msgs/include/serial_motor_demo_msgs/msg/rosidl_generator_cpp__visibility_control.hpp
[9.282s] -- Up-to-date symlink: /home/ubuntu/ros2_delivFoxy/install/serial_motor_demo_msgs/include/serial_motor_demo_msgs/msg/detail/encoder_vals__rosidl_typesupport_introspection_cpp.hpp
[9.292s] -- Up-to-date symlink: /home/ubuntu/ros2_delivFoxy/install/serial_motor_demo_msgs/include/serial_motor_demo_msgs/msg/detail/motor_command__rosidl_typesupport_introspection_cpp.hpp
[9.298s] -- Up-to-date symlink: /home/ubuntu/ros2_delivFoxy/install/serial_motor_demo_msgs/include/serial_motor_demo_msgs/msg/detail/motor_vels__rosidl_typesupport_introspection_cpp.hpp
[9.305s] -- Up-to-date symlink: /home/ubuntu/ros2_delivFoxy/install/serial_motor_demo_msgs/share/serial_motor_demo_msgs/environment/pythonpath.sh
[9.312s] -- Up-to-date symlink: /home/ubuntu/ros2_delivFoxy/install/serial_motor_demo_msgs/share/serial_motor_demo_msgs/environment/pythonpath.dsv
[9.332s] -- Up-to-date symlink: /home/ubuntu/ros2_delivFoxy/install/serial_motor_demo_msgs/lib/python3.8/site-packages/serial_motor_demo_msgs/__init__.py
[9.344s] -- Up-to-date symlink: /home/ubuntu/ros2_delivFoxy/install/serial_motor_demo_msgs/lib/python3.8/site-packages/serial_motor_demo_msgs/msg/__init__.py
[9.372s] -- Up-to-date symlink: /home/ubuntu/ros2_delivFoxy/install/serial_motor_demo_msgs/lib/python3.8/site-packages/serial_motor_demo_msgs/msg/_encoder_vals.py
[9.373s] -- Up-to-date symlink: /home/ubuntu/ros2_delivFoxy/install/serial_motor_demo_msgs/lib/python3.8/site-packages/serial_motor_demo_msgs/msg/_motor_command.py
[9.375s] -- Up-to-date symlink: /home/ubuntu/ros2_delivFoxy/install/serial_motor_demo_msgs/lib/python3.8/site-packages/serial_motor_demo_msgs/msg/_motor_vels.py
[9.392s] -- Up-to-date symlink: /home/ubuntu/ros2_delivFoxy/install/serial_motor_demo_msgs/lib/python3.8/site-packages/serial_motor_demo_msgs/serial_motor_demo_msgs_s__rosidl_typesupport_fastrtps_c.cpython-38-aarch64-linux-gnu.so
[9.398s] -- Up-to-date symlink: /home/ubuntu/ros2_delivFoxy/install/serial_motor_demo_msgs/lib/python3.8/site-packages/serial_motor_demo_msgs/serial_motor_demo_msgs_s__rosidl_typesupport_introspection_c.cpython-38-aarch64-linux-gnu.so
[9.412s] -- Up-to-date symlink: /home/ubuntu/ros2_delivFoxy/install/serial_motor_demo_msgs/lib/python3.8/site-packages/serial_motor_demo_msgs/serial_motor_demo_msgs_s__rosidl_typesupport_c.cpython-38-aarch64-linux-gnu.so
[9.425s] -- Up-to-date symlink: /home/ubuntu/ros2_delivFoxy/install/serial_motor_demo_msgs/lib/libserial_motor_demo_msgs__python.so
[9.435s] -- Up-to-date symlink: /home/ubuntu/ros2_delivFoxy/install/serial_motor_demo_msgs/share/serial_motor_demo_msgs/msg/MotorCommand.idl
[9.445s] -- Up-to-date symlink: /home/ubuntu/ros2_delivFoxy/install/serial_motor_demo_msgs/share/serial_motor_demo_msgs/msg/MotorVels.idl
[9.457s] -- Up-to-date symlink: /home/ubuntu/ros2_delivFoxy/install/serial_motor_demo_msgs/share/serial_motor_demo_msgs/msg/EncoderVals.idl
[9.461s] -- Up-to-date symlink: /home/ubuntu/ros2_delivFoxy/install/serial_motor_demo_msgs/share/serial_motor_demo_msgs/msg/MotorCommand.msg
[9.481s] -- Up-to-date symlink: /home/ubuntu/ros2_delivFoxy/install/serial_motor_demo_msgs/share/serial_motor_demo_msgs/msg/MotorVels.msg
[9.482s] -- Up-to-date symlink: /home/ubuntu/ros2_delivFoxy/install/serial_motor_demo_msgs/share/serial_motor_demo_msgs/msg/EncoderVals.msg
[9.483s] -- Up-to-date symlink: /home/ubuntu/ros2_delivFoxy/install/serial_motor_demo_msgs/share/ament_index/resource_index/package_run_dependencies/serial_motor_demo_msgs
[9.495s] -- Up-to-date symlink: /home/ubuntu/ros2_delivFoxy/install/serial_motor_demo_msgs/share/ament_index/resource_index/parent_prefix_path/serial_motor_demo_msgs
[9.498s] -- Up-to-date symlink: /home/ubuntu/ros2_delivFoxy/install/serial_motor_demo_msgs/share/serial_motor_demo_msgs/environment/ament_prefix_path.sh
[9.503s] -- Up-to-date symlink: /home/ubuntu/ros2_delivFoxy/install/serial_motor_demo_msgs/share/serial_motor_demo_msgs/environment/ament_prefix_path.dsv
[9.507s] -- Up-to-date symlink: /home/ubuntu/ros2_delivFoxy/install/serial_motor_demo_msgs/share/serial_motor_demo_msgs/environment/path.sh
[9.517s] -- Up-to-date symlink: /home/ubuntu/ros2_delivFoxy/install/serial_motor_demo_msgs/share/serial_motor_demo_msgs/environment/path.dsv
[9.519s] -- Up-to-date symlink: /home/ubuntu/ros2_delivFoxy/install/serial_motor_demo_msgs/share/serial_motor_demo_msgs/local_setup.bash
[9.524s] -- Up-to-date symlink: /home/ubuntu/ros2_delivFoxy/install/serial_motor_demo_msgs/share/serial_motor_demo_msgs/local_setup.sh
[9.530s] -- Up-to-date symlink: /home/ubuntu/ros2_delivFoxy/install/serial_motor_demo_msgs/share/serial_motor_demo_msgs/local_setup.zsh
[9.543s] -- Up-to-date symlink: /home/ubuntu/ros2_delivFoxy/install/serial_motor_demo_msgs/share/serial_motor_demo_msgs/local_setup.dsv
[9.550s] -- Symlinking: /home/ubuntu/ros2_delivFoxy/install/serial_motor_demo_msgs/share/serial_motor_demo_msgs/package.dsv
[9.674s] -- Up-to-date symlink: /home/ubuntu/ros2_delivFoxy/install/serial_motor_demo_msgs/share/ament_index/resource_index/packages/serial_motor_demo_msgs
[9.680s] -- Up-to-date symlink: /home/ubuntu/ros2_delivFoxy/install/serial_motor_demo_msgs/share/serial_motor_demo_msgs/cmake/rosidl_cmake-extras.cmake
[9.686s] -- Up-to-date symlink: /home/ubuntu/ros2_delivFoxy/install/serial_motor_demo_msgs/share/serial_motor_demo_msgs/cmake/ament_cmake_export_dependencies-extras.cmake
[9.706s] -- Up-to-date symlink: /home/ubuntu/ros2_delivFoxy/install/serial_motor_demo_msgs/share/serial_motor_demo_msgs/cmake/ament_cmake_export_libraries-extras.cmake
[9.716s] -- Up-to-date symlink: /home/ubuntu/ros2_delivFoxy/install/serial_motor_demo_msgs/share/serial_motor_demo_msgs/cmake/ament_cmake_export_targets-extras.cmake
[9.718s] -- Up-to-date symlink: /home/ubuntu/ros2_delivFoxy/install/serial_motor_demo_msgs/share/serial_motor_demo_msgs/cmake/ament_cmake_export_include_directories-extras.cmake
[9.719s] -- Up-to-date symlink: /home/ubuntu/ros2_delivFoxy/install/serial_motor_demo_msgs/share/serial_motor_demo_msgs/cmake/rosidl_cmake_export_typesupport_libraries-extras.cmake
[9.720s] -- Up-to-date symlink: /home/ubuntu/ros2_delivFoxy/install/serial_motor_demo_msgs/share/serial_motor_demo_msgs/cmake/rosidl_cmake_export_typesupport_targets-extras.cmake
[9.722s] -- Up-to-date symlink: /home/ubuntu/ros2_delivFoxy/install/serial_motor_demo_msgs/share/serial_motor_demo_msgs/cmake/serial_motor_demo_msgsConfig.cmake
[9.726s] -- Up-to-date symlink: /home/ubuntu/ros2_delivFoxy/install/serial_motor_demo_msgs/share/serial_motor_demo_msgs/cmake/serial_motor_demo_msgsConfig-version.cmake
[9.732s] -- Up-to-date symlink: /home/ubuntu/ros2_delivFoxy/install/serial_motor_demo_msgs/share/serial_motor_demo_msgs/package.xml
[9.747s] -- Up-to-date: /home/ubuntu/ros2_delivFoxy/install/serial_motor_demo_msgs/lib/libserial_motor_demo_msgs__rosidl_generator_c.so
[9.749s] -- Up-to-date: /home/ubuntu/ros2_delivFoxy/install/serial_motor_demo_msgs/lib/libserial_motor_demo_msgs__rosidl_typesupport_introspection_c.so
[9.791s] -- Up-to-date: /home/ubuntu/ros2_delivFoxy/install/serial_motor_demo_msgs/lib/libserial_motor_demo_msgs__rosidl_typesupport_c.so
[9.793s] -- Up-to-date: /home/ubuntu/ros2_delivFoxy/install/serial_motor_demo_msgs/lib/libserial_motor_demo_msgs__rosidl_typesupport_introspection_cpp.so
[9.794s] -- Up-to-date: /home/ubuntu/ros2_delivFoxy/install/serial_motor_demo_msgs/lib/libserial_motor_demo_msgs__rosidl_typesupport_cpp.so
[10.573s] -- Up-to-date: /home/ubuntu/ros2_delivFoxy/install/serial_motor_demo_msgs/share/serial_motor_demo_msgs/cmake/serial_motor_demo_msgs__rosidl_generator_cExport.cmake
[10.575s] -- Up-to-date: /home/ubuntu/ros2_delivFoxy/install/serial_motor_demo_msgs/share/serial_motor_demo_msgs/cmake/serial_motor_demo_msgs__rosidl_generator_cExport-noconfig.cmake
[10.576s] -- Up-to-date: /home/ubuntu/ros2_delivFoxy/install/serial_motor_demo_msgs/share/serial_motor_demo_msgs/cmake/serial_motor_demo_msgs__rosidl_typesupport_introspection_cExport.cmake
[10.577s] -- Up-to-date: /home/ubuntu/ros2_delivFoxy/install/serial_motor_demo_msgs/share/serial_motor_demo_msgs/cmake/serial_motor_demo_msgs__rosidl_typesupport_introspection_cExport-noconfig.cmake
[10.578s] -- Up-to-date: /home/ubuntu/ros2_delivFoxy/install/serial_motor_demo_msgs/share/serial_motor_demo_msgs/cmake/serial_motor_demo_msgs__rosidl_typesupport_cExport.cmake
[10.592s] -- Up-to-date: /home/ubuntu/ros2_delivFoxy/install/serial_motor_demo_msgs/share/serial_motor_demo_msgs/cmake/serial_motor_demo_msgs__rosidl_typesupport_cExport-noconfig.cmake
[10.594s] -- Up-to-date: /home/ubuntu/ros2_delivFoxy/install/serial_motor_demo_msgs/share/serial_motor_demo_msgs/cmake/serial_motor_demo_msgs__rosidl_generator_cppExport.cmake
[10.596s] -- Up-to-date: /home/ubuntu/ros2_delivFoxy/install/serial_motor_demo_msgs/share/serial_motor_demo_msgs/cmake/serial_motor_demo_msgs__rosidl_typesupport_introspection_cppExport.cmake
[10.597s] -- Up-to-date: /home/ubuntu/ros2_delivFoxy/install/serial_motor_demo_msgs/share/serial_motor_demo_msgs/cmake/serial_motor_demo_msgs__rosidl_typesupport_introspection_cppExport-noconfig.cmake
[10.598s] -- Up-to-date: /home/ubuntu/ros2_delivFoxy/install/serial_motor_demo_msgs/share/serial_motor_demo_msgs/cmake/serial_motor_demo_msgs__rosidl_typesupport_cppExport.cmake
[10.600s] -- Up-to-date: /home/ubuntu/ros2_delivFoxy/install/serial_motor_demo_msgs/share/serial_motor_demo_msgs/cmake/serial_motor_demo_msgs__rosidl_typesupport_cppExport-noconfig.cmake
[10.940s] Invoked command in '/home/ubuntu/ros2_delivFoxy/build/serial_motor_demo_msgs' returned '0': CMAKE_PREFIX_PATH=${CMAKE_PREFIX_PATH}:/home/ubuntu/ros2_delivFoxy/install/serial_motor_demo:/home/ubuntu/dev_serial_motor/install/serial_motor_demo:/opt/ros/foxy /usr/bin/cmake --install /home/ubuntu/ros2_delivFoxy/build/serial_motor_demo_msgs
