[0.345s] Invoking command in '/home/ubuntu/ros2_delivFoxy/build/ydlidar_ros2_driver': CMAKE_PREFIX_PATH=${CMAKE_PREFIX_PATH}:/home/ubuntu/ros2_delivFoxy/install/serial_motor_demo:/home/ubuntu/dev_serial_motor/install/serial_motor_demo:/opt/ros/foxy /usr/bin/cmake --build /home/ubuntu/ros2_delivFoxy/build/ydlidar_ros2_driver -- -j4 -l4
[0.975s] [ 50%] Built target ydlidar_ros2_driver_client
[1.022s] [100%] Built target ydlidar_ros2_driver_node
[1.117s] Invoked command in '/home/ubuntu/ros2_delivFoxy/build/ydlidar_ros2_driver' returned '0': CMAKE_PREFIX_PATH=${CMAKE_PREFIX_PATH}:/home/ubuntu/ros2_delivFoxy/install/serial_motor_demo:/home/ubuntu/dev_serial_motor/install/serial_motor_demo:/opt/ros/foxy /usr/bin/cmake --build /home/ubuntu/ros2_delivFoxy/build/ydlidar_ros2_driver -- -j4 -l4
[1.582s] Invoking command in '/home/ubuntu/ros2_delivFoxy/build/ydlidar_ros2_driver': CMAKE_PREFIX_PATH=${CMAKE_PREFIX_PATH}:/home/ubuntu/ros2_delivFoxy/install/serial_motor_demo:/home/ubuntu/dev_serial_motor/install/serial_motor_demo:/opt/ros/foxy /usr/bin/cmake --install /home/ubuntu/ros2_delivFoxy/build/ydlidar_ros2_driver
[1.736s] -- Install configuration: ""
[1.738s] -- Execute custom install script
[1.743s] -- Up-to-date symlink: /home/ubuntu/ros2_delivFoxy/install/ydlidar_ros2_driver/lib/ydlidar_ros2_driver/ydlidar_ros2_driver_node
[1.746s] -- Up-to-date symlink: /home/ubuntu/ros2_delivFoxy/install/ydlidar_ros2_driver/lib/ydlidar_ros2_driver/ydlidar_ros2_driver_client
[1.750s] -- Up-to-date symlink: /home/ubuntu/ros2_delivFoxy/install/ydlidar_ros2_driver/share/ydlidar_ros2_driver/launch/__pycache__/ydlidar_launch.cpython-36.pyc
[1.754s] -- Up-to-date symlink: /home/ubuntu/ros2_delivFoxy/install/ydlidar_ros2_driver/share/ydlidar_ros2_driver/launch/__pycache__/ydlidar_launch_view.cpython-36.pyc
[1.757s] -- Up-to-date symlink: /home/ubuntu/ros2_delivFoxy/install/ydlidar_ros2_driver/share/ydlidar_ros2_driver/launch/ydlidar.py
[1.761s] -- Up-to-date symlink: /home/ubuntu/ros2_delivFoxy/install/ydlidar_ros2_driver/share/ydlidar_ros2_driver/launch/ydlidar_launch.py
[1.765s] -- Up-to-date symlink: /home/ubuntu/ros2_delivFoxy/install/ydlidar_ros2_driver/share/ydlidar_ros2_driver/launch/ydlidar_view_launch.py
[1.775s] -- Up-to-date symlink: /home/ubuntu/ros2_delivFoxy/install/ydlidar_ros2_driver/share/ydlidar_ros2_driver/params/ydlidar.yaml
[1.783s] -- Up-to-date symlink: /home/ubuntu/ros2_delivFoxy/install/ydlidar_ros2_driver/share/ydlidar_ros2_driver/startup/initenv.sh
[1.790s] -- Up-to-date symlink: /home/ubuntu/ros2_delivFoxy/install/ydlidar_ros2_driver/share/ydlidar_ros2_driver/config/ydlidar.rviz
[1.795s] -- Up-to-date symlink: /home/ubuntu/ros2_delivFoxy/install/ydlidar_ros2_driver/share/ament_index/resource_index/package_run_dependencies/ydlidar_ros2_driver
[1.804s] -- Up-to-date symlink: /home/ubuntu/ros2_delivFoxy/install/ydlidar_ros2_driver/share/ament_index/resource_index/parent_prefix_path/ydlidar_ros2_driver
[1.814s] -- Up-to-date symlink: /home/ubuntu/ros2_delivFoxy/install/ydlidar_ros2_driver/share/ydlidar_ros2_driver/environment/ament_prefix_path.sh
[1.817s] -- Up-to-date symlink: /home/ubuntu/ros2_delivFoxy/install/ydlidar_ros2_driver/share/ydlidar_ros2_driver/environment/ament_prefix_path.dsv
[1.824s] -- Up-to-date symlink: /home/ubuntu/ros2_delivFoxy/install/ydlidar_ros2_driver/share/ydlidar_ros2_driver/environment/path.sh
[1.827s] -- Up-to-date symlink: /home/ubuntu/ros2_delivFoxy/install/ydlidar_ros2_driver/share/ydlidar_ros2_driver/environment/path.dsv
[1.835s] -- Up-to-date symlink: /home/ubuntu/ros2_delivFoxy/install/ydlidar_ros2_driver/share/ydlidar_ros2_driver/local_setup.bash
[1.852s] -- Up-to-date symlink: /home/ubuntu/ros2_delivFoxy/install/ydlidar_ros2_driver/share/ydlidar_ros2_driver/local_setup.sh
[1.858s] -- Up-to-date symlink: /home/ubuntu/ros2_delivFoxy/install/ydlidar_ros2_driver/share/ydlidar_ros2_driver/local_setup.zsh
[1.861s] -- Up-to-date symlink: /home/ubuntu/ros2_delivFoxy/install/ydlidar_ros2_driver/share/ydlidar_ros2_driver/local_setup.dsv
[1.864s] -- Symlinking: /home/ubuntu/ros2_delivFoxy/install/ydlidar_ros2_driver/share/ydlidar_ros2_driver/package.dsv
[1.929s] -- Up-to-date symlink: /home/ubuntu/ros2_delivFoxy/install/ydlidar_ros2_driver/share/ament_index/resource_index/packages/ydlidar_ros2_driver
[1.931s] -- Up-to-date symlink: /home/ubuntu/ros2_delivFoxy/install/ydlidar_ros2_driver/share/ydlidar_ros2_driver/cmake/ydlidar_ros2_driverConfig.cmake
[1.934s] -- Up-to-date symlink: /home/ubuntu/ros2_delivFoxy/install/ydlidar_ros2_driver/share/ydlidar_ros2_driver/cmake/ydlidar_ros2_driverConfig-version.cmake
[1.937s] -- Up-to-date symlink: /home/ubuntu/ros2_delivFoxy/install/ydlidar_ros2_driver/share/ydlidar_ros2_driver/package.xml
[1.960s] Invoked command in '/home/ubuntu/ros2_delivFoxy/build/ydlidar_ros2_driver' returned '0': CMAKE_PREFIX_PATH=${CMAKE_PREFIX_PATH}:/home/ubuntu/ros2_delivFoxy/install/serial_motor_demo:/home/ubuntu/dev_serial_motor/install/serial_motor_demo:/opt/ros/foxy /usr/bin/cmake --install /home/ubuntu/ros2_delivFoxy/build/ydlidar_ros2_driver
