[0.652s] Invoking command in '/home/ubuntu/ros2_delivFoxy/build/openslam_gmapping': CMAKE_PREFIX_PATH=${CMAKE_PREFIX_PATH}:/home/ubuntu/ros2_delivFoxy/install/serial_motor_demo:/home/ubuntu/dev_serial_motor/install/serial_motor_demo:/opt/ros/foxy /usr/bin/cmake --build /home/ubuntu/ros2_delivFoxy/build/openslam_gmapping -- -j4 -l4
[2.338s] [ 13%] Built target sensor_base
[2.364s] [ 27%] Built target utils
[3.690s] [ 40%] Built target sensor_odometry
[3.776s] [ 54%] Built target sensor_range
[4.539s] [ 77%] Built target scanmatcher
[5.212s] [100%] Built target gridfastslam
[5.408s] Invoked command in '/home/ubuntu/ros2_delivFoxy/build/openslam_gmapping' returned '0': CMAKE_PREFIX_PATH=${CMAKE_PREFIX_PATH}:/home/ubuntu/ros2_delivFoxy/install/serial_motor_demo:/home/ubuntu/dev_serial_motor/install/serial_motor_demo:/opt/ros/foxy /usr/bin/cmake --build /home/ubuntu/ros2_delivFoxy/build/openslam_gmapping -- -j4 -l4
[6.674s] Invoking command in '/home/ubuntu/ros2_delivFoxy/build/openslam_gmapping': CMAKE_PREFIX_PATH=${CMAKE_PREFIX_PATH}:/home/ubuntu/ros2_delivFoxy/install/serial_motor_demo:/home/ubuntu/dev_serial_motor/install/serial_motor_demo:/opt/ros/foxy /usr/bin/cmake --install /home/ubuntu/ros2_delivFoxy/build/openslam_gmapping
[6.919s] -- Install configuration: ""
[6.949s] -- Execute custom install script
[6.998s] -- Up-to-date symlink: /home/ubuntu/ros2_delivFoxy/install/openslam_gmapping/lib/libgridfastslam.a
[7.021s] -- Up-to-date symlink: /home/ubuntu/ros2_delivFoxy/install/openslam_gmapping/lib/libscanmatcher.a
[7.036s] -- Up-to-date symlink: /home/ubuntu/ros2_delivFoxy/install/openslam_gmapping/lib/libsensor_base.a
[7.047s] -- Up-to-date symlink: /home/ubuntu/ros2_delivFoxy/install/openslam_gmapping/share/openslam_gmapping/environment/library_path.sh
[7.070s] -- Up-to-date symlink: /home/ubuntu/ros2_delivFoxy/install/openslam_gmapping/share/openslam_gmapping/environment/library_path.dsv
[7.083s] -- Up-to-date symlink: /home/ubuntu/ros2_delivFoxy/install/openslam_gmapping/share/openslam_gmapping/environment/library_path.sh
[7.094s] -- Up-to-date symlink: /home/ubuntu/ros2_delivFoxy/install/openslam_gmapping/share/openslam_gmapping/environment/library_path.dsv
[7.109s] -- Up-to-date symlink: /home/ubuntu/ros2_delivFoxy/install/openslam_gmapping/lib/libsensor_odometry.a
[7.128s] -- Up-to-date symlink: /home/ubuntu/ros2_delivFoxy/install/openslam_gmapping/lib/libsensor_range.a
[7.144s] -- Up-to-date symlink: /home/ubuntu/ros2_delivFoxy/install/openslam_gmapping/lib/libutils.a
[7.169s] -- Up-to-date symlink: /home/ubuntu/ros2_delivFoxy/install/openslam_gmapping/share/openslam_gmapping/environment/library_path.sh
[7.179s] -- Up-to-date symlink: /home/ubuntu/ros2_delivFoxy/install/openslam_gmapping/share/openslam_gmapping/environment/library_path.dsv
[7.189s] -- Up-to-date symlink: /home/ubuntu/ros2_delivFoxy/install/openslam_gmapping/share/openslam_gmapping/environment/library_path.sh
[7.205s] -- Up-to-date symlink: /home/ubuntu/ros2_delivFoxy/install/openslam_gmapping/share/openslam_gmapping/environment/library_path.dsv
[7.245s] -- Up-to-date symlink: /home/ubuntu/ros2_delivFoxy/install/openslam_gmapping/include//gmapping/grid/accessstate.h
[7.273s] -- Up-to-date symlink: /home/ubuntu/ros2_delivFoxy/install/openslam_gmapping/include//gmapping/grid/array2d.h
[7.281s] -- Up-to-date symlink: /home/ubuntu/ros2_delivFoxy/install/openslam_gmapping/include//gmapping/grid/harray2d.h
[7.287s] -- Up-to-date symlink: /home/ubuntu/ros2_delivFoxy/install/openslam_gmapping/include//gmapping/grid/map.h
[7.301s] -- Up-to-date symlink: /home/ubuntu/ros2_delivFoxy/install/openslam_gmapping/include//gmapping/gridfastslam/gridslamprocessor.h
[7.316s] -- Up-to-date symlink: /home/ubuntu/ros2_delivFoxy/install/openslam_gmapping/include//gmapping/gridfastslam/gridslamprocessor.hxx
[7.317s] -- Up-to-date symlink: /home/ubuntu/ros2_delivFoxy/install/openslam_gmapping/include//gmapping/gridfastslam/motionmodel.h
[7.324s] -- Up-to-date symlink: /home/ubuntu/ros2_delivFoxy/install/openslam_gmapping/include//gmapping/log/configuration.h
[7.335s] -- Up-to-date symlink: /home/ubuntu/ros2_delivFoxy/install/openslam_gmapping/include//gmapping/log/sensorlog.h
[7.344s] -- Up-to-date symlink: /home/ubuntu/ros2_delivFoxy/install/openslam_gmapping/include//gmapping/particlefilter/particlefilter.h
[7.362s] -- Up-to-date symlink: /home/ubuntu/ros2_delivFoxy/install/openslam_gmapping/include//gmapping/scanmatcher/icp.h
[7.366s] -- Up-to-date symlink: /home/ubuntu/ros2_delivFoxy/install/openslam_gmapping/include//gmapping/scanmatcher/scanmatcher.h
[7.381s] -- Up-to-date symlink: /home/ubuntu/ros2_delivFoxy/install/openslam_gmapping/include//gmapping/scanmatcher/smmap.h
[7.387s] -- Up-to-date symlink: /home/ubuntu/ros2_delivFoxy/install/openslam_gmapping/include//gmapping/sensor/sensor_base/sensor.h
[7.400s] -- Up-to-date symlink: /home/ubuntu/ros2_delivFoxy/install/openslam_gmapping/include//gmapping/sensor/sensor_base/sensorreading.h
[7.407s] -- Up-to-date symlink: /home/ubuntu/ros2_delivFoxy/install/openslam_gmapping/include//gmapping/sensor/sensor_odometry/odometryreading.h
[7.419s] -- Up-to-date symlink: /home/ubuntu/ros2_delivFoxy/install/openslam_gmapping/include//gmapping/sensor/sensor_odometry/odometrysensor.h
[7.427s] -- Up-to-date symlink: /home/ubuntu/ros2_delivFoxy/install/openslam_gmapping/include//gmapping/sensor/sensor_range/rangereading.h
[7.434s] -- Up-to-date symlink: /home/ubuntu/ros2_delivFoxy/install/openslam_gmapping/include//gmapping/sensor/sensor_range/rangesensor.h
[7.444s] -- Up-to-date symlink: /home/ubuntu/ros2_delivFoxy/install/openslam_gmapping/include//gmapping/utils/autoptr.h
[7.450s] -- Up-to-date symlink: /home/ubuntu/ros2_delivFoxy/install/openslam_gmapping/include//gmapping/utils/commandline.h
[7.455s] -- Up-to-date symlink: /home/ubuntu/ros2_delivFoxy/install/openslam_gmapping/include//gmapping/utils/gvalues.h
[7.493s] -- Up-to-date symlink: /home/ubuntu/ros2_delivFoxy/install/openslam_gmapping/include//gmapping/utils/macro_params.h
[7.502s] -- Up-to-date symlink: /home/ubuntu/ros2_delivFoxy/install/openslam_gmapping/include//gmapping/utils/point.h
[7.508s] -- Up-to-date symlink: /home/ubuntu/ros2_delivFoxy/install/openslam_gmapping/include//gmapping/utils/stat.h
[7.515s] -- Up-to-date symlink: /home/ubuntu/ros2_delivFoxy/install/openslam_gmapping/share/ament_index/resource_index/package_run_dependencies/openslam_gmapping
[7.521s] -- Up-to-date symlink: /home/ubuntu/ros2_delivFoxy/install/openslam_gmapping/share/ament_index/resource_index/parent_prefix_path/openslam_gmapping
[7.527s] -- Up-to-date symlink: /home/ubuntu/ros2_delivFoxy/install/openslam_gmapping/share/openslam_gmapping/environment/ament_prefix_path.sh
[7.533s] -- Up-to-date symlink: /home/ubuntu/ros2_delivFoxy/install/openslam_gmapping/share/openslam_gmapping/environment/ament_prefix_path.dsv
[7.545s] -- Up-to-date symlink: /home/ubuntu/ros2_delivFoxy/install/openslam_gmapping/share/openslam_gmapping/environment/path.sh
[7.552s] -- Up-to-date symlink: /home/ubuntu/ros2_delivFoxy/install/openslam_gmapping/share/openslam_gmapping/environment/path.dsv
[7.558s] -- Up-to-date symlink: /home/ubuntu/ros2_delivFoxy/install/openslam_gmapping/share/openslam_gmapping/local_setup.bash
[7.566s] -- Up-to-date symlink: /home/ubuntu/ros2_delivFoxy/install/openslam_gmapping/share/openslam_gmapping/local_setup.sh
[7.574s] -- Up-to-date symlink: /home/ubuntu/ros2_delivFoxy/install/openslam_gmapping/share/openslam_gmapping/local_setup.zsh
[7.589s] -- Up-to-date symlink: /home/ubuntu/ros2_delivFoxy/install/openslam_gmapping/share/openslam_gmapping/local_setup.dsv
[7.593s] -- Symlinking: /home/ubuntu/ros2_delivFoxy/install/openslam_gmapping/share/openslam_gmapping/package.dsv
[7.772s] -- Up-to-date symlink: /home/ubuntu/ros2_delivFoxy/install/openslam_gmapping/share/ament_index/resource_index/packages/openslam_gmapping
[7.786s] -- Up-to-date symlink: /home/ubuntu/ros2_delivFoxy/install/openslam_gmapping/share/openslam_gmapping/cmake/ament_cmake_export_libraries-extras.cmake
[7.793s] -- Up-to-date symlink: /home/ubuntu/ros2_delivFoxy/install/openslam_gmapping/share/openslam_gmapping/cmake/ament_cmake_export_include_directories-extras.cmake
[7.809s] -- Up-to-date symlink: /home/ubuntu/ros2_delivFoxy/install/openslam_gmapping/share/openslam_gmapping/cmake/openslam_gmappingConfig.cmake
[7.816s] -- Up-to-date symlink: /home/ubuntu/ros2_delivFoxy/install/openslam_gmapping/share/openslam_gmapping/cmake/openslam_gmappingConfig-version.cmake
[7.820s] -- Up-to-date symlink: /home/ubuntu/ros2_delivFoxy/install/openslam_gmapping/share/openslam_gmapping/package.xml
[7.888s] Invoked command in '/home/ubuntu/ros2_delivFoxy/build/openslam_gmapping' returned '0': CMAKE_PREFIX_PATH=${CMAKE_PREFIX_PATH}:/home/ubuntu/ros2_delivFoxy/install/serial_motor_demo:/home/ubuntu/dev_serial_motor/install/serial_motor_demo:/opt/ros/foxy /usr/bin/cmake --install /home/ubuntu/ros2_delivFoxy/build/openslam_gmapping
