[0.300s] Invoking command in '/home/ubuntu/ros2_delivFoxy/build/openslam_gmapping': CMAKE_PREFIX_PATH=${CMAKE_PREFIX_PATH}:/home/ubuntu/ros2_delivFoxy/install/serial_motor_demo:/home/ubuntu/dev_serial_motor/install/serial_motor_demo:/opt/ros/foxy /usr/bin/cmake /home/ubuntu/ros2_delivFoxy/src/ydlidarX3_foxy/src/openslam_gmapping -DCMAKE_INSTALL_PREFIX=/home/ubuntu/ros2_delivFoxy/install/openslam_gmapping
[0.448s] -- Found ament_cmake: 0.9.12 (/opt/ros/foxy/share/ament_cmake/cmake)
[0.780s] -- Using PYTHON_EXECUTABLE: /usr/bin/python3
[2.732s] -- Override CMake install command with custom implementation using symlinks instead of copying resources
[3.552s] -- Configuring done
[3.832s] -- Generating done
[3.894s] -- Build files have been written to: /home/ubuntu/ros2_delivFoxy/build/openslam_gmapping
[3.917s] Invoked command in '/home/ubuntu/ros2_delivFoxy/build/openslam_gmapping' returned '0': CMAKE_PREFIX_PATH=${CMAKE_PREFIX_PATH}:/home/ubuntu/ros2_delivFoxy/install/serial_motor_demo:/home/ubuntu/dev_serial_motor/install/serial_motor_demo:/opt/ros/foxy /usr/bin/cmake /home/ubuntu/ros2_delivFoxy/src/ydlidarX3_foxy/src/openslam_gmapping -DCMAKE_INSTALL_PREFIX=/home/ubuntu/ros2_delivFoxy/install/openslam_gmapping
[3.929s] Invoking command in '/home/ubuntu/ros2_delivFoxy/build/openslam_gmapping': CMAKE_PREFIX_PATH=${CMAKE_PREFIX_PATH}:/home/ubuntu/ros2_delivFoxy/install/serial_motor_demo:/home/ubuntu/dev_serial_motor/install/serial_motor_demo:/opt/ros/foxy /usr/bin/cmake --build /home/ubuntu/ros2_delivFoxy/build/openslam_gmapping -- -j4 -l4
[4.489s] [ 13%] Built target utils
[4.595s] [ 27%] Built target sensor_base
[4.806s] [ 40%] Built target sensor_range
[4.824s] [ 54%] Built target sensor_odometry
[4.960s] [ 77%] Built target scanmatcher
[5.124s] [100%] Built target gridfastslam
[5.227s] Invoked command in '/home/ubuntu/ros2_delivFoxy/build/openslam_gmapping' returned '0': CMAKE_PREFIX_PATH=${CMAKE_PREFIX_PATH}:/home/ubuntu/ros2_delivFoxy/install/serial_motor_demo:/home/ubuntu/dev_serial_motor/install/serial_motor_demo:/opt/ros/foxy /usr/bin/cmake --build /home/ubuntu/ros2_delivFoxy/build/openslam_gmapping -- -j4 -l4
[5.603s] Invoking command in '/home/ubuntu/ros2_delivFoxy/build/openslam_gmapping': CMAKE_PREFIX_PATH=${CMAKE_PREFIX_PATH}:/home/ubuntu/ros2_delivFoxy/install/serial_motor_demo:/home/ubuntu/dev_serial_motor/install/serial_motor_demo:/opt/ros/foxy /usr/bin/cmake --install /home/ubuntu/ros2_delivFoxy/build/openslam_gmapping
[5.675s] -- Install configuration: ""
[5.677s] -- Execute custom install script
[5.680s] -- Up-to-date symlink: /home/ubuntu/ros2_delivFoxy/install/openslam_gmapping/lib/libgridfastslam.a
[5.683s] -- Up-to-date symlink: /home/ubuntu/ros2_delivFoxy/install/openslam_gmapping/lib/libscanmatcher.a
[5.686s] -- Up-to-date symlink: /home/ubuntu/ros2_delivFoxy/install/openslam_gmapping/lib/libsensor_base.a
[5.688s] -- Up-to-date symlink: /home/ubuntu/ros2_delivFoxy/install/openslam_gmapping/share/openslam_gmapping/environment/library_path.sh
[5.691s] -- Up-to-date symlink: /home/ubuntu/ros2_delivFoxy/install/openslam_gmapping/share/openslam_gmapping/environment/library_path.dsv
[5.693s] -- Up-to-date symlink: /home/ubuntu/ros2_delivFoxy/install/openslam_gmapping/share/openslam_gmapping/environment/library_path.sh
[5.696s] -- Up-to-date symlink: /home/ubuntu/ros2_delivFoxy/install/openslam_gmapping/share/openslam_gmapping/environment/library_path.dsv
[5.698s] -- Up-to-date symlink: /home/ubuntu/ros2_delivFoxy/install/openslam_gmapping/lib/libsensor_odometry.a
[5.702s] -- Up-to-date symlink: /home/ubuntu/ros2_delivFoxy/install/openslam_gmapping/lib/libsensor_range.a
[5.713s] -- Up-to-date symlink: /home/ubuntu/ros2_delivFoxy/install/openslam_gmapping/lib/libutils.a
[5.715s] -- Up-to-date symlink: /home/ubuntu/ros2_delivFoxy/install/openslam_gmapping/share/openslam_gmapping/environment/library_path.sh
[5.718s] -- Up-to-date symlink: /home/ubuntu/ros2_delivFoxy/install/openslam_gmapping/share/openslam_gmapping/environment/library_path.dsv
[5.721s] -- Up-to-date symlink: /home/ubuntu/ros2_delivFoxy/install/openslam_gmapping/share/openslam_gmapping/environment/library_path.sh
[5.723s] -- Up-to-date symlink: /home/ubuntu/ros2_delivFoxy/install/openslam_gmapping/share/openslam_gmapping/environment/library_path.dsv
[5.731s] -- Up-to-date symlink: /home/ubuntu/ros2_delivFoxy/install/openslam_gmapping/include//gmapping/grid/accessstate.h
[5.734s] -- Up-to-date symlink: /home/ubuntu/ros2_delivFoxy/install/openslam_gmapping/include//gmapping/grid/array2d.h
[5.735s] -- Up-to-date symlink: /home/ubuntu/ros2_delivFoxy/install/openslam_gmapping/include//gmapping/grid/harray2d.h
[5.737s] -- Up-to-date symlink: /home/ubuntu/ros2_delivFoxy/install/openslam_gmapping/include//gmapping/grid/map.h
[5.740s] -- Up-to-date symlink: /home/ubuntu/ros2_delivFoxy/install/openslam_gmapping/include//gmapping/gridfastslam/gridslamprocessor.h
[5.743s] -- Up-to-date symlink: /home/ubuntu/ros2_delivFoxy/install/openslam_gmapping/include//gmapping/gridfastslam/gridslamprocessor.hxx
[5.747s] -- Up-to-date symlink: /home/ubuntu/ros2_delivFoxy/install/openslam_gmapping/include//gmapping/gridfastslam/motionmodel.h
[5.750s] -- Up-to-date symlink: /home/ubuntu/ros2_delivFoxy/install/openslam_gmapping/include//gmapping/log/configuration.h
[5.752s] -- Up-to-date symlink: /home/ubuntu/ros2_delivFoxy/install/openslam_gmapping/include//gmapping/log/sensorlog.h
[5.756s] -- Up-to-date symlink: /home/ubuntu/ros2_delivFoxy/install/openslam_gmapping/include//gmapping/particlefilter/particlefilter.h
[5.760s] -- Up-to-date symlink: /home/ubuntu/ros2_delivFoxy/install/openslam_gmapping/include//gmapping/scanmatcher/icp.h
[5.763s] -- Up-to-date symlink: /home/ubuntu/ros2_delivFoxy/install/openslam_gmapping/include//gmapping/scanmatcher/scanmatcher.h
[5.766s] -- Up-to-date symlink: /home/ubuntu/ros2_delivFoxy/install/openslam_gmapping/include//gmapping/scanmatcher/smmap.h
[5.769s] -- Up-to-date symlink: /home/ubuntu/ros2_delivFoxy/install/openslam_gmapping/include//gmapping/sensor/sensor_base/sensor.h
[5.772s] -- Up-to-date symlink: /home/ubuntu/ros2_delivFoxy/install/openslam_gmapping/include//gmapping/sensor/sensor_base/sensorreading.h
[5.777s] -- Up-to-date symlink: /home/ubuntu/ros2_delivFoxy/install/openslam_gmapping/include//gmapping/sensor/sensor_odometry/odometryreading.h
[5.782s] -- Up-to-date symlink: /home/ubuntu/ros2_delivFoxy/install/openslam_gmapping/include//gmapping/sensor/sensor_odometry/odometrysensor.h
[5.785s] -- Up-to-date symlink: /home/ubuntu/ros2_delivFoxy/install/openslam_gmapping/include//gmapping/sensor/sensor_range/rangereading.h
[5.789s] -- Up-to-date symlink: /home/ubuntu/ros2_delivFoxy/install/openslam_gmapping/include//gmapping/sensor/sensor_range/rangesensor.h
[5.792s] -- Up-to-date symlink: /home/ubuntu/ros2_delivFoxy/install/openslam_gmapping/include//gmapping/utils/autoptr.h
[5.795s] -- Up-to-date symlink: /home/ubuntu/ros2_delivFoxy/install/openslam_gmapping/include//gmapping/utils/commandline.h
[5.798s] -- Up-to-date symlink: /home/ubuntu/ros2_delivFoxy/install/openslam_gmapping/include//gmapping/utils/gvalues.h
[5.801s] -- Up-to-date symlink: /home/ubuntu/ros2_delivFoxy/install/openslam_gmapping/include//gmapping/utils/macro_params.h
[5.804s] -- Up-to-date symlink: /home/ubuntu/ros2_delivFoxy/install/openslam_gmapping/include//gmapping/utils/point.h
[5.808s] -- Up-to-date symlink: /home/ubuntu/ros2_delivFoxy/install/openslam_gmapping/include//gmapping/utils/stat.h
[5.812s] -- Up-to-date symlink: /home/ubuntu/ros2_delivFoxy/install/openslam_gmapping/share/ament_index/resource_index/package_run_dependencies/openslam_gmapping
[5.816s] -- Up-to-date symlink: /home/ubuntu/ros2_delivFoxy/install/openslam_gmapping/share/ament_index/resource_index/parent_prefix_path/openslam_gmapping
[5.820s] -- Up-to-date symlink: /home/ubuntu/ros2_delivFoxy/install/openslam_gmapping/share/openslam_gmapping/environment/ament_prefix_path.sh
[5.825s] -- Up-to-date symlink: /home/ubuntu/ros2_delivFoxy/install/openslam_gmapping/share/openslam_gmapping/environment/ament_prefix_path.dsv
[5.832s] -- Up-to-date symlink: /home/ubuntu/ros2_delivFoxy/install/openslam_gmapping/share/openslam_gmapping/environment/path.sh
[5.837s] -- Up-to-date symlink: /home/ubuntu/ros2_delivFoxy/install/openslam_gmapping/share/openslam_gmapping/environment/path.dsv
[5.845s] -- Up-to-date symlink: /home/ubuntu/ros2_delivFoxy/install/openslam_gmapping/share/openslam_gmapping/local_setup.bash
[5.851s] -- Up-to-date symlink: /home/ubuntu/ros2_delivFoxy/install/openslam_gmapping/share/openslam_gmapping/local_setup.sh
[5.855s] -- Up-to-date symlink: /home/ubuntu/ros2_delivFoxy/install/openslam_gmapping/share/openslam_gmapping/local_setup.zsh
[5.859s] -- Up-to-date symlink: /home/ubuntu/ros2_delivFoxy/install/openslam_gmapping/share/openslam_gmapping/local_setup.dsv
[5.862s] -- Symlinking: /home/ubuntu/ros2_delivFoxy/install/openslam_gmapping/share/openslam_gmapping/package.dsv
[5.926s] -- Up-to-date symlink: /home/ubuntu/ros2_delivFoxy/install/openslam_gmapping/share/ament_index/resource_index/packages/openslam_gmapping
[5.928s] -- Up-to-date symlink: /home/ubuntu/ros2_delivFoxy/install/openslam_gmapping/share/openslam_gmapping/cmake/ament_cmake_export_libraries-extras.cmake
[5.930s] -- Up-to-date symlink: /home/ubuntu/ros2_delivFoxy/install/openslam_gmapping/share/openslam_gmapping/cmake/ament_cmake_export_include_directories-extras.cmake
[5.932s] -- Up-to-date symlink: /home/ubuntu/ros2_delivFoxy/install/openslam_gmapping/share/openslam_gmapping/cmake/openslam_gmappingConfig.cmake
[5.936s] -- Up-to-date symlink: /home/ubuntu/ros2_delivFoxy/install/openslam_gmapping/share/openslam_gmapping/cmake/openslam_gmappingConfig-version.cmake
[5.938s] -- Up-to-date symlink: /home/ubuntu/ros2_delivFoxy/install/openslam_gmapping/share/openslam_gmapping/package.xml
[5.968s] Invoked command in '/home/ubuntu/ros2_delivFoxy/build/openslam_gmapping' returned '0': CMAKE_PREFIX_PATH=${CMAKE_PREFIX_PATH}:/home/ubuntu/ros2_delivFoxy/install/serial_motor_demo:/home/ubuntu/dev_serial_motor/install/serial_motor_demo:/opt/ros/foxy /usr/bin/cmake --install /home/ubuntu/ros2_delivFoxy/build/openslam_gmapping
