[0.107s] Invoking command in '/home/ubuntu/ros2_delivFoxy/build/ydlidar_sdk': /usr/bin/cmake --build /home/ubuntu/ros2_delivFoxy/build/ydlidar_sdk -- -j4 -l4
[0.470s] [ 60%] Built target ydlidar_sdk
[0.701s] [ 68%] Built target lidar_c_api_test
[0.747s] [ 76%] Built target tof_test
[0.785s] [ 84%] Built target ydlidar_test
[0.788s] [ 92%] Built target etlidar_test
[0.964s] [100%] Built target lidar_test
[1.051s] Invoked command in '/home/ubuntu/ros2_delivFoxy/build/ydlidar_sdk' returned '0': /usr/bin/cmake --build /home/ubuntu/ros2_delivFoxy/build/ydlidar_sdk -- -j4 -l4
[1.498s] Invoking command in '/home/ubuntu/ros2_delivFoxy/build/ydlidar_sdk': /usr/bin/cmake --install /home/ubuntu/ros2_delivFoxy/build/ydlidar_sdk
[1.571s] -- Install configuration: ""
[1.576s] -- Up-to-date: /home/ubuntu/ros2_delivFoxy/install/ydlidar_sdk/include/core/base/datatype.h
[1.578s] -- Up-to-date: /home/ubuntu/ros2_delivFoxy/install/ydlidar_sdk/include/core/base/locker.h
[1.579s] -- Up-to-date: /home/ubuntu/ros2_delivFoxy/install/ydlidar_sdk/include/core/base/thread.h
[1.581s] -- Up-to-date: /home/ubuntu/ros2_delivFoxy/install/ydlidar_sdk/include/core/base/timer.h
[1.582s] -- Up-to-date: /home/ubuntu/ros2_delivFoxy/install/ydlidar_sdk/include/core/base/typedef.h
[1.583s] -- Up-to-date: /home/ubuntu/ros2_delivFoxy/install/ydlidar_sdk/include/core/base/utils.h
[1.584s] -- Up-to-date: /home/ubuntu/ros2_delivFoxy/install/ydlidar_sdk/include/core/base/v8stdint.h
[1.586s] -- Up-to-date: /home/ubuntu/ros2_delivFoxy/install/ydlidar_sdk/include/core/base/ydlidar.h
[1.587s] -- Up-to-date: /home/ubuntu/ros2_delivFoxy/install/ydlidar_sdk/include/core/common/ChannelDevice.h
[1.589s] -- Up-to-date: /home/ubuntu/ros2_delivFoxy/install/ydlidar_sdk/include/core/common/DriverInterface.h
[1.590s] -- Up-to-date: /home/ubuntu/ros2_delivFoxy/install/ydlidar_sdk/include/core/common/ydlidar_datatype.h
[1.591s] -- Up-to-date: /home/ubuntu/ros2_delivFoxy/install/ydlidar_sdk/include/core/common/ydlidar_def.h
[1.591s] -- Up-to-date: /home/ubuntu/ros2_delivFoxy/install/ydlidar_sdk/include/core/common/ydlidar_help.h
[1.592s] -- Up-to-date: /home/ubuntu/ros2_delivFoxy/install/ydlidar_sdk/include/core/common/ydlidar_protocol.h
[1.594s] -- Up-to-date: /home/ubuntu/ros2_delivFoxy/install/ydlidar_sdk/include/core/math/angles.h
[1.594s] -- Up-to-date: /home/ubuntu/ros2_delivFoxy/install/ydlidar_sdk/include/core/network/ActiveSocket.h
[1.595s] -- Up-to-date: /home/ubuntu/ros2_delivFoxy/install/ydlidar_sdk/include/core/network/PassiveSocket.h
[1.598s] -- Up-to-date: /home/ubuntu/ros2_delivFoxy/install/ydlidar_sdk/include/core/network/SimpleSocket.h
[1.599s] -- Up-to-date: /home/ubuntu/ros2_delivFoxy/install/ydlidar_sdk/include/core/network/StatTimer.h
[1.601s] -- Up-to-date: /home/ubuntu/ros2_delivFoxy/install/ydlidar_sdk/include/core/serial/common.h
[1.603s] -- Up-to-date: /home/ubuntu/ros2_delivFoxy/install/ydlidar_sdk/include/core/serial/serial.h
[1.604s] -- Up-to-date: /home/ubuntu/ros2_delivFoxy/install/ydlidar_sdk/include/core/serial/impl/unix/lock.h
[1.605s] -- Up-to-date: /home/ubuntu/ros2_delivFoxy/install/ydlidar_sdk/include/core/serial/impl/unix/unix.h
[1.606s] -- Up-to-date: /home/ubuntu/ros2_delivFoxy/install/ydlidar_sdk/include/core/serial/impl/unix/unix_serial.h
[1.608s] -- Up-to-date: /home/ubuntu/ros2_delivFoxy/install/ydlidar_sdk/include/src/CYdLidar.h
[1.609s] -- Up-to-date: /home/ubuntu/ros2_delivFoxy/install/ydlidar_sdk/include/src/ETLidarDriver.h
[1.609s] -- Up-to-date: /home/ubuntu/ros2_delivFoxy/install/ydlidar_sdk/include/src/ydlidar_driver.h
[1.610s] -- Up-to-date: /home/ubuntu/ros2_delivFoxy/install/ydlidar_sdk/include/src/ydlidar_sdk.h
[1.612s] -- Up-to-date: /home/ubuntu/ros2_delivFoxy/install/ydlidar_sdk/include/src/filters/FilterInterface.h
[1.613s] -- Up-to-date: /home/ubuntu/ros2_delivFoxy/install/ydlidar_sdk/include/src/filters/NoiseFilter.h
[1.615s] -- Up-to-date: /home/ubuntu/ros2_delivFoxy/install/ydlidar_sdk/include/ydlidar_config.h
[1.631s] -- Up-to-date: /home/ubuntu/ros2_delivFoxy/install/ydlidar_sdk/lib/libydlidar_sdk.a
[1.641s] -- Up-to-date: /home/ubuntu/ros2_delivFoxy/install/ydlidar_sdk/lib/pkgconfig/YDLIDAR_SDK.pc
[1.643s] -- Up-to-date: /home/ubuntu/ros2_delivFoxy/install/ydlidar_sdk/lib/cmake/ydlidar_sdk/ydlidar_sdkConfig.cmake
[1.645s] -- Up-to-date: /home/ubuntu/ros2_delivFoxy/install/ydlidar_sdk/lib/cmake/ydlidar_sdk/ydlidar_sdkTargets.cmake
[1.648s] -- Up-to-date: /home/ubuntu/ros2_delivFoxy/install/ydlidar_sdk/lib/cmake/ydlidar_sdk/ydlidar_sdkConfigVersion.cmake
[1.649s] -- Up-to-date: /home/ubuntu/ros2_delivFoxy/install/ydlidar_sdk/share/YDLIDAR_SDK/FindYDLIDAR_SDK.cmake
[1.655s] -- Up-to-date: /home/ubuntu/ros2_delivFoxy/install/ydlidar_sdk/share/YDLIDAR_SDK
[1.664s] -- Up-to-date: /home/ubuntu/ros2_delivFoxy/install/ydlidar_sdk/share/YDLIDAR_SDK/install_package.cmake
[1.664s] -- Up-to-date: /home/ubuntu/ros2_delivFoxy/install/ydlidar_sdk/share/YDLIDAR_SDK/cmake_uninstall.cmake.in
[1.665s] -- Up-to-date: /home/ubuntu/ros2_delivFoxy/install/ydlidar_sdk/share/YDLIDAR_SDK/FindPackage.cmake.in
[1.667s] -- Up-to-date: /home/ubuntu/ros2_delivFoxy/install/ydlidar_sdk/share/YDLIDAR_SDK/PkgConfig.pc.in
[1.667s] -- Up-to-date: /home/ubuntu/ros2_delivFoxy/install/ydlidar_sdk/share/YDLIDAR_SDK/PackageConfig.cmake.in
[1.668s] -- Up-to-date: /home/ubuntu/ros2_delivFoxy/install/ydlidar_sdk/share/YDLIDAR_SDK/PackageConfigVersion.cmake.in
[1.669s] -- Up-to-date: /home/ubuntu/ros2_delivFoxy/install/ydlidar_sdk/share/YDLIDAR_SDK/script_show_final_summary.cmake
[1.670s] -- Up-to-date: /home/ubuntu/ros2_delivFoxy/install/ydlidar_sdk/share/YDLIDAR_SDK/common
[1.674s] -- Up-to-date: /home/ubuntu/ros2_delivFoxy/install/ydlidar_sdk/share/YDLIDAR_SDK/common/ydlidar_base.cmake
[1.677s] -- Up-to-date: /home/ubuntu/ros2_delivFoxy/install/ydlidar_sdk/share/YDLIDAR_SDK/common/ydlidar_parse.cmake
[1.684s] -- Up-to-date: /home/ubuntu/ros2_delivFoxy/install/ydlidar_sdk/share/YDLIDAR_SDK/LICENSE.txt
[1.689s] -- Up-to-date: /home/ubuntu/ros2_delivFoxy/install/ydlidar_sdk/share/YDLIDAR_SDK/README.md
[1.691s] -- Up-to-date: /home/ubuntu/ros2_delivFoxy/install/ydlidar_sdk/share/YDLIDAR_SDK/doc
[1.692s] -- Up-to-date: /home/ubuntu/ros2_delivFoxy/install/ydlidar_sdk/share/YDLIDAR_SDK/doc/FAQs
[1.695s] -- Up-to-date: /home/ubuntu/ros2_delivFoxy/install/ydlidar_sdk/share/YDLIDAR_SDK/doc/FAQs/Software_FAQs.md
[1.696s] -- Up-to-date: /home/ubuntu/ros2_delivFoxy/install/ydlidar_sdk/share/YDLIDAR_SDK/doc/FAQs/General_FAQs.md
[1.697s] -- Up-to-date: /home/ubuntu/ros2_delivFoxy/install/ydlidar_sdk/share/YDLIDAR_SDK/doc/FAQs/Hardware_FAQs.md
[1.699s] -- Up-to-date: /home/ubuntu/ros2_delivFoxy/install/ydlidar_sdk/share/YDLIDAR_SDK/doc/FAQs/README.md
[1.700s] -- Up-to-date: /home/ubuntu/ros2_delivFoxy/install/ydlidar_sdk/share/YDLIDAR_SDK/doc/FAQs/Software_FAQs_cn.md
[1.701s] -- Up-to-date: /home/ubuntu/ros2_delivFoxy/install/ydlidar_sdk/share/YDLIDAR_SDK/doc/FAQs/General_FAQs_cn.md
[1.701s] -- Up-to-date: /home/ubuntu/ros2_delivFoxy/install/ydlidar_sdk/share/YDLIDAR_SDK/doc/FAQs/Hardware_FAQs_cn.md
[1.703s] -- Up-to-date: /home/ubuntu/ros2_delivFoxy/install/ydlidar_sdk/share/YDLIDAR_SDK/doc/YDLidar_SDK_Communication_Protocol.pdf
[1.704s] -- Up-to-date: /home/ubuntu/ros2_delivFoxy/install/ydlidar_sdk/share/YDLIDAR_SDK/doc/tutorials
[1.705s] -- Up-to-date: /home/ubuntu/ros2_delivFoxy/install/ydlidar_sdk/share/YDLIDAR_SDK/doc/tutorials/writing_lidar_tutorial_python.md
[1.716s] -- Up-to-date: /home/ubuntu/ros2_delivFoxy/install/ydlidar_sdk/share/YDLIDAR_SDK/doc/tutorials/examine_the_simple_lidar_tutorial.md
[1.717s] -- Up-to-date: /home/ubuntu/ros2_delivFoxy/install/ydlidar_sdk/share/YDLIDAR_SDK/doc/tutorials/writing_lidar_network_adapter_tutorial_c++.md
[1.720s] -- Up-to-date: /home/ubuntu/ros2_delivFoxy/install/ydlidar_sdk/share/YDLIDAR_SDK/doc/tutorials/writing_lidar_tutorial_c.md
[1.722s] -- Up-to-date: /home/ubuntu/ros2_delivFoxy/install/ydlidar_sdk/share/YDLIDAR_SDK/doc/tutorials/writing_lidar_tutorial_c++.md
[1.723s] -- Up-to-date: /home/ubuntu/ros2_delivFoxy/install/ydlidar_sdk/share/YDLIDAR_SDK/doc/Diagram.md
[1.724s] -- Up-to-date: /home/ubuntu/ros2_delivFoxy/install/ydlidar_sdk/share/YDLIDAR_SDK/doc/YDLIDAR_SDK_API_for_Developers.md
[1.727s] -- Up-to-date: /home/ubuntu/ros2_delivFoxy/install/ydlidar_sdk/share/YDLIDAR_SDK/doc/Dataset.md
[1.728s] -- Up-to-date: /home/ubuntu/ros2_delivFoxy/install/ydlidar_sdk/share/YDLIDAR_SDK/doc/README.md
[1.728s] -- Up-to-date: /home/ubuntu/ros2_delivFoxy/install/ydlidar_sdk/share/YDLIDAR_SDK/doc/YDLidar-SDK-Communication-Protocol.html
[1.728s] -- Up-to-date: /home/ubuntu/ros2_delivFoxy/install/ydlidar_sdk/share/YDLIDAR_SDK/doc/YDLidar-SDK-Communication-Protocol.md
[1.729s] -- Up-to-date: /home/ubuntu/ros2_delivFoxy/install/ydlidar_sdk/share/YDLIDAR_SDK/doc/howto
[1.731s] -- Up-to-date: /home/ubuntu/ros2_delivFoxy/install/ydlidar_sdk/share/YDLIDAR_SDK/doc/howto/how_to_create_a_udev_rules.md
[1.733s] -- Up-to-date: /home/ubuntu/ros2_delivFoxy/install/ydlidar_sdk/share/YDLIDAR_SDK/doc/howto/how_to_build_and_install.md
[1.742s] -- Up-to-date: /home/ubuntu/ros2_delivFoxy/install/ydlidar_sdk/share/YDLIDAR_SDK/doc/howto/how_to_gerenrate_vs_project_by_cmake.md
[1.743s] -- Up-to-date: /home/ubuntu/ros2_delivFoxy/install/ydlidar_sdk/share/YDLIDAR_SDK/doc/howto/how_to_build_and_debug_using_vscode.md
[1.744s] -- Up-to-date: /home/ubuntu/ros2_delivFoxy/install/ydlidar_sdk/share/YDLIDAR_SDK/doc/howto/README.md
[1.746s] -- Up-to-date: /home/ubuntu/ros2_delivFoxy/install/ydlidar_sdk/share/YDLIDAR_SDK/doc/howto/how_to_create_a_csharp_project.md
[1.747s] -- Up-to-date: /home/ubuntu/ros2_delivFoxy/install/ydlidar_sdk/share/YDLIDAR_SDK/doc/howto/images
[1.748s] -- Up-to-date: /home/ubuntu/ros2_delivFoxy/install/ydlidar_sdk/share/YDLIDAR_SDK/doc/howto/images/csharp_running.png
[1.750s] -- Up-to-date: /home/ubuntu/ros2_delivFoxy/install/ydlidar_sdk/share/YDLIDAR_SDK/doc/howto/images/cpack.png
[1.751s] -- Up-to-date: /home/ubuntu/ros2_delivFoxy/install/ydlidar_sdk/share/YDLIDAR_SDK/doc/howto/images/csharp_exception.png
[1.752s] -- Up-to-date: /home/ubuntu/ros2_delivFoxy/install/ydlidar_sdk/share/YDLIDAR_SDK/doc/howto/images/ttyUSB1.png
[1.754s] -- Up-to-date: /home/ubuntu/ros2_delivFoxy/install/ydlidar_sdk/share/YDLIDAR_SDK/doc/howto/images/ydlidar_lidar_monitor.png
[1.764s] -- Up-to-date: /home/ubuntu/ros2_delivFoxy/install/ydlidar_sdk/share/YDLIDAR_SDK/doc/howto/images/ttyUSB0.png
[1.767s] -- Up-to-date: /home/ubuntu/ros2_delivFoxy/install/ydlidar_sdk/share/YDLIDAR_SDK/doc/howto/images/csharp_build.png
[1.768s] -- Up-to-date: /home/ubuntu/ros2_delivFoxy/install/ydlidar_sdk/share/YDLIDAR_SDK/doc/howto/images/csharp_project.png
[1.769s] -- Up-to-date: /home/ubuntu/ros2_delivFoxy/install/ydlidar_sdk/share/YDLIDAR_SDK/doc/howto/images/sequence.png
[1.771s] -- Up-to-date: /home/ubuntu/ros2_delivFoxy/install/ydlidar_sdk/share/YDLIDAR_SDK/doc/howto/images/csharp_library.png
[1.774s] -- Up-to-date: /home/ubuntu/ros2_delivFoxy/install/ydlidar_sdk/share/YDLIDAR_SDK/doc/howto/images/vscode
[1.776s] -- Up-to-date: /home/ubuntu/ros2_delivFoxy/install/ydlidar_sdk/share/YDLIDAR_SDK/doc/howto/images/vscode/run_tasks.jpg
[1.778s] -- Up-to-date: /home/ubuntu/ros2_delivFoxy/install/ydlidar_sdk/share/YDLIDAR_SDK/doc/howto/images/vscode/tasks.png
[1.780s] -- Up-to-date: /home/ubuntu/ros2_delivFoxy/install/ydlidar_sdk/share/YDLIDAR_SDK/doc/howto/images/sdk_init.png
[1.781s] -- Up-to-date: /home/ubuntu/ros2_delivFoxy/install/ydlidar_sdk/share/YDLIDAR_SDK/doc/howto/images/sdk_scanning.png
[1.783s] -- Up-to-date: /home/ubuntu/ros2_delivFoxy/install/ydlidar_sdk/share/YDLIDAR_SDK/doc/howto/how_to_solve_slow_pull_from_cn.md
[1.785s] -- Up-to-date: /home/ubuntu/ros2_delivFoxy/install/ydlidar_sdk/share/YDLIDAR_SDK/doc/howto/how_to_create_a_pull.md
[1.786s] -- Up-to-date: /home/ubuntu/ros2_delivFoxy/install/ydlidar_sdk/share/YDLIDAR_SDK/doc/YDLidar-SDK-Communication-Protocol.pdf
[1.788s] -- Up-to-date: /home/ubuntu/ros2_delivFoxy/install/ydlidar_sdk/share/YDLIDAR_SDK/doc/SDK.pdf
[1.789s] -- Up-to-date: /home/ubuntu/ros2_delivFoxy/install/ydlidar_sdk/share/YDLIDAR_SDK/doc/images
[1.790s] -- Up-to-date: /home/ubuntu/ros2_delivFoxy/install/ydlidar_sdk/share/YDLIDAR_SDK/doc/images/sdk_architecture.png
[1.791s] -- Up-to-date: /home/ubuntu/ros2_delivFoxy/install/ydlidar_sdk/share/YDLIDAR_SDK/doc/images/frame_intensity.png
[1.792s] -- Up-to-date: /home/ubuntu/ros2_delivFoxy/install/ydlidar_sdk/share/YDLIDAR_SDK/doc/images/FlowChart.png
[1.793s] -- Up-to-date: /home/ubuntu/ros2_delivFoxy/install/ydlidar_sdk/share/YDLIDAR_SDK/doc/images/frame.png
[1.793s] -- Up-to-date: /home/ubuntu/ros2_delivFoxy/install/ydlidar_sdk/share/YDLIDAR_SDK/doc/images/communication_mechanism.png
[1.795s] -- Up-to-date: /home/ubuntu/ros2_delivFoxy/install/ydlidar_sdk/share/YDLIDAR_SDK/doc/images/YDLidar.jpg
[1.802s] -- Up-to-date: /home/ubuntu/ros2_delivFoxy/install/ydlidar_sdk/share/YDLIDAR_SDK/doc/images/sequence.png
[1.803s] -- Up-to-date: /home/ubuntu/ros2_delivFoxy/install/ydlidar_sdk/share/YDLIDAR_SDK/doc/images/system_workflow.png
[1.804s] -- Up-to-date: /home/ubuntu/ros2_delivFoxy/install/ydlidar_sdk/share/YDLIDAR_SDK/doc/images/angle_q2.png
[1.805s] -- Up-to-date: /home/ubuntu/ros2_delivFoxy/install/ydlidar_sdk/share/YDLIDAR_SDK/doc/images/EAI.png
[1.805s] -- Up-to-date: /home/ubuntu/ros2_delivFoxy/install/ydlidar_sdk/share/YDLIDAR_SDK/doc/images/YDLidar.png
[1.807s] -- Up-to-date: /home/ubuntu/ros2_delivFoxy/install/ydlidar_sdk/share/YDLIDAR_SDK/doc/images/sdk_init.png
[1.807s] -- Up-to-date: /home/ubuntu/ros2_delivFoxy/install/ydlidar_sdk/share/YDLIDAR_SDK/doc/images/sdk_scanning.png
[1.808s] -- Up-to-date: /home/ubuntu/ros2_delivFoxy/install/ydlidar_sdk/share/YDLIDAR_SDK/doc/Tutorials.md
[1.809s] -- Up-to-date: /home/ubuntu/ros2_delivFoxy/install/ydlidar_sdk/share/YDLIDAR_SDK/doc/quickstart
[1.810s] -- Up-to-date: /home/ubuntu/ros2_delivFoxy/install/ydlidar_sdk/share/YDLIDAR_SDK/doc/quickstart/ydlidar_sdk_software_installation_guide.md
[1.810s] -- Up-to-date: /home/ubuntu/ros2_delivFoxy/install/ydlidar_sdk/share/YDLIDAR_SDK/doc/quickstart/README.md
[1.811s] -- Up-to-date: /home/ubuntu/ros2_delivFoxy/install/ydlidar_sdk/startup/initenv.sh
[1.811s] -- Up-to-date: /home/ubuntu/ros2_delivFoxy/install/ydlidar_sdk/bin/etlidar_test
[1.812s] -- Up-to-date: /home/ubuntu/ros2_delivFoxy/install/ydlidar_sdk/bin/tof_test
[1.812s] -- Up-to-date: /home/ubuntu/ros2_delivFoxy/install/ydlidar_sdk/bin/ydlidar_test
[1.812s] -- Up-to-date: /home/ubuntu/ros2_delivFoxy/install/ydlidar_sdk/bin/lidar_c_api_test
[1.927s] Invoked command in '/home/ubuntu/ros2_delivFoxy/build/ydlidar_sdk' returned '0': /usr/bin/cmake --install /home/ubuntu/ros2_delivFoxy/build/ydlidar_sdk
