[0.216s] Invoking command in '/home/ubuntu/ros2_delivFoxy/build/serial_motor_demo_msgs': CMAKE_PREFIX_PATH=${CMAKE_PREFIX_PATH}:/home/ubuntu/ros2_delivFoxy/install/serial_motor_demo:/home/ubuntu/dev_serial_motor/install/serial_motor_demo:/opt/ros/foxy /usr/bin/cmake /home/ubuntu/ros2_delivFoxy/src/serial_motor_demo/serial_motor_demo_msgs -DAMENT_CMAKE_SYMLINK_INSTALL=1 -DCMAKE_INSTALL_PREFIX=/home/ubuntu/ros2_delivFoxy/install/serial_motor_demo_msgs
[0.468s] -- Found ament_cmake: 0.9.12 (/opt/ros/foxy/share/ament_cmake/cmake)
[0.789s] -- Found PythonInterp: /usr/bin/python3 (found suitable version "3.8.10", minimum required is "3") 
[0.792s] -- Using PYTHON_EXECUTABLE: /usr/bin/python3
[2.715s] -- Override CMake install command with custom implementation using symlinks instead of copying resources
[2.835s] -- Found ament_lint_auto: 0.9.8 (/opt/ros/foxy/share/ament_lint_auto/cmake)
[3.318s] -- Found rosidl_default_generators: 1.0.1 (/opt/ros/foxy/share/rosidl_default_generators/cmake)
[3.363s] -- Using all available rosidl_typesupport_c: rosidl_typesupport_fastrtps_c;rosidl_typesupport_introspection_c
[3.425s] -- Found rosidl_adapter: 1.3.1 (/opt/ros/foxy/share/rosidl_adapter/cmake)
[5.548s] -- Using all available rosidl_typesupport_cpp: rosidl_typesupport_fastrtps_cpp;rosidl_typesupport_introspection_cpp
[6.117s] -- Found PythonInterp: /usr/bin/python3 (found version "3.8.10") 
[6.754s] -- Found ament_cmake_ros: 0.9.2 (/opt/ros/foxy/share/ament_cmake_ros/cmake)
[8.323s] -- Using all available rosidl_typesupport_c: rosidl_typesupport_fastrtps_c;rosidl_typesupport_introspection_c
[8.507s] -- Using all available rosidl_typesupport_cpp: rosidl_typesupport_fastrtps_cpp;rosidl_typesupport_introspection_cpp
[8.780s] -- Found PythonInterp: /usr/bin/python3 (found suitable version "3.8.10", minimum required is "3.5") 
[8.787s] -- Found python_cmake_module: 0.8.1 (/opt/ros/foxy/share/python_cmake_module/cmake)
[9.107s] -- Using PYTHON_EXECUTABLE: /usr/bin/python3
[9.111s] -- Using PYTHON_INCLUDE_DIRS: /usr/include/python3.8
[9.112s] -- Using PYTHON_LIBRARIES: /usr/lib/aarch64-linux-gnu/libpython3.8.so
[9.381s] -- Added test 'copyright' to check source files copyright and LICENSE
[9.396s] -- Added test 'lint_cmake' to check CMake code style
[9.406s] -- Added test 'xmllint' to check XML markup files
[9.569s] -- Configuring done
[10.067s] -- Generating done
[10.128s] -- Build files have been written to: /home/ubuntu/ros2_delivFoxy/build/serial_motor_demo_msgs
[10.214s] Invoked command in '/home/ubuntu/ros2_delivFoxy/build/serial_motor_demo_msgs' returned '0': CMAKE_PREFIX_PATH=${CMAKE_PREFIX_PATH}:/home/ubuntu/ros2_delivFoxy/install/serial_motor_demo:/home/ubuntu/dev_serial_motor/install/serial_motor_demo:/opt/ros/foxy /usr/bin/cmake /home/ubuntu/ros2_delivFoxy/src/serial_motor_demo/serial_motor_demo_msgs -DAMENT_CMAKE_SYMLINK_INSTALL=1 -DCMAKE_INSTALL_PREFIX=/home/ubuntu/ros2_delivFoxy/install/serial_motor_demo_msgs
[10.228s] Invoking command in '/home/ubuntu/ros2_delivFoxy/build/serial_motor_demo_msgs': CMAKE_PREFIX_PATH=${CMAKE_PREFIX_PATH}:/home/ubuntu/ros2_delivFoxy/install/serial_motor_demo:/home/ubuntu/dev_serial_motor/install/serial_motor_demo:/opt/ros/foxy /usr/bin/cmake --build /home/ubuntu/ros2_delivFoxy/build/serial_motor_demo_msgs -- -j4 -l4
[11.113s] [  2%] Built target serial_motor_demo_msgs__cpp
[11.239s] [ 12%] Built target serial_motor_demo_msgs__rosidl_generator_c
[11.617s] [ 23%] Built target serial_motor_demo_msgs__rosidl_typesupport_introspection_cpp
[11.673s] [ 34%] Built target serial_motor_demo_msgs__rosidl_typesupport_cpp
[11.788s] [ 44%] Built target serial_motor_demo_msgs__rosidl_typesupport_introspection_c
[11.869s] [ 55%] Built target serial_motor_demo_msgs__rosidl_typesupport_fastrtps_cpp
[12.158s] [ 65%] Built target serial_motor_demo_msgs__rosidl_typesupport_c
[12.429s] [ 76%] Built target serial_motor_demo_msgs__rosidl_typesupport_fastrtps_c
[12.590s] [ 76%] Built target serial_motor_demo_msgs
[12.955s] [ 78%] Built target serial_motor_demo_msgs__py
[13.404s] [ 87%] Built target serial_motor_demo_msgs__python
[13.968s] [ 91%] Built target serial_motor_demo_msgs__rosidl_typesupport_introspection_c__pyext
[14.049s] [ 95%] Built target serial_motor_demo_msgs__rosidl_typesupport_fastrtps_c__pyext
[14.088s] [100%] Built target serial_motor_demo_msgs__rosidl_typesupport_c__pyext
[14.276s] Invoked command in '/home/ubuntu/ros2_delivFoxy/build/serial_motor_demo_msgs' returned '0': CMAKE_PREFIX_PATH=${CMAKE_PREFIX_PATH}:/home/ubuntu/ros2_delivFoxy/install/serial_motor_demo:/home/ubuntu/dev_serial_motor/install/serial_motor_demo:/opt/ros/foxy /usr/bin/cmake --build /home/ubuntu/ros2_delivFoxy/build/serial_motor_demo_msgs -- -j4 -l4
[16.733s] Invoking command in '/home/ubuntu/ros2_delivFoxy/build/serial_motor_demo_msgs': CMAKE_PREFIX_PATH=${CMAKE_PREFIX_PATH}:/home/ubuntu/ros2_delivFoxy/install/serial_motor_demo:/home/ubuntu/dev_serial_motor/install/serial_motor_demo:/opt/ros/foxy /usr/bin/cmake --install /home/ubuntu/ros2_delivFoxy/build/serial_motor_demo_msgs
[16.886s] -- Install configuration: ""
[16.908s] -- Execute custom install script
[16.913s] -- Up-to-date symlink: /home/ubuntu/ros2_delivFoxy/install/serial_motor_demo_msgs/share/ament_index/resource_index/rosidl_interfaces/serial_motor_demo_msgs
[16.933s] -- Up-to-date symlink: /home/ubuntu/ros2_delivFoxy/install/serial_motor_demo_msgs/include/serial_motor_demo_msgs/msg/detail/encoder_vals__functions.h
[16.938s] -- Up-to-date symlink: /home/ubuntu/ros2_delivFoxy/install/serial_motor_demo_msgs/include/serial_motor_demo_msgs/msg/detail/encoder_vals__struct.h
[16.949s] -- Up-to-date symlink: /home/ubuntu/ros2_delivFoxy/install/serial_motor_demo_msgs/include/serial_motor_demo_msgs/msg/detail/encoder_vals__type_support.h
[16.956s] -- Up-to-date symlink: /home/ubuntu/ros2_delivFoxy/install/serial_motor_demo_msgs/include/serial_motor_demo_msgs/msg/detail/motor_command__functions.h
[16.971s] -- Up-to-date symlink: /home/ubuntu/ros2_delivFoxy/install/serial_motor_demo_msgs/include/serial_motor_demo_msgs/msg/detail/motor_command__struct.h
[16.976s] -- Up-to-date symlink: /home/ubuntu/ros2_delivFoxy/install/serial_motor_demo_msgs/include/serial_motor_demo_msgs/msg/detail/motor_command__type_support.h
[16.983s] -- Up-to-date symlink: /home/ubuntu/ros2_delivFoxy/install/serial_motor_demo_msgs/include/serial_motor_demo_msgs/msg/detail/motor_vels__functions.h
[17.000s] -- Up-to-date symlink: /home/ubuntu/ros2_delivFoxy/install/serial_motor_demo_msgs/include/serial_motor_demo_msgs/msg/detail/motor_vels__struct.h
[17.007s] -- Up-to-date symlink: /home/ubuntu/ros2_delivFoxy/install/serial_motor_demo_msgs/include/serial_motor_demo_msgs/msg/detail/motor_vels__type_support.h
[17.017s] -- Up-to-date symlink: /home/ubuntu/ros2_delivFoxy/install/serial_motor_demo_msgs/include/serial_motor_demo_msgs/msg/encoder_vals.h
[17.025s] -- Up-to-date symlink: /home/ubuntu/ros2_delivFoxy/install/serial_motor_demo_msgs/include/serial_motor_demo_msgs/msg/motor_command.h
[17.030s] -- Up-to-date symlink: /home/ubuntu/ros2_delivFoxy/install/serial_motor_demo_msgs/include/serial_motor_demo_msgs/msg/motor_vels.h
[17.041s] -- Up-to-date symlink: /home/ubuntu/ros2_delivFoxy/install/serial_motor_demo_msgs/include/serial_motor_demo_msgs/msg/rosidl_generator_c__visibility_control.h
[17.052s] -- Up-to-date symlink: /home/ubuntu/ros2_delivFoxy/install/serial_motor_demo_msgs/share/serial_motor_demo_msgs/environment/library_path.sh
[17.063s] -- Up-to-date symlink: /home/ubuntu/ros2_delivFoxy/install/serial_motor_demo_msgs/share/serial_motor_demo_msgs/environment/library_path.dsv
[17.079s] -- Up-to-date symlink: /home/ubuntu/ros2_delivFoxy/install/serial_motor_demo_msgs/include/serial_motor_demo_msgs/msg/detail/encoder_vals__rosidl_typesupport_fastrtps_c.h
[17.094s] -- Up-to-date symlink: /home/ubuntu/ros2_delivFoxy/install/serial_motor_demo_msgs/include/serial_motor_demo_msgs/msg/detail/motor_command__rosidl_typesupport_fastrtps_c.h
[17.100s] -- Up-to-date symlink: /home/ubuntu/ros2_delivFoxy/install/serial_motor_demo_msgs/include/serial_motor_demo_msgs/msg/detail/motor_vels__rosidl_typesupport_fastrtps_c.h
[17.100s] -- Up-to-date symlink: /home/ubuntu/ros2_delivFoxy/install/serial_motor_demo_msgs/include/serial_motor_demo_msgs/msg/rosidl_typesupport_fastrtps_c__visibility_control.h
[17.104s] -- Up-to-date symlink: /home/ubuntu/ros2_delivFoxy/install/serial_motor_demo_msgs/lib/libserial_motor_demo_msgs__rosidl_typesupport_fastrtps_c.so
[17.119s] -- Up-to-date symlink: /home/ubuntu/ros2_delivFoxy/install/serial_motor_demo_msgs/include/serial_motor_demo_msgs/msg/detail/encoder_vals__rosidl_typesupport_fastrtps_cpp.hpp
[17.128s] -- Up-to-date symlink: /home/ubuntu/ros2_delivFoxy/install/serial_motor_demo_msgs/include/serial_motor_demo_msgs/msg/detail/motor_command__rosidl_typesupport_fastrtps_cpp.hpp
[17.131s] -- Up-to-date symlink: /home/ubuntu/ros2_delivFoxy/install/serial_motor_demo_msgs/include/serial_motor_demo_msgs/msg/detail/motor_vels__rosidl_typesupport_fastrtps_cpp.hpp
[17.133s] -- Up-to-date symlink: /home/ubuntu/ros2_delivFoxy/install/serial_motor_demo_msgs/include/serial_motor_demo_msgs/msg/rosidl_typesupport_fastrtps_cpp__visibility_control.h
[17.145s] -- Up-to-date symlink: /home/ubuntu/ros2_delivFoxy/install/serial_motor_demo_msgs/lib/libserial_motor_demo_msgs__rosidl_typesupport_fastrtps_cpp.so
[17.150s] -- Up-to-date symlink: /home/ubuntu/ros2_delivFoxy/install/serial_motor_demo_msgs/include/serial_motor_demo_msgs/msg/detail/encoder_vals__rosidl_typesupport_introspection_c.h
[17.158s] -- Up-to-date symlink: /home/ubuntu/ros2_delivFoxy/install/serial_motor_demo_msgs/include/serial_motor_demo_msgs/msg/detail/motor_command__rosidl_typesupport_introspection_c.h
[17.164s] -- Up-to-date symlink: /home/ubuntu/ros2_delivFoxy/install/serial_motor_demo_msgs/include/serial_motor_demo_msgs/msg/detail/motor_vels__rosidl_typesupport_introspection_c.h
[17.165s] -- Up-to-date symlink: /home/ubuntu/ros2_delivFoxy/install/serial_motor_demo_msgs/include/serial_motor_demo_msgs/msg/rosidl_typesupport_introspection_c__visibility_control.h
[17.178s] -- Up-to-date symlink: /home/ubuntu/ros2_delivFoxy/install/serial_motor_demo_msgs/include/serial_motor_demo_msgs/msg/detail/encoder_vals__builder.hpp
[17.190s] -- Up-to-date symlink: /home/ubuntu/ros2_delivFoxy/install/serial_motor_demo_msgs/include/serial_motor_demo_msgs/msg/detail/encoder_vals__struct.hpp
[17.195s] -- Up-to-date symlink: /home/ubuntu/ros2_delivFoxy/install/serial_motor_demo_msgs/include/serial_motor_demo_msgs/msg/detail/encoder_vals__traits.hpp
[17.202s] -- Up-to-date symlink: /home/ubuntu/ros2_delivFoxy/install/serial_motor_demo_msgs/include/serial_motor_demo_msgs/msg/detail/encoder_vals__type_support.hpp
[17.207s] -- Up-to-date symlink: /home/ubuntu/ros2_delivFoxy/install/serial_motor_demo_msgs/include/serial_motor_demo_msgs/msg/detail/motor_command__builder.hpp
[17.213s] -- Up-to-date symlink: /home/ubuntu/ros2_delivFoxy/install/serial_motor_demo_msgs/include/serial_motor_demo_msgs/msg/detail/motor_command__struct.hpp
[17.218s] -- Up-to-date symlink: /home/ubuntu/ros2_delivFoxy/install/serial_motor_demo_msgs/include/serial_motor_demo_msgs/msg/detail/motor_command__traits.hpp
[17.220s] -- Up-to-date symlink: /home/ubuntu/ros2_delivFoxy/install/serial_motor_demo_msgs/include/serial_motor_demo_msgs/msg/detail/motor_command__type_support.hpp
[17.222s] -- Up-to-date symlink: /home/ubuntu/ros2_delivFoxy/install/serial_motor_demo_msgs/include/serial_motor_demo_msgs/msg/detail/motor_vels__builder.hpp
[17.225s] -- Up-to-date symlink: /home/ubuntu/ros2_delivFoxy/install/serial_motor_demo_msgs/include/serial_motor_demo_msgs/msg/detail/motor_vels__struct.hpp
[17.229s] -- Up-to-date symlink: /home/ubuntu/ros2_delivFoxy/install/serial_motor_demo_msgs/include/serial_motor_demo_msgs/msg/detail/motor_vels__traits.hpp
[17.232s] -- Up-to-date symlink: /home/ubuntu/ros2_delivFoxy/install/serial_motor_demo_msgs/include/serial_motor_demo_msgs/msg/detail/motor_vels__type_support.hpp
[17.235s] -- Up-to-date symlink: /home/ubuntu/ros2_delivFoxy/install/serial_motor_demo_msgs/include/serial_motor_demo_msgs/msg/encoder_vals.hpp
[17.238s] -- Up-to-date symlink: /home/ubuntu/ros2_delivFoxy/install/serial_motor_demo_msgs/include/serial_motor_demo_msgs/msg/motor_command.hpp
[17.241s] -- Up-to-date symlink: /home/ubuntu/ros2_delivFoxy/install/serial_motor_demo_msgs/include/serial_motor_demo_msgs/msg/motor_vels.hpp
[17.243s] -- Up-to-date symlink: /home/ubuntu/ros2_delivFoxy/install/serial_motor_demo_msgs/include/serial_motor_demo_msgs/msg/rosidl_generator_cpp__visibility_control.hpp
[17.248s] -- Up-to-date symlink: /home/ubuntu/ros2_delivFoxy/install/serial_motor_demo_msgs/include/serial_motor_demo_msgs/msg/detail/encoder_vals__rosidl_typesupport_introspection_cpp.hpp
[17.252s] -- Up-to-date symlink: /home/ubuntu/ros2_delivFoxy/install/serial_motor_demo_msgs/include/serial_motor_demo_msgs/msg/detail/motor_command__rosidl_typesupport_introspection_cpp.hpp
[17.255s] -- Up-to-date symlink: /home/ubuntu/ros2_delivFoxy/install/serial_motor_demo_msgs/include/serial_motor_demo_msgs/msg/detail/motor_vels__rosidl_typesupport_introspection_cpp.hpp
[17.258s] -- Up-to-date symlink: /home/ubuntu/ros2_delivFoxy/install/serial_motor_demo_msgs/share/serial_motor_demo_msgs/environment/pythonpath.sh
[17.262s] -- Up-to-date symlink: /home/ubuntu/ros2_delivFoxy/install/serial_motor_demo_msgs/share/serial_motor_demo_msgs/environment/pythonpath.dsv
[17.265s] -- Up-to-date symlink: /home/ubuntu/ros2_delivFoxy/install/serial_motor_demo_msgs/lib/python3.8/site-packages/serial_motor_demo_msgs/__init__.py
[17.273s] -- Up-to-date symlink: /home/ubuntu/ros2_delivFoxy/install/serial_motor_demo_msgs/lib/python3.8/site-packages/serial_motor_demo_msgs/msg/__init__.py
[17.278s] -- Up-to-date symlink: /home/ubuntu/ros2_delivFoxy/install/serial_motor_demo_msgs/lib/python3.8/site-packages/serial_motor_demo_msgs/msg/_encoder_vals.py
[17.281s] -- Up-to-date symlink: /home/ubuntu/ros2_delivFoxy/install/serial_motor_demo_msgs/lib/python3.8/site-packages/serial_motor_demo_msgs/msg/_motor_command.py
[17.287s] -- Up-to-date symlink: /home/ubuntu/ros2_delivFoxy/install/serial_motor_demo_msgs/lib/python3.8/site-packages/serial_motor_demo_msgs/msg/_motor_vels.py
[17.291s] -- Up-to-date symlink: /home/ubuntu/ros2_delivFoxy/install/serial_motor_demo_msgs/lib/python3.8/site-packages/serial_motor_demo_msgs/serial_motor_demo_msgs_s__rosidl_typesupport_fastrtps_c.cpython-38-aarch64-linux-gnu.so
[17.297s] -- Up-to-date symlink: /home/ubuntu/ros2_delivFoxy/install/serial_motor_demo_msgs/lib/python3.8/site-packages/serial_motor_demo_msgs/serial_motor_demo_msgs_s__rosidl_typesupport_introspection_c.cpython-38-aarch64-linux-gnu.so
[17.304s] -- Up-to-date symlink: /home/ubuntu/ros2_delivFoxy/install/serial_motor_demo_msgs/lib/python3.8/site-packages/serial_motor_demo_msgs/serial_motor_demo_msgs_s__rosidl_typesupport_c.cpython-38-aarch64-linux-gnu.so
[17.316s] -- Up-to-date symlink: /home/ubuntu/ros2_delivFoxy/install/serial_motor_demo_msgs/lib/libserial_motor_demo_msgs__python.so
[17.318s] -- Up-to-date symlink: /home/ubuntu/ros2_delivFoxy/install/serial_motor_demo_msgs/share/serial_motor_demo_msgs/msg/MotorCommand.idl
[17.318s] -- Up-to-date symlink: /home/ubuntu/ros2_delivFoxy/install/serial_motor_demo_msgs/share/serial_motor_demo_msgs/msg/MotorVels.idl
[17.319s] -- Up-to-date symlink: /home/ubuntu/ros2_delivFoxy/install/serial_motor_demo_msgs/share/serial_motor_demo_msgs/msg/EncoderVals.idl
[17.320s] -- Up-to-date symlink: /home/ubuntu/ros2_delivFoxy/install/serial_motor_demo_msgs/share/serial_motor_demo_msgs/msg/MotorCommand.msg
[17.320s] -- Up-to-date symlink: /home/ubuntu/ros2_delivFoxy/install/serial_motor_demo_msgs/share/serial_motor_demo_msgs/msg/MotorVels.msg
[17.330s] -- Up-to-date symlink: /home/ubuntu/ros2_delivFoxy/install/serial_motor_demo_msgs/share/serial_motor_demo_msgs/msg/EncoderVals.msg
[17.336s] -- Up-to-date symlink: /home/ubuntu/ros2_delivFoxy/install/serial_motor_demo_msgs/share/ament_index/resource_index/package_run_dependencies/serial_motor_demo_msgs
[17.350s] -- Up-to-date symlink: /home/ubuntu/ros2_delivFoxy/install/serial_motor_demo_msgs/share/ament_index/resource_index/parent_prefix_path/serial_motor_demo_msgs
[17.359s] -- Up-to-date symlink: /home/ubuntu/ros2_delivFoxy/install/serial_motor_demo_msgs/share/serial_motor_demo_msgs/environment/ament_prefix_path.sh
[17.364s] -- Up-to-date symlink: /home/ubuntu/ros2_delivFoxy/install/serial_motor_demo_msgs/share/serial_motor_demo_msgs/environment/ament_prefix_path.dsv
[17.368s] -- Up-to-date symlink: /home/ubuntu/ros2_delivFoxy/install/serial_motor_demo_msgs/share/serial_motor_demo_msgs/environment/path.sh
[17.372s] -- Up-to-date symlink: /home/ubuntu/ros2_delivFoxy/install/serial_motor_demo_msgs/share/serial_motor_demo_msgs/environment/path.dsv
[17.376s] -- Up-to-date symlink: /home/ubuntu/ros2_delivFoxy/install/serial_motor_demo_msgs/share/serial_motor_demo_msgs/local_setup.bash
[17.379s] -- Up-to-date symlink: /home/ubuntu/ros2_delivFoxy/install/serial_motor_demo_msgs/share/serial_motor_demo_msgs/local_setup.sh
[17.383s] -- Up-to-date symlink: /home/ubuntu/ros2_delivFoxy/install/serial_motor_demo_msgs/share/serial_motor_demo_msgs/local_setup.zsh
[17.387s] -- Up-to-date symlink: /home/ubuntu/ros2_delivFoxy/install/serial_motor_demo_msgs/share/serial_motor_demo_msgs/local_setup.dsv
[17.389s] -- Symlinking: /home/ubuntu/ros2_delivFoxy/install/serial_motor_demo_msgs/share/serial_motor_demo_msgs/package.dsv
[17.456s] -- Up-to-date symlink: /home/ubuntu/ros2_delivFoxy/install/serial_motor_demo_msgs/share/ament_index/resource_index/packages/serial_motor_demo_msgs
[17.460s] -- Up-to-date symlink: /home/ubuntu/ros2_delivFoxy/install/serial_motor_demo_msgs/share/serial_motor_demo_msgs/cmake/rosidl_cmake-extras.cmake
[17.466s] -- Up-to-date symlink: /home/ubuntu/ros2_delivFoxy/install/serial_motor_demo_msgs/share/serial_motor_demo_msgs/cmake/ament_cmake_export_dependencies-extras.cmake
[17.479s] -- Up-to-date symlink: /home/ubuntu/ros2_delivFoxy/install/serial_motor_demo_msgs/share/serial_motor_demo_msgs/cmake/ament_cmake_export_libraries-extras.cmake
[17.485s] -- Up-to-date symlink: /home/ubuntu/ros2_delivFoxy/install/serial_motor_demo_msgs/share/serial_motor_demo_msgs/cmake/ament_cmake_export_targets-extras.cmake
[17.489s] -- Up-to-date symlink: /home/ubuntu/ros2_delivFoxy/install/serial_motor_demo_msgs/share/serial_motor_demo_msgs/cmake/ament_cmake_export_include_directories-extras.cmake
[17.494s] -- Up-to-date symlink: /home/ubuntu/ros2_delivFoxy/install/serial_motor_demo_msgs/share/serial_motor_demo_msgs/cmake/rosidl_cmake_export_typesupport_libraries-extras.cmake
[17.498s] -- Up-to-date symlink: /home/ubuntu/ros2_delivFoxy/install/serial_motor_demo_msgs/share/serial_motor_demo_msgs/cmake/rosidl_cmake_export_typesupport_targets-extras.cmake
[17.507s] -- Up-to-date symlink: /home/ubuntu/ros2_delivFoxy/install/serial_motor_demo_msgs/share/serial_motor_demo_msgs/cmake/serial_motor_demo_msgsConfig.cmake
[17.510s] -- Up-to-date symlink: /home/ubuntu/ros2_delivFoxy/install/serial_motor_demo_msgs/share/serial_motor_demo_msgs/cmake/serial_motor_demo_msgsConfig-version.cmake
[17.516s] -- Up-to-date symlink: /home/ubuntu/ros2_delivFoxy/install/serial_motor_demo_msgs/share/serial_motor_demo_msgs/package.xml
[17.520s] -- Up-to-date: /home/ubuntu/ros2_delivFoxy/install/serial_motor_demo_msgs/lib/libserial_motor_demo_msgs__rosidl_generator_c.so
[17.525s] -- Up-to-date: /home/ubuntu/ros2_delivFoxy/install/serial_motor_demo_msgs/lib/libserial_motor_demo_msgs__rosidl_typesupport_introspection_c.so
[17.533s] -- Up-to-date: /home/ubuntu/ros2_delivFoxy/install/serial_motor_demo_msgs/lib/libserial_motor_demo_msgs__rosidl_typesupport_c.so
[17.543s] -- Up-to-date: /home/ubuntu/ros2_delivFoxy/install/serial_motor_demo_msgs/lib/libserial_motor_demo_msgs__rosidl_typesupport_introspection_cpp.so
[17.553s] -- Up-to-date: /home/ubuntu/ros2_delivFoxy/install/serial_motor_demo_msgs/lib/libserial_motor_demo_msgs__rosidl_typesupport_cpp.so
[17.981s] Compiling '/home/ubuntu/ros2_delivFoxy/install/serial_motor_demo_msgs/lib/python3.8/site-packages/serial_motor_demo_msgs/__init__.py'...
[18.039s] -- Up-to-date: /home/ubuntu/ros2_delivFoxy/install/serial_motor_demo_msgs/share/serial_motor_demo_msgs/cmake/serial_motor_demo_msgs__rosidl_generator_cExport.cmake
[18.044s] -- Installing: /home/ubuntu/ros2_delivFoxy/install/serial_motor_demo_msgs/share/serial_motor_demo_msgs/cmake/serial_motor_demo_msgs__rosidl_generator_cExport-noconfig.cmake
[18.051s] -- Up-to-date: /home/ubuntu/ros2_delivFoxy/install/serial_motor_demo_msgs/share/serial_motor_demo_msgs/cmake/serial_motor_demo_msgs__rosidl_typesupport_introspection_cExport.cmake
[18.052s] -- Installing: /home/ubuntu/ros2_delivFoxy/install/serial_motor_demo_msgs/share/serial_motor_demo_msgs/cmake/serial_motor_demo_msgs__rosidl_typesupport_introspection_cExport-noconfig.cmake
[18.064s] -- Up-to-date: /home/ubuntu/ros2_delivFoxy/install/serial_motor_demo_msgs/share/serial_motor_demo_msgs/cmake/serial_motor_demo_msgs__rosidl_typesupport_cExport.cmake
[18.065s] -- Installing: /home/ubuntu/ros2_delivFoxy/install/serial_motor_demo_msgs/share/serial_motor_demo_msgs/cmake/serial_motor_demo_msgs__rosidl_typesupport_cExport-noconfig.cmake
[18.072s] -- Up-to-date: /home/ubuntu/ros2_delivFoxy/install/serial_motor_demo_msgs/share/serial_motor_demo_msgs/cmake/serial_motor_demo_msgs__rosidl_generator_cppExport.cmake
[18.073s] -- Up-to-date: /home/ubuntu/ros2_delivFoxy/install/serial_motor_demo_msgs/share/serial_motor_demo_msgs/cmake/serial_motor_demo_msgs__rosidl_typesupport_introspection_cppExport.cmake
[18.074s] -- Installing: /home/ubuntu/ros2_delivFoxy/install/serial_motor_demo_msgs/share/serial_motor_demo_msgs/cmake/serial_motor_demo_msgs__rosidl_typesupport_introspection_cppExport-noconfig.cmake
[18.082s] -- Up-to-date: /home/ubuntu/ros2_delivFoxy/install/serial_motor_demo_msgs/share/serial_motor_demo_msgs/cmake/serial_motor_demo_msgs__rosidl_typesupport_cppExport.cmake
[18.084s] -- Installing: /home/ubuntu/ros2_delivFoxy/install/serial_motor_demo_msgs/share/serial_motor_demo_msgs/cmake/serial_motor_demo_msgs__rosidl_typesupport_cppExport-noconfig.cmake
[18.119s] Invoked command in '/home/ubuntu/ros2_delivFoxy/build/serial_motor_demo_msgs' returned '0': CMAKE_PREFIX_PATH=${CMAKE_PREFIX_PATH}:/home/ubuntu/ros2_delivFoxy/install/serial_motor_demo:/home/ubuntu/dev_serial_motor/install/serial_motor_demo:/opt/ros/foxy /usr/bin/cmake --install /home/ubuntu/ros2_delivFoxy/build/serial_motor_demo_msgs
