[0.179s] Invoking command in '/home/ubuntu/ros2_delivFoxy/build/articubot_one': CMAKE_PREFIX_PATH=${CMAKE_PREFIX_PATH}:/home/ubuntu/ros2_delivFoxy/install/serial_motor_demo:/home/ubuntu/dev_serial_motor/install/serial_motor_demo:/opt/ros/foxy /usr/bin/cmake /home/ubuntu/ros2_delivFoxy/src/articubot_one -DCMAKE_INSTALL_PREFIX=/home/ubuntu/ros2_delivFoxy/install/articubot_one
[0.289s] -- Found ament_cmake: 0.9.12 (/opt/ros/foxy/share/ament_cmake/cmake)
[0.531s] -- Using PYTHON_EXECUTABLE: /usr/bin/python3
[2.166s] -- Override CMake install command with custom implementation using symlinks instead of copying resources
[2.320s] -- Found ament_lint_auto: 0.9.8 (/opt/ros/foxy/share/ament_lint_auto/cmake)
[2.982s] -- Added test 'copyright' to check source files copyright and LICENSE
[3.152s] -- Added test 'flake8' to check Python code syntax and style conventions
[3.167s] -- Added test 'lint_cmake' to check CMake code style
[3.182s] -- Added test 'pep257' to check Python code against some of the style conventions in PEP 257
[3.249s] -- Added test 'xmllint' to check XML markup files
[3.274s] -- Configuring done
[3.309s] -- Generating done
[3.317s] -- Build files have been written to: /home/ubuntu/ros2_delivFoxy/build/articubot_one
[3.341s] Invoked command in '/home/ubuntu/ros2_delivFoxy/build/articubot_one' returned '0': CMAKE_PREFIX_PATH=${CMAKE_PREFIX_PATH}:/home/ubuntu/ros2_delivFoxy/install/serial_motor_demo:/home/ubuntu/dev_serial_motor/install/serial_motor_demo:/opt/ros/foxy /usr/bin/cmake /home/ubuntu/ros2_delivFoxy/src/articubot_one -DCMAKE_INSTALL_PREFIX=/home/ubuntu/ros2_delivFoxy/install/articubot_one
[3.353s] Invoking command in '/home/ubuntu/ros2_delivFoxy/build/articubot_one': CMAKE_PREFIX_PATH=${CMAKE_PREFIX_PATH}:/home/ubuntu/ros2_delivFoxy/install/serial_motor_demo:/home/ubuntu/dev_serial_motor/install/serial_motor_demo:/opt/ros/foxy /usr/bin/cmake --build /home/ubuntu/ros2_delivFoxy/build/articubot_one -- -j4 -l4
[3.652s] Invoked command in '/home/ubuntu/ros2_delivFoxy/build/articubot_one' returned '0': CMAKE_PREFIX_PATH=${CMAKE_PREFIX_PATH}:/home/ubuntu/ros2_delivFoxy/install/serial_motor_demo:/home/ubuntu/dev_serial_motor/install/serial_motor_demo:/opt/ros/foxy /usr/bin/cmake --build /home/ubuntu/ros2_delivFoxy/build/articubot_one -- -j4 -l4
[4.163s] Invoking command in '/home/ubuntu/ros2_delivFoxy/build/articubot_one': CMAKE_PREFIX_PATH=${CMAKE_PREFIX_PATH}:/home/ubuntu/ros2_delivFoxy/install/serial_motor_demo:/home/ubuntu/dev_serial_motor/install/serial_motor_demo:/opt/ros/foxy /usr/bin/cmake --install /home/ubuntu/ros2_delivFoxy/build/articubot_one
[4.271s] -- Install configuration: ""
[4.275s] -- Execute custom install script
[4.283s] -- Up-to-date symlink: /home/ubuntu/ros2_delivFoxy/install/articubot_one/share/articubot_one/config/ball_tracker_params_robot.yaml
[4.286s] -- Up-to-date symlink: /home/ubuntu/ros2_delivFoxy/install/articubot_one/share/articubot_one/config/ball_tracker_params_sim.yaml
[4.289s] -- Up-to-date symlink: /home/ubuntu/ros2_delivFoxy/install/articubot_one/share/articubot_one/config/drive_bot.rviz
[4.291s] -- Up-to-date symlink: /home/ubuntu/ros2_delivFoxy/install/articubot_one/share/articubot_one/config/empty.yaml
[4.294s] -- Up-to-date symlink: /home/ubuntu/ros2_delivFoxy/install/articubot_one/share/articubot_one/config/gaz_ros2_ctl_use_sim.yaml
[4.297s] -- Up-to-date symlink: /home/ubuntu/ros2_delivFoxy/install/articubot_one/share/articubot_one/config/gazebo_params.yaml
[4.300s] -- Up-to-date symlink: /home/ubuntu/ros2_delivFoxy/install/articubot_one/share/articubot_one/config/joystick.yaml
[4.302s] -- Up-to-date symlink: /home/ubuntu/ros2_delivFoxy/install/articubot_one/share/articubot_one/config/main.rviz
[4.305s] -- Up-to-date symlink: /home/ubuntu/ros2_delivFoxy/install/articubot_one/share/articubot_one/config/map.rviz
[4.308s] -- Up-to-date symlink: /home/ubuntu/ros2_delivFoxy/install/articubot_one/share/articubot_one/config/mapper_params_online_async.yaml
[4.310s] -- Up-to-date symlink: /home/ubuntu/ros2_delivFoxy/install/articubot_one/share/articubot_one/config/my_controllers.yaml
[4.313s] -- Up-to-date symlink: /home/ubuntu/ros2_delivFoxy/install/articubot_one/share/articubot_one/config/nav2_params.yaml
[4.325s] -- Up-to-date symlink: /home/ubuntu/ros2_delivFoxy/install/articubot_one/share/articubot_one/config/twist_mux.yaml
[4.326s] -- Up-to-date symlink: /home/ubuntu/ros2_delivFoxy/install/articubot_one/share/articubot_one/config/view_bot.rviz
[4.327s] -- Up-to-date symlink: /home/ubuntu/ros2_delivFoxy/install/articubot_one/share/articubot_one/description/camera.xacro
[4.327s] -- Up-to-date symlink: /home/ubuntu/ros2_delivFoxy/install/articubot_one/share/articubot_one/description/depth_camera.xacro
[4.328s] -- Up-to-date symlink: /home/ubuntu/ros2_delivFoxy/install/articubot_one/share/articubot_one/description/face.xacro
[4.329s] -- Up-to-date symlink: /home/ubuntu/ros2_delivFoxy/install/articubot_one/share/articubot_one/description/gazebo_control.xacro
[4.330s] -- Up-to-date symlink: /home/ubuntu/ros2_delivFoxy/install/articubot_one/share/articubot_one/description/inertial_macros.xacro
[4.331s] -- Up-to-date symlink: /home/ubuntu/ros2_delivFoxy/install/articubot_one/share/articubot_one/description/lidar.xacro
[4.332s] -- Up-to-date symlink: /home/ubuntu/ros2_delivFoxy/install/articubot_one/share/articubot_one/description/robot.urdf.xacro
[4.333s] -- Up-to-date symlink: /home/ubuntu/ros2_delivFoxy/install/articubot_one/share/articubot_one/description/robot_core.xacro
[4.334s] -- Up-to-date symlink: /home/ubuntu/ros2_delivFoxy/install/articubot_one/share/articubot_one/description/ros2_control.xacro
[4.337s] -- Up-to-date symlink: /home/ubuntu/ros2_delivFoxy/install/articubot_one/share/articubot_one/launch/ball_tracker.launch.py
[4.338s] -- Up-to-date symlink: /home/ubuntu/ros2_delivFoxy/install/articubot_one/share/articubot_one/launch/camera.launch.py
[4.339s] -- Up-to-date symlink: /home/ubuntu/ros2_delivFoxy/install/articubot_one/share/articubot_one/launch/joystick.launch.py
[4.341s] -- Up-to-date symlink: /home/ubuntu/ros2_delivFoxy/install/articubot_one/share/articubot_one/launch/launch_robot.launch.py
[4.342s] -- Up-to-date symlink: /home/ubuntu/ros2_delivFoxy/install/articubot_one/share/articubot_one/launch/launch_sim.launch.py
[4.343s] -- Up-to-date symlink: /home/ubuntu/ros2_delivFoxy/install/articubot_one/share/articubot_one/launch/localization_launch.py
[4.344s] -- Up-to-date symlink: /home/ubuntu/ros2_delivFoxy/install/articubot_one/share/articubot_one/launch/navigation_launch.py
[4.346s] -- Up-to-date symlink: /home/ubuntu/ros2_delivFoxy/install/articubot_one/share/articubot_one/launch/online_async_launch.py
[4.347s] -- Up-to-date symlink: /home/ubuntu/ros2_delivFoxy/install/articubot_one/share/articubot_one/launch/rplidar.launch.py
[4.348s] -- Up-to-date symlink: /home/ubuntu/ros2_delivFoxy/install/articubot_one/share/articubot_one/launch/rsp.launch.py
[4.351s] -- Up-to-date symlink: /home/ubuntu/ros2_delivFoxy/install/articubot_one/share/articubot_one/worlds/empty.world
[4.352s] -- Up-to-date symlink: /home/ubuntu/ros2_delivFoxy/install/articubot_one/share/articubot_one/worlds/obstacles.world
[4.354s] -- Up-to-date symlink: /home/ubuntu/ros2_delivFoxy/install/articubot_one/share/ament_index/resource_index/package_run_dependencies/articubot_one
[4.356s] -- Up-to-date symlink: /home/ubuntu/ros2_delivFoxy/install/articubot_one/share/ament_index/resource_index/parent_prefix_path/articubot_one
[4.358s] -- Up-to-date symlink: /home/ubuntu/ros2_delivFoxy/install/articubot_one/share/articubot_one/environment/ament_prefix_path.sh
[4.360s] -- Up-to-date symlink: /home/ubuntu/ros2_delivFoxy/install/articubot_one/share/articubot_one/environment/ament_prefix_path.dsv
[4.362s] -- Up-to-date symlink: /home/ubuntu/ros2_delivFoxy/install/articubot_one/share/articubot_one/environment/path.sh
[4.364s] -- Up-to-date symlink: /home/ubuntu/ros2_delivFoxy/install/articubot_one/share/articubot_one/environment/path.dsv
[4.365s] -- Up-to-date symlink: /home/ubuntu/ros2_delivFoxy/install/articubot_one/share/articubot_one/local_setup.bash
[4.367s] -- Up-to-date symlink: /home/ubuntu/ros2_delivFoxy/install/articubot_one/share/articubot_one/local_setup.sh
[4.369s] -- Up-to-date symlink: /home/ubuntu/ros2_delivFoxy/install/articubot_one/share/articubot_one/local_setup.zsh
[4.371s] -- Up-to-date symlink: /home/ubuntu/ros2_delivFoxy/install/articubot_one/share/articubot_one/local_setup.dsv
[4.373s] -- Symlinking: /home/ubuntu/ros2_delivFoxy/install/articubot_one/share/articubot_one/package.dsv
[4.441s] -- Up-to-date symlink: /home/ubuntu/ros2_delivFoxy/install/articubot_one/share/ament_index/resource_index/packages/articubot_one
[4.442s] -- Up-to-date symlink: /home/ubuntu/ros2_delivFoxy/install/articubot_one/share/articubot_one/cmake/articubot_oneConfig.cmake
[4.444s] -- Up-to-date symlink: /home/ubuntu/ros2_delivFoxy/install/articubot_one/share/articubot_one/cmake/articubot_oneConfig-version.cmake
[4.446s] -- Up-to-date symlink: /home/ubuntu/ros2_delivFoxy/install/articubot_one/share/articubot_one/package.xml
[4.464s] Invoked command in '/home/ubuntu/ros2_delivFoxy/build/articubot_one' returned '0': CMAKE_PREFIX_PATH=${CMAKE_PREFIX_PATH}:/home/ubuntu/ros2_delivFoxy/install/serial_motor_demo:/home/ubuntu/dev_serial_motor/install/serial_motor_demo:/opt/ros/foxy /usr/bin/cmake --install /home/ubuntu/ros2_delivFoxy/build/articubot_one
