[6.561s] Invoking command in '/home/ubuntu/ros2_delivFoxy/build/serial_motor_demo': CMAKE_PREFIX_PATH=/home/ubuntu/ros2_delivFoxy/install/serial_motor_demo_msgs:/home/ubuntu/ros2_delivFoxy/install/ydlidar_sdk:/home/ubuntu/ros2_delivFoxy/install/ydlidar_ros2_driver:/home/ubuntu/ros2_delivFoxy/install/slam_gmapping:/home/ubuntu/ros2_delivFoxy/install/diffdrive_arduino:/home/ubuntu/ros2_delivFoxy/install/serial:/home/ubuntu/ros2_delivFoxy/install/openslam_gmapping:/home/ubuntu/ros2_delivFoxy/install/articubot_one:/home/ubuntu/dev_serial_motor/install/serial_motor_demo_msgs PYTHONPATH=/home/ubuntu/ros2_delivFoxy/build/serial_motor_demo/prefix_override:/home/ubuntu/ros2_delivFoxy/install/serial_motor_demo/lib/python3.8/site-packages:/home/ubuntu/ros2_delivFoxy/install/serial_motor_demo_msgs/lib/python3.8/site-packages:${PYTHONPATH} /usr/bin/python3 setup.py develop --uninstall --editable --build-directory /home/ubuntu/ros2_delivFoxy/build/serial_motor_demo/build
[8.867s] running develop
[10.356s] Invoked command in '/home/ubuntu/ros2_delivFoxy/build/serial_motor_demo' returned '0': CMAKE_PREFIX_PATH=/home/ubuntu/ros2_delivFoxy/install/serial_motor_demo_msgs:/home/ubuntu/ros2_delivFoxy/install/ydlidar_sdk:/home/ubuntu/ros2_delivFoxy/install/ydlidar_ros2_driver:/home/ubuntu/ros2_delivFoxy/install/slam_gmapping:/home/ubuntu/ros2_delivFoxy/install/diffdrive_arduino:/home/ubuntu/ros2_delivFoxy/install/serial:/home/ubuntu/ros2_delivFoxy/install/openslam_gmapping:/home/ubuntu/ros2_delivFoxy/install/articubot_one:/home/ubuntu/dev_serial_motor/install/serial_motor_demo_msgs PYTHONPATH=/home/ubuntu/ros2_delivFoxy/build/serial_motor_demo/prefix_override:/home/ubuntu/ros2_delivFoxy/install/serial_motor_demo/lib/python3.8/site-packages:/home/ubuntu/ros2_delivFoxy/install/serial_motor_demo_msgs/lib/python3.8/site-packages:${PYTHONPATH} /usr/bin/python3 setup.py develop --uninstall --editable --build-directory /home/ubuntu/ros2_delivFoxy/build/serial_motor_demo/build
[10.372s] Invoking command in '/home/ubuntu/ros2_delivFoxy/src/serial_motor_demo/serial_motor_demo': CMAKE_PREFIX_PATH=/home/ubuntu/ros2_delivFoxy/install/serial_motor_demo_msgs:/home/ubuntu/ros2_delivFoxy/install/ydlidar_sdk:/home/ubuntu/ros2_delivFoxy/install/ydlidar_ros2_driver:/home/ubuntu/ros2_delivFoxy/install/slam_gmapping:/home/ubuntu/ros2_delivFoxy/install/diffdrive_arduino:/home/ubuntu/ros2_delivFoxy/install/serial:/home/ubuntu/ros2_delivFoxy/install/openslam_gmapping:/home/ubuntu/ros2_delivFoxy/install/articubot_one:/home/ubuntu/dev_serial_motor/install/serial_motor_demo_msgs PYTHONPATH=/home/ubuntu/ros2_delivFoxy/build/serial_motor_demo/prefix_override:/home/ubuntu/ros2_delivFoxy/install/serial_motor_demo/lib/python3.8/site-packages:/home/ubuntu/ros2_delivFoxy/install/serial_motor_demo_msgs/lib/python3.8/site-packages:${PYTHONPATH} /usr/bin/python3 setup.py egg_info --egg-base ../../../build/serial_motor_demo build --build-base /home/ubuntu/ros2_delivFoxy/build/serial_motor_demo/build install --record /home/ubuntu/ros2_delivFoxy/build/serial_motor_demo/install.log --install-scripts $base/lib/serial_motor_demo --single-version-externally-managed
[12.443s] running egg_info
[12.448s] writing ../../../build/serial_motor_demo/serial_motor_demo.egg-info/PKG-INFO
[12.453s] writing dependency_links to ../../../build/serial_motor_demo/serial_motor_demo.egg-info/dependency_links.txt
[12.457s] writing entry points to ../../../build/serial_motor_demo/serial_motor_demo.egg-info/entry_points.txt
[12.458s] writing requirements to ../../../build/serial_motor_demo/serial_motor_demo.egg-info/requires.txt
[12.460s] writing top-level names to ../../../build/serial_motor_demo/serial_motor_demo.egg-info/top_level.txt
[12.843s] reading manifest file '../../../build/serial_motor_demo/serial_motor_demo.egg-info/SOURCES.txt'
[12.855s] writing manifest file '../../../build/serial_motor_demo/serial_motor_demo.egg-info/SOURCES.txt'
[12.857s] running build
[12.858s] running build_py
[12.868s] running install
[12.876s] running install_lib
[12.895s] running install_data
[12.900s] running install_egg_info
[12.915s] removing '/home/ubuntu/ros2_delivFoxy/install/serial_motor_demo/lib/python3.8/site-packages/serial_motor_demo-0.0.0-py3.8.egg-info' (and everything under it)
[12.924s] Copying ../../../build/serial_motor_demo/serial_motor_demo.egg-info to /home/ubuntu/ros2_delivFoxy/install/serial_motor_demo/lib/python3.8/site-packages/serial_motor_demo-0.0.0-py3.8.egg-info
[12.938s] running install_scripts
[13.030s] Installing driver script to /home/ubuntu/ros2_delivFoxy/install/serial_motor_demo/lib/serial_motor_demo
[13.031s] Installing gui script to /home/ubuntu/ros2_delivFoxy/install/serial_motor_demo/lib/serial_motor_demo
[13.033s] writing list of installed files to '/home/ubuntu/ros2_delivFoxy/build/serial_motor_demo/install.log'
[13.195s] Invoked command in '/home/ubuntu/ros2_delivFoxy/src/serial_motor_demo/serial_motor_demo' returned '0': CMAKE_PREFIX_PATH=/home/ubuntu/ros2_delivFoxy/install/serial_motor_demo_msgs:/home/ubuntu/ros2_delivFoxy/install/ydlidar_sdk:/home/ubuntu/ros2_delivFoxy/install/ydlidar_ros2_driver:/home/ubuntu/ros2_delivFoxy/install/slam_gmapping:/home/ubuntu/ros2_delivFoxy/install/diffdrive_arduino:/home/ubuntu/ros2_delivFoxy/install/serial:/home/ubuntu/ros2_delivFoxy/install/openslam_gmapping:/home/ubuntu/ros2_delivFoxy/install/articubot_one:/home/ubuntu/dev_serial_motor/install/serial_motor_demo_msgs PYTHONPATH=/home/ubuntu/ros2_delivFoxy/build/serial_motor_demo/prefix_override:/home/ubuntu/ros2_delivFoxy/install/serial_motor_demo/lib/python3.8/site-packages:/home/ubuntu/ros2_delivFoxy/install/serial_motor_demo_msgs/lib/python3.8/site-packages:${PYTHONPATH} /usr/bin/python3 setup.py egg_info --egg-base ../../../build/serial_motor_demo build --build-base /home/ubuntu/ros2_delivFoxy/build/serial_motor_demo/build install --record /home/ubuntu/ros2_delivFoxy/build/serial_motor_demo/install.log --install-scripts $base/lib/serial_motor_demo --single-version-externally-managed
