[0.292s] Invoking command in '/home/ubuntu/ros2_delivFoxy/build/ydlidar_sdk': /usr/bin/cmake /home/ubuntu/ros2_delivFoxy/src/ydlidarX3_foxy/YDLidar-SDK-master -DCMAKE_INSTALL_PREFIX=/home/ubuntu/ros2_delivFoxy/install/ydlidar_sdk
[1.862s] -- The C compiler identification is GNU 9.4.0
[2.564s] -- The CXX compiler identification is GNU 9.4.0
[2.660s] -- Check for working C compiler: /usr/bin/cc
[3.760s] -- Check for working C compiler: /usr/bin/cc -- works
[3.780s] -- Detecting C compiler ABI info
[5.045s] -- Detecting C compiler ABI info - done
[5.236s] -- Detecting C compile features
[5.243s] -- Detecting C compile features - done
[5.313s] -- Check for working CXX compiler: /usr/bin/c++
[6.495s] -- Check for working CXX compiler: /usr/bin/c++ -- works
[6.507s] -- Detecting CXX compiler ABI info
[9.591s] -- Detecting CXX compiler ABI info - done
[9.805s] -- Detecting CXX compile features
[9.811s] -- Detecting CXX compile features - done
[9.981s] CMake Deprecation Warning at CMakeLists.txt:44 (cmake_policy):
[9.984s]   The OLD behavior for policy CMP0053 will be removed from a future version
[9.989s]   of CMake.
[9.990s] 
[9.990s]   The cmake-policies(7) manual explains that the OLD behaviors of all
[9.991s]   policies are deprecated and that a policy should be set to OLD only under
[9.992s]   specific short-term circumstances.  Projects should be ported to the NEW
[9.993s]   behavior and not rely on setting a policy to OLD.
[9.993s] 
[10.004s] 
[10.004s] CMake Deprecation Warning at CMakeLists.txt:47 (cmake_policy):
[10.005s]   The OLD behavior for policy CMP0037 will be removed from a future version
[10.006s]   of CMake.
[10.018s] 
[10.019s]   The cmake-policies(7) manual explains that the OLD behaviors of all
[10.020s]   policies are deprecated and that a policy should be set to OLD only under
[10.020s]   specific short-term circumstances.  Projects should be ported to the NEW
[10.021s]   behavior and not rely on setting a policy to OLD.
[10.022s] 
[10.022s] 
[10.023s] CMake Deprecation Warning at CMakeLists.txt:50 (cmake_policy):
[10.024s]   The OLD behavior for policy CMP0043 will be removed from a future version
[10.024s]   of CMake.
[10.038s] 
[10.039s]   The cmake-policies(7) manual explains that the OLD behaviors of all
[10.040s]   policies are deprecated and that a policy should be set to OLD only under
[10.040s]   specific short-term circumstances.  Projects should be ported to the NEW
[10.041s]   behavior and not rely on setting a policy to OLD.
[10.042s] 
[10.042s] 
[10.236s] -- Could NOT find SWIG (missing: SWIG_EXECUTABLE SWIG_DIR) 
[10.697s] -- Found PythonInterp: /usr/bin/python3.8 (found version "3.8.10") 
[11.022s] -- Found PythonLibs: /usr/lib/aarch64-linux-gnu/libpython3.8.so (found version "3.8.10") 
[11.673s] -- Found GTest: /usr/lib/aarch64-linux-gnu/libgtest.a  
[16.013s] -- build test is ON.....
[16.027s] CMake Deprecation Warning at cmake/install_package.cmake:101 (cmake_policy):
[16.028s]   The OLD behavior for policy CMP0026 will be removed from a future version
[16.029s]   of CMake.
[16.033s] 
[16.034s]   The cmake-policies(7) manual explains that the OLD behaviors of all
[16.037s]   policies are deprecated and that a policy should be set to OLD only under
[16.038s]   specific short-term circumstances.  Projects should be ported to the NEW
[16.039s]   behavior and not rely on setting a policy to OLD.
[16.040s] Call Stack (most recent call first):
[16.040s]   CMakeLists.txt:161 (install_package)
[16.041s] 
[16.058s] 
[16.104s] CMake Warning (dev) at cmake/install_package.cmake:191 (install):
[16.105s]   Policy CMP0062 is not set: Disallow install() of export() result.  Run
[16.105s]   "cmake --help-policy CMP0062" for policy details.  Use the cmake_policy
[16.106s]   command to set the policy and suppress this warning.
[16.108s] 
[16.108s]   The file
[16.109s] 
[16.109s]     /home/ubuntu/ros2_delivFoxy/build/ydlidar_sdk/ydlidar_sdkTargets.cmake
[16.110s] 
[16.111s]   was generated by the export() command.  It should not be installed with the
[16.111s]   install() command.  Use the install(EXPORT) mechanism instead.  See the
[16.112s]   cmake-packages(7) manual for more.
[16.113s] 
[16.113s] Call Stack (most recent call first):
[16.114s]   CMakeLists.txt:161 (install_package)
[16.114s] This warning is for project developers.  Use -Wno-dev to suppress it.
[16.115s] 
[16.240s] -- 
[16.241s] -- +===========================================================================+
[16.242s] -- |         Resulting configuration for                             |
[16.243s] -- +===========================================================================+
[16.243s] --  _________________________ PLATFORM _____________________________
[16.246s] --  Host                        : Linux5.4.0-1089-raspiaarch64
[16.247s] --  Is the system big endian?   :  No 
[16.247s] --  Word size (32/64 bit)       : 64
[16.256s] --  CMake version               : 3.16.3
[16.257s] --  CMake generator             : Unix Makefiles
[16.258s] --  CMake build tool            : /usr/bin/make
[16.258s] --  Compiler                    : GNU
[16.259s] --  Configuration               : 
[16.260s] -- 
[16.261s] --  __________________________ OPTIONS _____________________________
[16.261s] --  Build YDLidar-SDK as a shared library?　　 :  No 
[16.292s] --  Build Examples?　　　　　　　　　　　　　　 : Yes 
[16.299s] --  Build C Sharp API?　　　　　　　　　　　　 :  No 
[16.302s] --  Build TEST?  			　　　 : Yes 
[16.306s] -- 
[16.322s] --  _________________________ INSTALL _____________________
[16.334s] --  Install prefix                    : /home/ubuntu/ros2_delivFoxy/install/ydlidar_sdk
[16.342s] -- 
[16.350s] --  _______________________ WRAPPERS/BINDINGS ______________________
[16.351s] --  Python bindings (pyydlidar)   :  No 
[16.352s] --   - dep: Swig found?       :  No [Version: ]
[16.352s] --   - dep: PythonLibs found?  : Yes [Version: 3.8.10]
[16.371s] -- 
[16.373s] -- Configuring done
[16.770s] -- Generating done
[16.808s] -- Build files have been written to: /home/ubuntu/ros2_delivFoxy/build/ydlidar_sdk
[16.954s] Invoked command in '/home/ubuntu/ros2_delivFoxy/build/ydlidar_sdk' returned '0': /usr/bin/cmake /home/ubuntu/ros2_delivFoxy/src/ydlidarX3_foxy/YDLidar-SDK-master -DCMAKE_INSTALL_PREFIX=/home/ubuntu/ros2_delivFoxy/install/ydlidar_sdk
[16.963s] Invoking command in '/home/ubuntu/ros2_delivFoxy/build/ydlidar_sdk': /usr/bin/cmake --build /home/ubuntu/ros2_delivFoxy/build/ydlidar_sdk -- -j4 -l4
[17.580s] [35m[1mScanning dependencies of target ydlidar_sdk[0m
[18.150s] [  4%] [32mBuilding CXX object CMakeFiles/ydlidar_sdk.dir/core/base/timer.cpp.o[0m
[19.815s] [  8%] [32mBuilding CXX object CMakeFiles/ydlidar_sdk.dir/core/network/PassiveSocket.cpp.o[0m
[23.463s] [ 12%] [32mBuilding CXX object CMakeFiles/ydlidar_sdk.dir/core/network/SimpleSocket.cpp.o[0m
[27.366s] [ 16%] [32mBuilding CXX object CMakeFiles/ydlidar_sdk.dir/core/serial/serial.cpp.o[0m
[32.395s] [ 20%] [32mBuilding C object CMakeFiles/ydlidar_sdk.dir/core/serial/impl/unix/lock.c.o[0m
[32.977s] [ 24%] [32mBuilding CXX object CMakeFiles/ydlidar_sdk.dir/core/serial/impl/unix/list_ports_linux.cpp.o[0m
[37.544s] [ 28%] [32mBuilding CXX object CMakeFiles/ydlidar_sdk.dir/core/serial/impl/unix/unix_serial.cpp.o[0m
[41.479s] [ 32%] [32mBuilding CXX object CMakeFiles/ydlidar_sdk.dir/src/CYdLidar.cpp.o[0m
[49.473s] [ 36%] [32mBuilding CXX object CMakeFiles/ydlidar_sdk.dir/src/ETLidarDriver.cpp.o[0m
[55.303s] [ 40%] [32mBuilding CXX object CMakeFiles/ydlidar_sdk.dir/src/ydlidar_driver.cpp.o[0m
[63.711s] [ 44%] [32mBuilding CXX object CMakeFiles/ydlidar_sdk.dir/src/ydlidar_sdk.cpp.o[0m
[67.777s] [ 48%] [32mBuilding CXX object CMakeFiles/ydlidar_sdk.dir/src/filters/NoiseFilter.cpp.o[0m
[70.710s] [01m[K/home/ubuntu/ros2_delivFoxy/src/ydlidarX3_foxy/YDLidar-SDK-master/src/filters/NoiseFilter.cpp:[m[K In member function ‘[01m[Kvoid NoiseFilter::filter_tail2(const LaserScan&, int, int, LaserScan&)[m[K’:
[70.711s] [01m[K/home/ubuntu/ros2_delivFoxy/src/ydlidarX3_foxy/YDLidar-SDK-master/src/filters/NoiseFilter.cpp:579:26:[m[K [01;35m[Kwarning: [m[Kformat ‘[01m[K%u[m[K’ expects argument of type ‘[01m[Kunsigned int[m[K’, but argument 2 has type ‘[01m[Ksize_t[m[K’ {aka ‘[01m[Klong unsigned int[m[K’} [[01;35m[K-Wformat=[m[K]
[70.712s]   579 |     printf("Noise count [01;35m[K%u[m[K\n", [32m[KnoiseCount[m[K);
[70.713s]       |                         [01;35m[K~^[m[K     [32m[K~~~~~~~~~~[m[K
[70.713s]       |                          [01;35m[K|[m[K     [32m[K|[m[K
[70.714s]       |                          [01;35m[K|[m[K     [32m[Ksize_t {aka long unsigned int}[m[K
[70.715s]       |                          [01;35m[Kunsigned int[m[K
[70.716s]       |                         [32m[K%lu[m[K
[73.465s] [ 52%] [32mBuilding CXX object CMakeFiles/ydlidar_sdk.dir/core/network/ActiveSocket.cpp.o[0m
[77.010s] [ 56%] [32mBuilding CXX object CMakeFiles/ydlidar_sdk.dir/core/common/ydlidar_def.cpp.o[0m
[77.964s] [ 60%] [32m[1mLinking CXX static library libydlidar_sdk.a[0m
[79.242s] [ 60%] Built target ydlidar_sdk
[79.437s] [35m[1mScanning dependencies of target ydlidar_test[0m
[80.038s] [ 64%] [32mBuilding CXX object samples/CMakeFiles/ydlidar_test.dir/ydlidar_test.cpp.o[0m
[87.324s] [01m[K/home/ubuntu/ros2_delivFoxy/src/ydlidarX3_foxy/YDLidar-SDK-master/samples/ydlidar_test.cpp:[m[K In function ‘[01m[Kint main(int, char**)[m[K’:
[87.349s] [01m[K/home/ubuntu/ros2_delivFoxy/src/ydlidarX3_foxy/YDLidar-SDK-master/samples/ydlidar_test.cpp:268:40:[m[K [01;35m[Kwarning: [m[Kformat ‘[01m[K%llu[m[K’ expects argument of type ‘[01m[Klong long unsigned int[m[K’, but argument 2 has type ‘[01m[Kuint64_t[m[K’ {aka ‘[01m[Klong unsigned int[m[K’} [[01;35m[K-Wformat=[m[K]
[87.350s]   268 |           printf("Scan received at [[01;35m[K%llu[m[K] %u points is [%f]Hz\n",
[87.350s]       |                                     [01;35m[K~~~^[m[K
[87.352s]       |                                        [01;35m[K|[m[K
[87.352s]       |                                        [01;35m[Klong long unsigned int[m[K
[87.353s]       |                                     [32m[K%lu[m[K
[87.356s]   269 |                  [32m[Kscan.stamp / 1000000[m[K,
[87.357s]       |                  [32m[K~~~~~~~~~~~~~~~~~~~~[m[K   
[87.358s]       |                             [32m[K|[m[K
[87.359s]       |                             [32m[Kuint64_t {aka long unsigned int}[m[K
[90.940s] [ 68%] [32m[1mLinking CXX executable ../ydlidar_test[0m
[92.085s] [ 68%] Built target ydlidar_test
[92.294s] [35m[1mScanning dependencies of target etlidar_test[0m
[92.728s] [ 72%] [32mBuilding CXX object samples/CMakeFiles/etlidar_test.dir/etlidar_test.cpp.o[0m
[96.616s] [01m[K/home/ubuntu/ros2_delivFoxy/src/ydlidarX3_foxy/YDLidar-SDK-master/samples/etlidar_test.cpp:[m[K In function ‘[01m[Kint main(int, char**)[m[K’:
[96.617s] [01m[K/home/ubuntu/ros2_delivFoxy/src/ydlidarX3_foxy/YDLidar-SDK-master/samples/etlidar_test.cpp:178:41:[m[K [01;35m[Kwarning: [m[Kformat ‘[01m[K%llu[m[K’ expects argument of type ‘[01m[Klong long unsigned int[m[K’, but argument 3 has type ‘[01m[Kuint64_t[m[K’ {aka ‘[01m[Klong unsigned int[m[K’} [[01;35m[K-Wformat=[m[K]
[96.618s]   178 |       fprintf(stdout, "Scan received[[01;35m[K%llu[m[K]: %u ranges is [%f]Hz\n",
[96.619s]       |                                      [01;35m[K~~~^[m[K
[96.620s]       |                                         [01;35m[K|[m[K
[96.620s]       |                                         [01;35m[Klong long unsigned int[m[K
[96.621s]       |                                      [32m[K%lu[m[K
[96.622s]   179 |               [32m[Kscan.stamp[m[K,
[96.623s]       |               [32m[K~~~~~~~~~~[m[K                 
[96.624s]       |                    [32m[K|[m[K
[96.624s]       |                    [32m[Kuint64_t {aka long unsigned int}[m[K
[97.057s] [ 76%] [32m[1mLinking CXX executable ../etlidar_test[0m
[97.710s] [ 76%] Built target etlidar_test
[97.872s] [35m[1mScanning dependencies of target lidar_test[0m
[98.045s] [ 80%] [32mBuilding CXX object test/CMakeFiles/lidar_test.dir/lidar_test.cpp.o[0m
[103.990s] [ 84%] [32m[1mLinking CXX executable lidar_test[0m
[104.823s] [ 84%] Built target lidar_test
[104.900s] [35m[1mScanning dependencies of target lidar_c_api_test[0m
[104.980s] [ 88%] [32mBuilding C object samples/CMakeFiles/lidar_c_api_test.dir/lidar_c_api_test.c.o[0m
[105.379s] [01m[Kcc1:[m[K [01;35m[Kwarning: [m[Kcommand line option ‘[01m[K-std=c++11[m[K’ is valid for C++/ObjC++ but not for C
[105.571s] [01m[K/home/ubuntu/ros2_delivFoxy/src/ydlidarX3_foxy/YDLidar-SDK-master/samples/lidar_c_api_test.c:[m[K In function ‘[01m[Kmain[m[K’:
[105.573s] [01m[K/home/ubuntu/ros2_delivFoxy/src/ydlidarX3_foxy/YDLidar-SDK-master/samples/lidar_c_api_test.c:102:47:[m[K [01;35m[Kwarning: [m[Kformat ‘[01m[K%llu[m[K’ expects argument of type ‘[01m[Klong long unsigned int[m[K’, but argument 3 has type ‘[01m[Kuint64_t[m[K’ {aka ‘[01m[Klong unsigned int[m[K’} [[01;35m[K-Wformat=[m[K]
[105.577s]   102 |             fprintf(stdout, "Scan received[[01;35m[K%llu[m[K]: %u ranges is [%f]Hz\n",
[105.579s]       |                                            [01;35m[K~~~^[m[K
[105.589s]       |                                               [01;35m[K|[m[K
[105.590s]       |                                               [01;35m[Klong long unsigned int[m[K
[105.591s]       |                                            [32m[K%lu[m[K
[105.592s]   103 |                     [32m[Kscan.stamp[m[K,
[105.592s]       |                     [32m[K~~~~~~~~~~[m[K                 
[105.593s]       |                         [32m[K|[m[K
[105.606s]       |                         [32m[Kuint64_t {aka long unsigned int}[m[K
[105.990s] [ 92%] [32m[1mLinking CXX executable ../lidar_c_api_test[0m
[107.067s] [ 92%] Built target lidar_c_api_test
[107.251s] [35m[1mScanning dependencies of target tof_test[0m
[107.487s] [ 96%] [32mBuilding CXX object samples/CMakeFiles/tof_test.dir/tof_test.cpp.o[0m
[110.244s] [01m[K/home/ubuntu/ros2_delivFoxy/src/ydlidarX3_foxy/YDLidar-SDK-master/samples/tof_test.cpp:[m[K In function ‘[01m[Kint main(int, char**)[m[K’:
[110.256s] [01m[K/home/ubuntu/ros2_delivFoxy/src/ydlidarX3_foxy/YDLidar-SDK-master/samples/tof_test.cpp:269:49:[m[K [01;35m[Kwarning: [m[Kformat ‘[01m[K%llu[m[K’ expects argument of type ‘[01m[Klong long unsigned int[m[K’, but argument 3 has type ‘[01m[Kuint64_t[m[K’ {aka ‘[01m[Klong unsigned int[m[K’} [[01;35m[K-Wformat=[m[K]
[110.257s]   269 |           fprintf(stdout, "Scan received at [[01;35m[K%llu[m[K] %u points is [%f]s\n",
[110.257s]       |                                              [01;35m[K~~~^[m[K
[110.260s]       |                                                 [01;35m[K|[m[K
[110.262s]       |                                                 [01;35m[Klong long unsigned int[m[K
[110.271s]       |                                              [32m[K%lu[m[K
[110.272s]   270 |                   [32m[Kscan.stamp / 100000[m[K,
[110.273s]       |                   [32m[K~~~~~~~~~~~~~~~~~~~[m[K            
[110.274s]       |                              [32m[K|[m[K
[110.275s]       |                              [32m[Kuint64_t {aka long unsigned int}[m[K
[115.443s] [100%] [32m[1mLinking CXX executable ../tof_test[0m
[120.624s] [100%] Built target tof_test
[120.913s] Invoked command in '/home/ubuntu/ros2_delivFoxy/build/ydlidar_sdk' returned '0': /usr/bin/cmake --build /home/ubuntu/ros2_delivFoxy/build/ydlidar_sdk -- -j4 -l4
[121.552s] Invoking command in '/home/ubuntu/ros2_delivFoxy/build/ydlidar_sdk': /usr/bin/cmake --install /home/ubuntu/ros2_delivFoxy/build/ydlidar_sdk
[121.722s] -- Install configuration: ""
[121.746s] -- Installing: /home/ubuntu/ros2_delivFoxy/install/ydlidar_sdk/include/core/base/datatype.h
[121.747s] -- Installing: /home/ubuntu/ros2_delivFoxy/install/ydlidar_sdk/include/core/base/locker.h
[121.756s] -- Installing: /home/ubuntu/ros2_delivFoxy/install/ydlidar_sdk/include/core/base/thread.h
[121.760s] -- Installing: /home/ubuntu/ros2_delivFoxy/install/ydlidar_sdk/include/core/base/timer.h
[121.761s] -- Installing: /home/ubuntu/ros2_delivFoxy/install/ydlidar_sdk/include/core/base/typedef.h
[121.767s] -- Installing: /home/ubuntu/ros2_delivFoxy/install/ydlidar_sdk/include/core/base/utils.h
[121.769s] -- Installing: /home/ubuntu/ros2_delivFoxy/install/ydlidar_sdk/include/core/base/v8stdint.h
[121.780s] -- Installing: /home/ubuntu/ros2_delivFoxy/install/ydlidar_sdk/include/core/base/ydlidar.h
[121.780s] -- Installing: /home/ubuntu/ros2_delivFoxy/install/ydlidar_sdk/include/core/common/ChannelDevice.h
[121.781s] -- Installing: /home/ubuntu/ros2_delivFoxy/install/ydlidar_sdk/include/core/common/DriverInterface.h
[121.788s] -- Installing: /home/ubuntu/ros2_delivFoxy/install/ydlidar_sdk/include/core/common/ydlidar_datatype.h
[121.791s] -- Installing: /home/ubuntu/ros2_delivFoxy/install/ydlidar_sdk/include/core/common/ydlidar_def.h
[121.795s] -- Installing: /home/ubuntu/ros2_delivFoxy/install/ydlidar_sdk/include/core/common/ydlidar_help.h
[121.804s] -- Installing: /home/ubuntu/ros2_delivFoxy/install/ydlidar_sdk/include/core/common/ydlidar_protocol.h
[121.807s] -- Installing: /home/ubuntu/ros2_delivFoxy/install/ydlidar_sdk/include/core/math/angles.h
[121.823s] -- Installing: /home/ubuntu/ros2_delivFoxy/install/ydlidar_sdk/include/core/network/ActiveSocket.h
[121.826s] -- Installing: /home/ubuntu/ros2_delivFoxy/install/ydlidar_sdk/include/core/network/PassiveSocket.h
[121.829s] -- Installing: /home/ubuntu/ros2_delivFoxy/install/ydlidar_sdk/include/core/network/SimpleSocket.h
[121.834s] -- Installing: /home/ubuntu/ros2_delivFoxy/install/ydlidar_sdk/include/core/network/StatTimer.h
[121.838s] -- Installing: /home/ubuntu/ros2_delivFoxy/install/ydlidar_sdk/include/core/serial/common.h
[121.844s] -- Installing: /home/ubuntu/ros2_delivFoxy/install/ydlidar_sdk/include/core/serial/serial.h
[121.855s] -- Installing: /home/ubuntu/ros2_delivFoxy/install/ydlidar_sdk/include/core/serial/impl/unix/lock.h
[121.860s] -- Installing: /home/ubuntu/ros2_delivFoxy/install/ydlidar_sdk/include/core/serial/impl/unix/unix.h
[121.866s] -- Installing: /home/ubuntu/ros2_delivFoxy/install/ydlidar_sdk/include/core/serial/impl/unix/unix_serial.h
[121.872s] -- Installing: /home/ubuntu/ros2_delivFoxy/install/ydlidar_sdk/include/src/CYdLidar.h
[121.894s] -- Installing: /home/ubuntu/ros2_delivFoxy/install/ydlidar_sdk/include/src/ETLidarDriver.h
[121.902s] -- Installing: /home/ubuntu/ros2_delivFoxy/install/ydlidar_sdk/include/src/ydlidar_driver.h
[121.915s] -- Installing: /home/ubuntu/ros2_delivFoxy/install/ydlidar_sdk/include/src/ydlidar_sdk.h
[121.918s] -- Installing: /home/ubuntu/ros2_delivFoxy/install/ydlidar_sdk/include/src/filters/FilterInterface.h
[121.920s] -- Installing: /home/ubuntu/ros2_delivFoxy/install/ydlidar_sdk/include/src/filters/NoiseFilter.h
[121.922s] -- Installing: /home/ubuntu/ros2_delivFoxy/install/ydlidar_sdk/include/ydlidar_config.h
[121.926s] -- Installing: /home/ubuntu/ros2_delivFoxy/install/ydlidar_sdk/lib/libydlidar_sdk.a
[121.938s] -- Installing: /home/ubuntu/ros2_delivFoxy/install/ydlidar_sdk/lib/pkgconfig/YDLIDAR_SDK.pc
[121.941s] -- Installing: /home/ubuntu/ros2_delivFoxy/install/ydlidar_sdk/lib/cmake/ydlidar_sdk/ydlidar_sdkConfig.cmake
[121.943s] -- Installing: /home/ubuntu/ros2_delivFoxy/install/ydlidar_sdk/lib/cmake/ydlidar_sdk/ydlidar_sdkTargets.cmake
[121.945s] -- Installing: /home/ubuntu/ros2_delivFoxy/install/ydlidar_sdk/lib/cmake/ydlidar_sdk/ydlidar_sdkConfigVersion.cmake
[121.949s] -- Installing: /home/ubuntu/ros2_delivFoxy/install/ydlidar_sdk/share/YDLIDAR_SDK/FindYDLIDAR_SDK.cmake
[121.951s] -- Up-to-date: /home/ubuntu/ros2_delivFoxy/install/ydlidar_sdk/share/YDLIDAR_SDK
[121.953s] -- Installing: /home/ubuntu/ros2_delivFoxy/install/ydlidar_sdk/share/YDLIDAR_SDK/install_package.cmake
[121.961s] -- Installing: /home/ubuntu/ros2_delivFoxy/install/ydlidar_sdk/share/YDLIDAR_SDK/cmake_uninstall.cmake.in
[121.963s] -- Installing: /home/ubuntu/ros2_delivFoxy/install/ydlidar_sdk/share/YDLIDAR_SDK/FindPackage.cmake.in
[121.966s] -- Installing: /home/ubuntu/ros2_delivFoxy/install/ydlidar_sdk/share/YDLIDAR_SDK/PkgConfig.pc.in
[121.969s] -- Installing: /home/ubuntu/ros2_delivFoxy/install/ydlidar_sdk/share/YDLIDAR_SDK/PackageConfig.cmake.in
[121.971s] -- Installing: /home/ubuntu/ros2_delivFoxy/install/ydlidar_sdk/share/YDLIDAR_SDK/PackageConfigVersion.cmake.in
[121.973s] -- Installing: /home/ubuntu/ros2_delivFoxy/install/ydlidar_sdk/share/YDLIDAR_SDK/script_show_final_summary.cmake
[121.976s] -- Installing: /home/ubuntu/ros2_delivFoxy/install/ydlidar_sdk/share/YDLIDAR_SDK/common
[121.978s] -- Installing: /home/ubuntu/ros2_delivFoxy/install/ydlidar_sdk/share/YDLIDAR_SDK/common/ydlidar_base.cmake
[121.980s] -- Installing: /home/ubuntu/ros2_delivFoxy/install/ydlidar_sdk/share/YDLIDAR_SDK/common/ydlidar_parse.cmake
[121.984s] -- Installing: /home/ubuntu/ros2_delivFoxy/install/ydlidar_sdk/share/YDLIDAR_SDK/LICENSE.txt
[121.994s] -- Installing: /home/ubuntu/ros2_delivFoxy/install/ydlidar_sdk/share/YDLIDAR_SDK/README.md
[121.999s] -- Installing: /home/ubuntu/ros2_delivFoxy/install/ydlidar_sdk/share/YDLIDAR_SDK/doc
[122.008s] -- Installing: /home/ubuntu/ros2_delivFoxy/install/ydlidar_sdk/share/YDLIDAR_SDK/doc/FAQs
[122.015s] -- Installing: /home/ubuntu/ros2_delivFoxy/install/ydlidar_sdk/share/YDLIDAR_SDK/doc/FAQs/Software_FAQs.md
[122.016s] -- Installing: /home/ubuntu/ros2_delivFoxy/install/ydlidar_sdk/share/YDLIDAR_SDK/doc/FAQs/General_FAQs.md
[122.016s] -- Installing: /home/ubuntu/ros2_delivFoxy/install/ydlidar_sdk/share/YDLIDAR_SDK/doc/FAQs/Hardware_FAQs.md
[122.021s] -- Installing: /home/ubuntu/ros2_delivFoxy/install/ydlidar_sdk/share/YDLIDAR_SDK/doc/FAQs/README.md
[122.024s] -- Installing: /home/ubuntu/ros2_delivFoxy/install/ydlidar_sdk/share/YDLIDAR_SDK/doc/FAQs/Software_FAQs_cn.md
[122.029s] -- Installing: /home/ubuntu/ros2_delivFoxy/install/ydlidar_sdk/share/YDLIDAR_SDK/doc/FAQs/General_FAQs_cn.md
[122.034s] -- Installing: /home/ubuntu/ros2_delivFoxy/install/ydlidar_sdk/share/YDLIDAR_SDK/doc/FAQs/Hardware_FAQs_cn.md
[122.037s] -- Installing: /home/ubuntu/ros2_delivFoxy/install/ydlidar_sdk/share/YDLIDAR_SDK/doc/YDLidar_SDK_Communication_Protocol.pdf
[122.062s] -- Installing: /home/ubuntu/ros2_delivFoxy/install/ydlidar_sdk/share/YDLIDAR_SDK/doc/tutorials
[122.065s] -- Installing: /home/ubuntu/ros2_delivFoxy/install/ydlidar_sdk/share/YDLIDAR_SDK/doc/tutorials/writing_lidar_tutorial_python.md
[122.069s] -- Installing: /home/ubuntu/ros2_delivFoxy/install/ydlidar_sdk/share/YDLIDAR_SDK/doc/tutorials/examine_the_simple_lidar_tutorial.md
[122.072s] -- Installing: /home/ubuntu/ros2_delivFoxy/install/ydlidar_sdk/share/YDLIDAR_SDK/doc/tutorials/writing_lidar_network_adapter_tutorial_c++.md
[122.076s] -- Installing: /home/ubuntu/ros2_delivFoxy/install/ydlidar_sdk/share/YDLIDAR_SDK/doc/tutorials/writing_lidar_tutorial_c.md
[122.079s] -- Installing: /home/ubuntu/ros2_delivFoxy/install/ydlidar_sdk/share/YDLIDAR_SDK/doc/tutorials/writing_lidar_tutorial_c++.md
[122.083s] -- Installing: /home/ubuntu/ros2_delivFoxy/install/ydlidar_sdk/share/YDLIDAR_SDK/doc/Diagram.md
[122.088s] -- Installing: /home/ubuntu/ros2_delivFoxy/install/ydlidar_sdk/share/YDLIDAR_SDK/doc/YDLIDAR_SDK_API_for_Developers.md
[122.094s] -- Installing: /home/ubuntu/ros2_delivFoxy/install/ydlidar_sdk/share/YDLIDAR_SDK/doc/Dataset.md
[122.097s] -- Installing: /home/ubuntu/ros2_delivFoxy/install/ydlidar_sdk/share/YDLIDAR_SDK/doc/README.md
[122.100s] -- Installing: /home/ubuntu/ros2_delivFoxy/install/ydlidar_sdk/share/YDLIDAR_SDK/doc/YDLidar-SDK-Communication-Protocol.html
[122.107s] -- Installing: /home/ubuntu/ros2_delivFoxy/install/ydlidar_sdk/share/YDLIDAR_SDK/doc/YDLidar-SDK-Communication-Protocol.md
[122.111s] -- Installing: /home/ubuntu/ros2_delivFoxy/install/ydlidar_sdk/share/YDLIDAR_SDK/doc/howto
[122.115s] -- Installing: /home/ubuntu/ros2_delivFoxy/install/ydlidar_sdk/share/YDLIDAR_SDK/doc/howto/how_to_create_a_udev_rules.md
[122.119s] -- Installing: /home/ubuntu/ros2_delivFoxy/install/ydlidar_sdk/share/YDLIDAR_SDK/doc/howto/how_to_build_and_install.md
[122.122s] -- Installing: /home/ubuntu/ros2_delivFoxy/install/ydlidar_sdk/share/YDLIDAR_SDK/doc/howto/how_to_gerenrate_vs_project_by_cmake.md
[122.124s] -- Installing: /home/ubuntu/ros2_delivFoxy/install/ydlidar_sdk/share/YDLIDAR_SDK/doc/howto/how_to_build_and_debug_using_vscode.md
[122.127s] -- Installing: /home/ubuntu/ros2_delivFoxy/install/ydlidar_sdk/share/YDLIDAR_SDK/doc/howto/README.md
[122.133s] -- Installing: /home/ubuntu/ros2_delivFoxy/install/ydlidar_sdk/share/YDLIDAR_SDK/doc/howto/how_to_create_a_csharp_project.md
[122.138s] -- Installing: /home/ubuntu/ros2_delivFoxy/install/ydlidar_sdk/share/YDLIDAR_SDK/doc/howto/images
[122.141s] -- Installing: /home/ubuntu/ros2_delivFoxy/install/ydlidar_sdk/share/YDLIDAR_SDK/doc/howto/images/csharp_running.png
[122.145s] -- Installing: /home/ubuntu/ros2_delivFoxy/install/ydlidar_sdk/share/YDLIDAR_SDK/doc/howto/images/cpack.png
[122.151s] -- Installing: /home/ubuntu/ros2_delivFoxy/install/ydlidar_sdk/share/YDLIDAR_SDK/doc/howto/images/csharp_exception.png
[122.160s] -- Installing: /home/ubuntu/ros2_delivFoxy/install/ydlidar_sdk/share/YDLIDAR_SDK/doc/howto/images/ttyUSB1.png
[122.165s] -- Installing: /home/ubuntu/ros2_delivFoxy/install/ydlidar_sdk/share/YDLIDAR_SDK/doc/howto/images/ydlidar_lidar_monitor.png
[122.180s] -- Installing: /home/ubuntu/ros2_delivFoxy/install/ydlidar_sdk/share/YDLIDAR_SDK/doc/howto/images/ttyUSB0.png
[122.190s] -- Installing: /home/ubuntu/ros2_delivFoxy/install/ydlidar_sdk/share/YDLIDAR_SDK/doc/howto/images/csharp_build.png
[122.200s] -- Installing: /home/ubuntu/ros2_delivFoxy/install/ydlidar_sdk/share/YDLIDAR_SDK/doc/howto/images/csharp_project.png
[122.208s] -- Installing: /home/ubuntu/ros2_delivFoxy/install/ydlidar_sdk/share/YDLIDAR_SDK/doc/howto/images/sequence.png
[122.220s] -- Installing: /home/ubuntu/ros2_delivFoxy/install/ydlidar_sdk/share/YDLIDAR_SDK/doc/howto/images/csharp_library.png
[122.227s] -- Installing: /home/ubuntu/ros2_delivFoxy/install/ydlidar_sdk/share/YDLIDAR_SDK/doc/howto/images/vscode
[122.230s] -- Installing: /home/ubuntu/ros2_delivFoxy/install/ydlidar_sdk/share/YDLIDAR_SDK/doc/howto/images/vscode/run_tasks.jpg
[122.261s] -- Installing: /home/ubuntu/ros2_delivFoxy/install/ydlidar_sdk/share/YDLIDAR_SDK/doc/howto/images/vscode/tasks.png
[122.297s] -- Installing: /home/ubuntu/ros2_delivFoxy/install/ydlidar_sdk/share/YDLIDAR_SDK/doc/howto/images/sdk_init.png
[122.304s] -- Installing: /home/ubuntu/ros2_delivFoxy/install/ydlidar_sdk/share/YDLIDAR_SDK/doc/howto/images/sdk_scanning.png
[122.317s] -- Installing: /home/ubuntu/ros2_delivFoxy/install/ydlidar_sdk/share/YDLIDAR_SDK/doc/howto/how_to_solve_slow_pull_from_cn.md
[122.324s] -- Installing: /home/ubuntu/ros2_delivFoxy/install/ydlidar_sdk/share/YDLIDAR_SDK/doc/howto/how_to_create_a_pull.md
[122.331s] -- Installing: /home/ubuntu/ros2_delivFoxy/install/ydlidar_sdk/share/YDLIDAR_SDK/doc/YDLidar-SDK-Communication-Protocol.pdf
[122.351s] -- Installing: /home/ubuntu/ros2_delivFoxy/install/ydlidar_sdk/share/YDLIDAR_SDK/doc/SDK.pdf
[122.424s] -- Installing: /home/ubuntu/ros2_delivFoxy/install/ydlidar_sdk/share/YDLIDAR_SDK/doc/images
[122.427s] -- Installing: /home/ubuntu/ros2_delivFoxy/install/ydlidar_sdk/share/YDLIDAR_SDK/doc/images/sdk_architecture.png
[122.435s] -- Installing: /home/ubuntu/ros2_delivFoxy/install/ydlidar_sdk/share/YDLIDAR_SDK/doc/images/frame_intensity.png
[122.438s] -- Installing: /home/ubuntu/ros2_delivFoxy/install/ydlidar_sdk/share/YDLIDAR_SDK/doc/images/FlowChart.png
[122.443s] -- Installing: /home/ubuntu/ros2_delivFoxy/install/ydlidar_sdk/share/YDLIDAR_SDK/doc/images/frame.png
[122.449s] -- Installing: /home/ubuntu/ros2_delivFoxy/install/ydlidar_sdk/share/YDLIDAR_SDK/doc/images/communication_mechanism.png
[122.460s] -- Installing: /home/ubuntu/ros2_delivFoxy/install/ydlidar_sdk/share/YDLIDAR_SDK/doc/images/YDLidar.jpg
[122.461s] -- Installing: /home/ubuntu/ros2_delivFoxy/install/ydlidar_sdk/share/YDLIDAR_SDK/doc/images/sequence.png
[122.467s] -- Installing: /home/ubuntu/ros2_delivFoxy/install/ydlidar_sdk/share/YDLIDAR_SDK/doc/images/system_workflow.png
[122.474s] -- Installing: /home/ubuntu/ros2_delivFoxy/install/ydlidar_sdk/share/YDLIDAR_SDK/doc/images/angle_q2.png
[122.480s] -- Installing: /home/ubuntu/ros2_delivFoxy/install/ydlidar_sdk/share/YDLIDAR_SDK/doc/images/EAI.png
[122.503s] -- Installing: /home/ubuntu/ros2_delivFoxy/install/ydlidar_sdk/share/YDLIDAR_SDK/doc/images/YDLidar.png
[122.504s] -- Installing: /home/ubuntu/ros2_delivFoxy/install/ydlidar_sdk/share/YDLIDAR_SDK/doc/images/sdk_init.png
[122.509s] -- Installing: /home/ubuntu/ros2_delivFoxy/install/ydlidar_sdk/share/YDLIDAR_SDK/doc/images/sdk_scanning.png
[122.519s] -- Installing: /home/ubuntu/ros2_delivFoxy/install/ydlidar_sdk/share/YDLIDAR_SDK/doc/Tutorials.md
[122.526s] -- Installing: /home/ubuntu/ros2_delivFoxy/install/ydlidar_sdk/share/YDLIDAR_SDK/doc/quickstart
[122.528s] -- Installing: /home/ubuntu/ros2_delivFoxy/install/ydlidar_sdk/share/YDLIDAR_SDK/doc/quickstart/ydlidar_sdk_software_installation_guide.md
[122.531s] -- Installing: /home/ubuntu/ros2_delivFoxy/install/ydlidar_sdk/share/YDLIDAR_SDK/doc/quickstart/README.md
[122.538s] -- Installing: /home/ubuntu/ros2_delivFoxy/install/ydlidar_sdk/startup/initenv.sh
[122.590s] -- Installing: /home/ubuntu/ros2_delivFoxy/install/ydlidar_sdk/bin/etlidar_test
[122.622s] -- Installing: /home/ubuntu/ros2_delivFoxy/install/ydlidar_sdk/bin/tof_test
[122.643s] -- Installing: /home/ubuntu/ros2_delivFoxy/install/ydlidar_sdk/bin/ydlidar_test
[122.667s] -- Installing: /home/ubuntu/ros2_delivFoxy/install/ydlidar_sdk/bin/lidar_c_api_test
[122.712s] Invoked command in '/home/ubuntu/ros2_delivFoxy/build/ydlidar_sdk' returned '0': /usr/bin/cmake --install /home/ubuntu/ros2_delivFoxy/build/ydlidar_sdk
