make: Warning: File 'Makefile' has modification time 1238 s in the future
make[1]: Warning: File 'CMakeFiles/Makefile2' has modification time 1237 s in the future
make[2]: Warning: File 'CMakeFiles/serial_motor_demo_msgs__cpp.dir/progress.make' has modification time 1237 s in the future
make[2]: Warning: File 'CMakeFiles/serial_motor_demo_msgs__rosidl_generator_c.dir/progress.make' has modification time 1237 s in the future
make[2]: warning:  Clock skew detected.  Your build may be incomplete.
make[2]: Warning: File 'CMakeFiles/serial_motor_demo_msgs__cpp.dir/progress.make' has modification time 1237 s in the future
make[2]: warning:  Clock skew detected.  Your build may be incomplete.
make[2]: warning:  Clock skew detected.  Your build may be incomplete.
make[2]: Warning: File 'CMakeFiles/serial_motor_demo_msgs__rosidl_generator_c.dir/progress.make' has modification time 1237 s in the future
make[2]: warning:  Clock skew detected.  Your build may be incomplete.
make[2]: Warning: File 'CMakeFiles/serial_motor_demo_msgs__rosidl_typesupport_cpp.dir/progress.make' has modification time 1237 s in the future
make[2]: Warning: File 'CMakeFiles/serial_motor_demo_msgs__rosidl_typesupport_fastrtps_cpp.dir/progress.make' has modification time 1237 s in the future
make[2]: Warning: File 'CMakeFiles/serial_motor_demo_msgs__rosidl_typesupport_introspection_cpp.dir/progress.make' has modification time 1237 s in the future
make[2]: warning:  Clock skew detected.  Your build may be incomplete.
make[2]: Warning: File 'CMakeFiles/serial_motor_demo_msgs__rosidl_typesupport_cpp.dir/progress.make' has modification time 1237 s in the future
make[2]: Warning: File 'CMakeFiles/serial_motor_demo_msgs__rosidl_typesupport_introspection_c.dir/progress.make' has modification time 1237 s in the future
make[2]: warning:  Clock skew detected.  Your build may be incomplete.
make[2]: warning:  Clock skew detected.  Your build may be incomplete.
make[2]: warning:  Clock skew detected.  Your build may be incomplete.
make[2]: Warning: File 'CMakeFiles/serial_motor_demo_msgs__rosidl_typesupport_fastrtps_cpp.dir/progress.make' has modification time 1237 s in the future
make[2]: Warning: File 'CMakeFiles/serial_motor_demo_msgs__rosidl_typesupport_introspection_cpp.dir/progress.make' has modification time 1237 s in the future
make[2]: warning:  Clock skew detected.  Your build may be incomplete.
make[2]: Warning: File 'CMakeFiles/serial_motor_demo_msgs__rosidl_typesupport_c.dir/progress.make' has modification time 1237 s in the future
make[2]: warning:  Clock skew detected.  Your build may be incomplete.
make[2]: warning:  Clock skew detected.  Your build may be incomplete.
make[2]: Warning: File 'CMakeFiles/serial_motor_demo_msgs__rosidl_typesupport_introspection_c.dir/progress.make' has modification time 1237 s in the future
make[2]: warning:  Clock skew detected.  Your build may be incomplete.
make[2]: warning:  Clock skew detected.  Your build may be incomplete.
make[2]: Warning: File 'CMakeFiles/serial_motor_demo_msgs__rosidl_typesupport_c.dir/progress.make' has modification time 1236 s in the future
make[2]: warning:  Clock skew detected.  Your build may be incomplete.
make[2]: Warning: File 'CMakeFiles/serial_motor_demo_msgs__rosidl_typesupport_fastrtps_c.dir/progress.make' has modification time 1236 s in the future
make[2]: warning:  Clock skew detected.  Your build may be incomplete.
make[2]: Warning: File 'CMakeFiles/serial_motor_demo_msgs__rosidl_typesupport_fastrtps_c.dir/progress.make' has modification time 1236 s in the future
make[2]: warning:  Clock skew detected.  Your build may be incomplete.
make[2]: Warning: File 'CMakeFiles/serial_motor_demo_msgs.dir/progress.make' has modification time 1236 s in the future
make[2]: warning:  Clock skew detected.  Your build may be incomplete.
make[2]: Warning: File 'CMakeFiles/serial_motor_demo_msgs.dir/progress.make' has modification time 1236 s in the future
make[2]: warning:  Clock skew detected.  Your build may be incomplete.
make[2]: Warning: File 'serial_motor_demo_msgs__py/CMakeFiles/serial_motor_demo_msgs__py.dir/progress.make' has modification time 1236 s in the future
make[2]: warning:  Clock skew detected.  Your build may be incomplete.
make[2]: Warning: File 'serial_motor_demo_msgs__py/CMakeFiles/serial_motor_demo_msgs__py.dir/progress.make' has modification time 1236 s in the future
make[2]: warning:  Clock skew detected.  Your build may be incomplete.
make[2]: Warning: File 'CMakeFiles/serial_motor_demo_msgs__python.dir/progress.make' has modification time 1236 s in the future
make[2]: warning:  Clock skew detected.  Your build may be incomplete.
make[2]: Warning: File 'CMakeFiles/serial_motor_demo_msgs__python.dir/progress.make' has modification time 1236 s in the future
make[2]: warning:  Clock skew detected.  Your build may be incomplete.
make[2]: Warning: File 'CMakeFiles/serial_motor_demo_msgs__rosidl_typesupport_introspection_c__pyext.dir/progress.make' has modification time 1235 s in the future
make[2]: Warning: File 'CMakeFiles/serial_motor_demo_msgs__rosidl_typesupport_fastrtps_c__pyext.dir/progress.make' has modification time 1235 s in the future
make[2]: Warning: File 'CMakeFiles/serial_motor_demo_msgs__rosidl_typesupport_c__pyext.dir/progress.make' has modification time 1235 s in the future
make[2]: warning:  Clock skew detected.  Your build may be incomplete.
make[2]: Warning: File 'CMakeFiles/serial_motor_demo_msgs__rosidl_typesupport_introspection_c__pyext.dir/progress.make' has modification time 1235 s in the future
make[2]: warning:  Clock skew detected.  Your build may be incomplete.
make[2]: Warning: File 'CMakeFiles/serial_motor_demo_msgs__rosidl_typesupport_fastrtps_c__pyext.dir/progress.make' has modification time 1235 s in the future
make[2]: warning:  Clock skew detected.  Your build may be incomplete.
make[2]: warning:  Clock skew detected.  Your build may be incomplete.
make[2]: Warning: File 'CMakeFiles/serial_motor_demo_msgs__rosidl_typesupport_c__pyext.dir/progress.make' has modification time 1235 s in the future
make[2]: warning:  Clock skew detected.  Your build may be incomplete.
make[2]: warning:  Clock skew detected.  Your build may be incomplete.
make[1]: warning:  Clock skew detected.  Your build may be incomplete.
make: warning:  Clock skew detected.  Your build may be incomplete.
