[0.238s] Invoking command in '/home/ubuntu/ros2_delivFoxy/build/serial': CMAKE_PREFIX_PATH=${CMAKE_PREFIX_PATH}:/home/ubuntu/ros2_delivFoxy/install/serial_motor_demo:/home/ubuntu/dev_serial_motor/install/serial_motor_demo:/opt/ros/foxy /usr/bin/cmake --build /home/ubuntu/ros2_delivFoxy/build/serial -- -j4 -l4
[1.314s] [ 28%] Built target serial
[1.376s] [ 42%] Built target gtest
[1.397s] [ 57%] Built target gtest_main
[1.525s] [ 71%] Built target serial_example
[1.672s] [ 85%] Built target serial-test-timer
[1.739s] [100%] Built target serial-test
[1.905s] Invoked command in '/home/ubuntu/ros2_delivFoxy/build/serial' returned '0': CMAKE_PREFIX_PATH=${CMAKE_PREFIX_PATH}:/home/ubuntu/ros2_delivFoxy/install/serial_motor_demo:/home/ubuntu/dev_serial_motor/install/serial_motor_demo:/opt/ros/foxy /usr/bin/cmake --build /home/ubuntu/ros2_delivFoxy/build/serial -- -j4 -l4
[2.329s] Invoking command in '/home/ubuntu/ros2_delivFoxy/build/serial': CMAKE_PREFIX_PATH=${CMAKE_PREFIX_PATH}:/home/ubuntu/ros2_delivFoxy/install/serial_motor_demo:/home/ubuntu/dev_serial_motor/install/serial_motor_demo:/opt/ros/foxy /usr/bin/cmake --install /home/ubuntu/ros2_delivFoxy/build/serial
[2.382s] -- Install configuration: ""
[2.387s] -- Execute custom install script
[2.391s] -- Up-to-date symlink: /home/ubuntu/ros2_delivFoxy/install/serial/lib/libserial.a
[2.396s] -- Up-to-date symlink: /home/ubuntu/ros2_delivFoxy/install/serial/include/serial/serial.h
[2.400s] -- Up-to-date symlink: /home/ubuntu/ros2_delivFoxy/install/serial/include/serial/v8stdint.h
[2.405s] -- Up-to-date symlink: /home/ubuntu/ros2_delivFoxy/install/serial/share/serial/environment/library_path.sh
[2.407s] -- Up-to-date symlink: /home/ubuntu/ros2_delivFoxy/install/serial/share/serial/environment/library_path.dsv
[2.410s] -- Up-to-date symlink: /home/ubuntu/ros2_delivFoxy/install/serial/share/ament_index/resource_index/package_run_dependencies/serial
[2.413s] -- Up-to-date symlink: /home/ubuntu/ros2_delivFoxy/install/serial/share/ament_index/resource_index/parent_prefix_path/serial
[2.415s] -- Up-to-date symlink: /home/ubuntu/ros2_delivFoxy/install/serial/share/serial/environment/ament_prefix_path.sh
[2.419s] -- Up-to-date symlink: /home/ubuntu/ros2_delivFoxy/install/serial/share/serial/environment/ament_prefix_path.dsv
[2.421s] -- Up-to-date symlink: /home/ubuntu/ros2_delivFoxy/install/serial/share/serial/environment/path.sh
[2.424s] -- Up-to-date symlink: /home/ubuntu/ros2_delivFoxy/install/serial/share/serial/environment/path.dsv
[2.426s] -- Up-to-date symlink: /home/ubuntu/ros2_delivFoxy/install/serial/share/serial/local_setup.bash
[2.428s] -- Up-to-date symlink: /home/ubuntu/ros2_delivFoxy/install/serial/share/serial/local_setup.sh
[2.431s] -- Up-to-date symlink: /home/ubuntu/ros2_delivFoxy/install/serial/share/serial/local_setup.zsh
[2.434s] -- Up-to-date symlink: /home/ubuntu/ros2_delivFoxy/install/serial/share/serial/local_setup.dsv
[2.435s] -- Symlinking: /home/ubuntu/ros2_delivFoxy/install/serial/share/serial/package.dsv
[2.508s] -- Up-to-date symlink: /home/ubuntu/ros2_delivFoxy/install/serial/share/ament_index/resource_index/packages/serial
[2.509s] -- Up-to-date symlink: /home/ubuntu/ros2_delivFoxy/install/serial/share/serial/cmake/ament_cmake_export_include_directories-extras.cmake
[2.510s] -- Up-to-date symlink: /home/ubuntu/ros2_delivFoxy/install/serial/share/serial/cmake/ament_cmake_export_libraries-extras.cmake
[2.511s] -- Up-to-date symlink: /home/ubuntu/ros2_delivFoxy/install/serial/share/serial/cmake/serialConfig.cmake
[2.511s] -- Up-to-date symlink: /home/ubuntu/ros2_delivFoxy/install/serial/share/serial/cmake/serialConfig-version.cmake
[2.521s] -- Up-to-date symlink: /home/ubuntu/ros2_delivFoxy/install/serial/share/serial/package.xml
[2.617s] Invoked command in '/home/ubuntu/ros2_delivFoxy/build/serial' returned '0': CMAKE_PREFIX_PATH=${CMAKE_PREFIX_PATH}:/home/ubuntu/ros2_delivFoxy/install/serial_motor_demo:/home/ubuntu/dev_serial_motor/install/serial_motor_demo:/opt/ros/foxy /usr/bin/cmake --install /home/ubuntu/ros2_delivFoxy/build/serial
