[0.212s] Invoking command in '/home/ubuntu/ros2_delivFoxy/build/serial_motor_demo_msgs': CMAKE_PREFIX_PATH=${CMAKE_PREFIX_PATH}:/home/ubuntu/ros2_delivFoxy/install/serial_motor_demo:/home/ubuntu/dev_serial_motor/install/serial_motor_demo:/opt/ros/foxy /usr/bin/cmake /home/ubuntu/ros2_delivFoxy/src/serial_motor_demo/serial_motor_demo_msgs -DCMAKE_INSTALL_PREFIX=/home/ubuntu/ros2_delivFoxy/install/serial_motor_demo_msgs
[0.463s] -- Found ament_cmake: 0.9.12 (/opt/ros/foxy/share/ament_cmake/cmake)
[0.746s] -- Found PythonInterp: /usr/bin/python3 (found suitable version "3.8.10", minimum required is "3") 
[0.747s] -- Using PYTHON_EXECUTABLE: /usr/bin/python3
[2.429s] -- Override CMake install command with custom implementation using symlinks instead of copying resources
[2.605s] -- Found ament_lint_auto: 0.9.8 (/opt/ros/foxy/share/ament_lint_auto/cmake)
[3.180s] -- Found rosidl_default_generators: 1.0.1 (/opt/ros/foxy/share/rosidl_default_generators/cmake)
[3.230s] -- Using all available rosidl_typesupport_c: rosidl_typesupport_fastrtps_c;rosidl_typesupport_introspection_c
[3.266s] -- Found rosidl_adapter: 1.3.1 (/opt/ros/foxy/share/rosidl_adapter/cmake)
[5.423s] -- Using all available rosidl_typesupport_cpp: rosidl_typesupport_fastrtps_cpp;rosidl_typesupport_introspection_cpp
[5.854s] -- Found PythonInterp: /usr/bin/python3 (found version "3.8.10") 
[6.501s] -- Found ament_cmake_ros: 0.9.2 (/opt/ros/foxy/share/ament_cmake_ros/cmake)
[8.031s] -- Using all available rosidl_typesupport_c: rosidl_typesupport_fastrtps_c;rosidl_typesupport_introspection_c
[8.136s] -- Using all available rosidl_typesupport_cpp: rosidl_typesupport_fastrtps_cpp;rosidl_typesupport_introspection_cpp
[8.359s] -- Found PythonInterp: /usr/bin/python3 (found suitable version "3.8.10", minimum required is "3.5") 
[8.364s] -- Found python_cmake_module: 0.8.1 (/opt/ros/foxy/share/python_cmake_module/cmake)
[8.599s] -- Using PYTHON_EXECUTABLE: /usr/bin/python3
[8.605s] -- Using PYTHON_INCLUDE_DIRS: /usr/include/python3.8
[8.610s] -- Using PYTHON_LIBRARIES: /usr/lib/aarch64-linux-gnu/libpython3.8.so
[8.892s] -- Added test 'copyright' to check source files copyright and LICENSE
[8.905s] -- Added test 'lint_cmake' to check CMake code style
[8.913s] -- Added test 'xmllint' to check XML markup files
[9.056s] -- Configuring done
[9.658s] -- Generating done
[9.680s] -- Build files have been written to: /home/ubuntu/ros2_delivFoxy/build/serial_motor_demo_msgs
[9.734s] Invoked command in '/home/ubuntu/ros2_delivFoxy/build/serial_motor_demo_msgs' returned '0': CMAKE_PREFIX_PATH=${CMAKE_PREFIX_PATH}:/home/ubuntu/ros2_delivFoxy/install/serial_motor_demo:/home/ubuntu/dev_serial_motor/install/serial_motor_demo:/opt/ros/foxy /usr/bin/cmake /home/ubuntu/ros2_delivFoxy/src/serial_motor_demo/serial_motor_demo_msgs -DCMAKE_INSTALL_PREFIX=/home/ubuntu/ros2_delivFoxy/install/serial_motor_demo_msgs
[9.736s] Invoking command in '/home/ubuntu/ros2_delivFoxy/build/serial_motor_demo_msgs': CMAKE_PREFIX_PATH=${CMAKE_PREFIX_PATH}:/home/ubuntu/ros2_delivFoxy/install/serial_motor_demo:/home/ubuntu/dev_serial_motor/install/serial_motor_demo:/opt/ros/foxy /usr/bin/cmake --build /home/ubuntu/ros2_delivFoxy/build/serial_motor_demo_msgs -- -j4 -l4
[10.282s] [  2%] Built target serial_motor_demo_msgs__cpp
[10.452s] [ 12%] Built target serial_motor_demo_msgs__rosidl_generator_c
[10.635s] [ 23%] Built target serial_motor_demo_msgs__rosidl_typesupport_cpp
[10.666s] [ 34%] Built target serial_motor_demo_msgs__rosidl_typesupport_fastrtps_cpp
[10.848s] [ 44%] Built target serial_motor_demo_msgs__rosidl_typesupport_introspection_cpp
[10.928s] [ 55%] Built target serial_motor_demo_msgs__rosidl_typesupport_introspection_c
[11.033s] [ 65%] Built target serial_motor_demo_msgs__rosidl_typesupport_c
[11.043s] [ 76%] Built target serial_motor_demo_msgs__rosidl_typesupport_fastrtps_c
[11.219s] [ 76%] Built target serial_motor_demo_msgs
[11.483s] [ 78%] Built target serial_motor_demo_msgs__py
[11.820s] [ 87%] Built target serial_motor_demo_msgs__python
[12.299s] [ 91%] Built target serial_motor_demo_msgs__rosidl_typesupport_fastrtps_c__pyext
[12.354s] [ 95%] Built target serial_motor_demo_msgs__rosidl_typesupport_c__pyext
[12.371s] [100%] Built target serial_motor_demo_msgs__rosidl_typesupport_introspection_c__pyext
[12.451s] Invoked command in '/home/ubuntu/ros2_delivFoxy/build/serial_motor_demo_msgs' returned '0': CMAKE_PREFIX_PATH=${CMAKE_PREFIX_PATH}:/home/ubuntu/ros2_delivFoxy/install/serial_motor_demo:/home/ubuntu/dev_serial_motor/install/serial_motor_demo:/opt/ros/foxy /usr/bin/cmake --build /home/ubuntu/ros2_delivFoxy/build/serial_motor_demo_msgs -- -j4 -l4
[13.856s] Invoking command in '/home/ubuntu/ros2_delivFoxy/build/serial_motor_demo_msgs': CMAKE_PREFIX_PATH=${CMAKE_PREFIX_PATH}:/home/ubuntu/ros2_delivFoxy/install/serial_motor_demo:/home/ubuntu/dev_serial_motor/install/serial_motor_demo:/opt/ros/foxy /usr/bin/cmake --install /home/ubuntu/ros2_delivFoxy/build/serial_motor_demo_msgs
[14.004s] -- Install configuration: ""
[14.009s] -- Execute custom install script
[14.030s] -- Up-to-date symlink: /home/ubuntu/ros2_delivFoxy/install/serial_motor_demo_msgs/share/ament_index/resource_index/rosidl_interfaces/serial_motor_demo_msgs
[14.049s] -- Up-to-date symlink: /home/ubuntu/ros2_delivFoxy/install/serial_motor_demo_msgs/include/serial_motor_demo_msgs/msg/detail/encoder_vals__functions.h
[14.056s] -- Up-to-date symlink: /home/ubuntu/ros2_delivFoxy/install/serial_motor_demo_msgs/include/serial_motor_demo_msgs/msg/detail/encoder_vals__struct.h
[14.066s] -- Up-to-date symlink: /home/ubuntu/ros2_delivFoxy/install/serial_motor_demo_msgs/include/serial_motor_demo_msgs/msg/detail/encoder_vals__type_support.h
[14.071s] -- Up-to-date symlink: /home/ubuntu/ros2_delivFoxy/install/serial_motor_demo_msgs/include/serial_motor_demo_msgs/msg/detail/motor_command__functions.h
[14.077s] -- Up-to-date symlink: /home/ubuntu/ros2_delivFoxy/install/serial_motor_demo_msgs/include/serial_motor_demo_msgs/msg/detail/motor_command__struct.h
[14.095s] -- Up-to-date symlink: /home/ubuntu/ros2_delivFoxy/install/serial_motor_demo_msgs/include/serial_motor_demo_msgs/msg/detail/motor_command__type_support.h
[14.095s] -- Up-to-date symlink: /home/ubuntu/ros2_delivFoxy/install/serial_motor_demo_msgs/include/serial_motor_demo_msgs/msg/detail/motor_vels__functions.h
[14.096s] -- Up-to-date symlink: /home/ubuntu/ros2_delivFoxy/install/serial_motor_demo_msgs/include/serial_motor_demo_msgs/msg/detail/motor_vels__struct.h
[14.103s] -- Up-to-date symlink: /home/ubuntu/ros2_delivFoxy/install/serial_motor_demo_msgs/include/serial_motor_demo_msgs/msg/detail/motor_vels__type_support.h
[14.108s] -- Up-to-date symlink: /home/ubuntu/ros2_delivFoxy/install/serial_motor_demo_msgs/include/serial_motor_demo_msgs/msg/encoder_vals.h
[14.111s] -- Up-to-date symlink: /home/ubuntu/ros2_delivFoxy/install/serial_motor_demo_msgs/include/serial_motor_demo_msgs/msg/motor_command.h
[14.116s] -- Up-to-date symlink: /home/ubuntu/ros2_delivFoxy/install/serial_motor_demo_msgs/include/serial_motor_demo_msgs/msg/motor_vels.h
[14.124s] -- Up-to-date symlink: /home/ubuntu/ros2_delivFoxy/install/serial_motor_demo_msgs/include/serial_motor_demo_msgs/msg/rosidl_generator_c__visibility_control.h
[14.128s] -- Up-to-date symlink: /home/ubuntu/ros2_delivFoxy/install/serial_motor_demo_msgs/share/serial_motor_demo_msgs/environment/library_path.sh
[14.133s] -- Up-to-date symlink: /home/ubuntu/ros2_delivFoxy/install/serial_motor_demo_msgs/share/serial_motor_demo_msgs/environment/library_path.dsv
[14.150s] -- Up-to-date symlink: /home/ubuntu/ros2_delivFoxy/install/serial_motor_demo_msgs/include/serial_motor_demo_msgs/msg/detail/encoder_vals__rosidl_typesupport_fastrtps_c.h
[14.156s] -- Up-to-date symlink: /home/ubuntu/ros2_delivFoxy/install/serial_motor_demo_msgs/include/serial_motor_demo_msgs/msg/detail/motor_command__rosidl_typesupport_fastrtps_c.h
[14.157s] -- Up-to-date symlink: /home/ubuntu/ros2_delivFoxy/install/serial_motor_demo_msgs/include/serial_motor_demo_msgs/msg/detail/motor_vels__rosidl_typesupport_fastrtps_c.h
[14.158s] -- Up-to-date symlink: /home/ubuntu/ros2_delivFoxy/install/serial_motor_demo_msgs/include/serial_motor_demo_msgs/msg/rosidl_typesupport_fastrtps_c__visibility_control.h
[14.159s] -- Up-to-date symlink: /home/ubuntu/ros2_delivFoxy/install/serial_motor_demo_msgs/lib/libserial_motor_demo_msgs__rosidl_typesupport_fastrtps_c.so
[14.176s] -- Up-to-date symlink: /home/ubuntu/ros2_delivFoxy/install/serial_motor_demo_msgs/include/serial_motor_demo_msgs/msg/detail/encoder_vals__rosidl_typesupport_fastrtps_cpp.hpp
[14.189s] -- Up-to-date symlink: /home/ubuntu/ros2_delivFoxy/install/serial_motor_demo_msgs/include/serial_motor_demo_msgs/msg/detail/motor_command__rosidl_typesupport_fastrtps_cpp.hpp
[14.194s] -- Up-to-date symlink: /home/ubuntu/ros2_delivFoxy/install/serial_motor_demo_msgs/include/serial_motor_demo_msgs/msg/detail/motor_vels__rosidl_typesupport_fastrtps_cpp.hpp
[14.196s] -- Up-to-date symlink: /home/ubuntu/ros2_delivFoxy/install/serial_motor_demo_msgs/include/serial_motor_demo_msgs/msg/rosidl_typesupport_fastrtps_cpp__visibility_control.h
[14.203s] -- Up-to-date symlink: /home/ubuntu/ros2_delivFoxy/install/serial_motor_demo_msgs/lib/libserial_motor_demo_msgs__rosidl_typesupport_fastrtps_cpp.so
[14.211s] -- Up-to-date symlink: /home/ubuntu/ros2_delivFoxy/install/serial_motor_demo_msgs/include/serial_motor_demo_msgs/msg/detail/encoder_vals__rosidl_typesupport_introspection_c.h
[14.213s] -- Up-to-date symlink: /home/ubuntu/ros2_delivFoxy/install/serial_motor_demo_msgs/include/serial_motor_demo_msgs/msg/detail/motor_command__rosidl_typesupport_introspection_c.h
[14.214s] -- Up-to-date symlink: /home/ubuntu/ros2_delivFoxy/install/serial_motor_demo_msgs/include/serial_motor_demo_msgs/msg/detail/motor_vels__rosidl_typesupport_introspection_c.h
[14.219s] -- Up-to-date symlink: /home/ubuntu/ros2_delivFoxy/install/serial_motor_demo_msgs/include/serial_motor_demo_msgs/msg/rosidl_typesupport_introspection_c__visibility_control.h
[14.220s] -- Up-to-date symlink: /home/ubuntu/ros2_delivFoxy/install/serial_motor_demo_msgs/include/serial_motor_demo_msgs/msg/detail/encoder_vals__builder.hpp
[14.224s] -- Up-to-date symlink: /home/ubuntu/ros2_delivFoxy/install/serial_motor_demo_msgs/include/serial_motor_demo_msgs/msg/detail/encoder_vals__struct.hpp
[14.226s] -- Up-to-date symlink: /home/ubuntu/ros2_delivFoxy/install/serial_motor_demo_msgs/include/serial_motor_demo_msgs/msg/detail/encoder_vals__traits.hpp
[14.228s] -- Up-to-date symlink: /home/ubuntu/ros2_delivFoxy/install/serial_motor_demo_msgs/include/serial_motor_demo_msgs/msg/detail/encoder_vals__type_support.hpp
[14.231s] -- Up-to-date symlink: /home/ubuntu/ros2_delivFoxy/install/serial_motor_demo_msgs/include/serial_motor_demo_msgs/msg/detail/motor_command__builder.hpp
[14.233s] -- Up-to-date symlink: /home/ubuntu/ros2_delivFoxy/install/serial_motor_demo_msgs/include/serial_motor_demo_msgs/msg/detail/motor_command__struct.hpp
[14.236s] -- Up-to-date symlink: /home/ubuntu/ros2_delivFoxy/install/serial_motor_demo_msgs/include/serial_motor_demo_msgs/msg/detail/motor_command__traits.hpp
[14.238s] -- Up-to-date symlink: /home/ubuntu/ros2_delivFoxy/install/serial_motor_demo_msgs/include/serial_motor_demo_msgs/msg/detail/motor_command__type_support.hpp
[14.241s] -- Up-to-date symlink: /home/ubuntu/ros2_delivFoxy/install/serial_motor_demo_msgs/include/serial_motor_demo_msgs/msg/detail/motor_vels__builder.hpp
[14.243s] -- Up-to-date symlink: /home/ubuntu/ros2_delivFoxy/install/serial_motor_demo_msgs/include/serial_motor_demo_msgs/msg/detail/motor_vels__struct.hpp
[14.245s] -- Up-to-date symlink: /home/ubuntu/ros2_delivFoxy/install/serial_motor_demo_msgs/include/serial_motor_demo_msgs/msg/detail/motor_vels__traits.hpp
[14.247s] -- Up-to-date symlink: /home/ubuntu/ros2_delivFoxy/install/serial_motor_demo_msgs/include/serial_motor_demo_msgs/msg/detail/motor_vels__type_support.hpp
[14.249s] -- Up-to-date symlink: /home/ubuntu/ros2_delivFoxy/install/serial_motor_demo_msgs/include/serial_motor_demo_msgs/msg/encoder_vals.hpp
[14.251s] -- Up-to-date symlink: /home/ubuntu/ros2_delivFoxy/install/serial_motor_demo_msgs/include/serial_motor_demo_msgs/msg/motor_command.hpp
[14.252s] -- Up-to-date symlink: /home/ubuntu/ros2_delivFoxy/install/serial_motor_demo_msgs/include/serial_motor_demo_msgs/msg/motor_vels.hpp
[14.255s] -- Up-to-date symlink: /home/ubuntu/ros2_delivFoxy/install/serial_motor_demo_msgs/include/serial_motor_demo_msgs/msg/rosidl_generator_cpp__visibility_control.hpp
[14.260s] -- Up-to-date symlink: /home/ubuntu/ros2_delivFoxy/install/serial_motor_demo_msgs/include/serial_motor_demo_msgs/msg/detail/encoder_vals__rosidl_typesupport_introspection_cpp.hpp
[14.263s] -- Up-to-date symlink: /home/ubuntu/ros2_delivFoxy/install/serial_motor_demo_msgs/include/serial_motor_demo_msgs/msg/detail/motor_command__rosidl_typesupport_introspection_cpp.hpp
[14.265s] -- Up-to-date symlink: /home/ubuntu/ros2_delivFoxy/install/serial_motor_demo_msgs/include/serial_motor_demo_msgs/msg/detail/motor_vels__rosidl_typesupport_introspection_cpp.hpp
[14.268s] -- Up-to-date symlink: /home/ubuntu/ros2_delivFoxy/install/serial_motor_demo_msgs/share/serial_motor_demo_msgs/environment/pythonpath.sh
[14.270s] -- Up-to-date symlink: /home/ubuntu/ros2_delivFoxy/install/serial_motor_demo_msgs/share/serial_motor_demo_msgs/environment/pythonpath.dsv
[14.274s] -- Up-to-date symlink: /home/ubuntu/ros2_delivFoxy/install/serial_motor_demo_msgs/lib/python3.8/site-packages/serial_motor_demo_msgs/__init__.py
[14.278s] -- Up-to-date symlink: /home/ubuntu/ros2_delivFoxy/install/serial_motor_demo_msgs/lib/python3.8/site-packages/serial_motor_demo_msgs/msg/__init__.py
[14.288s] -- Up-to-date symlink: /home/ubuntu/ros2_delivFoxy/install/serial_motor_demo_msgs/lib/python3.8/site-packages/serial_motor_demo_msgs/msg/_encoder_vals.py
[14.289s] -- Up-to-date symlink: /home/ubuntu/ros2_delivFoxy/install/serial_motor_demo_msgs/lib/python3.8/site-packages/serial_motor_demo_msgs/msg/_motor_command.py
[14.289s] -- Up-to-date symlink: /home/ubuntu/ros2_delivFoxy/install/serial_motor_demo_msgs/lib/python3.8/site-packages/serial_motor_demo_msgs/msg/_motor_vels.py
[14.291s] -- Up-to-date symlink: /home/ubuntu/ros2_delivFoxy/install/serial_motor_demo_msgs/lib/python3.8/site-packages/serial_motor_demo_msgs/serial_motor_demo_msgs_s__rosidl_typesupport_fastrtps_c.cpython-38-aarch64-linux-gnu.so
[14.296s] -- Up-to-date symlink: /home/ubuntu/ros2_delivFoxy/install/serial_motor_demo_msgs/lib/python3.8/site-packages/serial_motor_demo_msgs/serial_motor_demo_msgs_s__rosidl_typesupport_introspection_c.cpython-38-aarch64-linux-gnu.so
[14.303s] -- Up-to-date symlink: /home/ubuntu/ros2_delivFoxy/install/serial_motor_demo_msgs/lib/python3.8/site-packages/serial_motor_demo_msgs/serial_motor_demo_msgs_s__rosidl_typesupport_c.cpython-38-aarch64-linux-gnu.so
[14.306s] -- Up-to-date symlink: /home/ubuntu/ros2_delivFoxy/install/serial_motor_demo_msgs/lib/libserial_motor_demo_msgs__python.so
[14.316s] -- Up-to-date symlink: /home/ubuntu/ros2_delivFoxy/install/serial_motor_demo_msgs/share/serial_motor_demo_msgs/msg/MotorCommand.idl
[14.323s] -- Up-to-date symlink: /home/ubuntu/ros2_delivFoxy/install/serial_motor_demo_msgs/share/serial_motor_demo_msgs/msg/MotorVels.idl
[14.330s] -- Up-to-date symlink: /home/ubuntu/ros2_delivFoxy/install/serial_motor_demo_msgs/share/serial_motor_demo_msgs/msg/EncoderVals.idl
[14.337s] -- Up-to-date symlink: /home/ubuntu/ros2_delivFoxy/install/serial_motor_demo_msgs/share/serial_motor_demo_msgs/msg/MotorCommand.msg
[14.345s] -- Up-to-date symlink: /home/ubuntu/ros2_delivFoxy/install/serial_motor_demo_msgs/share/serial_motor_demo_msgs/msg/MotorVels.msg
[14.348s] -- Up-to-date symlink: /home/ubuntu/ros2_delivFoxy/install/serial_motor_demo_msgs/share/serial_motor_demo_msgs/msg/EncoderVals.msg
[14.354s] -- Up-to-date symlink: /home/ubuntu/ros2_delivFoxy/install/serial_motor_demo_msgs/share/ament_index/resource_index/package_run_dependencies/serial_motor_demo_msgs
[14.360s] -- Up-to-date symlink: /home/ubuntu/ros2_delivFoxy/install/serial_motor_demo_msgs/share/ament_index/resource_index/parent_prefix_path/serial_motor_demo_msgs
[14.366s] -- Up-to-date symlink: /home/ubuntu/ros2_delivFoxy/install/serial_motor_demo_msgs/share/serial_motor_demo_msgs/environment/ament_prefix_path.sh
[14.373s] -- Up-to-date symlink: /home/ubuntu/ros2_delivFoxy/install/serial_motor_demo_msgs/share/serial_motor_demo_msgs/environment/ament_prefix_path.dsv
[14.378s] -- Up-to-date symlink: /home/ubuntu/ros2_delivFoxy/install/serial_motor_demo_msgs/share/serial_motor_demo_msgs/environment/path.sh
[14.382s] -- Up-to-date symlink: /home/ubuntu/ros2_delivFoxy/install/serial_motor_demo_msgs/share/serial_motor_demo_msgs/environment/path.dsv
[14.384s] -- Up-to-date symlink: /home/ubuntu/ros2_delivFoxy/install/serial_motor_demo_msgs/share/serial_motor_demo_msgs/local_setup.bash
[14.387s] -- Up-to-date symlink: /home/ubuntu/ros2_delivFoxy/install/serial_motor_demo_msgs/share/serial_motor_demo_msgs/local_setup.sh
[14.391s] -- Up-to-date symlink: /home/ubuntu/ros2_delivFoxy/install/serial_motor_demo_msgs/share/serial_motor_demo_msgs/local_setup.zsh
[14.393s] -- Up-to-date symlink: /home/ubuntu/ros2_delivFoxy/install/serial_motor_demo_msgs/share/serial_motor_demo_msgs/local_setup.dsv
[14.394s] -- Symlinking: /home/ubuntu/ros2_delivFoxy/install/serial_motor_demo_msgs/share/serial_motor_demo_msgs/package.dsv
[14.495s] -- Up-to-date symlink: /home/ubuntu/ros2_delivFoxy/install/serial_motor_demo_msgs/share/ament_index/resource_index/packages/serial_motor_demo_msgs
[14.500s] -- Up-to-date symlink: /home/ubuntu/ros2_delivFoxy/install/serial_motor_demo_msgs/share/serial_motor_demo_msgs/cmake/rosidl_cmake-extras.cmake
[14.503s] -- Up-to-date symlink: /home/ubuntu/ros2_delivFoxy/install/serial_motor_demo_msgs/share/serial_motor_demo_msgs/cmake/ament_cmake_export_dependencies-extras.cmake
[14.508s] -- Up-to-date symlink: /home/ubuntu/ros2_delivFoxy/install/serial_motor_demo_msgs/share/serial_motor_demo_msgs/cmake/ament_cmake_export_libraries-extras.cmake
[14.514s] -- Up-to-date symlink: /home/ubuntu/ros2_delivFoxy/install/serial_motor_demo_msgs/share/serial_motor_demo_msgs/cmake/ament_cmake_export_targets-extras.cmake
[14.518s] -- Up-to-date symlink: /home/ubuntu/ros2_delivFoxy/install/serial_motor_demo_msgs/share/serial_motor_demo_msgs/cmake/ament_cmake_export_include_directories-extras.cmake
[14.523s] -- Up-to-date symlink: /home/ubuntu/ros2_delivFoxy/install/serial_motor_demo_msgs/share/serial_motor_demo_msgs/cmake/rosidl_cmake_export_typesupport_libraries-extras.cmake
[14.529s] -- Up-to-date symlink: /home/ubuntu/ros2_delivFoxy/install/serial_motor_demo_msgs/share/serial_motor_demo_msgs/cmake/rosidl_cmake_export_typesupport_targets-extras.cmake
[14.536s] -- Up-to-date symlink: /home/ubuntu/ros2_delivFoxy/install/serial_motor_demo_msgs/share/serial_motor_demo_msgs/cmake/serial_motor_demo_msgsConfig.cmake
[14.542s] -- Up-to-date symlink: /home/ubuntu/ros2_delivFoxy/install/serial_motor_demo_msgs/share/serial_motor_demo_msgs/cmake/serial_motor_demo_msgsConfig-version.cmake
[14.548s] -- Up-to-date symlink: /home/ubuntu/ros2_delivFoxy/install/serial_motor_demo_msgs/share/serial_motor_demo_msgs/package.xml
[14.559s] -- Up-to-date: /home/ubuntu/ros2_delivFoxy/install/serial_motor_demo_msgs/lib/libserial_motor_demo_msgs__rosidl_generator_c.so
[14.563s] -- Up-to-date: /home/ubuntu/ros2_delivFoxy/install/serial_motor_demo_msgs/lib/libserial_motor_demo_msgs__rosidl_typesupport_introspection_c.so
[14.568s] -- Up-to-date: /home/ubuntu/ros2_delivFoxy/install/serial_motor_demo_msgs/lib/libserial_motor_demo_msgs__rosidl_typesupport_c.so
[14.581s] -- Up-to-date: /home/ubuntu/ros2_delivFoxy/install/serial_motor_demo_msgs/lib/libserial_motor_demo_msgs__rosidl_typesupport_introspection_cpp.so
[14.593s] -- Up-to-date: /home/ubuntu/ros2_delivFoxy/install/serial_motor_demo_msgs/lib/libserial_motor_demo_msgs__rosidl_typesupport_cpp.so
[14.903s] Compiling '/home/ubuntu/ros2_delivFoxy/install/serial_motor_demo_msgs/lib/python3.8/site-packages/serial_motor_demo_msgs/__init__.py'...
[14.949s] -- Up-to-date: /home/ubuntu/ros2_delivFoxy/install/serial_motor_demo_msgs/share/serial_motor_demo_msgs/cmake/serial_motor_demo_msgs__rosidl_generator_cExport.cmake
[14.950s] -- Installing: /home/ubuntu/ros2_delivFoxy/install/serial_motor_demo_msgs/share/serial_motor_demo_msgs/cmake/serial_motor_demo_msgs__rosidl_generator_cExport-noconfig.cmake
[14.953s] -- Up-to-date: /home/ubuntu/ros2_delivFoxy/install/serial_motor_demo_msgs/share/serial_motor_demo_msgs/cmake/serial_motor_demo_msgs__rosidl_typesupport_introspection_cExport.cmake
[14.954s] -- Installing: /home/ubuntu/ros2_delivFoxy/install/serial_motor_demo_msgs/share/serial_motor_demo_msgs/cmake/serial_motor_demo_msgs__rosidl_typesupport_introspection_cExport-noconfig.cmake
[14.958s] -- Up-to-date: /home/ubuntu/ros2_delivFoxy/install/serial_motor_demo_msgs/share/serial_motor_demo_msgs/cmake/serial_motor_demo_msgs__rosidl_typesupport_cExport.cmake
[14.959s] -- Installing: /home/ubuntu/ros2_delivFoxy/install/serial_motor_demo_msgs/share/serial_motor_demo_msgs/cmake/serial_motor_demo_msgs__rosidl_typesupport_cExport-noconfig.cmake
[14.963s] -- Up-to-date: /home/ubuntu/ros2_delivFoxy/install/serial_motor_demo_msgs/share/serial_motor_demo_msgs/cmake/serial_motor_demo_msgs__rosidl_generator_cppExport.cmake
[14.966s] -- Up-to-date: /home/ubuntu/ros2_delivFoxy/install/serial_motor_demo_msgs/share/serial_motor_demo_msgs/cmake/serial_motor_demo_msgs__rosidl_typesupport_introspection_cppExport.cmake
[14.968s] -- Installing: /home/ubuntu/ros2_delivFoxy/install/serial_motor_demo_msgs/share/serial_motor_demo_msgs/cmake/serial_motor_demo_msgs__rosidl_typesupport_introspection_cppExport-noconfig.cmake
[14.973s] -- Up-to-date: /home/ubuntu/ros2_delivFoxy/install/serial_motor_demo_msgs/share/serial_motor_demo_msgs/cmake/serial_motor_demo_msgs__rosidl_typesupport_cppExport.cmake
[14.975s] -- Installing: /home/ubuntu/ros2_delivFoxy/install/serial_motor_demo_msgs/share/serial_motor_demo_msgs/cmake/serial_motor_demo_msgs__rosidl_typesupport_cppExport-noconfig.cmake
[14.992s] Invoked command in '/home/ubuntu/ros2_delivFoxy/build/serial_motor_demo_msgs' returned '0': CMAKE_PREFIX_PATH=${CMAKE_PREFIX_PATH}:/home/ubuntu/ros2_delivFoxy/install/serial_motor_demo:/home/ubuntu/dev_serial_motor/install/serial_motor_demo:/opt/ros/foxy /usr/bin/cmake --install /home/ubuntu/ros2_delivFoxy/build/serial_motor_demo_msgs
