[0.310s] Invoking command in '/home/ubuntu/ros2_delivFoxy/build/openslam_gmapping': CMAKE_PREFIX_PATH=${CMAKE_PREFIX_PATH}:/home/ubuntu/ros2_delivFoxy/install/serial_motor_demo:/home/ubuntu/dev_serial_motor/install/serial_motor_demo:/opt/ros/foxy /usr/bin/cmake --build /home/ubuntu/ros2_delivFoxy/build/openslam_gmapping -- -j4 -l4
[1.150s] [ 13%] Built target utils
[1.205s] [ 27%] Built target sensor_base
[1.470s] [ 40%] Built target sensor_range
[1.489s] [ 54%] Built target sensor_odometry
[1.755s] [ 77%] Built target scanmatcher
[2.006s] [100%] Built target gridfastslam
[2.380s] Invoked command in '/home/ubuntu/ros2_delivFoxy/build/openslam_gmapping' returned '0': CMAKE_PREFIX_PATH=${CMAKE_PREFIX_PATH}:/home/ubuntu/ros2_delivFoxy/install/serial_motor_demo:/home/ubuntu/dev_serial_motor/install/serial_motor_demo:/opt/ros/foxy /usr/bin/cmake --build /home/ubuntu/ros2_delivFoxy/build/openslam_gmapping -- -j4 -l4
[2.913s] Invoking command in '/home/ubuntu/ros2_delivFoxy/build/openslam_gmapping': CMAKE_PREFIX_PATH=${CMAKE_PREFIX_PATH}:/home/ubuntu/ros2_delivFoxy/install/serial_motor_demo:/home/ubuntu/dev_serial_motor/install/serial_motor_demo:/opt/ros/foxy /usr/bin/cmake --install /home/ubuntu/ros2_delivFoxy/build/openslam_gmapping
[3.039s] -- Install configuration: ""
[3.058s] -- Execute custom install script
[3.062s] -- Up-to-date symlink: /home/ubuntu/ros2_delivFoxy/install/openslam_gmapping/lib/libgridfastslam.a
[3.065s] -- Up-to-date symlink: /home/ubuntu/ros2_delivFoxy/install/openslam_gmapping/lib/libscanmatcher.a
[3.069s] -- Up-to-date symlink: /home/ubuntu/ros2_delivFoxy/install/openslam_gmapping/lib/libsensor_base.a
[3.074s] -- Up-to-date symlink: /home/ubuntu/ros2_delivFoxy/install/openslam_gmapping/share/openslam_gmapping/environment/library_path.sh
[3.090s] -- Up-to-date symlink: /home/ubuntu/ros2_delivFoxy/install/openslam_gmapping/share/openslam_gmapping/environment/library_path.dsv
[3.093s] -- Up-to-date symlink: /home/ubuntu/ros2_delivFoxy/install/openslam_gmapping/share/openslam_gmapping/environment/library_path.sh
[3.096s] -- Up-to-date symlink: /home/ubuntu/ros2_delivFoxy/install/openslam_gmapping/share/openslam_gmapping/environment/library_path.dsv
[3.104s] -- Up-to-date symlink: /home/ubuntu/ros2_delivFoxy/install/openslam_gmapping/lib/libsensor_odometry.a
[3.108s] -- Up-to-date symlink: /home/ubuntu/ros2_delivFoxy/install/openslam_gmapping/lib/libsensor_range.a
[3.124s] -- Up-to-date symlink: /home/ubuntu/ros2_delivFoxy/install/openslam_gmapping/lib/libutils.a
[3.127s] -- Up-to-date symlink: /home/ubuntu/ros2_delivFoxy/install/openslam_gmapping/share/openslam_gmapping/environment/library_path.sh
[3.131s] -- Up-to-date symlink: /home/ubuntu/ros2_delivFoxy/install/openslam_gmapping/share/openslam_gmapping/environment/library_path.dsv
[3.134s] -- Up-to-date symlink: /home/ubuntu/ros2_delivFoxy/install/openslam_gmapping/share/openslam_gmapping/environment/library_path.sh
[3.137s] -- Up-to-date symlink: /home/ubuntu/ros2_delivFoxy/install/openslam_gmapping/share/openslam_gmapping/environment/library_path.dsv
[3.153s] -- Up-to-date symlink: /home/ubuntu/ros2_delivFoxy/install/openslam_gmapping/include//gmapping/grid/accessstate.h
[3.156s] -- Up-to-date symlink: /home/ubuntu/ros2_delivFoxy/install/openslam_gmapping/include//gmapping/grid/array2d.h
[3.159s] -- Up-to-date symlink: /home/ubuntu/ros2_delivFoxy/install/openslam_gmapping/include//gmapping/grid/harray2d.h
[3.164s] -- Up-to-date symlink: /home/ubuntu/ros2_delivFoxy/install/openslam_gmapping/include//gmapping/grid/map.h
[3.173s] -- Up-to-date symlink: /home/ubuntu/ros2_delivFoxy/install/openslam_gmapping/include//gmapping/gridfastslam/gridslamprocessor.h
[3.184s] -- Up-to-date symlink: /home/ubuntu/ros2_delivFoxy/install/openslam_gmapping/include//gmapping/gridfastslam/gridslamprocessor.hxx
[3.188s] -- Up-to-date symlink: /home/ubuntu/ros2_delivFoxy/install/openslam_gmapping/include//gmapping/gridfastslam/motionmodel.h
[3.193s] -- Up-to-date symlink: /home/ubuntu/ros2_delivFoxy/install/openslam_gmapping/include//gmapping/log/configuration.h
[3.197s] -- Up-to-date symlink: /home/ubuntu/ros2_delivFoxy/install/openslam_gmapping/include//gmapping/log/sensorlog.h
[3.201s] -- Up-to-date symlink: /home/ubuntu/ros2_delivFoxy/install/openslam_gmapping/include//gmapping/particlefilter/particlefilter.h
[3.205s] -- Up-to-date symlink: /home/ubuntu/ros2_delivFoxy/install/openslam_gmapping/include//gmapping/scanmatcher/icp.h
[3.208s] -- Up-to-date symlink: /home/ubuntu/ros2_delivFoxy/install/openslam_gmapping/include//gmapping/scanmatcher/scanmatcher.h
[3.213s] -- Up-to-date symlink: /home/ubuntu/ros2_delivFoxy/install/openslam_gmapping/include//gmapping/scanmatcher/smmap.h
[3.216s] -- Up-to-date symlink: /home/ubuntu/ros2_delivFoxy/install/openslam_gmapping/include//gmapping/sensor/sensor_base/sensor.h
[3.220s] -- Up-to-date symlink: /home/ubuntu/ros2_delivFoxy/install/openslam_gmapping/include//gmapping/sensor/sensor_base/sensorreading.h
[3.229s] -- Up-to-date symlink: /home/ubuntu/ros2_delivFoxy/install/openslam_gmapping/include//gmapping/sensor/sensor_odometry/odometryreading.h
[3.235s] -- Up-to-date symlink: /home/ubuntu/ros2_delivFoxy/install/openslam_gmapping/include//gmapping/sensor/sensor_odometry/odometrysensor.h
[3.240s] -- Up-to-date symlink: /home/ubuntu/ros2_delivFoxy/install/openslam_gmapping/include//gmapping/sensor/sensor_range/rangereading.h
[3.243s] -- Up-to-date symlink: /home/ubuntu/ros2_delivFoxy/install/openslam_gmapping/include//gmapping/sensor/sensor_range/rangesensor.h
[3.246s] -- Up-to-date symlink: /home/ubuntu/ros2_delivFoxy/install/openslam_gmapping/include//gmapping/utils/autoptr.h
[3.247s] -- Up-to-date symlink: /home/ubuntu/ros2_delivFoxy/install/openslam_gmapping/include//gmapping/utils/commandline.h
[3.248s] -- Up-to-date symlink: /home/ubuntu/ros2_delivFoxy/install/openslam_gmapping/include//gmapping/utils/gvalues.h
[3.249s] -- Up-to-date symlink: /home/ubuntu/ros2_delivFoxy/install/openslam_gmapping/include//gmapping/utils/macro_params.h
[3.249s] -- Up-to-date symlink: /home/ubuntu/ros2_delivFoxy/install/openslam_gmapping/include//gmapping/utils/point.h
[3.252s] -- Up-to-date symlink: /home/ubuntu/ros2_delivFoxy/install/openslam_gmapping/include//gmapping/utils/stat.h
[3.256s] -- Up-to-date symlink: /home/ubuntu/ros2_delivFoxy/install/openslam_gmapping/share/ament_index/resource_index/package_run_dependencies/openslam_gmapping
[3.259s] -- Up-to-date symlink: /home/ubuntu/ros2_delivFoxy/install/openslam_gmapping/share/ament_index/resource_index/parent_prefix_path/openslam_gmapping
[3.261s] -- Up-to-date symlink: /home/ubuntu/ros2_delivFoxy/install/openslam_gmapping/share/openslam_gmapping/environment/ament_prefix_path.sh
[3.263s] -- Up-to-date symlink: /home/ubuntu/ros2_delivFoxy/install/openslam_gmapping/share/openslam_gmapping/environment/ament_prefix_path.dsv
[3.264s] -- Up-to-date symlink: /home/ubuntu/ros2_delivFoxy/install/openslam_gmapping/share/openslam_gmapping/environment/path.sh
[3.267s] -- Up-to-date symlink: /home/ubuntu/ros2_delivFoxy/install/openslam_gmapping/share/openslam_gmapping/environment/path.dsv
[3.268s] -- Up-to-date symlink: /home/ubuntu/ros2_delivFoxy/install/openslam_gmapping/share/openslam_gmapping/local_setup.bash
[3.270s] -- Up-to-date symlink: /home/ubuntu/ros2_delivFoxy/install/openslam_gmapping/share/openslam_gmapping/local_setup.sh
[3.272s] -- Up-to-date symlink: /home/ubuntu/ros2_delivFoxy/install/openslam_gmapping/share/openslam_gmapping/local_setup.zsh
[3.274s] -- Up-to-date symlink: /home/ubuntu/ros2_delivFoxy/install/openslam_gmapping/share/openslam_gmapping/local_setup.dsv
[3.275s] -- Symlinking: /home/ubuntu/ros2_delivFoxy/install/openslam_gmapping/share/openslam_gmapping/package.dsv
[3.347s] -- Up-to-date symlink: /home/ubuntu/ros2_delivFoxy/install/openslam_gmapping/share/ament_index/resource_index/packages/openslam_gmapping
[3.352s] -- Up-to-date symlink: /home/ubuntu/ros2_delivFoxy/install/openslam_gmapping/share/openslam_gmapping/cmake/ament_cmake_export_libraries-extras.cmake
[3.355s] -- Up-to-date symlink: /home/ubuntu/ros2_delivFoxy/install/openslam_gmapping/share/openslam_gmapping/cmake/ament_cmake_export_include_directories-extras.cmake
[3.359s] -- Up-to-date symlink: /home/ubuntu/ros2_delivFoxy/install/openslam_gmapping/share/openslam_gmapping/cmake/openslam_gmappingConfig.cmake
[3.362s] -- Up-to-date symlink: /home/ubuntu/ros2_delivFoxy/install/openslam_gmapping/share/openslam_gmapping/cmake/openslam_gmappingConfig-version.cmake
[3.369s] -- Up-to-date symlink: /home/ubuntu/ros2_delivFoxy/install/openslam_gmapping/share/openslam_gmapping/package.xml
[3.393s] Invoked command in '/home/ubuntu/ros2_delivFoxy/build/openslam_gmapping' returned '0': CMAKE_PREFIX_PATH=${CMAKE_PREFIX_PATH}:/home/ubuntu/ros2_delivFoxy/install/serial_motor_demo:/home/ubuntu/dev_serial_motor/install/serial_motor_demo:/opt/ros/foxy /usr/bin/cmake --install /home/ubuntu/ros2_delivFoxy/build/openslam_gmapping
