[0.210s] Invoking command in '/home/ubuntu/ros2_delivFoxy/build/articubot_one': CMAKE_PREFIX_PATH=${CMAKE_PREFIX_PATH}:/home/ubuntu/ros2_delivFoxy/install/serial_motor_demo:/home/ubuntu/dev_serial_motor/install/serial_motor_demo:/opt/ros/foxy /usr/bin/cmake --build /home/ubuntu/ros2_delivFoxy/build/articubot_one -- -j4 -l4
[0.589s] Invoked command in '/home/ubuntu/ros2_delivFoxy/build/articubot_one' returned '0': CMAKE_PREFIX_PATH=${CMAKE_PREFIX_PATH}:/home/ubuntu/ros2_delivFoxy/install/serial_motor_demo:/home/ubuntu/dev_serial_motor/install/serial_motor_demo:/opt/ros/foxy /usr/bin/cmake --build /home/ubuntu/ros2_delivFoxy/build/articubot_one -- -j4 -l4
[1.004s] Invoking command in '/home/ubuntu/ros2_delivFoxy/build/articubot_one': CMAKE_PREFIX_PATH=${CMAKE_PREFIX_PATH}:/home/ubuntu/ros2_delivFoxy/install/serial_motor_demo:/home/ubuntu/dev_serial_motor/install/serial_motor_demo:/opt/ros/foxy /usr/bin/cmake --install /home/ubuntu/ros2_delivFoxy/build/articubot_one
[1.075s] -- Install configuration: ""
[1.079s] -- Execute custom install script
[1.086s] -- Up-to-date symlink: /home/ubuntu/ros2_delivFoxy/install/articubot_one/share/articubot_one/config/ball_tracker_params_robot.yaml
[1.088s] -- Up-to-date symlink: /home/ubuntu/ros2_delivFoxy/install/articubot_one/share/articubot_one/config/ball_tracker_params_sim.yaml
[1.091s] -- Up-to-date symlink: /home/ubuntu/ros2_delivFoxy/install/articubot_one/share/articubot_one/config/drive_bot.rviz
[1.092s] -- Up-to-date symlink: /home/ubuntu/ros2_delivFoxy/install/articubot_one/share/articubot_one/config/empty.yaml
[1.094s] -- Up-to-date symlink: /home/ubuntu/ros2_delivFoxy/install/articubot_one/share/articubot_one/config/gaz_ros2_ctl_use_sim.yaml
[1.095s] -- Up-to-date symlink: /home/ubuntu/ros2_delivFoxy/install/articubot_one/share/articubot_one/config/gazebo_params.yaml
[1.097s] -- Up-to-date symlink: /home/ubuntu/ros2_delivFoxy/install/articubot_one/share/articubot_one/config/joystick.yaml
[1.098s] -- Up-to-date symlink: /home/ubuntu/ros2_delivFoxy/install/articubot_one/share/articubot_one/config/main.rviz
[1.099s] -- Up-to-date symlink: /home/ubuntu/ros2_delivFoxy/install/articubot_one/share/articubot_one/config/map.rviz
[1.101s] -- Up-to-date symlink: /home/ubuntu/ros2_delivFoxy/install/articubot_one/share/articubot_one/config/mapper_params_online_async.yaml
[1.102s] -- Up-to-date symlink: /home/ubuntu/ros2_delivFoxy/install/articubot_one/share/articubot_one/config/my_controllers.yaml
[1.103s] -- Up-to-date symlink: /home/ubuntu/ros2_delivFoxy/install/articubot_one/share/articubot_one/config/nav2_params.yaml
[1.105s] -- Up-to-date symlink: /home/ubuntu/ros2_delivFoxy/install/articubot_one/share/articubot_one/config/twist_mux.yaml
[1.106s] -- Up-to-date symlink: /home/ubuntu/ros2_delivFoxy/install/articubot_one/share/articubot_one/config/view_bot.rviz
[1.109s] -- Up-to-date symlink: /home/ubuntu/ros2_delivFoxy/install/articubot_one/share/articubot_one/description/camera.xacro
[1.111s] -- Up-to-date symlink: /home/ubuntu/ros2_delivFoxy/install/articubot_one/share/articubot_one/description/depth_camera.xacro
[1.112s] -- Up-to-date symlink: /home/ubuntu/ros2_delivFoxy/install/articubot_one/share/articubot_one/description/face.xacro
[1.114s] -- Up-to-date symlink: /home/ubuntu/ros2_delivFoxy/install/articubot_one/share/articubot_one/description/gazebo_control.xacro
[1.116s] -- Up-to-date symlink: /home/ubuntu/ros2_delivFoxy/install/articubot_one/share/articubot_one/description/inertial_macros.xacro
[1.117s] -- Up-to-date symlink: /home/ubuntu/ros2_delivFoxy/install/articubot_one/share/articubot_one/description/lidar.xacro
[1.119s] -- Up-to-date symlink: /home/ubuntu/ros2_delivFoxy/install/articubot_one/share/articubot_one/description/robot.urdf.xacro
[1.121s] -- Up-to-date symlink: /home/ubuntu/ros2_delivFoxy/install/articubot_one/share/articubot_one/description/robot_core.xacro
[1.122s] -- Up-to-date symlink: /home/ubuntu/ros2_delivFoxy/install/articubot_one/share/articubot_one/description/ros2_control.xacro
[1.126s] -- Up-to-date symlink: /home/ubuntu/ros2_delivFoxy/install/articubot_one/share/articubot_one/launch/ball_tracker.launch.py
[1.127s] -- Up-to-date symlink: /home/ubuntu/ros2_delivFoxy/install/articubot_one/share/articubot_one/launch/camera.launch.py
[1.130s] -- Up-to-date symlink: /home/ubuntu/ros2_delivFoxy/install/articubot_one/share/articubot_one/launch/joystick.launch.py
[1.131s] -- Up-to-date symlink: /home/ubuntu/ros2_delivFoxy/install/articubot_one/share/articubot_one/launch/launch_robot.launch.py
[1.133s] -- Up-to-date symlink: /home/ubuntu/ros2_delivFoxy/install/articubot_one/share/articubot_one/launch/launch_sim.launch.py
[1.134s] -- Up-to-date symlink: /home/ubuntu/ros2_delivFoxy/install/articubot_one/share/articubot_one/launch/localization_launch.py
[1.136s] -- Up-to-date symlink: /home/ubuntu/ros2_delivFoxy/install/articubot_one/share/articubot_one/launch/navigation_launch.py
[1.138s] -- Up-to-date symlink: /home/ubuntu/ros2_delivFoxy/install/articubot_one/share/articubot_one/launch/online_async_launch.py
[1.149s] -- Up-to-date symlink: /home/ubuntu/ros2_delivFoxy/install/articubot_one/share/articubot_one/launch/rplidar.launch.py
[1.151s] -- Up-to-date symlink: /home/ubuntu/ros2_delivFoxy/install/articubot_one/share/articubot_one/launch/rsp.launch.py
[1.170s] -- Up-to-date symlink: /home/ubuntu/ros2_delivFoxy/install/articubot_one/share/articubot_one/worlds/empty.world
[1.172s] -- Up-to-date symlink: /home/ubuntu/ros2_delivFoxy/install/articubot_one/share/articubot_one/worlds/obstacles.world
[1.175s] -- Up-to-date symlink: /home/ubuntu/ros2_delivFoxy/install/articubot_one/share/ament_index/resource_index/package_run_dependencies/articubot_one
[1.178s] -- Up-to-date symlink: /home/ubuntu/ros2_delivFoxy/install/articubot_one/share/ament_index/resource_index/parent_prefix_path/articubot_one
[1.192s] -- Up-to-date symlink: /home/ubuntu/ros2_delivFoxy/install/articubot_one/share/articubot_one/environment/ament_prefix_path.sh
[1.194s] -- Up-to-date symlink: /home/ubuntu/ros2_delivFoxy/install/articubot_one/share/articubot_one/environment/ament_prefix_path.dsv
[1.196s] -- Up-to-date symlink: /home/ubuntu/ros2_delivFoxy/install/articubot_one/share/articubot_one/environment/path.sh
[1.208s] -- Up-to-date symlink: /home/ubuntu/ros2_delivFoxy/install/articubot_one/share/articubot_one/environment/path.dsv
[1.230s] -- Up-to-date symlink: /home/ubuntu/ros2_delivFoxy/install/articubot_one/share/articubot_one/local_setup.bash
[1.236s] -- Up-to-date symlink: /home/ubuntu/ros2_delivFoxy/install/articubot_one/share/articubot_one/local_setup.sh
[1.239s] -- Up-to-date symlink: /home/ubuntu/ros2_delivFoxy/install/articubot_one/share/articubot_one/local_setup.zsh
[1.239s] -- Up-to-date symlink: /home/ubuntu/ros2_delivFoxy/install/articubot_one/share/articubot_one/local_setup.dsv
[1.245s] -- Symlinking: /home/ubuntu/ros2_delivFoxy/install/articubot_one/share/articubot_one/package.dsv
[1.334s] -- Up-to-date symlink: /home/ubuntu/ros2_delivFoxy/install/articubot_one/share/ament_index/resource_index/packages/articubot_one
[1.335s] -- Up-to-date symlink: /home/ubuntu/ros2_delivFoxy/install/articubot_one/share/articubot_one/cmake/articubot_oneConfig.cmake
[1.337s] -- Up-to-date symlink: /home/ubuntu/ros2_delivFoxy/install/articubot_one/share/articubot_one/cmake/articubot_oneConfig-version.cmake
[1.339s] -- Up-to-date symlink: /home/ubuntu/ros2_delivFoxy/install/articubot_one/share/articubot_one/package.xml
[1.351s] Invoked command in '/home/ubuntu/ros2_delivFoxy/build/articubot_one' returned '0': CMAKE_PREFIX_PATH=${CMAKE_PREFIX_PATH}:/home/ubuntu/ros2_delivFoxy/install/serial_motor_demo:/home/ubuntu/dev_serial_motor/install/serial_motor_demo:/opt/ros/foxy /usr/bin/cmake --install /home/ubuntu/ros2_delivFoxy/build/articubot_one
