[0.272s] Invoking command in '/home/ubuntu/ros2_delivFoxy/build/serial_motor_demo_msgs': CMAKE_PREFIX_PATH=${CMAKE_PREFIX_PATH}:/home/ubuntu/ros2_delivFoxy/install/serial_motor_demo:/home/ubuntu/dev_serial_motor/install/serial_motor_demo:/opt/ros/foxy /usr/bin/cmake --build /home/ubuntu/ros2_delivFoxy/build/serial_motor_demo_msgs -- -j4 -l4
[1.058s] [  2%] Built target serial_motor_demo_msgs__cpp
[1.280s] [ 12%] Built target serial_motor_demo_msgs__rosidl_generator_c
[1.613s] [ 23%] Built target serial_motor_demo_msgs__rosidl_typesupport_introspection_cpp
[1.983s] [ 34%] Built target serial_motor_demo_msgs__rosidl_typesupport_introspection_c
[2.293s] [ 44%] Built target serial_motor_demo_msgs__rosidl_typesupport_c
[2.761s] [ 55%] Built target serial_motor_demo_msgs__rosidl_typesupport_fastrtps_cpp
[2.999s] [ 65%] Built target serial_motor_demo_msgs__rosidl_typesupport_cpp
[3.280s] [ 76%] Built target serial_motor_demo_msgs__rosidl_typesupport_fastrtps_c
[3.518s] [ 76%] Built target serial_motor_demo_msgs
[3.841s] [ 78%] Built target serial_motor_demo_msgs__py
[4.275s] [ 87%] Built target serial_motor_demo_msgs__python
[4.563s] [ 91%] Built target serial_motor_demo_msgs__rosidl_typesupport_introspection_c__pyext
[4.880s] [ 95%] Built target serial_motor_demo_msgs__rosidl_typesupport_c__pyext
[5.206s] [100%] Built target serial_motor_demo_msgs__rosidl_typesupport_fastrtps_c__pyext
[5.307s] Invoked command in '/home/ubuntu/ros2_delivFoxy/build/serial_motor_demo_msgs' returned '0': CMAKE_PREFIX_PATH=${CMAKE_PREFIX_PATH}:/home/ubuntu/ros2_delivFoxy/install/serial_motor_demo:/home/ubuntu/dev_serial_motor/install/serial_motor_demo:/opt/ros/foxy /usr/bin/cmake --build /home/ubuntu/ros2_delivFoxy/build/serial_motor_demo_msgs -- -j4 -l4
[7.446s] Invoking command in '/home/ubuntu/ros2_delivFoxy/build/serial_motor_demo_msgs': CMAKE_PREFIX_PATH=${CMAKE_PREFIX_PATH}:/home/ubuntu/ros2_delivFoxy/install/serial_motor_demo:/home/ubuntu/dev_serial_motor/install/serial_motor_demo:/opt/ros/foxy /usr/bin/cmake --install /home/ubuntu/ros2_delivFoxy/build/serial_motor_demo_msgs
[7.573s] -- Install configuration: ""
[7.583s] -- Execute custom install script
[7.588s] -- Up-to-date symlink: /home/ubuntu/ros2_delivFoxy/install/serial_motor_demo_msgs/share/ament_index/resource_index/rosidl_interfaces/serial_motor_demo_msgs
[7.606s] -- Up-to-date symlink: /home/ubuntu/ros2_delivFoxy/install/serial_motor_demo_msgs/include/serial_motor_demo_msgs/msg/detail/encoder_vals__functions.h
[7.618s] -- Up-to-date symlink: /home/ubuntu/ros2_delivFoxy/install/serial_motor_demo_msgs/include/serial_motor_demo_msgs/msg/detail/encoder_vals__struct.h
[7.620s] -- Up-to-date symlink: /home/ubuntu/ros2_delivFoxy/install/serial_motor_demo_msgs/include/serial_motor_demo_msgs/msg/detail/encoder_vals__type_support.h
[7.642s] -- Up-to-date symlink: /home/ubuntu/ros2_delivFoxy/install/serial_motor_demo_msgs/include/serial_motor_demo_msgs/msg/detail/motor_command__functions.h
[7.646s] -- Up-to-date symlink: /home/ubuntu/ros2_delivFoxy/install/serial_motor_demo_msgs/include/serial_motor_demo_msgs/msg/detail/motor_command__struct.h
[7.647s] -- Up-to-date symlink: /home/ubuntu/ros2_delivFoxy/install/serial_motor_demo_msgs/include/serial_motor_demo_msgs/msg/detail/motor_command__type_support.h
[7.647s] -- Up-to-date symlink: /home/ubuntu/ros2_delivFoxy/install/serial_motor_demo_msgs/include/serial_motor_demo_msgs/msg/detail/motor_vels__functions.h
[7.648s] -- Up-to-date symlink: /home/ubuntu/ros2_delivFoxy/install/serial_motor_demo_msgs/include/serial_motor_demo_msgs/msg/detail/motor_vels__struct.h
[7.648s] -- Up-to-date symlink: /home/ubuntu/ros2_delivFoxy/install/serial_motor_demo_msgs/include/serial_motor_demo_msgs/msg/detail/motor_vels__type_support.h
[7.657s] -- Up-to-date symlink: /home/ubuntu/ros2_delivFoxy/install/serial_motor_demo_msgs/include/serial_motor_demo_msgs/msg/encoder_vals.h
[7.664s] -- Up-to-date symlink: /home/ubuntu/ros2_delivFoxy/install/serial_motor_demo_msgs/include/serial_motor_demo_msgs/msg/motor_command.h
[7.669s] -- Up-to-date symlink: /home/ubuntu/ros2_delivFoxy/install/serial_motor_demo_msgs/include/serial_motor_demo_msgs/msg/motor_vels.h
[7.712s] -- Up-to-date symlink: /home/ubuntu/ros2_delivFoxy/install/serial_motor_demo_msgs/include/serial_motor_demo_msgs/msg/rosidl_generator_c__visibility_control.h
[7.721s] -- Up-to-date symlink: /home/ubuntu/ros2_delivFoxy/install/serial_motor_demo_msgs/share/serial_motor_demo_msgs/environment/library_path.sh
[7.725s] -- Up-to-date symlink: /home/ubuntu/ros2_delivFoxy/install/serial_motor_demo_msgs/share/serial_motor_demo_msgs/environment/library_path.dsv
[7.734s] -- Up-to-date symlink: /home/ubuntu/ros2_delivFoxy/install/serial_motor_demo_msgs/include/serial_motor_demo_msgs/msg/detail/encoder_vals__rosidl_typesupport_fastrtps_c.h
[7.735s] -- Up-to-date symlink: /home/ubuntu/ros2_delivFoxy/install/serial_motor_demo_msgs/include/serial_motor_demo_msgs/msg/detail/motor_command__rosidl_typesupport_fastrtps_c.h
[7.737s] -- Up-to-date symlink: /home/ubuntu/ros2_delivFoxy/install/serial_motor_demo_msgs/include/serial_motor_demo_msgs/msg/detail/motor_vels__rosidl_typesupport_fastrtps_c.h
[7.739s] -- Up-to-date symlink: /home/ubuntu/ros2_delivFoxy/install/serial_motor_demo_msgs/include/serial_motor_demo_msgs/msg/rosidl_typesupport_fastrtps_c__visibility_control.h
[7.749s] -- Up-to-date symlink: /home/ubuntu/ros2_delivFoxy/install/serial_motor_demo_msgs/lib/libserial_motor_demo_msgs__rosidl_typesupport_fastrtps_c.so
[7.757s] -- Up-to-date symlink: /home/ubuntu/ros2_delivFoxy/install/serial_motor_demo_msgs/include/serial_motor_demo_msgs/msg/detail/encoder_vals__rosidl_typesupport_fastrtps_cpp.hpp
[7.760s] -- Up-to-date symlink: /home/ubuntu/ros2_delivFoxy/install/serial_motor_demo_msgs/include/serial_motor_demo_msgs/msg/detail/motor_command__rosidl_typesupport_fastrtps_cpp.hpp
[7.761s] -- Up-to-date symlink: /home/ubuntu/ros2_delivFoxy/install/serial_motor_demo_msgs/include/serial_motor_demo_msgs/msg/detail/motor_vels__rosidl_typesupport_fastrtps_cpp.hpp
[7.763s] -- Up-to-date symlink: /home/ubuntu/ros2_delivFoxy/install/serial_motor_demo_msgs/include/serial_motor_demo_msgs/msg/rosidl_typesupport_fastrtps_cpp__visibility_control.h
[7.768s] -- Up-to-date symlink: /home/ubuntu/ros2_delivFoxy/install/serial_motor_demo_msgs/lib/libserial_motor_demo_msgs__rosidl_typesupport_fastrtps_cpp.so
[7.775s] -- Up-to-date symlink: /home/ubuntu/ros2_delivFoxy/install/serial_motor_demo_msgs/include/serial_motor_demo_msgs/msg/detail/encoder_vals__rosidl_typesupport_introspection_c.h
[7.779s] -- Up-to-date symlink: /home/ubuntu/ros2_delivFoxy/install/serial_motor_demo_msgs/include/serial_motor_demo_msgs/msg/detail/motor_command__rosidl_typesupport_introspection_c.h
[7.783s] -- Up-to-date symlink: /home/ubuntu/ros2_delivFoxy/install/serial_motor_demo_msgs/include/serial_motor_demo_msgs/msg/detail/motor_vels__rosidl_typesupport_introspection_c.h
[7.786s] -- Up-to-date symlink: /home/ubuntu/ros2_delivFoxy/install/serial_motor_demo_msgs/include/serial_motor_demo_msgs/msg/rosidl_typesupport_introspection_c__visibility_control.h
[7.791s] -- Up-to-date symlink: /home/ubuntu/ros2_delivFoxy/install/serial_motor_demo_msgs/include/serial_motor_demo_msgs/msg/detail/encoder_vals__builder.hpp
[7.793s] -- Up-to-date symlink: /home/ubuntu/ros2_delivFoxy/install/serial_motor_demo_msgs/include/serial_motor_demo_msgs/msg/detail/encoder_vals__struct.hpp
[7.796s] -- Up-to-date symlink: /home/ubuntu/ros2_delivFoxy/install/serial_motor_demo_msgs/include/serial_motor_demo_msgs/msg/detail/encoder_vals__traits.hpp
[7.800s] -- Up-to-date symlink: /home/ubuntu/ros2_delivFoxy/install/serial_motor_demo_msgs/include/serial_motor_demo_msgs/msg/detail/encoder_vals__type_support.hpp
[7.803s] -- Up-to-date symlink: /home/ubuntu/ros2_delivFoxy/install/serial_motor_demo_msgs/include/serial_motor_demo_msgs/msg/detail/motor_command__builder.hpp
[7.804s] -- Up-to-date symlink: /home/ubuntu/ros2_delivFoxy/install/serial_motor_demo_msgs/include/serial_motor_demo_msgs/msg/detail/motor_command__struct.hpp
[7.809s] -- Up-to-date symlink: /home/ubuntu/ros2_delivFoxy/install/serial_motor_demo_msgs/include/serial_motor_demo_msgs/msg/detail/motor_command__traits.hpp
[7.814s] -- Up-to-date symlink: /home/ubuntu/ros2_delivFoxy/install/serial_motor_demo_msgs/include/serial_motor_demo_msgs/msg/detail/motor_command__type_support.hpp
[7.815s] -- Up-to-date symlink: /home/ubuntu/ros2_delivFoxy/install/serial_motor_demo_msgs/include/serial_motor_demo_msgs/msg/detail/motor_vels__builder.hpp
[7.817s] -- Up-to-date symlink: /home/ubuntu/ros2_delivFoxy/install/serial_motor_demo_msgs/include/serial_motor_demo_msgs/msg/detail/motor_vels__struct.hpp
[7.819s] -- Up-to-date symlink: /home/ubuntu/ros2_delivFoxy/install/serial_motor_demo_msgs/include/serial_motor_demo_msgs/msg/detail/motor_vels__traits.hpp
[7.820s] -- Up-to-date symlink: /home/ubuntu/ros2_delivFoxy/install/serial_motor_demo_msgs/include/serial_motor_demo_msgs/msg/detail/motor_vels__type_support.hpp
[7.822s] -- Up-to-date symlink: /home/ubuntu/ros2_delivFoxy/install/serial_motor_demo_msgs/include/serial_motor_demo_msgs/msg/encoder_vals.hpp
[7.823s] -- Up-to-date symlink: /home/ubuntu/ros2_delivFoxy/install/serial_motor_demo_msgs/include/serial_motor_demo_msgs/msg/motor_command.hpp
[7.826s] -- Up-to-date symlink: /home/ubuntu/ros2_delivFoxy/install/serial_motor_demo_msgs/include/serial_motor_demo_msgs/msg/motor_vels.hpp
[7.837s] -- Up-to-date symlink: /home/ubuntu/ros2_delivFoxy/install/serial_motor_demo_msgs/include/serial_motor_demo_msgs/msg/rosidl_generator_cpp__visibility_control.hpp
[7.837s] -- Up-to-date symlink: /home/ubuntu/ros2_delivFoxy/install/serial_motor_demo_msgs/include/serial_motor_demo_msgs/msg/detail/encoder_vals__rosidl_typesupport_introspection_cpp.hpp
[7.838s] -- Up-to-date symlink: /home/ubuntu/ros2_delivFoxy/install/serial_motor_demo_msgs/include/serial_motor_demo_msgs/msg/detail/motor_command__rosidl_typesupport_introspection_cpp.hpp
[7.839s] -- Up-to-date symlink: /home/ubuntu/ros2_delivFoxy/install/serial_motor_demo_msgs/include/serial_motor_demo_msgs/msg/detail/motor_vels__rosidl_typesupport_introspection_cpp.hpp
[7.842s] -- Up-to-date symlink: /home/ubuntu/ros2_delivFoxy/install/serial_motor_demo_msgs/share/serial_motor_demo_msgs/environment/pythonpath.sh
[7.844s] -- Up-to-date symlink: /home/ubuntu/ros2_delivFoxy/install/serial_motor_demo_msgs/share/serial_motor_demo_msgs/environment/pythonpath.dsv
[7.847s] -- Up-to-date symlink: /home/ubuntu/ros2_delivFoxy/install/serial_motor_demo_msgs/lib/python3.8/site-packages/serial_motor_demo_msgs/__init__.py
[7.852s] -- Up-to-date symlink: /home/ubuntu/ros2_delivFoxy/install/serial_motor_demo_msgs/lib/python3.8/site-packages/serial_motor_demo_msgs/msg/__init__.py
[7.854s] -- Up-to-date symlink: /home/ubuntu/ros2_delivFoxy/install/serial_motor_demo_msgs/lib/python3.8/site-packages/serial_motor_demo_msgs/msg/_encoder_vals.py
[7.856s] -- Up-to-date symlink: /home/ubuntu/ros2_delivFoxy/install/serial_motor_demo_msgs/lib/python3.8/site-packages/serial_motor_demo_msgs/msg/_motor_command.py
[7.858s] -- Up-to-date symlink: /home/ubuntu/ros2_delivFoxy/install/serial_motor_demo_msgs/lib/python3.8/site-packages/serial_motor_demo_msgs/msg/_motor_vels.py
[7.866s] -- Up-to-date symlink: /home/ubuntu/ros2_delivFoxy/install/serial_motor_demo_msgs/lib/python3.8/site-packages/serial_motor_demo_msgs/serial_motor_demo_msgs_s__rosidl_typesupport_fastrtps_c.cpython-38-aarch64-linux-gnu.so
[7.876s] -- Up-to-date symlink: /home/ubuntu/ros2_delivFoxy/install/serial_motor_demo_msgs/lib/python3.8/site-packages/serial_motor_demo_msgs/serial_motor_demo_msgs_s__rosidl_typesupport_introspection_c.cpython-38-aarch64-linux-gnu.so
[7.884s] -- Up-to-date symlink: /home/ubuntu/ros2_delivFoxy/install/serial_motor_demo_msgs/lib/python3.8/site-packages/serial_motor_demo_msgs/serial_motor_demo_msgs_s__rosidl_typesupport_c.cpython-38-aarch64-linux-gnu.so
[7.885s] -- Up-to-date symlink: /home/ubuntu/ros2_delivFoxy/install/serial_motor_demo_msgs/lib/libserial_motor_demo_msgs__python.so
[7.885s] -- Up-to-date symlink: /home/ubuntu/ros2_delivFoxy/install/serial_motor_demo_msgs/share/serial_motor_demo_msgs/msg/MotorCommand.idl
[7.895s] -- Up-to-date symlink: /home/ubuntu/ros2_delivFoxy/install/serial_motor_demo_msgs/share/serial_motor_demo_msgs/msg/MotorVels.idl
[7.896s] -- Up-to-date symlink: /home/ubuntu/ros2_delivFoxy/install/serial_motor_demo_msgs/share/serial_motor_demo_msgs/msg/EncoderVals.idl
[7.897s] -- Up-to-date symlink: /home/ubuntu/ros2_delivFoxy/install/serial_motor_demo_msgs/share/serial_motor_demo_msgs/msg/MotorCommand.msg
[7.907s] -- Up-to-date symlink: /home/ubuntu/ros2_delivFoxy/install/serial_motor_demo_msgs/share/serial_motor_demo_msgs/msg/MotorVels.msg
[7.909s] -- Up-to-date symlink: /home/ubuntu/ros2_delivFoxy/install/serial_motor_demo_msgs/share/serial_motor_demo_msgs/msg/EncoderVals.msg
[7.918s] -- Up-to-date symlink: /home/ubuntu/ros2_delivFoxy/install/serial_motor_demo_msgs/share/ament_index/resource_index/package_run_dependencies/serial_motor_demo_msgs
[7.918s] -- Up-to-date symlink: /home/ubuntu/ros2_delivFoxy/install/serial_motor_demo_msgs/share/ament_index/resource_index/parent_prefix_path/serial_motor_demo_msgs
[7.919s] -- Up-to-date symlink: /home/ubuntu/ros2_delivFoxy/install/serial_motor_demo_msgs/share/serial_motor_demo_msgs/environment/ament_prefix_path.sh
[7.919s] -- Up-to-date symlink: /home/ubuntu/ros2_delivFoxy/install/serial_motor_demo_msgs/share/serial_motor_demo_msgs/environment/ament_prefix_path.dsv
[7.920s] -- Up-to-date symlink: /home/ubuntu/ros2_delivFoxy/install/serial_motor_demo_msgs/share/serial_motor_demo_msgs/environment/path.sh
[7.921s] -- Up-to-date symlink: /home/ubuntu/ros2_delivFoxy/install/serial_motor_demo_msgs/share/serial_motor_demo_msgs/environment/path.dsv
[7.921s] -- Up-to-date symlink: /home/ubuntu/ros2_delivFoxy/install/serial_motor_demo_msgs/share/serial_motor_demo_msgs/local_setup.bash
[7.925s] -- Up-to-date symlink: /home/ubuntu/ros2_delivFoxy/install/serial_motor_demo_msgs/share/serial_motor_demo_msgs/local_setup.sh
[7.928s] -- Up-to-date symlink: /home/ubuntu/ros2_delivFoxy/install/serial_motor_demo_msgs/share/serial_motor_demo_msgs/local_setup.zsh
[7.932s] -- Up-to-date symlink: /home/ubuntu/ros2_delivFoxy/install/serial_motor_demo_msgs/share/serial_motor_demo_msgs/local_setup.dsv
[7.939s] -- Symlinking: /home/ubuntu/ros2_delivFoxy/install/serial_motor_demo_msgs/share/serial_motor_demo_msgs/package.dsv
[8.025s] -- Up-to-date symlink: /home/ubuntu/ros2_delivFoxy/install/serial_motor_demo_msgs/share/ament_index/resource_index/packages/serial_motor_demo_msgs
[8.031s] -- Up-to-date symlink: /home/ubuntu/ros2_delivFoxy/install/serial_motor_demo_msgs/share/serial_motor_demo_msgs/cmake/rosidl_cmake-extras.cmake
[8.033s] -- Up-to-date symlink: /home/ubuntu/ros2_delivFoxy/install/serial_motor_demo_msgs/share/serial_motor_demo_msgs/cmake/ament_cmake_export_dependencies-extras.cmake
[8.042s] -- Up-to-date symlink: /home/ubuntu/ros2_delivFoxy/install/serial_motor_demo_msgs/share/serial_motor_demo_msgs/cmake/ament_cmake_export_libraries-extras.cmake
[8.058s] -- Up-to-date symlink: /home/ubuntu/ros2_delivFoxy/install/serial_motor_demo_msgs/share/serial_motor_demo_msgs/cmake/ament_cmake_export_targets-extras.cmake
[8.068s] -- Up-to-date symlink: /home/ubuntu/ros2_delivFoxy/install/serial_motor_demo_msgs/share/serial_motor_demo_msgs/cmake/ament_cmake_export_include_directories-extras.cmake
[8.071s] -- Up-to-date symlink: /home/ubuntu/ros2_delivFoxy/install/serial_motor_demo_msgs/share/serial_motor_demo_msgs/cmake/rosidl_cmake_export_typesupport_libraries-extras.cmake
[8.074s] -- Up-to-date symlink: /home/ubuntu/ros2_delivFoxy/install/serial_motor_demo_msgs/share/serial_motor_demo_msgs/cmake/rosidl_cmake_export_typesupport_targets-extras.cmake
[8.076s] -- Up-to-date symlink: /home/ubuntu/ros2_delivFoxy/install/serial_motor_demo_msgs/share/serial_motor_demo_msgs/cmake/serial_motor_demo_msgsConfig.cmake
[8.079s] -- Up-to-date symlink: /home/ubuntu/ros2_delivFoxy/install/serial_motor_demo_msgs/share/serial_motor_demo_msgs/cmake/serial_motor_demo_msgsConfig-version.cmake
[8.097s] -- Up-to-date symlink: /home/ubuntu/ros2_delivFoxy/install/serial_motor_demo_msgs/share/serial_motor_demo_msgs/package.xml
[8.099s] -- Up-to-date: /home/ubuntu/ros2_delivFoxy/install/serial_motor_demo_msgs/lib/libserial_motor_demo_msgs__rosidl_generator_c.so
[8.103s] -- Up-to-date: /home/ubuntu/ros2_delivFoxy/install/serial_motor_demo_msgs/lib/libserial_motor_demo_msgs__rosidl_typesupport_introspection_c.so
[8.118s] -- Up-to-date: /home/ubuntu/ros2_delivFoxy/install/serial_motor_demo_msgs/lib/libserial_motor_demo_msgs__rosidl_typesupport_c.so
[8.188s] -- Up-to-date: /home/ubuntu/ros2_delivFoxy/install/serial_motor_demo_msgs/lib/libserial_motor_demo_msgs__rosidl_typesupport_introspection_cpp.so
[8.191s] -- Up-to-date: /home/ubuntu/ros2_delivFoxy/install/serial_motor_demo_msgs/lib/libserial_motor_demo_msgs__rosidl_typesupport_cpp.so
[8.680s] -- Up-to-date: /home/ubuntu/ros2_delivFoxy/install/serial_motor_demo_msgs/share/serial_motor_demo_msgs/cmake/serial_motor_demo_msgs__rosidl_generator_cExport.cmake
[8.690s] -- Up-to-date: /home/ubuntu/ros2_delivFoxy/install/serial_motor_demo_msgs/share/serial_motor_demo_msgs/cmake/serial_motor_demo_msgs__rosidl_generator_cExport-noconfig.cmake
[8.691s] -- Up-to-date: /home/ubuntu/ros2_delivFoxy/install/serial_motor_demo_msgs/share/serial_motor_demo_msgs/cmake/serial_motor_demo_msgs__rosidl_typesupport_introspection_cExport.cmake
[8.691s] -- Up-to-date: /home/ubuntu/ros2_delivFoxy/install/serial_motor_demo_msgs/share/serial_motor_demo_msgs/cmake/serial_motor_demo_msgs__rosidl_typesupport_introspection_cExport-noconfig.cmake
[8.692s] -- Up-to-date: /home/ubuntu/ros2_delivFoxy/install/serial_motor_demo_msgs/share/serial_motor_demo_msgs/cmake/serial_motor_demo_msgs__rosidl_typesupport_cExport.cmake
[8.693s] -- Up-to-date: /home/ubuntu/ros2_delivFoxy/install/serial_motor_demo_msgs/share/serial_motor_demo_msgs/cmake/serial_motor_demo_msgs__rosidl_typesupport_cExport-noconfig.cmake
[8.693s] -- Up-to-date: /home/ubuntu/ros2_delivFoxy/install/serial_motor_demo_msgs/share/serial_motor_demo_msgs/cmake/serial_motor_demo_msgs__rosidl_generator_cppExport.cmake
[8.694s] -- Up-to-date: /home/ubuntu/ros2_delivFoxy/install/serial_motor_demo_msgs/share/serial_motor_demo_msgs/cmake/serial_motor_demo_msgs__rosidl_typesupport_introspection_cppExport.cmake
[8.697s] -- Up-to-date: /home/ubuntu/ros2_delivFoxy/install/serial_motor_demo_msgs/share/serial_motor_demo_msgs/cmake/serial_motor_demo_msgs__rosidl_typesupport_introspection_cppExport-noconfig.cmake
[8.698s] -- Up-to-date: /home/ubuntu/ros2_delivFoxy/install/serial_motor_demo_msgs/share/serial_motor_demo_msgs/cmake/serial_motor_demo_msgs__rosidl_typesupport_cppExport.cmake
[8.699s] -- Up-to-date: /home/ubuntu/ros2_delivFoxy/install/serial_motor_demo_msgs/share/serial_motor_demo_msgs/cmake/serial_motor_demo_msgs__rosidl_typesupport_cppExport-noconfig.cmake
[8.820s] Invoked command in '/home/ubuntu/ros2_delivFoxy/build/serial_motor_demo_msgs' returned '0': CMAKE_PREFIX_PATH=${CMAKE_PREFIX_PATH}:/home/ubuntu/ros2_delivFoxy/install/serial_motor_demo:/home/ubuntu/dev_serial_motor/install/serial_motor_demo:/opt/ros/foxy /usr/bin/cmake --install /home/ubuntu/ros2_delivFoxy/build/serial_motor_demo_msgs
