[0.474s] Invoking command in '/home/ubuntu/ros2_delivFoxy/build/ydlidar_ros2_driver': CMAKE_PREFIX_PATH=${CMAKE_PREFIX_PATH}:/home/ubuntu/ros2_delivFoxy/install/serial_motor_demo:/home/ubuntu/dev_serial_motor/install/serial_motor_demo:/opt/ros/foxy /usr/bin/cmake --build /home/ubuntu/ros2_delivFoxy/build/ydlidar_ros2_driver -- -j4 -l4
[1.754s] [ 50%] Built target ydlidar_ros2_driver_node
[1.805s] [100%] Built target ydlidar_ros2_driver_client
[2.255s] Invoked command in '/home/ubuntu/ros2_delivFoxy/build/ydlidar_ros2_driver' returned '0': CMAKE_PREFIX_PATH=${CMAKE_PREFIX_PATH}:/home/ubuntu/ros2_delivFoxy/install/serial_motor_demo:/home/ubuntu/dev_serial_motor/install/serial_motor_demo:/opt/ros/foxy /usr/bin/cmake --build /home/ubuntu/ros2_delivFoxy/build/ydlidar_ros2_driver -- -j4 -l4
[2.873s] Invoking command in '/home/ubuntu/ros2_delivFoxy/build/ydlidar_ros2_driver': CMAKE_PREFIX_PATH=${CMAKE_PREFIX_PATH}:/home/ubuntu/ros2_delivFoxy/install/serial_motor_demo:/home/ubuntu/dev_serial_motor/install/serial_motor_demo:/opt/ros/foxy /usr/bin/cmake --install /home/ubuntu/ros2_delivFoxy/build/ydlidar_ros2_driver
[3.030s] -- Install configuration: ""
[3.038s] -- Execute custom install script
[3.067s] -- Up-to-date symlink: /home/ubuntu/ros2_delivFoxy/install/ydlidar_ros2_driver/lib/ydlidar_ros2_driver/ydlidar_ros2_driver_node
[3.073s] -- Up-to-date symlink: /home/ubuntu/ros2_delivFoxy/install/ydlidar_ros2_driver/lib/ydlidar_ros2_driver/ydlidar_ros2_driver_client
[3.090s] -- Up-to-date symlink: /home/ubuntu/ros2_delivFoxy/install/ydlidar_ros2_driver/share/ydlidar_ros2_driver/launch/__pycache__/ydlidar_launch.cpython-36.pyc
[3.110s] -- Up-to-date symlink: /home/ubuntu/ros2_delivFoxy/install/ydlidar_ros2_driver/share/ydlidar_ros2_driver/launch/__pycache__/ydlidar_launch_view.cpython-36.pyc
[3.118s] -- Up-to-date symlink: /home/ubuntu/ros2_delivFoxy/install/ydlidar_ros2_driver/share/ydlidar_ros2_driver/launch/ydlidar.py
[3.125s] -- Up-to-date symlink: /home/ubuntu/ros2_delivFoxy/install/ydlidar_ros2_driver/share/ydlidar_ros2_driver/launch/ydlidar_launch.py
[3.146s] -- Up-to-date symlink: /home/ubuntu/ros2_delivFoxy/install/ydlidar_ros2_driver/share/ydlidar_ros2_driver/launch/ydlidar_view_launch.py
[3.162s] -- Up-to-date symlink: /home/ubuntu/ros2_delivFoxy/install/ydlidar_ros2_driver/share/ydlidar_ros2_driver/params/ydlidar.yaml
[3.177s] -- Up-to-date symlink: /home/ubuntu/ros2_delivFoxy/install/ydlidar_ros2_driver/share/ydlidar_ros2_driver/startup/initenv.sh
[3.197s] -- Up-to-date symlink: /home/ubuntu/ros2_delivFoxy/install/ydlidar_ros2_driver/share/ydlidar_ros2_driver/config/ydlidar.rviz
[3.202s] -- Up-to-date symlink: /home/ubuntu/ros2_delivFoxy/install/ydlidar_ros2_driver/share/ament_index/resource_index/package_run_dependencies/ydlidar_ros2_driver
[3.222s] -- Up-to-date symlink: /home/ubuntu/ros2_delivFoxy/install/ydlidar_ros2_driver/share/ament_index/resource_index/parent_prefix_path/ydlidar_ros2_driver
[3.226s] -- Up-to-date symlink: /home/ubuntu/ros2_delivFoxy/install/ydlidar_ros2_driver/share/ydlidar_ros2_driver/environment/ament_prefix_path.sh
[3.238s] -- Up-to-date symlink: /home/ubuntu/ros2_delivFoxy/install/ydlidar_ros2_driver/share/ydlidar_ros2_driver/environment/ament_prefix_path.dsv
[3.250s] -- Up-to-date symlink: /home/ubuntu/ros2_delivFoxy/install/ydlidar_ros2_driver/share/ydlidar_ros2_driver/environment/path.sh
[3.255s] -- Up-to-date symlink: /home/ubuntu/ros2_delivFoxy/install/ydlidar_ros2_driver/share/ydlidar_ros2_driver/environment/path.dsv
[3.268s] -- Up-to-date symlink: /home/ubuntu/ros2_delivFoxy/install/ydlidar_ros2_driver/share/ydlidar_ros2_driver/local_setup.bash
[3.272s] -- Up-to-date symlink: /home/ubuntu/ros2_delivFoxy/install/ydlidar_ros2_driver/share/ydlidar_ros2_driver/local_setup.sh
[3.276s] -- Up-to-date symlink: /home/ubuntu/ros2_delivFoxy/install/ydlidar_ros2_driver/share/ydlidar_ros2_driver/local_setup.zsh
[3.289s] -- Up-to-date symlink: /home/ubuntu/ros2_delivFoxy/install/ydlidar_ros2_driver/share/ydlidar_ros2_driver/local_setup.dsv
[3.292s] -- Symlinking: /home/ubuntu/ros2_delivFoxy/install/ydlidar_ros2_driver/share/ydlidar_ros2_driver/package.dsv
[3.527s] -- Up-to-date symlink: /home/ubuntu/ros2_delivFoxy/install/ydlidar_ros2_driver/share/ament_index/resource_index/packages/ydlidar_ros2_driver
[3.537s] -- Up-to-date symlink: /home/ubuntu/ros2_delivFoxy/install/ydlidar_ros2_driver/share/ydlidar_ros2_driver/cmake/ydlidar_ros2_driverConfig.cmake
[3.549s] -- Up-to-date symlink: /home/ubuntu/ros2_delivFoxy/install/ydlidar_ros2_driver/share/ydlidar_ros2_driver/cmake/ydlidar_ros2_driverConfig-version.cmake
[3.566s] -- Up-to-date symlink: /home/ubuntu/ros2_delivFoxy/install/ydlidar_ros2_driver/share/ydlidar_ros2_driver/package.xml
[3.586s] Invoked command in '/home/ubuntu/ros2_delivFoxy/build/ydlidar_ros2_driver' returned '0': CMAKE_PREFIX_PATH=${CMAKE_PREFIX_PATH}:/home/ubuntu/ros2_delivFoxy/install/serial_motor_demo:/home/ubuntu/dev_serial_motor/install/serial_motor_demo:/opt/ros/foxy /usr/bin/cmake --install /home/ubuntu/ros2_delivFoxy/build/ydlidar_ros2_driver
