[0.407s] Invoking command in '/home/ubuntu/ros2_delivFoxy/build/robot_localization': CMAKE_PREFIX_PATH=${CMAKE_PREFIX_PATH}:/home/ubuntu/ros2_delivFoxy/install/serial_motor_demo:/home/ubuntu/dev_serial_motor/install/serial_motor_demo:/opt/ros/foxy /usr/bin/cmake /home/ubuntu/ros2_delivFoxy/src/robot_localization -DCMAKE_INSTALL_PREFIX=/home/ubuntu/ros2_delivFoxy/install/robot_localization
[0.773s] -- robot_localization: You did not request a specific build type: selecting 'RelWithDebInfo'.
[0.778s] -- Found ament_cmake: 0.9.12 (/opt/ros/foxy/share/ament_cmake/cmake)
[1.364s] -- Found PythonInterp: /usr/bin/python3 (found suitable version "3.8.10", minimum required is "3") 
[1.365s] -- Using PYTHON_EXECUTABLE: /usr/bin/python3
[4.679s] -- Override CMake install command with custom implementation using symlinks instead of copying resources
[4.935s] -- Found angles: 1.12.6 (/opt/ros/foxy/share/angles/cmake)
[4.972s] -- Found rclcpp: 2.4.3 (/opt/ros/foxy/share/rclcpp/cmake)
[5.779s] -- Using all available rosidl_typesupport_c: rosidl_typesupport_fastrtps_c;rosidl_typesupport_introspection_c
[5.831s] -- Found rosidl_adapter: 1.3.1 (/opt/ros/foxy/share/rosidl_adapter/cmake)
[9.215s] -- Using all available rosidl_typesupport_cpp: rosidl_typesupport_fastrtps_cpp;rosidl_typesupport_introspection_cpp
[9.900s] -- Found rmw_implementation_cmake: 1.0.4 (/opt/ros/foxy/share/rmw_implementation_cmake/cmake)
[9.928s] -- Using RMW implementation 'rmw_fastrtps_cpp' as default
[11.586s] -- Found diagnostic_msgs: 2.0.5 (/opt/ros/foxy/share/diagnostic_msgs/cmake)
[12.085s] -- Found diagnostic_updater: 3.1.2 (/opt/ros/foxy/share/diagnostic_updater/cmake)
[12.386s] -- Found geographic_msgs: 1.0.4 (/opt/ros/foxy/share/geographic_msgs/cmake)
[14.301s] -- Found message_filters: 3.2.7 (/opt/ros/foxy/share/message_filters/cmake)
[14.334s] -- Found nav_msgs: 2.0.5 (/opt/ros/foxy/share/nav_msgs/cmake)
[15.171s] -- Found rosidl_default_generators: 1.0.1 (/opt/ros/foxy/share/rosidl_default_generators/cmake)
[15.298s] -- Found sensor_msgs: 2.0.5 (/opt/ros/foxy/share/sensor_msgs/cmake)
[16.107s] -- Found std_srvs: 2.0.5 (/opt/ros/foxy/share/std_srvs/cmake)
[16.238s] -- Found tf2: 0.13.14 (/opt/ros/foxy/share/tf2/cmake)
[16.358s] -- Found tf2_eigen: 0.13.14 (/opt/ros/foxy/share/tf2_eigen/cmake)
[20.015s] -- Found tf2_geometry_msgs: 0.13.14 (/opt/ros/foxy/share/tf2_geometry_msgs/cmake)
[20.361s] -- Found yaml_cpp_vendor: 7.0.3 (/opt/ros/foxy/share/yaml_cpp_vendor/cmake)
[20.363s] -- Setting yaml-cpp_DIR to: '/opt/ros/foxy/share/yaml_cpp_vendor/cmake/../../../opt/yaml_cpp_vendor/lib/cmake/yaml-cpp'
[20.772s] -- Found PythonInterp: /usr/bin/python3 (found version "3.8.10") 
[23.712s] -- Found ament_cmake_cppcheck: 0.9.8 (/opt/ros/foxy/share/ament_cmake_cppcheck/cmake)
[23.725s] -- Found ament_cmake_cpplint: 0.9.8 (/opt/ros/foxy/share/ament_cmake_cpplint/cmake)
[23.741s] -- Found ament_cmake_uncrustify: 0.9.8 (/opt/ros/foxy/share/ament_cmake_uncrustify/cmake)
[23.759s] -- Found ament_cmake_ros: 0.9.2 (/opt/ros/foxy/share/ament_cmake_ros/cmake)
[28.713s] -- Using all available rosidl_typesupport_c: rosidl_typesupport_fastrtps_c;rosidl_typesupport_introspection_c
[30.319s] -- Using all available rosidl_typesupport_cpp: rosidl_typesupport_fastrtps_cpp;rosidl_typesupport_introspection_cpp
[30.747s] -- Found PythonInterp: /usr/bin/python3 (found suitable version "3.8.10", minimum required is "3.5") 
[30.755s] -- Found python_cmake_module: 0.8.1 (/opt/ros/foxy/share/python_cmake_module/cmake)
[31.019s] -- Using PYTHON_EXECUTABLE: /usr/bin/python3
[31.019s] -- Using PYTHON_INCLUDE_DIRS: /usr/include/python3.8
[31.020s] -- Using PYTHON_LIBRARIES: /usr/lib/aarch64-linux-gnu/libpython3.8.so
[31.634s] -- Found ament_cmake_flake8: 0.9.8 (/opt/ros/foxy/share/ament_cmake_flake8/cmake)
[31.646s] -- Found ament_cmake_pep257: 0.9.8 (/opt/ros/foxy/share/ament_cmake_pep257/cmake)
[31.711s] CMake Error at CMakeLists.txt:77 (rosidl_get_typesupport_target):
[31.713s]   Unknown CMake command "rosidl_get_typesupport_target".
[31.713s] 
[31.714s] 
[31.789s] -- Configuring incomplete, errors occurred!
[31.790s] See also "/home/ubuntu/ros2_delivFoxy/build/robot_localization/CMakeFiles/CMakeOutput.log".
[31.791s] See also "/home/ubuntu/ros2_delivFoxy/build/robot_localization/CMakeFiles/CMakeError.log".
[31.873s] Invoked command in '/home/ubuntu/ros2_delivFoxy/build/robot_localization' returned '1': CMAKE_PREFIX_PATH=${CMAKE_PREFIX_PATH}:/home/ubuntu/ros2_delivFoxy/install/serial_motor_demo:/home/ubuntu/dev_serial_motor/install/serial_motor_demo:/opt/ros/foxy /usr/bin/cmake /home/ubuntu/ros2_delivFoxy/src/robot_localization -DCMAKE_INSTALL_PREFIX=/home/ubuntu/ros2_delivFoxy/install/robot_localization
