[0.462s] Invoking command in '/home/ubuntu/ros2_delivFoxy/build/serial': CMAKE_PREFIX_PATH=${CMAKE_PREFIX_PATH}:/home/ubuntu/ros2_delivFoxy/install/serial_motor_demo:/home/ubuntu/dev_serial_motor/install/serial_motor_demo:/opt/ros/foxy /usr/bin/cmake --build /home/ubuntu/ros2_delivFoxy/build/serial -- -j4 -l4
[1.763s] [ 28%] Built target serial
[1.793s] [ 42%] Built target gtest
[1.938s] [ 57%] Built target gtest_main
[2.508s] [ 71%] Built target serial_example
[2.635s] [ 85%] Built target serial-test
[2.689s] [100%] Built target serial-test-timer
[3.075s] Invoked command in '/home/ubuntu/ros2_delivFoxy/build/serial' returned '0': CMAKE_PREFIX_PATH=${CMAKE_PREFIX_PATH}:/home/ubuntu/ros2_delivFoxy/install/serial_motor_demo:/home/ubuntu/dev_serial_motor/install/serial_motor_demo:/opt/ros/foxy /usr/bin/cmake --build /home/ubuntu/ros2_delivFoxy/build/serial -- -j4 -l4
[3.893s] Invoking command in '/home/ubuntu/ros2_delivFoxy/build/serial': CMAKE_PREFIX_PATH=${CMAKE_PREFIX_PATH}:/home/ubuntu/ros2_delivFoxy/install/serial_motor_demo:/home/ubuntu/dev_serial_motor/install/serial_motor_demo:/opt/ros/foxy /usr/bin/cmake --install /home/ubuntu/ros2_delivFoxy/build/serial
[4.054s] -- Install configuration: ""
[4.068s] -- Execute custom install script
[4.076s] -- Up-to-date symlink: /home/ubuntu/ros2_delivFoxy/install/serial/lib/libserial.a
[4.089s] -- Up-to-date symlink: /home/ubuntu/ros2_delivFoxy/install/serial/include/serial/serial.h
[4.095s] -- Up-to-date symlink: /home/ubuntu/ros2_delivFoxy/install/serial/include/serial/v8stdint.h
[4.100s] -- Up-to-date symlink: /home/ubuntu/ros2_delivFoxy/install/serial/share/serial/environment/library_path.sh
[4.105s] -- Up-to-date symlink: /home/ubuntu/ros2_delivFoxy/install/serial/share/serial/environment/library_path.dsv
[4.111s] -- Up-to-date symlink: /home/ubuntu/ros2_delivFoxy/install/serial/share/ament_index/resource_index/package_run_dependencies/serial
[4.119s] -- Up-to-date symlink: /home/ubuntu/ros2_delivFoxy/install/serial/share/ament_index/resource_index/parent_prefix_path/serial
[4.126s] -- Up-to-date symlink: /home/ubuntu/ros2_delivFoxy/install/serial/share/serial/environment/ament_prefix_path.sh
[4.133s] -- Up-to-date symlink: /home/ubuntu/ros2_delivFoxy/install/serial/share/serial/environment/ament_prefix_path.dsv
[4.140s] -- Up-to-date symlink: /home/ubuntu/ros2_delivFoxy/install/serial/share/serial/environment/path.sh
[4.148s] -- Up-to-date symlink: /home/ubuntu/ros2_delivFoxy/install/serial/share/serial/environment/path.dsv
[4.163s] -- Up-to-date symlink: /home/ubuntu/ros2_delivFoxy/install/serial/share/serial/local_setup.bash
[4.198s] -- Up-to-date symlink: /home/ubuntu/ros2_delivFoxy/install/serial/share/serial/local_setup.sh
[4.221s] -- Up-to-date symlink: /home/ubuntu/ros2_delivFoxy/install/serial/share/serial/local_setup.zsh
[4.223s] -- Up-to-date symlink: /home/ubuntu/ros2_delivFoxy/install/serial/share/serial/local_setup.dsv
[4.224s] -- Symlinking: /home/ubuntu/ros2_delivFoxy/install/serial/share/serial/package.dsv
[4.331s] -- Up-to-date symlink: /home/ubuntu/ros2_delivFoxy/install/serial/share/ament_index/resource_index/packages/serial
[4.353s] -- Up-to-date symlink: /home/ubuntu/ros2_delivFoxy/install/serial/share/serial/cmake/ament_cmake_export_include_directories-extras.cmake
[4.363s] -- Up-to-date symlink: /home/ubuntu/ros2_delivFoxy/install/serial/share/serial/cmake/ament_cmake_export_libraries-extras.cmake
[4.366s] -- Up-to-date symlink: /home/ubuntu/ros2_delivFoxy/install/serial/share/serial/cmake/serialConfig.cmake
[4.371s] -- Up-to-date symlink: /home/ubuntu/ros2_delivFoxy/install/serial/share/serial/cmake/serialConfig-version.cmake
[4.377s] -- Up-to-date symlink: /home/ubuntu/ros2_delivFoxy/install/serial/share/serial/package.xml
[4.550s] Invoked command in '/home/ubuntu/ros2_delivFoxy/build/serial' returned '0': CMAKE_PREFIX_PATH=${CMAKE_PREFIX_PATH}:/home/ubuntu/ros2_delivFoxy/install/serial_motor_demo:/home/ubuntu/dev_serial_motor/install/serial_motor_demo:/opt/ros/foxy /usr/bin/cmake --install /home/ubuntu/ros2_delivFoxy/build/serial
