[0.269s] Invoking command in '/home/ubuntu/ros2_delivFoxy/build/openslam_gmapping': CMAKE_PREFIX_PATH=${CMAKE_PREFIX_PATH}:/home/ubuntu/ros2_delivFoxy/install/serial_motor_demo:/home/ubuntu/dev_serial_motor/install/serial_motor_demo:/opt/ros/foxy /usr/bin/cmake --build /home/ubuntu/ros2_delivFoxy/build/openslam_gmapping -- -j4 -l4
[0.849s] [ 13%] Built target utils
[0.884s] [ 27%] Built target sensor_base
[1.234s] [ 40%] Built target sensor_range
[1.360s] [ 54%] Built target sensor_odometry
[1.542s] [ 77%] Built target scanmatcher
[1.847s] [100%] Built target gridfastslam
[2.004s] Invoked command in '/home/ubuntu/ros2_delivFoxy/build/openslam_gmapping' returned '0': CMAKE_PREFIX_PATH=${CMAKE_PREFIX_PATH}:/home/ubuntu/ros2_delivFoxy/install/serial_motor_demo:/home/ubuntu/dev_serial_motor/install/serial_motor_demo:/opt/ros/foxy /usr/bin/cmake --build /home/ubuntu/ros2_delivFoxy/build/openslam_gmapping -- -j4 -l4
[2.540s] Invoking command in '/home/ubuntu/ros2_delivFoxy/build/openslam_gmapping': CMAKE_PREFIX_PATH=${CMAKE_PREFIX_PATH}:/home/ubuntu/ros2_delivFoxy/install/serial_motor_demo:/home/ubuntu/dev_serial_motor/install/serial_motor_demo:/opt/ros/foxy /usr/bin/cmake --install /home/ubuntu/ros2_delivFoxy/build/openslam_gmapping
[2.669s] -- Install configuration: ""
[2.671s] -- Execute custom install script
[2.701s] -- Up-to-date symlink: /home/ubuntu/ros2_delivFoxy/install/openslam_gmapping/lib/libgridfastslam.a
[2.706s] -- Up-to-date symlink: /home/ubuntu/ros2_delivFoxy/install/openslam_gmapping/lib/libscanmatcher.a
[2.709s] -- Up-to-date symlink: /home/ubuntu/ros2_delivFoxy/install/openslam_gmapping/lib/libsensor_base.a
[2.711s] -- Up-to-date symlink: /home/ubuntu/ros2_delivFoxy/install/openslam_gmapping/share/openslam_gmapping/environment/library_path.sh
[2.714s] -- Up-to-date symlink: /home/ubuntu/ros2_delivFoxy/install/openslam_gmapping/share/openslam_gmapping/environment/library_path.dsv
[2.717s] -- Up-to-date symlink: /home/ubuntu/ros2_delivFoxy/install/openslam_gmapping/share/openslam_gmapping/environment/library_path.sh
[2.721s] -- Up-to-date symlink: /home/ubuntu/ros2_delivFoxy/install/openslam_gmapping/share/openslam_gmapping/environment/library_path.dsv
[2.724s] -- Up-to-date symlink: /home/ubuntu/ros2_delivFoxy/install/openslam_gmapping/lib/libsensor_odometry.a
[2.729s] -- Up-to-date symlink: /home/ubuntu/ros2_delivFoxy/install/openslam_gmapping/lib/libsensor_range.a
[2.733s] -- Up-to-date symlink: /home/ubuntu/ros2_delivFoxy/install/openslam_gmapping/lib/libutils.a
[2.741s] -- Up-to-date symlink: /home/ubuntu/ros2_delivFoxy/install/openslam_gmapping/share/openslam_gmapping/environment/library_path.sh
[2.745s] -- Up-to-date symlink: /home/ubuntu/ros2_delivFoxy/install/openslam_gmapping/share/openslam_gmapping/environment/library_path.dsv
[2.747s] -- Up-to-date symlink: /home/ubuntu/ros2_delivFoxy/install/openslam_gmapping/share/openslam_gmapping/environment/library_path.sh
[2.755s] -- Up-to-date symlink: /home/ubuntu/ros2_delivFoxy/install/openslam_gmapping/share/openslam_gmapping/environment/library_path.dsv
[2.771s] -- Up-to-date symlink: /home/ubuntu/ros2_delivFoxy/install/openslam_gmapping/include//gmapping/grid/accessstate.h
[2.775s] -- Up-to-date symlink: /home/ubuntu/ros2_delivFoxy/install/openslam_gmapping/include//gmapping/grid/array2d.h
[2.783s] -- Up-to-date symlink: /home/ubuntu/ros2_delivFoxy/install/openslam_gmapping/include//gmapping/grid/harray2d.h
[2.794s] -- Up-to-date symlink: /home/ubuntu/ros2_delivFoxy/install/openslam_gmapping/include//gmapping/grid/map.h
[2.800s] -- Up-to-date symlink: /home/ubuntu/ros2_delivFoxy/install/openslam_gmapping/include//gmapping/gridfastslam/gridslamprocessor.h
[2.805s] -- Up-to-date symlink: /home/ubuntu/ros2_delivFoxy/install/openslam_gmapping/include//gmapping/gridfastslam/gridslamprocessor.hxx
[2.814s] -- Up-to-date symlink: /home/ubuntu/ros2_delivFoxy/install/openslam_gmapping/include//gmapping/gridfastslam/motionmodel.h
[2.819s] -- Up-to-date symlink: /home/ubuntu/ros2_delivFoxy/install/openslam_gmapping/include//gmapping/log/configuration.h
[2.834s] -- Up-to-date symlink: /home/ubuntu/ros2_delivFoxy/install/openslam_gmapping/include//gmapping/log/sensorlog.h
[2.840s] -- Up-to-date symlink: /home/ubuntu/ros2_delivFoxy/install/openslam_gmapping/include//gmapping/particlefilter/particlefilter.h
[2.842s] -- Up-to-date symlink: /home/ubuntu/ros2_delivFoxy/install/openslam_gmapping/include//gmapping/scanmatcher/icp.h
[2.845s] -- Up-to-date symlink: /home/ubuntu/ros2_delivFoxy/install/openslam_gmapping/include//gmapping/scanmatcher/scanmatcher.h
[2.848s] -- Up-to-date symlink: /home/ubuntu/ros2_delivFoxy/install/openslam_gmapping/include//gmapping/scanmatcher/smmap.h
[2.851s] -- Up-to-date symlink: /home/ubuntu/ros2_delivFoxy/install/openslam_gmapping/include//gmapping/sensor/sensor_base/sensor.h
[2.852s] -- Up-to-date symlink: /home/ubuntu/ros2_delivFoxy/install/openslam_gmapping/include//gmapping/sensor/sensor_base/sensorreading.h
[2.855s] -- Up-to-date symlink: /home/ubuntu/ros2_delivFoxy/install/openslam_gmapping/include//gmapping/sensor/sensor_odometry/odometryreading.h
[2.855s] -- Up-to-date symlink: /home/ubuntu/ros2_delivFoxy/install/openslam_gmapping/include//gmapping/sensor/sensor_odometry/odometrysensor.h
[2.859s] -- Up-to-date symlink: /home/ubuntu/ros2_delivFoxy/install/openslam_gmapping/include//gmapping/sensor/sensor_range/rangereading.h
[2.860s] -- Up-to-date symlink: /home/ubuntu/ros2_delivFoxy/install/openslam_gmapping/include//gmapping/sensor/sensor_range/rangesensor.h
[2.861s] -- Up-to-date symlink: /home/ubuntu/ros2_delivFoxy/install/openslam_gmapping/include//gmapping/utils/autoptr.h
[2.862s] -- Up-to-date symlink: /home/ubuntu/ros2_delivFoxy/install/openslam_gmapping/include//gmapping/utils/commandline.h
[2.868s] -- Up-to-date symlink: /home/ubuntu/ros2_delivFoxy/install/openslam_gmapping/include//gmapping/utils/gvalues.h
[2.876s] -- Up-to-date symlink: /home/ubuntu/ros2_delivFoxy/install/openslam_gmapping/include//gmapping/utils/macro_params.h
[2.877s] -- Up-to-date symlink: /home/ubuntu/ros2_delivFoxy/install/openslam_gmapping/include//gmapping/utils/point.h
[2.878s] -- Up-to-date symlink: /home/ubuntu/ros2_delivFoxy/install/openslam_gmapping/include//gmapping/utils/stat.h
[2.880s] -- Up-to-date symlink: /home/ubuntu/ros2_delivFoxy/install/openslam_gmapping/share/ament_index/resource_index/package_run_dependencies/openslam_gmapping
[2.882s] -- Up-to-date symlink: /home/ubuntu/ros2_delivFoxy/install/openslam_gmapping/share/ament_index/resource_index/parent_prefix_path/openslam_gmapping
[2.882s] -- Up-to-date symlink: /home/ubuntu/ros2_delivFoxy/install/openslam_gmapping/share/openslam_gmapping/environment/ament_prefix_path.sh
[2.889s] -- Up-to-date symlink: /home/ubuntu/ros2_delivFoxy/install/openslam_gmapping/share/openslam_gmapping/environment/ament_prefix_path.dsv
[2.890s] -- Up-to-date symlink: /home/ubuntu/ros2_delivFoxy/install/openslam_gmapping/share/openslam_gmapping/environment/path.sh
[2.890s] -- Up-to-date symlink: /home/ubuntu/ros2_delivFoxy/install/openslam_gmapping/share/openslam_gmapping/environment/path.dsv
[2.894s] -- Up-to-date symlink: /home/ubuntu/ros2_delivFoxy/install/openslam_gmapping/share/openslam_gmapping/local_setup.bash
[2.895s] -- Up-to-date symlink: /home/ubuntu/ros2_delivFoxy/install/openslam_gmapping/share/openslam_gmapping/local_setup.sh
[2.895s] -- Up-to-date symlink: /home/ubuntu/ros2_delivFoxy/install/openslam_gmapping/share/openslam_gmapping/local_setup.zsh
[2.896s] -- Up-to-date symlink: /home/ubuntu/ros2_delivFoxy/install/openslam_gmapping/share/openslam_gmapping/local_setup.dsv
[2.896s] -- Symlinking: /home/ubuntu/ros2_delivFoxy/install/openslam_gmapping/share/openslam_gmapping/package.dsv
[2.984s] -- Up-to-date symlink: /home/ubuntu/ros2_delivFoxy/install/openslam_gmapping/share/ament_index/resource_index/packages/openslam_gmapping
[2.985s] -- Up-to-date symlink: /home/ubuntu/ros2_delivFoxy/install/openslam_gmapping/share/openslam_gmapping/cmake/ament_cmake_export_libraries-extras.cmake
[2.989s] -- Up-to-date symlink: /home/ubuntu/ros2_delivFoxy/install/openslam_gmapping/share/openslam_gmapping/cmake/ament_cmake_export_include_directories-extras.cmake
[2.992s] -- Up-to-date symlink: /home/ubuntu/ros2_delivFoxy/install/openslam_gmapping/share/openslam_gmapping/cmake/openslam_gmappingConfig.cmake
[2.993s] -- Up-to-date symlink: /home/ubuntu/ros2_delivFoxy/install/openslam_gmapping/share/openslam_gmapping/cmake/openslam_gmappingConfig-version.cmake
[2.993s] -- Up-to-date symlink: /home/ubuntu/ros2_delivFoxy/install/openslam_gmapping/share/openslam_gmapping/package.xml
[3.015s] Invoked command in '/home/ubuntu/ros2_delivFoxy/build/openslam_gmapping' returned '0': CMAKE_PREFIX_PATH=${CMAKE_PREFIX_PATH}:/home/ubuntu/ros2_delivFoxy/install/serial_motor_demo:/home/ubuntu/dev_serial_motor/install/serial_motor_demo:/opt/ros/foxy /usr/bin/cmake --install /home/ubuntu/ros2_delivFoxy/build/openslam_gmapping
