[0.141s] Invoking command in '/home/ubuntu/ros2_delivFoxy/build/slam_gmapping': CMAKE_PREFIX_PATH=/home/ubuntu/ros2_delivFoxy/install/openslam_gmapping:/home/ubuntu/ros2_delivFoxy/install/ydlidar_sdk:/home/ubuntu/ros2_delivFoxy/install/ydlidar_ros2_driver:/home/ubuntu/ros2_delivFoxy/install/slam_gmapping:/home/ubuntu/ros2_delivFoxy/install/serial_motor_demo_msgs:/home/ubuntu/ros2_delivFoxy/install/diffdrive_arduino:/home/ubuntu/ros2_delivFoxy/install/serial:/home/ubuntu/ros2_delivFoxy/install/articubot_one:/home/ubuntu/dev_serial_motor/install/serial_motor_demo_msgs:/home/ubuntu/ros2_delivFoxy/install/serial_motor_demo:/home/ubuntu/dev_serial_motor/install/serial_motor_demo:/opt/ros/foxy /usr/bin/cmake /home/ubuntu/ros2_delivFoxy/src/ydlidarX3_foxy/src/slam_gmapping -DAMENT_CMAKE_SYMLINK_INSTALL=1 -DCMAKE_INSTALL_PREFIX=/home/ubuntu/ros2_delivFoxy/install/slam_gmapping
[0.246s]  -fuse-ld=lld -Wl,--disable-new-dtags
[0.247s] -- Found ament_cmake: 0.9.12 (/opt/ros/foxy/share/ament_cmake/cmake)
[0.691s] -- Using PYTHON_EXECUTABLE: /usr/bin/python3
[2.960s] -- Override CMake install command with custom implementation using symlinks instead of copying resources
[3.048s] -- Found std_msgs: 2.0.5 (/opt/ros/foxy/share/std_msgs/cmake)
[3.300s] -- Using all available rosidl_typesupport_c: rosidl_typesupport_fastrtps_c;rosidl_typesupport_introspection_c
[3.344s] -- Found rosidl_adapter: 1.3.1 (/opt/ros/foxy/share/rosidl_adapter/cmake)
[5.433s] -- Using all available rosidl_typesupport_cpp: rosidl_typesupport_fastrtps_cpp;rosidl_typesupport_introspection_cpp
[5.987s] -- Found nav_msgs: 2.0.5 (/opt/ros/foxy/share/nav_msgs/cmake)
[7.038s] -- Found tf2: 0.13.14 (/opt/ros/foxy/share/tf2/cmake)
[7.221s] -- Found tf2_ros: 0.13.14 (/opt/ros/foxy/share/tf2_ros/cmake)
[7.680s] -- Found rmw_implementation_cmake: 1.0.4 (/opt/ros/foxy/share/rmw_implementation_cmake/cmake)
[7.694s] -- Using RMW implementation 'rmw_fastrtps_cpp' as default
[10.921s] -- Found tf2_geometry_msgs: 0.13.14 (/opt/ros/foxy/share/tf2_geometry_msgs/cmake)
[10.967s] -- Found eigen3_cmake_module: 0.1.1 (/opt/ros/foxy/share/eigen3_cmake_module/cmake)
[11.123s] -- Found sensor_msgs: 2.0.5 (/opt/ros/foxy/share/sensor_msgs/cmake)
[11.541s] -- Found visualization_msgs: 2.0.5 (/opt/ros/foxy/share/visualization_msgs/cmake)
[12.013s] -- Found openslam_gmapping: 0.1.2 (/home/ubuntu/ros2_delivFoxy/install/openslam_gmapping/share/openslam_gmapping/cmake)
[12.027s] -- Found ament_lint_auto: 0.9.8 (/opt/ros/foxy/share/ament_lint_auto/cmake)
[12.745s] -- Added test 'cppcheck' to perform static code analysis on C / C++ code
[12.746s] -- Configured cppcheck include dirs: /home/ubuntu/ros2_delivFoxy/src/ydlidarX3_foxy/src/slam_gmapping/include
[12.747s] -- Configured cppcheck exclude dirs and/or files: 
[12.751s] -- Added test 'flake8' to check Python code syntax and style conventions
[12.754s] -- Added test 'lint_cmake' to check CMake code style
[12.757s] -- Added test 'pep257' to check Python code against some of the style conventions in PEP 257
[12.770s] -- Added test 'uncrustify' to check C / C++ code style
[12.770s] -- Configured uncrustify additional arguments: 
[12.774s] -- Added test 'xmllint' to check XML markup files
[12.893s] -- Configuring done
[13.755s] -- Generating done
[13.799s] -- Build files have been written to: /home/ubuntu/ros2_delivFoxy/build/slam_gmapping
[13.854s] Invoked command in '/home/ubuntu/ros2_delivFoxy/build/slam_gmapping' returned '0': CMAKE_PREFIX_PATH=/home/ubuntu/ros2_delivFoxy/install/openslam_gmapping:/home/ubuntu/ros2_delivFoxy/install/ydlidar_sdk:/home/ubuntu/ros2_delivFoxy/install/ydlidar_ros2_driver:/home/ubuntu/ros2_delivFoxy/install/slam_gmapping:/home/ubuntu/ros2_delivFoxy/install/serial_motor_demo_msgs:/home/ubuntu/ros2_delivFoxy/install/diffdrive_arduino:/home/ubuntu/ros2_delivFoxy/install/serial:/home/ubuntu/ros2_delivFoxy/install/articubot_one:/home/ubuntu/dev_serial_motor/install/serial_motor_demo_msgs:/home/ubuntu/ros2_delivFoxy/install/serial_motor_demo:/home/ubuntu/dev_serial_motor/install/serial_motor_demo:/opt/ros/foxy /usr/bin/cmake /home/ubuntu/ros2_delivFoxy/src/ydlidarX3_foxy/src/slam_gmapping -DAMENT_CMAKE_SYMLINK_INSTALL=1 -DCMAKE_INSTALL_PREFIX=/home/ubuntu/ros2_delivFoxy/install/slam_gmapping
[13.863s] Invoking command in '/home/ubuntu/ros2_delivFoxy/build/slam_gmapping': CMAKE_PREFIX_PATH=/home/ubuntu/ros2_delivFoxy/install/openslam_gmapping:/home/ubuntu/ros2_delivFoxy/install/ydlidar_sdk:/home/ubuntu/ros2_delivFoxy/install/ydlidar_ros2_driver:/home/ubuntu/ros2_delivFoxy/install/slam_gmapping:/home/ubuntu/ros2_delivFoxy/install/serial_motor_demo_msgs:/home/ubuntu/ros2_delivFoxy/install/diffdrive_arduino:/home/ubuntu/ros2_delivFoxy/install/serial:/home/ubuntu/ros2_delivFoxy/install/articubot_one:/home/ubuntu/dev_serial_motor/install/serial_motor_demo_msgs:/home/ubuntu/ros2_delivFoxy/install/serial_motor_demo:/home/ubuntu/dev_serial_motor/install/serial_motor_demo:/opt/ros/foxy /usr/bin/cmake --build /home/ubuntu/ros2_delivFoxy/build/slam_gmapping -- -j4 -l4
[14.918s] [ 50%] Built target transform
[15.265s] [100%] Built target slam_gmapping
[15.335s] Invoked command in '/home/ubuntu/ros2_delivFoxy/build/slam_gmapping' returned '0': CMAKE_PREFIX_PATH=/home/ubuntu/ros2_delivFoxy/install/openslam_gmapping:/home/ubuntu/ros2_delivFoxy/install/ydlidar_sdk:/home/ubuntu/ros2_delivFoxy/install/ydlidar_ros2_driver:/home/ubuntu/ros2_delivFoxy/install/slam_gmapping:/home/ubuntu/ros2_delivFoxy/install/serial_motor_demo_msgs:/home/ubuntu/ros2_delivFoxy/install/diffdrive_arduino:/home/ubuntu/ros2_delivFoxy/install/serial:/home/ubuntu/ros2_delivFoxy/install/articubot_one:/home/ubuntu/dev_serial_motor/install/serial_motor_demo_msgs:/home/ubuntu/ros2_delivFoxy/install/serial_motor_demo:/home/ubuntu/dev_serial_motor/install/serial_motor_demo:/opt/ros/foxy /usr/bin/cmake --build /home/ubuntu/ros2_delivFoxy/build/slam_gmapping -- -j4 -l4
[15.696s] Invoking command in '/home/ubuntu/ros2_delivFoxy/build/slam_gmapping': CMAKE_PREFIX_PATH=/home/ubuntu/ros2_delivFoxy/install/openslam_gmapping:/home/ubuntu/ros2_delivFoxy/install/ydlidar_sdk:/home/ubuntu/ros2_delivFoxy/install/ydlidar_ros2_driver:/home/ubuntu/ros2_delivFoxy/install/slam_gmapping:/home/ubuntu/ros2_delivFoxy/install/serial_motor_demo_msgs:/home/ubuntu/ros2_delivFoxy/install/diffdrive_arduino:/home/ubuntu/ros2_delivFoxy/install/serial:/home/ubuntu/ros2_delivFoxy/install/articubot_one:/home/ubuntu/dev_serial_motor/install/serial_motor_demo_msgs:/home/ubuntu/ros2_delivFoxy/install/serial_motor_demo:/home/ubuntu/dev_serial_motor/install/serial_motor_demo:/opt/ros/foxy /usr/bin/cmake --install /home/ubuntu/ros2_delivFoxy/build/slam_gmapping
[15.779s] -- Install configuration: ""
[15.782s] -- Execute custom install script
[15.792s] -- Up-to-date symlink: /home/ubuntu/ros2_delivFoxy/install/slam_gmapping/lib/slam_gmapping/slam_gmapping
[15.792s] -- Up-to-date symlink: /home/ubuntu/ros2_delivFoxy/install/slam_gmapping/lib/slam_gmapping/transform
[15.793s] -- Up-to-date symlink: /home/ubuntu/ros2_delivFoxy/install/slam_gmapping/share/slam_gmapping/launch/gmapping_launch.py
[15.794s] -- Up-to-date symlink: /home/ubuntu/ros2_delivFoxy/install/slam_gmapping/share/slam_gmapping/launch/slam_gmapping.launch.py
[15.796s] -- Up-to-date symlink: /home/ubuntu/ros2_delivFoxy/install/slam_gmapping/share/ament_index/resource_index/package_run_dependencies/slam_gmapping
[15.799s] -- Up-to-date symlink: /home/ubuntu/ros2_delivFoxy/install/slam_gmapping/share/ament_index/resource_index/parent_prefix_path/slam_gmapping
[15.801s] -- Up-to-date symlink: /home/ubuntu/ros2_delivFoxy/install/slam_gmapping/share/slam_gmapping/environment/ament_prefix_path.sh
[15.803s] -- Up-to-date symlink: /home/ubuntu/ros2_delivFoxy/install/slam_gmapping/share/slam_gmapping/environment/ament_prefix_path.dsv
[15.805s] -- Up-to-date symlink: /home/ubuntu/ros2_delivFoxy/install/slam_gmapping/share/slam_gmapping/environment/path.sh
[15.807s] -- Up-to-date symlink: /home/ubuntu/ros2_delivFoxy/install/slam_gmapping/share/slam_gmapping/environment/path.dsv
[15.810s] -- Up-to-date symlink: /home/ubuntu/ros2_delivFoxy/install/slam_gmapping/share/slam_gmapping/local_setup.bash
[15.813s] -- Up-to-date symlink: /home/ubuntu/ros2_delivFoxy/install/slam_gmapping/share/slam_gmapping/local_setup.sh
[15.819s] -- Up-to-date symlink: /home/ubuntu/ros2_delivFoxy/install/slam_gmapping/share/slam_gmapping/local_setup.zsh
[15.821s] -- Up-to-date symlink: /home/ubuntu/ros2_delivFoxy/install/slam_gmapping/share/slam_gmapping/local_setup.dsv
[15.823s] -- Symlinking: /home/ubuntu/ros2_delivFoxy/install/slam_gmapping/share/slam_gmapping/package.dsv
[15.900s] -- Up-to-date symlink: /home/ubuntu/ros2_delivFoxy/install/slam_gmapping/share/ament_index/resource_index/packages/slam_gmapping
[15.906s] -- Up-to-date symlink: /home/ubuntu/ros2_delivFoxy/install/slam_gmapping/share/slam_gmapping/cmake/slam_gmappingConfig.cmake
[15.911s] -- Up-to-date symlink: /home/ubuntu/ros2_delivFoxy/install/slam_gmapping/share/slam_gmapping/cmake/slam_gmappingConfig-version.cmake
[15.919s] -- Up-to-date symlink: /home/ubuntu/ros2_delivFoxy/install/slam_gmapping/share/slam_gmapping/package.xml
[15.941s] Invoked command in '/home/ubuntu/ros2_delivFoxy/build/slam_gmapping' returned '0': CMAKE_PREFIX_PATH=/home/ubuntu/ros2_delivFoxy/install/openslam_gmapping:/home/ubuntu/ros2_delivFoxy/install/ydlidar_sdk:/home/ubuntu/ros2_delivFoxy/install/ydlidar_ros2_driver:/home/ubuntu/ros2_delivFoxy/install/slam_gmapping:/home/ubuntu/ros2_delivFoxy/install/serial_motor_demo_msgs:/home/ubuntu/ros2_delivFoxy/install/diffdrive_arduino:/home/ubuntu/ros2_delivFoxy/install/serial:/home/ubuntu/ros2_delivFoxy/install/articubot_one:/home/ubuntu/dev_serial_motor/install/serial_motor_demo_msgs:/home/ubuntu/ros2_delivFoxy/install/serial_motor_demo:/home/ubuntu/dev_serial_motor/install/serial_motor_demo:/opt/ros/foxy /usr/bin/cmake --install /home/ubuntu/ros2_delivFoxy/build/slam_gmapping
