[0.017s] Invoking command in '/home/phufoxy/ros2_FxDeliver/build/articubot_one': CMAKE_PREFIX_PATH=${CMAKE_PREFIX_PATH}:/home/phufoxy/ros2_FxDeliver/install/serial_motor_demo:/opt/ros/foxy /usr/bin/cmake /home/phufoxy/ros2_FxDeliver/src/articubot_one -DAMENT_CMAKE_SYMLINK_INSTALL=1 -DCMAKE_INSTALL_PREFIX=/home/phufoxy/ros2_FxDeliver/install/articubot_one
[0.069s] -- The C compiler identification is GNU 9.4.0
[0.118s] -- The CXX compiler identification is GNU 9.4.0
[0.123s] -- Check for working C compiler: /usr/bin/cc
[0.184s] -- Check for working C compiler: /usr/bin/cc -- works
[0.185s] -- Detecting C compiler ABI info
[0.244s] -- Detecting C compiler ABI info - done
[0.255s] -- Detecting C compile features
[0.255s] -- Detecting C compile features - done
[0.257s] -- Check for working CXX compiler: /usr/bin/c++
[0.329s] -- Check for working CXX compiler: /usr/bin/c++ -- works
[0.330s] -- Detecting CXX compiler ABI info
[0.405s] -- Detecting CXX compiler ABI info - done
[0.415s] -- Detecting CXX compile features
[0.416s] -- Detecting CXX compile features - done
[0.418s] -- Found ament_cmake: 0.9.12 (/opt/ros/foxy/share/ament_cmake/cmake)
[0.439s] -- Found PythonInterp: /usr/bin/python3 (found suitable version "3.8.10", minimum required is "3") 
[0.440s] -- Using PYTHON_EXECUTABLE: /usr/bin/python3
[0.596s] -- Override CMake install command with custom implementation using symlinks instead of copying resources
[0.618s] -- Found ament_lint_auto: 0.9.8 (/opt/ros/foxy/share/ament_lint_auto/cmake)
[0.684s] -- Added test 'copyright' to check source files copyright and LICENSE
[0.691s] -- Added test 'flake8' to check Python code syntax and style conventions
[0.692s] -- Added test 'lint_cmake' to check CMake code style
[0.693s] -- Added test 'pep257' to check Python code against some of the style conventions in PEP 257
[0.697s] -- Added test 'xmllint' to check XML markup files
[0.699s] -- Configuring done
[0.701s] -- Generating done
[0.702s] -- Build files have been written to: /home/phufoxy/ros2_FxDeliver/build/articubot_one
[0.705s] Invoked command in '/home/phufoxy/ros2_FxDeliver/build/articubot_one' returned '0': CMAKE_PREFIX_PATH=${CMAKE_PREFIX_PATH}:/home/phufoxy/ros2_FxDeliver/install/serial_motor_demo:/opt/ros/foxy /usr/bin/cmake /home/phufoxy/ros2_FxDeliver/src/articubot_one -DAMENT_CMAKE_SYMLINK_INSTALL=1 -DCMAKE_INSTALL_PREFIX=/home/phufoxy/ros2_FxDeliver/install/articubot_one
[0.708s] Invoking command in '/home/phufoxy/ros2_FxDeliver/build/articubot_one': CMAKE_PREFIX_PATH=${CMAKE_PREFIX_PATH}:/home/phufoxy/ros2_FxDeliver/install/serial_motor_demo:/opt/ros/foxy /usr/bin/cmake --build /home/phufoxy/ros2_FxDeliver/build/articubot_one -- -j8 -l8
[0.744s] Invoked command in '/home/phufoxy/ros2_FxDeliver/build/articubot_one' returned '0': CMAKE_PREFIX_PATH=${CMAKE_PREFIX_PATH}:/home/phufoxy/ros2_FxDeliver/install/serial_motor_demo:/opt/ros/foxy /usr/bin/cmake --build /home/phufoxy/ros2_FxDeliver/build/articubot_one -- -j8 -l8
[0.775s] Invoking command in '/home/phufoxy/ros2_FxDeliver/build/articubot_one': CMAKE_PREFIX_PATH=${CMAKE_PREFIX_PATH}:/home/phufoxy/ros2_FxDeliver/install/serial_motor_demo:/opt/ros/foxy /usr/bin/cmake --install /home/phufoxy/ros2_FxDeliver/build/articubot_one
[0.782s] -- Install configuration: ""
[0.783s] -- Execute custom install script
[0.783s] -- Symlinking: /home/phufoxy/ros2_FxDeliver/install/articubot_one/share/articubot_one/config/V1.rviz
[0.792s] -- Symlinking: /home/phufoxy/ros2_FxDeliver/install/articubot_one/share/articubot_one/config/ball_tracker_params_robot.yaml
[0.800s] -- Symlinking: /home/phufoxy/ros2_FxDeliver/install/articubot_one/share/articubot_one/config/ball_tracker_params_sim.yaml
[0.808s] -- Symlinking: /home/phufoxy/ros2_FxDeliver/install/articubot_one/share/articubot_one/config/drive_bot.rviz
[0.817s] -- Symlinking: /home/phufoxy/ros2_FxDeliver/install/articubot_one/share/articubot_one/config/empty.yaml
[0.825s] -- Symlinking: /home/phufoxy/ros2_FxDeliver/install/articubot_one/share/articubot_one/config/gaz_ros2_ctl_use_sim.yaml
[0.833s] -- Symlinking: /home/phufoxy/ros2_FxDeliver/install/articubot_one/share/articubot_one/config/gazebo_params.yaml
[0.841s] -- Symlinking: /home/phufoxy/ros2_FxDeliver/install/articubot_one/share/articubot_one/config/joystick.yaml
[0.849s] -- Symlinking: /home/phufoxy/ros2_FxDeliver/install/articubot_one/share/articubot_one/config/main.rviz
[0.858s] -- Symlinking: /home/phufoxy/ros2_FxDeliver/install/articubot_one/share/articubot_one/config/map.rviz
[0.866s] -- Symlinking: /home/phufoxy/ros2_FxDeliver/install/articubot_one/share/articubot_one/config/mapper_params_online_async.yaml
[0.874s] -- Symlinking: /home/phufoxy/ros2_FxDeliver/install/articubot_one/share/articubot_one/config/my_controllers.yaml
[0.882s] -- Symlinking: /home/phufoxy/ros2_FxDeliver/install/articubot_one/share/articubot_one/config/nav2_params.yaml
[0.890s] -- Symlinking: /home/phufoxy/ros2_FxDeliver/install/articubot_one/share/articubot_one/config/twist_mux.yaml
[0.898s] -- Symlinking: /home/phufoxy/ros2_FxDeliver/install/articubot_one/share/articubot_one/config/view_bot.rviz
[0.908s] -- Symlinking: /home/phufoxy/ros2_FxDeliver/install/articubot_one/share/articubot_one/description/camera.xacro
[0.916s] -- Symlinking: /home/phufoxy/ros2_FxDeliver/install/articubot_one/share/articubot_one/description/depth_camera.xacro
[0.925s] -- Symlinking: /home/phufoxy/ros2_FxDeliver/install/articubot_one/share/articubot_one/description/face.xacro
[0.933s] -- Symlinking: /home/phufoxy/ros2_FxDeliver/install/articubot_one/share/articubot_one/description/gazebo_control.xacro
[0.943s] -- Symlinking: /home/phufoxy/ros2_FxDeliver/install/articubot_one/share/articubot_one/description/inertial_macros.xacro
[0.951s] -- Symlinking: /home/phufoxy/ros2_FxDeliver/install/articubot_one/share/articubot_one/description/lidar.xacro
[0.959s] -- Symlinking: /home/phufoxy/ros2_FxDeliver/install/articubot_one/share/articubot_one/description/robot.urdf.xacro
[0.968s] -- Symlinking: /home/phufoxy/ros2_FxDeliver/install/articubot_one/share/articubot_one/description/robot_core.xacro
[0.977s] -- Symlinking: /home/phufoxy/ros2_FxDeliver/install/articubot_one/share/articubot_one/description/ros2_control.xacro
[0.986s] -- Symlinking: /home/phufoxy/ros2_FxDeliver/install/articubot_one/share/articubot_one/launch/ball_tracker.launch.py
[0.994s] -- Symlinking: /home/phufoxy/ros2_FxDeliver/install/articubot_one/share/articubot_one/launch/camera.launch.py
[1.002s] -- Symlinking: /home/phufoxy/ros2_FxDeliver/install/articubot_one/share/articubot_one/launch/joystick.launch.py
[1.010s] -- Symlinking: /home/phufoxy/ros2_FxDeliver/install/articubot_one/share/articubot_one/launch/launch_robot.launch.py
[1.018s] -- Symlinking: /home/phufoxy/ros2_FxDeliver/install/articubot_one/share/articubot_one/launch/launch_sim.launch.py
[1.027s] -- Symlinking: /home/phufoxy/ros2_FxDeliver/install/articubot_one/share/articubot_one/launch/localization_launch.py
[1.036s] -- Symlinking: /home/phufoxy/ros2_FxDeliver/install/articubot_one/share/articubot_one/launch/navigation_launch.py
[1.044s] -- Symlinking: /home/phufoxy/ros2_FxDeliver/install/articubot_one/share/articubot_one/launch/online_async_launch.py
[1.052s] -- Symlinking: /home/phufoxy/ros2_FxDeliver/install/articubot_one/share/articubot_one/launch/rplidar.launch.py
[1.061s] -- Symlinking: /home/phufoxy/ros2_FxDeliver/install/articubot_one/share/articubot_one/launch/rsp.launch.py
[1.069s] -- Symlinking: /home/phufoxy/ros2_FxDeliver/install/articubot_one/share/articubot_one/worlds/empty.world
[1.077s] -- Symlinking: /home/phufoxy/ros2_FxDeliver/install/articubot_one/share/articubot_one/worlds/obstacles.world
[1.085s] -- Symlinking: /home/phufoxy/ros2_FxDeliver/install/articubot_one/share/articubot_one/worlds/obstacles_V1.world
[1.093s] -- Symlinking: /home/phufoxy/ros2_FxDeliver/install/articubot_one/share/ament_index/resource_index/package_run_dependencies/articubot_one
[1.102s] -- Symlinking: /home/phufoxy/ros2_FxDeliver/install/articubot_one/share/ament_index/resource_index/parent_prefix_path/articubot_one
[1.111s] -- Symlinking: /home/phufoxy/ros2_FxDeliver/install/articubot_one/share/articubot_one/environment/ament_prefix_path.sh
[1.120s] -- Symlinking: /home/phufoxy/ros2_FxDeliver/install/articubot_one/share/articubot_one/environment/ament_prefix_path.dsv
[1.129s] -- Symlinking: /home/phufoxy/ros2_FxDeliver/install/articubot_one/share/articubot_one/environment/path.sh
[1.138s] -- Symlinking: /home/phufoxy/ros2_FxDeliver/install/articubot_one/share/articubot_one/environment/path.dsv
[1.147s] -- Symlinking: /home/phufoxy/ros2_FxDeliver/install/articubot_one/share/articubot_one/local_setup.bash
[1.155s] -- Symlinking: /home/phufoxy/ros2_FxDeliver/install/articubot_one/share/articubot_one/local_setup.sh
[1.163s] -- Symlinking: /home/phufoxy/ros2_FxDeliver/install/articubot_one/share/articubot_one/local_setup.zsh
[1.173s] -- Symlinking: /home/phufoxy/ros2_FxDeliver/install/articubot_one/share/articubot_one/local_setup.dsv
[1.182s] -- Symlinking: /home/phufoxy/ros2_FxDeliver/install/articubot_one/share/articubot_one/package.dsv
[1.190s] -- Symlinking: /home/phufoxy/ros2_FxDeliver/install/articubot_one/share/ament_index/resource_index/packages/articubot_one
[1.199s] -- Symlinking: /home/phufoxy/ros2_FxDeliver/install/articubot_one/share/articubot_one/cmake/articubot_oneConfig.cmake
[1.207s] -- Symlinking: /home/phufoxy/ros2_FxDeliver/install/articubot_one/share/articubot_one/cmake/articubot_oneConfig-version.cmake
[1.215s] -- Symlinking: /home/phufoxy/ros2_FxDeliver/install/articubot_one/share/articubot_one/package.xml
[1.227s] Invoked command in '/home/phufoxy/ros2_FxDeliver/build/articubot_one' returned '0': CMAKE_PREFIX_PATH=${CMAKE_PREFIX_PATH}:/home/phufoxy/ros2_FxDeliver/install/serial_motor_demo:/opt/ros/foxy /usr/bin/cmake --install /home/phufoxy/ros2_FxDeliver/build/articubot_one
