make: Warning: File 'Makefile' has modification time 1233 s in the future
make[1]: Warning: File 'CMakeFiles/Makefile2' has modification time 1233 s in the future
make[2]: Warning: File 'CMakeFiles/serial.dir/progress.make' has modification time 1233 s in the future
make[2]: Warning: File 'gtest/CMakeFiles/gtest.dir/progress.make' has modification time 1233 s in the future
make[2]: Warning: File 'gtest/CMakeFiles/gtest_main.dir/progress.make' has modification time 1233 s in the future
make[2]: warning:  Clock skew detected.  Your build may be incomplete.
make[2]: warning:  Clock skew detected.  Your build may be incomplete.
make[2]: Warning: File 'CMakeFiles/serial.dir/progress.make' has modification time 1233 s in the future
make[2]: warning:  Clock skew detected.  Your build may be incomplete.
make[2]: warning:  Clock skew detected.  Your build may be incomplete.
make[2]: Warning: File 'gtest/CMakeFiles/gtest_main.dir/progress.make' has modification time 1232 s in the future
make[2]: warning:  Clock skew detected.  Your build may be incomplete.
make[2]: Warning: File 'gtest/CMakeFiles/gtest.dir/progress.make' has modification time 1232 s in the future
make[2]: warning:  Clock skew detected.  Your build may be incomplete.
make[2]: Warning: File 'CMakeFiles/serial_example.dir/progress.make' has modification time 1232 s in the future
make[2]: Warning: File 'tests/CMakeFiles/serial-test.dir/progress.make' has modification time 1232 s in the future
make[2]: Warning: File 'tests/CMakeFiles/serial-test-timer.dir/progress.make' has modification time 1232 s in the future
make[2]: warning:  Clock skew detected.  Your build may be incomplete.
make[2]: Warning: File 'CMakeFiles/serial_example.dir/progress.make' has modification time 1232 s in the future
make[2]: warning:  Clock skew detected.  Your build may be incomplete.
make[2]: warning:  Clock skew detected.  Your build may be incomplete.
make[2]: Warning: File 'tests/CMakeFiles/serial-test-timer.dir/progress.make' has modification time 1232 s in the future
make[2]: warning:  Clock skew detected.  Your build may be incomplete.
make[2]: warning:  Clock skew detected.  Your build may be incomplete.
make[2]: Warning: File 'tests/CMakeFiles/serial-test.dir/progress.make' has modification time 1232 s in the future
make[2]: warning:  Clock skew detected.  Your build may be incomplete.
make[1]: warning:  Clock skew detected.  Your build may be incomplete.
make: warning:  Clock skew detected.  Your build may be incomplete.
