make: Warning: File 'Makefile' has modification time 1233 s in the future
make[1]: Warning: File 'CMakeFiles/Makefile2' has modification time 1233 s in the future
make[2]: Warning: File 'CMakeFiles/serial.dir/progress.make' has modification time 1233 s in the future
make[2]: Warning: File 'gtest/CMakeFiles/gtest.dir/progress.make' has modification time 1233 s in the future
make[2]: Warning: File 'gtest/CMakeFiles/gtest_main.dir/progress.make' has modification time 1233 s in the future
make[2]: warning:  Clock skew detected.  Your build may be incomplete.
make[2]: warning:  Clock skew detected.  Your build may be incomplete.
make[2]: Warning: File 'CMakeFiles/serial.dir/progress.make' has modification time 1233 s in the future
make[2]: warning:  Clock skew detected.  Your build may be incomplete.
make[2]: warning:  Clock skew detected.  Your build may be incomplete.
make[2]: Warning: File 'gtest/CMakeFiles/gtest_main.dir/progress.make' has modification time 1232 s in the future
make[2]: warning:  Clock skew detected.  Your build may be incomplete.
make[2]: Warning: File 'gtest/CMakeFiles/gtest.dir/progress.make' has modification time 1232 s in the future
make[2]: warning:  Clock skew detected.  Your build may be incomplete.
[ 14%] Built target gtest_main
[ 42%] Built target serial
make[2]: Warning: File 'CMakeFiles/serial_example.dir/progress.make' has modification time 1232 s in the future
[ 57%] Built target gtest
make[2]: Warning: File 'tests/CMakeFiles/serial-test.dir/progress.make' has modification time 1232 s in the future
make[2]: Warning: File 'tests/CMakeFiles/serial-test-timer.dir/progress.make' has modification time 1232 s in the future
make[2]: warning:  Clock skew detected.  Your build may be incomplete.
make[2]: Warning: File 'CMakeFiles/serial_example.dir/progress.make' has modification time 1232 s in the future
make[2]: warning:  Clock skew detected.  Your build may be incomplete.
make[2]: warning:  Clock skew detected.  Your build may be incomplete.
make[2]: Warning: File 'tests/CMakeFiles/serial-test-timer.dir/progress.make' has modification time 1232 s in the future
make[2]: warning:  Clock skew detected.  Your build may be incomplete.
make[2]: warning:  Clock skew detected.  Your build may be incomplete.
make[2]: Warning: File 'tests/CMakeFiles/serial-test.dir/progress.make' has modification time 1232 s in the future
make[2]: warning:  Clock skew detected.  Your build may be incomplete.
[ 71%] Built target serial_example
[ 85%] Built target serial-test-timer
[100%] Built target serial-test
make[1]: warning:  Clock skew detected.  Your build may be incomplete.
make: warning:  Clock skew detected.  Your build may be incomplete.
-- Install configuration: ""
-- Execute custom install script
-- Up-to-date symlink: /home/ubuntu/ros2_delivFoxy/install/serial/lib/libserial.a
-- Up-to-date symlink: /home/ubuntu/ros2_delivFoxy/install/serial/include/serial/serial.h
-- Up-to-date symlink: /home/ubuntu/ros2_delivFoxy/install/serial/include/serial/v8stdint.h
-- Up-to-date symlink: /home/ubuntu/ros2_delivFoxy/install/serial/share/serial/environment/library_path.sh
-- Up-to-date symlink: /home/ubuntu/ros2_delivFoxy/install/serial/share/serial/environment/library_path.dsv
-- Up-to-date symlink: /home/ubuntu/ros2_delivFoxy/install/serial/share/ament_index/resource_index/package_run_dependencies/serial
-- Up-to-date symlink: /home/ubuntu/ros2_delivFoxy/install/serial/share/ament_index/resource_index/parent_prefix_path/serial
-- Up-to-date symlink: /home/ubuntu/ros2_delivFoxy/install/serial/share/serial/environment/ament_prefix_path.sh
-- Up-to-date symlink: /home/ubuntu/ros2_delivFoxy/install/serial/share/serial/environment/ament_prefix_path.dsv
-- Up-to-date symlink: /home/ubuntu/ros2_delivFoxy/install/serial/share/serial/environment/path.sh
-- Up-to-date symlink: /home/ubuntu/ros2_delivFoxy/install/serial/share/serial/environment/path.dsv
-- Up-to-date symlink: /home/ubuntu/ros2_delivFoxy/install/serial/share/serial/local_setup.bash
-- Up-to-date symlink: /home/ubuntu/ros2_delivFoxy/install/serial/share/serial/local_setup.sh
-- Up-to-date symlink: /home/ubuntu/ros2_delivFoxy/install/serial/share/serial/local_setup.zsh
-- Up-to-date symlink: /home/ubuntu/ros2_delivFoxy/install/serial/share/serial/local_setup.dsv
-- Symlinking: /home/ubuntu/ros2_delivFoxy/install/serial/share/serial/package.dsv
-- Up-to-date symlink: /home/ubuntu/ros2_delivFoxy/install/serial/share/ament_index/resource_index/packages/serial
-- Up-to-date symlink: /home/ubuntu/ros2_delivFoxy/install/serial/share/serial/cmake/ament_cmake_export_include_directories-extras.cmake
-- Up-to-date symlink: /home/ubuntu/ros2_delivFoxy/install/serial/share/serial/cmake/ament_cmake_export_libraries-extras.cmake
-- Up-to-date symlink: /home/ubuntu/ros2_delivFoxy/install/serial/share/serial/cmake/serialConfig.cmake
-- Up-to-date symlink: /home/ubuntu/ros2_delivFoxy/install/serial/share/serial/cmake/serialConfig-version.cmake
-- Up-to-date symlink: /home/ubuntu/ros2_delivFoxy/install/serial/share/serial/package.xml
