[0.160s] Invoking command in '/home/ubuntu/ros2_delivFoxy/build/slam_gmapping': CMAKE_PREFIX_PATH=/home/ubuntu/ros2_delivFoxy/install/openslam_gmapping:/home/ubuntu/ros2_delivFoxy/install/ydlidar_sdk:/home/ubuntu/ros2_delivFoxy/install/ydlidar_ros2_driver:/home/ubuntu/ros2_delivFoxy/install/slam_gmapping:/home/ubuntu/ros2_delivFoxy/install/serial_motor_demo_msgs:/home/ubuntu/ros2_delivFoxy/install/diffdrive_arduino:/home/ubuntu/ros2_delivFoxy/install/serial:/home/ubuntu/ros2_delivFoxy/install/articubot_one:/home/ubuntu/dev_serial_motor/install/serial_motor_demo_msgs:/home/ubuntu/ros2_delivFoxy/install/serial_motor_demo:/home/ubuntu/dev_serial_motor/install/serial_motor_demo:/opt/ros/foxy /usr/bin/cmake --build /home/ubuntu/ros2_delivFoxy/build/slam_gmapping -- -j4 -l4
[0.960s] [ 50%] Built target slam_gmapping
[0.980s] [100%] Built target transform
[1.067s] Invoked command in '/home/ubuntu/ros2_delivFoxy/build/slam_gmapping' returned '0': CMAKE_PREFIX_PATH=/home/ubuntu/ros2_delivFoxy/install/openslam_gmapping:/home/ubuntu/ros2_delivFoxy/install/ydlidar_sdk:/home/ubuntu/ros2_delivFoxy/install/ydlidar_ros2_driver:/home/ubuntu/ros2_delivFoxy/install/slam_gmapping:/home/ubuntu/ros2_delivFoxy/install/serial_motor_demo_msgs:/home/ubuntu/ros2_delivFoxy/install/diffdrive_arduino:/home/ubuntu/ros2_delivFoxy/install/serial:/home/ubuntu/ros2_delivFoxy/install/articubot_one:/home/ubuntu/dev_serial_motor/install/serial_motor_demo_msgs:/home/ubuntu/ros2_delivFoxy/install/serial_motor_demo:/home/ubuntu/dev_serial_motor/install/serial_motor_demo:/opt/ros/foxy /usr/bin/cmake --build /home/ubuntu/ros2_delivFoxy/build/slam_gmapping -- -j4 -l4
[1.569s] Invoking command in '/home/ubuntu/ros2_delivFoxy/build/slam_gmapping': CMAKE_PREFIX_PATH=/home/ubuntu/ros2_delivFoxy/install/openslam_gmapping:/home/ubuntu/ros2_delivFoxy/install/ydlidar_sdk:/home/ubuntu/ros2_delivFoxy/install/ydlidar_ros2_driver:/home/ubuntu/ros2_delivFoxy/install/slam_gmapping:/home/ubuntu/ros2_delivFoxy/install/serial_motor_demo_msgs:/home/ubuntu/ros2_delivFoxy/install/diffdrive_arduino:/home/ubuntu/ros2_delivFoxy/install/serial:/home/ubuntu/ros2_delivFoxy/install/articubot_one:/home/ubuntu/dev_serial_motor/install/serial_motor_demo_msgs:/home/ubuntu/ros2_delivFoxy/install/serial_motor_demo:/home/ubuntu/dev_serial_motor/install/serial_motor_demo:/opt/ros/foxy /usr/bin/cmake --install /home/ubuntu/ros2_delivFoxy/build/slam_gmapping
[1.692s] -- Install configuration: ""
[1.692s] -- Execute custom install script
[1.693s] -- Up-to-date symlink: /home/ubuntu/ros2_delivFoxy/install/slam_gmapping/lib/slam_gmapping/slam_gmapping
[1.694s] -- Up-to-date symlink: /home/ubuntu/ros2_delivFoxy/install/slam_gmapping/lib/slam_gmapping/transform
[1.695s] -- Up-to-date symlink: /home/ubuntu/ros2_delivFoxy/install/slam_gmapping/share/slam_gmapping/launch/gmapping_launch.py
[1.696s] -- Up-to-date symlink: /home/ubuntu/ros2_delivFoxy/install/slam_gmapping/share/slam_gmapping/launch/slam_gmapping.launch.py
[1.697s] -- Up-to-date symlink: /home/ubuntu/ros2_delivFoxy/install/slam_gmapping/share/ament_index/resource_index/package_run_dependencies/slam_gmapping
[1.708s] -- Up-to-date symlink: /home/ubuntu/ros2_delivFoxy/install/slam_gmapping/share/ament_index/resource_index/parent_prefix_path/slam_gmapping
[1.710s] -- Up-to-date symlink: /home/ubuntu/ros2_delivFoxy/install/slam_gmapping/share/slam_gmapping/environment/ament_prefix_path.sh
[1.715s] -- Up-to-date symlink: /home/ubuntu/ros2_delivFoxy/install/slam_gmapping/share/slam_gmapping/environment/ament_prefix_path.dsv
[1.725s] -- Up-to-date symlink: /home/ubuntu/ros2_delivFoxy/install/slam_gmapping/share/slam_gmapping/environment/path.sh
[1.730s] -- Up-to-date symlink: /home/ubuntu/ros2_delivFoxy/install/slam_gmapping/share/slam_gmapping/environment/path.dsv
[1.733s] -- Up-to-date symlink: /home/ubuntu/ros2_delivFoxy/install/slam_gmapping/share/slam_gmapping/local_setup.bash
[1.740s] -- Up-to-date symlink: /home/ubuntu/ros2_delivFoxy/install/slam_gmapping/share/slam_gmapping/local_setup.sh
[1.743s] -- Up-to-date symlink: /home/ubuntu/ros2_delivFoxy/install/slam_gmapping/share/slam_gmapping/local_setup.zsh
[1.747s] -- Up-to-date symlink: /home/ubuntu/ros2_delivFoxy/install/slam_gmapping/share/slam_gmapping/local_setup.dsv
[1.750s] -- Symlinking: /home/ubuntu/ros2_delivFoxy/install/slam_gmapping/share/slam_gmapping/package.dsv
[1.811s] -- Up-to-date symlink: /home/ubuntu/ros2_delivFoxy/install/slam_gmapping/share/ament_index/resource_index/packages/slam_gmapping
[1.814s] -- Up-to-date symlink: /home/ubuntu/ros2_delivFoxy/install/slam_gmapping/share/slam_gmapping/cmake/slam_gmappingConfig.cmake
[1.817s] -- Up-to-date symlink: /home/ubuntu/ros2_delivFoxy/install/slam_gmapping/share/slam_gmapping/cmake/slam_gmappingConfig-version.cmake
[1.823s] -- Up-to-date symlink: /home/ubuntu/ros2_delivFoxy/install/slam_gmapping/share/slam_gmapping/package.xml
[1.840s] Invoked command in '/home/ubuntu/ros2_delivFoxy/build/slam_gmapping' returned '0': CMAKE_PREFIX_PATH=/home/ubuntu/ros2_delivFoxy/install/openslam_gmapping:/home/ubuntu/ros2_delivFoxy/install/ydlidar_sdk:/home/ubuntu/ros2_delivFoxy/install/ydlidar_ros2_driver:/home/ubuntu/ros2_delivFoxy/install/slam_gmapping:/home/ubuntu/ros2_delivFoxy/install/serial_motor_demo_msgs:/home/ubuntu/ros2_delivFoxy/install/diffdrive_arduino:/home/ubuntu/ros2_delivFoxy/install/serial:/home/ubuntu/ros2_delivFoxy/install/articubot_one:/home/ubuntu/dev_serial_motor/install/serial_motor_demo_msgs:/home/ubuntu/ros2_delivFoxy/install/serial_motor_demo:/home/ubuntu/dev_serial_motor/install/serial_motor_demo:/opt/ros/foxy /usr/bin/cmake --install /home/ubuntu/ros2_delivFoxy/build/slam_gmapping
