[0.170s] Invoking command in '/home/ubuntu/ros2_delivFoxy/build/ydlidar_ros2_driver': CMAKE_PREFIX_PATH=${CMAKE_PREFIX_PATH}:/home/ubuntu/ros2_delivFoxy/install/serial_motor_demo:/home/ubuntu/dev_serial_motor/install/serial_motor_demo:/opt/ros/foxy /usr/bin/cmake /home/ubuntu/ros2_delivFoxy/src/ydlidarX3_foxy/src/ydlidar_ros2_driver-master -DCMAKE_INSTALL_PREFIX=/home/ubuntu/ros2_delivFoxy/install/ydlidar_ros2_driver
[0.312s] -- Found ament_cmake: 0.9.12 (/opt/ros/foxy/share/ament_cmake/cmake)
[0.523s] -- Using PYTHON_EXECUTABLE: /usr/bin/python3
[2.277s] -- Override CMake install command with custom implementation using symlinks instead of copying resources
[2.370s] -- Found rclcpp: 2.4.3 (/opt/ros/foxy/share/rclcpp/cmake)
[2.826s] -- Using all available rosidl_typesupport_c: rosidl_typesupport_fastrtps_c;rosidl_typesupport_introspection_c
[2.852s] -- Found rosidl_adapter: 1.3.1 (/opt/ros/foxy/share/rosidl_adapter/cmake)
[4.284s] -- Using all available rosidl_typesupport_cpp: rosidl_typesupport_fastrtps_cpp;rosidl_typesupport_introspection_cpp
[4.769s] -- Found rmw_implementation_cmake: 1.0.4 (/opt/ros/foxy/share/rmw_implementation_cmake/cmake)
[4.786s] -- Using RMW implementation 'rmw_fastrtps_cpp' as default
[6.016s] -- Found sensor_msgs: 2.0.5 (/opt/ros/foxy/share/sensor_msgs/cmake)
[6.818s] -- Found visualization_msgs: 2.0.5 (/opt/ros/foxy/share/visualization_msgs/cmake)
[7.206s] -- Found std_srvs: 2.0.5 (/opt/ros/foxy/share/std_srvs/cmake)
[7.356s] -- Found ament_lint_auto: 0.9.8 (/opt/ros/foxy/share/ament_lint_auto/cmake)
[7.961s] -- Added test 'copyright' to check source files copyright and LICENSE
[7.992s] -- Added test 'cppcheck' to perform static code analysis on C / C++ code
[7.995s] -- Configured cppcheck include dirs: /home/ubuntu/ros2_delivFoxy/src/ydlidarX3_foxy/src/ydlidar_ros2_driver-master/src
[7.997s] -- Configured cppcheck exclude dirs and/or files: 
[8.016s] -- Added test 'cpplint' to check C / C++ code against the Google style
[8.017s] -- Configured cpplint exclude dirs and/or files: 
[8.022s] -- Added test 'flake8' to check Python code syntax and style conventions
[8.029s] -- Added test 'lint_cmake' to check CMake code style
[8.034s] -- Added test 'pep257' to check Python code against some of the style conventions in PEP 257
[8.054s] -- Added test 'uncrustify' to check C / C++ code style
[8.055s] -- Configured uncrustify additional arguments: 
[8.060s] -- Added test 'xmllint' to check XML markup files
[8.094s] -- Configuring done
[8.260s] -- Generating done
[8.276s] -- Build files have been written to: /home/ubuntu/ros2_delivFoxy/build/ydlidar_ros2_driver
[8.305s] Invoked command in '/home/ubuntu/ros2_delivFoxy/build/ydlidar_ros2_driver' returned '0': CMAKE_PREFIX_PATH=${CMAKE_PREFIX_PATH}:/home/ubuntu/ros2_delivFoxy/install/serial_motor_demo:/home/ubuntu/dev_serial_motor/install/serial_motor_demo:/opt/ros/foxy /usr/bin/cmake /home/ubuntu/ros2_delivFoxy/src/ydlidarX3_foxy/src/ydlidar_ros2_driver-master -DCMAKE_INSTALL_PREFIX=/home/ubuntu/ros2_delivFoxy/install/ydlidar_ros2_driver
[8.319s] Invoking command in '/home/ubuntu/ros2_delivFoxy/build/ydlidar_ros2_driver': CMAKE_PREFIX_PATH=${CMAKE_PREFIX_PATH}:/home/ubuntu/ros2_delivFoxy/install/serial_motor_demo:/home/ubuntu/dev_serial_motor/install/serial_motor_demo:/opt/ros/foxy /usr/bin/cmake --build /home/ubuntu/ros2_delivFoxy/build/ydlidar_ros2_driver -- -j4 -l4
[8.848s] [ 50%] Built target ydlidar_ros2_driver_client
[8.996s] [100%] Built target ydlidar_ros2_driver_node
[9.147s] Invoked command in '/home/ubuntu/ros2_delivFoxy/build/ydlidar_ros2_driver' returned '0': CMAKE_PREFIX_PATH=${CMAKE_PREFIX_PATH}:/home/ubuntu/ros2_delivFoxy/install/serial_motor_demo:/home/ubuntu/dev_serial_motor/install/serial_motor_demo:/opt/ros/foxy /usr/bin/cmake --build /home/ubuntu/ros2_delivFoxy/build/ydlidar_ros2_driver -- -j4 -l4
[9.698s] Invoking command in '/home/ubuntu/ros2_delivFoxy/build/ydlidar_ros2_driver': CMAKE_PREFIX_PATH=${CMAKE_PREFIX_PATH}:/home/ubuntu/ros2_delivFoxy/install/serial_motor_demo:/home/ubuntu/dev_serial_motor/install/serial_motor_demo:/opt/ros/foxy /usr/bin/cmake --install /home/ubuntu/ros2_delivFoxy/build/ydlidar_ros2_driver
[9.814s] -- Install configuration: ""
[9.816s] -- Execute custom install script
[9.818s] -- Up-to-date symlink: /home/ubuntu/ros2_delivFoxy/install/ydlidar_ros2_driver/lib/ydlidar_ros2_driver/ydlidar_ros2_driver_node
[9.821s] -- Up-to-date symlink: /home/ubuntu/ros2_delivFoxy/install/ydlidar_ros2_driver/lib/ydlidar_ros2_driver/ydlidar_ros2_driver_client
[9.823s] -- Up-to-date symlink: /home/ubuntu/ros2_delivFoxy/install/ydlidar_ros2_driver/share/ydlidar_ros2_driver/launch/__pycache__/ydlidar_launch.cpython-36.pyc
[9.825s] -- Up-to-date symlink: /home/ubuntu/ros2_delivFoxy/install/ydlidar_ros2_driver/share/ydlidar_ros2_driver/launch/__pycache__/ydlidar_launch_view.cpython-36.pyc
[9.827s] -- Up-to-date symlink: /home/ubuntu/ros2_delivFoxy/install/ydlidar_ros2_driver/share/ydlidar_ros2_driver/launch/ydlidar.py
[9.828s] -- Up-to-date symlink: /home/ubuntu/ros2_delivFoxy/install/ydlidar_ros2_driver/share/ydlidar_ros2_driver/launch/ydlidar_launch.py
[9.829s] -- Up-to-date symlink: /home/ubuntu/ros2_delivFoxy/install/ydlidar_ros2_driver/share/ydlidar_ros2_driver/launch/ydlidar_view_launch.py
[9.831s] -- Up-to-date symlink: /home/ubuntu/ros2_delivFoxy/install/ydlidar_ros2_driver/share/ydlidar_ros2_driver/params/ydlidar.yaml
[9.835s] -- Up-to-date symlink: /home/ubuntu/ros2_delivFoxy/install/ydlidar_ros2_driver/share/ydlidar_ros2_driver/startup/initenv.sh
[9.836s] -- Up-to-date symlink: /home/ubuntu/ros2_delivFoxy/install/ydlidar_ros2_driver/share/ydlidar_ros2_driver/config/ydlidar.rviz
[9.840s] -- Up-to-date symlink: /home/ubuntu/ros2_delivFoxy/install/ydlidar_ros2_driver/share/ament_index/resource_index/package_run_dependencies/ydlidar_ros2_driver
[9.847s] -- Up-to-date symlink: /home/ubuntu/ros2_delivFoxy/install/ydlidar_ros2_driver/share/ament_index/resource_index/parent_prefix_path/ydlidar_ros2_driver
[9.850s] -- Up-to-date symlink: /home/ubuntu/ros2_delivFoxy/install/ydlidar_ros2_driver/share/ydlidar_ros2_driver/environment/ament_prefix_path.sh
[9.853s] -- Up-to-date symlink: /home/ubuntu/ros2_delivFoxy/install/ydlidar_ros2_driver/share/ydlidar_ros2_driver/environment/ament_prefix_path.dsv
[9.856s] -- Up-to-date symlink: /home/ubuntu/ros2_delivFoxy/install/ydlidar_ros2_driver/share/ydlidar_ros2_driver/environment/path.sh
[9.859s] -- Up-to-date symlink: /home/ubuntu/ros2_delivFoxy/install/ydlidar_ros2_driver/share/ydlidar_ros2_driver/environment/path.dsv
[9.863s] -- Up-to-date symlink: /home/ubuntu/ros2_delivFoxy/install/ydlidar_ros2_driver/share/ydlidar_ros2_driver/local_setup.bash
[9.865s] -- Up-to-date symlink: /home/ubuntu/ros2_delivFoxy/install/ydlidar_ros2_driver/share/ydlidar_ros2_driver/local_setup.sh
[9.868s] -- Up-to-date symlink: /home/ubuntu/ros2_delivFoxy/install/ydlidar_ros2_driver/share/ydlidar_ros2_driver/local_setup.zsh
[9.872s] -- Up-to-date symlink: /home/ubuntu/ros2_delivFoxy/install/ydlidar_ros2_driver/share/ydlidar_ros2_driver/local_setup.dsv
[9.875s] -- Symlinking: /home/ubuntu/ros2_delivFoxy/install/ydlidar_ros2_driver/share/ydlidar_ros2_driver/package.dsv
[9.938s] -- Up-to-date symlink: /home/ubuntu/ros2_delivFoxy/install/ydlidar_ros2_driver/share/ament_index/resource_index/packages/ydlidar_ros2_driver
[9.943s] -- Up-to-date symlink: /home/ubuntu/ros2_delivFoxy/install/ydlidar_ros2_driver/share/ydlidar_ros2_driver/cmake/ydlidar_ros2_driverConfig.cmake
[9.947s] -- Up-to-date symlink: /home/ubuntu/ros2_delivFoxy/install/ydlidar_ros2_driver/share/ydlidar_ros2_driver/cmake/ydlidar_ros2_driverConfig-version.cmake
[9.951s] -- Up-to-date symlink: /home/ubuntu/ros2_delivFoxy/install/ydlidar_ros2_driver/share/ydlidar_ros2_driver/package.xml
[9.979s] Invoked command in '/home/ubuntu/ros2_delivFoxy/build/ydlidar_ros2_driver' returned '0': CMAKE_PREFIX_PATH=${CMAKE_PREFIX_PATH}:/home/ubuntu/ros2_delivFoxy/install/serial_motor_demo:/home/ubuntu/dev_serial_motor/install/serial_motor_demo:/opt/ros/foxy /usr/bin/cmake --install /home/ubuntu/ros2_delivFoxy/build/ydlidar_ros2_driver
