[0.261s] Invoking command in '/home/ubuntu/ros2_delivFoxy/build/ydlidar_sdk': /usr/bin/cmake --build /home/ubuntu/ros2_delivFoxy/build/ydlidar_sdk -- -j4 -l4
[0.736s] [ 60%] Built target ydlidar_sdk
[0.996s] [ 68%] Built target tof_test
[1.053s] [ 76%] Built target ydlidar_test
[1.092s] [ 84%] Built target etlidar_test
[1.156s] [ 92%] Built target lidar_c_api_test
[1.294s] [100%] Built target lidar_test
[1.365s] Invoked command in '/home/ubuntu/ros2_delivFoxy/build/ydlidar_sdk' returned '0': /usr/bin/cmake --build /home/ubuntu/ros2_delivFoxy/build/ydlidar_sdk -- -j4 -l4
[2.194s] Invoking command in '/home/ubuntu/ros2_delivFoxy/build/ydlidar_sdk': /usr/bin/cmake --install /home/ubuntu/ros2_delivFoxy/build/ydlidar_sdk
[2.299s] -- Install configuration: ""
[2.304s] -- Up-to-date: /home/ubuntu/ros2_delivFoxy/install/ydlidar_sdk/include/core/base/datatype.h
[2.322s] -- Up-to-date: /home/ubuntu/ros2_delivFoxy/install/ydlidar_sdk/include/core/base/locker.h
[2.323s] -- Up-to-date: /home/ubuntu/ros2_delivFoxy/install/ydlidar_sdk/include/core/base/thread.h
[2.327s] -- Up-to-date: /home/ubuntu/ros2_delivFoxy/install/ydlidar_sdk/include/core/base/timer.h
[2.328s] -- Up-to-date: /home/ubuntu/ros2_delivFoxy/install/ydlidar_sdk/include/core/base/typedef.h
[2.328s] -- Up-to-date: /home/ubuntu/ros2_delivFoxy/install/ydlidar_sdk/include/core/base/utils.h
[2.329s] -- Up-to-date: /home/ubuntu/ros2_delivFoxy/install/ydlidar_sdk/include/core/base/v8stdint.h
[2.329s] -- Up-to-date: /home/ubuntu/ros2_delivFoxy/install/ydlidar_sdk/include/core/base/ydlidar.h
[2.330s] -- Up-to-date: /home/ubuntu/ros2_delivFoxy/install/ydlidar_sdk/include/core/common/ChannelDevice.h
[2.350s] -- Up-to-date: /home/ubuntu/ros2_delivFoxy/install/ydlidar_sdk/include/core/common/DriverInterface.h
[2.352s] -- Up-to-date: /home/ubuntu/ros2_delivFoxy/install/ydlidar_sdk/include/core/common/ydlidar_datatype.h
[2.353s] -- Up-to-date: /home/ubuntu/ros2_delivFoxy/install/ydlidar_sdk/include/core/common/ydlidar_def.h
[2.354s] -- Up-to-date: /home/ubuntu/ros2_delivFoxy/install/ydlidar_sdk/include/core/common/ydlidar_help.h
[2.355s] -- Up-to-date: /home/ubuntu/ros2_delivFoxy/install/ydlidar_sdk/include/core/common/ydlidar_protocol.h
[2.356s] -- Up-to-date: /home/ubuntu/ros2_delivFoxy/install/ydlidar_sdk/include/core/math/angles.h
[2.358s] -- Up-to-date: /home/ubuntu/ros2_delivFoxy/install/ydlidar_sdk/include/core/network/ActiveSocket.h
[2.359s] -- Up-to-date: /home/ubuntu/ros2_delivFoxy/install/ydlidar_sdk/include/core/network/PassiveSocket.h
[2.360s] -- Up-to-date: /home/ubuntu/ros2_delivFoxy/install/ydlidar_sdk/include/core/network/SimpleSocket.h
[2.361s] -- Up-to-date: /home/ubuntu/ros2_delivFoxy/install/ydlidar_sdk/include/core/network/StatTimer.h
[2.362s] -- Up-to-date: /home/ubuntu/ros2_delivFoxy/install/ydlidar_sdk/include/core/serial/common.h
[2.363s] -- Up-to-date: /home/ubuntu/ros2_delivFoxy/install/ydlidar_sdk/include/core/serial/serial.h
[2.364s] -- Up-to-date: /home/ubuntu/ros2_delivFoxy/install/ydlidar_sdk/include/core/serial/impl/unix/lock.h
[2.376s] -- Up-to-date: /home/ubuntu/ros2_delivFoxy/install/ydlidar_sdk/include/core/serial/impl/unix/unix.h
[2.377s] -- Up-to-date: /home/ubuntu/ros2_delivFoxy/install/ydlidar_sdk/include/core/serial/impl/unix/unix_serial.h
[2.378s] -- Up-to-date: /home/ubuntu/ros2_delivFoxy/install/ydlidar_sdk/include/src/CYdLidar.h
[2.379s] -- Up-to-date: /home/ubuntu/ros2_delivFoxy/install/ydlidar_sdk/include/src/ETLidarDriver.h
[2.380s] -- Up-to-date: /home/ubuntu/ros2_delivFoxy/install/ydlidar_sdk/include/src/ydlidar_driver.h
[2.380s] -- Up-to-date: /home/ubuntu/ros2_delivFoxy/install/ydlidar_sdk/include/src/ydlidar_sdk.h
[2.381s] -- Up-to-date: /home/ubuntu/ros2_delivFoxy/install/ydlidar_sdk/include/src/filters/FilterInterface.h
[2.381s] -- Up-to-date: /home/ubuntu/ros2_delivFoxy/install/ydlidar_sdk/include/src/filters/NoiseFilter.h
[2.382s] -- Up-to-date: /home/ubuntu/ros2_delivFoxy/install/ydlidar_sdk/include/ydlidar_config.h
[2.383s] -- Up-to-date: /home/ubuntu/ros2_delivFoxy/install/ydlidar_sdk/lib/libydlidar_sdk.a
[2.398s] -- Up-to-date: /home/ubuntu/ros2_delivFoxy/install/ydlidar_sdk/lib/pkgconfig/YDLIDAR_SDK.pc
[2.399s] -- Up-to-date: /home/ubuntu/ros2_delivFoxy/install/ydlidar_sdk/lib/cmake/ydlidar_sdk/ydlidar_sdkConfig.cmake
[2.401s] -- Up-to-date: /home/ubuntu/ros2_delivFoxy/install/ydlidar_sdk/lib/cmake/ydlidar_sdk/ydlidar_sdkTargets.cmake
[2.401s] -- Up-to-date: /home/ubuntu/ros2_delivFoxy/install/ydlidar_sdk/lib/cmake/ydlidar_sdk/ydlidar_sdkConfigVersion.cmake
[2.402s] -- Up-to-date: /home/ubuntu/ros2_delivFoxy/install/ydlidar_sdk/share/YDLIDAR_SDK/FindYDLIDAR_SDK.cmake
[2.403s] -- Up-to-date: /home/ubuntu/ros2_delivFoxy/install/ydlidar_sdk/share/YDLIDAR_SDK
[2.403s] -- Up-to-date: /home/ubuntu/ros2_delivFoxy/install/ydlidar_sdk/share/YDLIDAR_SDK/install_package.cmake
[2.404s] -- Up-to-date: /home/ubuntu/ros2_delivFoxy/install/ydlidar_sdk/share/YDLIDAR_SDK/cmake_uninstall.cmake.in
[2.405s] -- Up-to-date: /home/ubuntu/ros2_delivFoxy/install/ydlidar_sdk/share/YDLIDAR_SDK/FindPackage.cmake.in
[2.406s] -- Up-to-date: /home/ubuntu/ros2_delivFoxy/install/ydlidar_sdk/share/YDLIDAR_SDK/PkgConfig.pc.in
[2.407s] -- Up-to-date: /home/ubuntu/ros2_delivFoxy/install/ydlidar_sdk/share/YDLIDAR_SDK/PackageConfig.cmake.in
[2.421s] -- Up-to-date: /home/ubuntu/ros2_delivFoxy/install/ydlidar_sdk/share/YDLIDAR_SDK/PackageConfigVersion.cmake.in
[2.422s] -- Up-to-date: /home/ubuntu/ros2_delivFoxy/install/ydlidar_sdk/share/YDLIDAR_SDK/script_show_final_summary.cmake
[2.423s] -- Up-to-date: /home/ubuntu/ros2_delivFoxy/install/ydlidar_sdk/share/YDLIDAR_SDK/common
[2.434s] -- Up-to-date: /home/ubuntu/ros2_delivFoxy/install/ydlidar_sdk/share/YDLIDAR_SDK/common/ydlidar_base.cmake
[2.439s] -- Up-to-date: /home/ubuntu/ros2_delivFoxy/install/ydlidar_sdk/share/YDLIDAR_SDK/common/ydlidar_parse.cmake
[2.440s] -- Up-to-date: /home/ubuntu/ros2_delivFoxy/install/ydlidar_sdk/share/YDLIDAR_SDK/LICENSE.txt
[2.441s] -- Up-to-date: /home/ubuntu/ros2_delivFoxy/install/ydlidar_sdk/share/YDLIDAR_SDK/README.md
[2.447s] -- Up-to-date: /home/ubuntu/ros2_delivFoxy/install/ydlidar_sdk/share/YDLIDAR_SDK/doc
[2.449s] -- Up-to-date: /home/ubuntu/ros2_delivFoxy/install/ydlidar_sdk/share/YDLIDAR_SDK/doc/FAQs
[2.450s] -- Up-to-date: /home/ubuntu/ros2_delivFoxy/install/ydlidar_sdk/share/YDLIDAR_SDK/doc/FAQs/Software_FAQs.md
[2.451s] -- Up-to-date: /home/ubuntu/ros2_delivFoxy/install/ydlidar_sdk/share/YDLIDAR_SDK/doc/FAQs/General_FAQs.md
[2.451s] -- Up-to-date: /home/ubuntu/ros2_delivFoxy/install/ydlidar_sdk/share/YDLIDAR_SDK/doc/FAQs/Hardware_FAQs.md
[2.452s] -- Up-to-date: /home/ubuntu/ros2_delivFoxy/install/ydlidar_sdk/share/YDLIDAR_SDK/doc/FAQs/README.md
[2.468s] -- Up-to-date: /home/ubuntu/ros2_delivFoxy/install/ydlidar_sdk/share/YDLIDAR_SDK/doc/FAQs/Software_FAQs_cn.md
[2.468s] -- Up-to-date: /home/ubuntu/ros2_delivFoxy/install/ydlidar_sdk/share/YDLIDAR_SDK/doc/FAQs/General_FAQs_cn.md
[2.469s] -- Up-to-date: /home/ubuntu/ros2_delivFoxy/install/ydlidar_sdk/share/YDLIDAR_SDK/doc/FAQs/Hardware_FAQs_cn.md
[2.470s] -- Up-to-date: /home/ubuntu/ros2_delivFoxy/install/ydlidar_sdk/share/YDLIDAR_SDK/doc/YDLidar_SDK_Communication_Protocol.pdf
[2.470s] -- Up-to-date: /home/ubuntu/ros2_delivFoxy/install/ydlidar_sdk/share/YDLIDAR_SDK/doc/tutorials
[2.472s] -- Up-to-date: /home/ubuntu/ros2_delivFoxy/install/ydlidar_sdk/share/YDLIDAR_SDK/doc/tutorials/writing_lidar_tutorial_python.md
[2.476s] -- Up-to-date: /home/ubuntu/ros2_delivFoxy/install/ydlidar_sdk/share/YDLIDAR_SDK/doc/tutorials/examine_the_simple_lidar_tutorial.md
[2.485s] -- Up-to-date: /home/ubuntu/ros2_delivFoxy/install/ydlidar_sdk/share/YDLIDAR_SDK/doc/tutorials/writing_lidar_network_adapter_tutorial_c++.md
[2.489s] -- Up-to-date: /home/ubuntu/ros2_delivFoxy/install/ydlidar_sdk/share/YDLIDAR_SDK/doc/tutorials/writing_lidar_tutorial_c.md
[2.513s] -- Up-to-date: /home/ubuntu/ros2_delivFoxy/install/ydlidar_sdk/share/YDLIDAR_SDK/doc/tutorials/writing_lidar_tutorial_c++.md
[2.515s] -- Up-to-date: /home/ubuntu/ros2_delivFoxy/install/ydlidar_sdk/share/YDLIDAR_SDK/doc/Diagram.md
[2.515s] -- Up-to-date: /home/ubuntu/ros2_delivFoxy/install/ydlidar_sdk/share/YDLIDAR_SDK/doc/YDLIDAR_SDK_API_for_Developers.md
[2.516s] -- Up-to-date: /home/ubuntu/ros2_delivFoxy/install/ydlidar_sdk/share/YDLIDAR_SDK/doc/Dataset.md
[2.517s] -- Up-to-date: /home/ubuntu/ros2_delivFoxy/install/ydlidar_sdk/share/YDLIDAR_SDK/doc/README.md
[2.518s] -- Up-to-date: /home/ubuntu/ros2_delivFoxy/install/ydlidar_sdk/share/YDLIDAR_SDK/doc/YDLidar-SDK-Communication-Protocol.html
[2.518s] -- Up-to-date: /home/ubuntu/ros2_delivFoxy/install/ydlidar_sdk/share/YDLIDAR_SDK/doc/YDLidar-SDK-Communication-Protocol.md
[2.519s] -- Up-to-date: /home/ubuntu/ros2_delivFoxy/install/ydlidar_sdk/share/YDLIDAR_SDK/doc/howto
[2.520s] -- Up-to-date: /home/ubuntu/ros2_delivFoxy/install/ydlidar_sdk/share/YDLIDAR_SDK/doc/howto/how_to_create_a_udev_rules.md
[2.520s] -- Up-to-date: /home/ubuntu/ros2_delivFoxy/install/ydlidar_sdk/share/YDLIDAR_SDK/doc/howto/how_to_build_and_install.md
[2.521s] -- Up-to-date: /home/ubuntu/ros2_delivFoxy/install/ydlidar_sdk/share/YDLIDAR_SDK/doc/howto/how_to_gerenrate_vs_project_by_cmake.md
[2.522s] -- Up-to-date: /home/ubuntu/ros2_delivFoxy/install/ydlidar_sdk/share/YDLIDAR_SDK/doc/howto/how_to_build_and_debug_using_vscode.md
[2.522s] -- Up-to-date: /home/ubuntu/ros2_delivFoxy/install/ydlidar_sdk/share/YDLIDAR_SDK/doc/howto/README.md
[2.546s] -- Up-to-date: /home/ubuntu/ros2_delivFoxy/install/ydlidar_sdk/share/YDLIDAR_SDK/doc/howto/how_to_create_a_csharp_project.md
[2.547s] -- Up-to-date: /home/ubuntu/ros2_delivFoxy/install/ydlidar_sdk/share/YDLIDAR_SDK/doc/howto/images
[2.547s] -- Up-to-date: /home/ubuntu/ros2_delivFoxy/install/ydlidar_sdk/share/YDLIDAR_SDK/doc/howto/images/csharp_running.png
[2.548s] -- Up-to-date: /home/ubuntu/ros2_delivFoxy/install/ydlidar_sdk/share/YDLIDAR_SDK/doc/howto/images/cpack.png
[2.548s] -- Up-to-date: /home/ubuntu/ros2_delivFoxy/install/ydlidar_sdk/share/YDLIDAR_SDK/doc/howto/images/csharp_exception.png
[2.549s] -- Up-to-date: /home/ubuntu/ros2_delivFoxy/install/ydlidar_sdk/share/YDLIDAR_SDK/doc/howto/images/ttyUSB1.png
[2.550s] -- Up-to-date: /home/ubuntu/ros2_delivFoxy/install/ydlidar_sdk/share/YDLIDAR_SDK/doc/howto/images/ydlidar_lidar_monitor.png
[2.551s] -- Up-to-date: /home/ubuntu/ros2_delivFoxy/install/ydlidar_sdk/share/YDLIDAR_SDK/doc/howto/images/ttyUSB0.png
[2.552s] -- Up-to-date: /home/ubuntu/ros2_delivFoxy/install/ydlidar_sdk/share/YDLIDAR_SDK/doc/howto/images/csharp_build.png
[2.553s] -- Up-to-date: /home/ubuntu/ros2_delivFoxy/install/ydlidar_sdk/share/YDLIDAR_SDK/doc/howto/images/csharp_project.png
[2.553s] -- Up-to-date: /home/ubuntu/ros2_delivFoxy/install/ydlidar_sdk/share/YDLIDAR_SDK/doc/howto/images/sequence.png
[2.554s] -- Up-to-date: /home/ubuntu/ros2_delivFoxy/install/ydlidar_sdk/share/YDLIDAR_SDK/doc/howto/images/csharp_library.png
[2.554s] -- Up-to-date: /home/ubuntu/ros2_delivFoxy/install/ydlidar_sdk/share/YDLIDAR_SDK/doc/howto/images/vscode
[2.561s] -- Up-to-date: /home/ubuntu/ros2_delivFoxy/install/ydlidar_sdk/share/YDLIDAR_SDK/doc/howto/images/vscode/run_tasks.jpg
[2.562s] -- Up-to-date: /home/ubuntu/ros2_delivFoxy/install/ydlidar_sdk/share/YDLIDAR_SDK/doc/howto/images/vscode/tasks.png
[2.563s] -- Up-to-date: /home/ubuntu/ros2_delivFoxy/install/ydlidar_sdk/share/YDLIDAR_SDK/doc/howto/images/sdk_init.png
[2.570s] -- Up-to-date: /home/ubuntu/ros2_delivFoxy/install/ydlidar_sdk/share/YDLIDAR_SDK/doc/howto/images/sdk_scanning.png
[2.571s] -- Up-to-date: /home/ubuntu/ros2_delivFoxy/install/ydlidar_sdk/share/YDLIDAR_SDK/doc/howto/how_to_solve_slow_pull_from_cn.md
[2.571s] -- Up-to-date: /home/ubuntu/ros2_delivFoxy/install/ydlidar_sdk/share/YDLIDAR_SDK/doc/howto/how_to_create_a_pull.md
[2.572s] -- Up-to-date: /home/ubuntu/ros2_delivFoxy/install/ydlidar_sdk/share/YDLIDAR_SDK/doc/YDLidar-SDK-Communication-Protocol.pdf
[2.572s] -- Up-to-date: /home/ubuntu/ros2_delivFoxy/install/ydlidar_sdk/share/YDLIDAR_SDK/doc/SDK.pdf
[2.572s] -- Up-to-date: /home/ubuntu/ros2_delivFoxy/install/ydlidar_sdk/share/YDLIDAR_SDK/doc/images
[2.573s] -- Up-to-date: /home/ubuntu/ros2_delivFoxy/install/ydlidar_sdk/share/YDLIDAR_SDK/doc/images/sdk_architecture.png
[2.573s] -- Up-to-date: /home/ubuntu/ros2_delivFoxy/install/ydlidar_sdk/share/YDLIDAR_SDK/doc/images/frame_intensity.png
[2.574s] -- Up-to-date: /home/ubuntu/ros2_delivFoxy/install/ydlidar_sdk/share/YDLIDAR_SDK/doc/images/FlowChart.png
[2.574s] -- Up-to-date: /home/ubuntu/ros2_delivFoxy/install/ydlidar_sdk/share/YDLIDAR_SDK/doc/images/frame.png
[2.574s] -- Up-to-date: /home/ubuntu/ros2_delivFoxy/install/ydlidar_sdk/share/YDLIDAR_SDK/doc/images/communication_mechanism.png
[2.577s] -- Up-to-date: /home/ubuntu/ros2_delivFoxy/install/ydlidar_sdk/share/YDLIDAR_SDK/doc/images/YDLidar.jpg
[2.578s] -- Up-to-date: /home/ubuntu/ros2_delivFoxy/install/ydlidar_sdk/share/YDLIDAR_SDK/doc/images/sequence.png
[2.579s] -- Up-to-date: /home/ubuntu/ros2_delivFoxy/install/ydlidar_sdk/share/YDLIDAR_SDK/doc/images/system_workflow.png
[2.579s] -- Up-to-date: /home/ubuntu/ros2_delivFoxy/install/ydlidar_sdk/share/YDLIDAR_SDK/doc/images/angle_q2.png
[2.580s] -- Up-to-date: /home/ubuntu/ros2_delivFoxy/install/ydlidar_sdk/share/YDLIDAR_SDK/doc/images/EAI.png
[2.580s] -- Up-to-date: /home/ubuntu/ros2_delivFoxy/install/ydlidar_sdk/share/YDLIDAR_SDK/doc/images/YDLidar.png
[2.580s] -- Up-to-date: /home/ubuntu/ros2_delivFoxy/install/ydlidar_sdk/share/YDLIDAR_SDK/doc/images/sdk_init.png
[2.581s] -- Up-to-date: /home/ubuntu/ros2_delivFoxy/install/ydlidar_sdk/share/YDLIDAR_SDK/doc/images/sdk_scanning.png
[2.581s] -- Up-to-date: /home/ubuntu/ros2_delivFoxy/install/ydlidar_sdk/share/YDLIDAR_SDK/doc/Tutorials.md
[2.582s] -- Up-to-date: /home/ubuntu/ros2_delivFoxy/install/ydlidar_sdk/share/YDLIDAR_SDK/doc/quickstart
[2.582s] -- Up-to-date: /home/ubuntu/ros2_delivFoxy/install/ydlidar_sdk/share/YDLIDAR_SDK/doc/quickstart/ydlidar_sdk_software_installation_guide.md
[2.583s] -- Up-to-date: /home/ubuntu/ros2_delivFoxy/install/ydlidar_sdk/share/YDLIDAR_SDK/doc/quickstart/README.md
[2.598s] -- Up-to-date: /home/ubuntu/ros2_delivFoxy/install/ydlidar_sdk/startup/initenv.sh
[2.599s] -- Up-to-date: /home/ubuntu/ros2_delivFoxy/install/ydlidar_sdk/bin/etlidar_test
[2.600s] -- Up-to-date: /home/ubuntu/ros2_delivFoxy/install/ydlidar_sdk/bin/tof_test
[2.601s] -- Up-to-date: /home/ubuntu/ros2_delivFoxy/install/ydlidar_sdk/bin/ydlidar_test
[2.601s] -- Up-to-date: /home/ubuntu/ros2_delivFoxy/install/ydlidar_sdk/bin/lidar_c_api_test
[2.778s] Invoked command in '/home/ubuntu/ros2_delivFoxy/build/ydlidar_sdk' returned '0': /usr/bin/cmake --install /home/ubuntu/ros2_delivFoxy/build/ydlidar_sdk
