[0.292s] Invoking command in '/home/ubuntu/ros2_delivFoxy/build/openslam_gmapping': CMAKE_PREFIX_PATH=${CMAKE_PREFIX_PATH}:/home/ubuntu/ros2_delivFoxy/install/serial_motor_demo:/home/ubuntu/dev_serial_motor/install/serial_motor_demo:/opt/ros/foxy /usr/bin/cmake --build /home/ubuntu/ros2_delivFoxy/build/openslam_gmapping -- -j4 -l4
[0.744s] [ 13%] Built target utils
[0.958s] [ 27%] Built target sensor_base
[1.141s] [ 40%] Built target sensor_range
[1.516s] [ 54%] Built target sensor_odometry
[1.747s] [ 77%] Built target scanmatcher
[1.961s] [100%] Built target gridfastslam
[2.187s] Invoked command in '/home/ubuntu/ros2_delivFoxy/build/openslam_gmapping' returned '0': CMAKE_PREFIX_PATH=${CMAKE_PREFIX_PATH}:/home/ubuntu/ros2_delivFoxy/install/serial_motor_demo:/home/ubuntu/dev_serial_motor/install/serial_motor_demo:/opt/ros/foxy /usr/bin/cmake --build /home/ubuntu/ros2_delivFoxy/build/openslam_gmapping -- -j4 -l4
[2.593s] Invoking command in '/home/ubuntu/ros2_delivFoxy/build/openslam_gmapping': CMAKE_PREFIX_PATH=${CMAKE_PREFIX_PATH}:/home/ubuntu/ros2_delivFoxy/install/serial_motor_demo:/home/ubuntu/dev_serial_motor/install/serial_motor_demo:/opt/ros/foxy /usr/bin/cmake --install /home/ubuntu/ros2_delivFoxy/build/openslam_gmapping
[2.688s] -- Install configuration: ""
[2.694s] -- Execute custom install script
[2.700s] -- Up-to-date symlink: /home/ubuntu/ros2_delivFoxy/install/openslam_gmapping/lib/libgridfastslam.a
[2.708s] -- Up-to-date symlink: /home/ubuntu/ros2_delivFoxy/install/openslam_gmapping/lib/libscanmatcher.a
[2.715s] -- Up-to-date symlink: /home/ubuntu/ros2_delivFoxy/install/openslam_gmapping/lib/libsensor_base.a
[2.720s] -- Up-to-date symlink: /home/ubuntu/ros2_delivFoxy/install/openslam_gmapping/share/openslam_gmapping/environment/library_path.sh
[2.726s] -- Up-to-date symlink: /home/ubuntu/ros2_delivFoxy/install/openslam_gmapping/share/openslam_gmapping/environment/library_path.dsv
[2.731s] -- Up-to-date symlink: /home/ubuntu/ros2_delivFoxy/install/openslam_gmapping/share/openslam_gmapping/environment/library_path.sh
[2.737s] -- Up-to-date symlink: /home/ubuntu/ros2_delivFoxy/install/openslam_gmapping/share/openslam_gmapping/environment/library_path.dsv
[2.744s] -- Up-to-date symlink: /home/ubuntu/ros2_delivFoxy/install/openslam_gmapping/lib/libsensor_odometry.a
[2.747s] -- Up-to-date symlink: /home/ubuntu/ros2_delivFoxy/install/openslam_gmapping/lib/libsensor_range.a
[2.751s] -- Up-to-date symlink: /home/ubuntu/ros2_delivFoxy/install/openslam_gmapping/lib/libutils.a
[2.754s] -- Up-to-date symlink: /home/ubuntu/ros2_delivFoxy/install/openslam_gmapping/share/openslam_gmapping/environment/library_path.sh
[2.758s] -- Up-to-date symlink: /home/ubuntu/ros2_delivFoxy/install/openslam_gmapping/share/openslam_gmapping/environment/library_path.dsv
[2.764s] -- Up-to-date symlink: /home/ubuntu/ros2_delivFoxy/install/openslam_gmapping/share/openslam_gmapping/environment/library_path.sh
[2.768s] -- Up-to-date symlink: /home/ubuntu/ros2_delivFoxy/install/openslam_gmapping/share/openslam_gmapping/environment/library_path.dsv
[2.779s] -- Up-to-date symlink: /home/ubuntu/ros2_delivFoxy/install/openslam_gmapping/include//gmapping/grid/accessstate.h
[2.781s] -- Up-to-date symlink: /home/ubuntu/ros2_delivFoxy/install/openslam_gmapping/include//gmapping/grid/array2d.h
[2.784s] -- Up-to-date symlink: /home/ubuntu/ros2_delivFoxy/install/openslam_gmapping/include//gmapping/grid/harray2d.h
[2.793s] -- Up-to-date symlink: /home/ubuntu/ros2_delivFoxy/install/openslam_gmapping/include//gmapping/grid/map.h
[2.795s] -- Up-to-date symlink: /home/ubuntu/ros2_delivFoxy/install/openslam_gmapping/include//gmapping/gridfastslam/gridslamprocessor.h
[2.801s] -- Up-to-date symlink: /home/ubuntu/ros2_delivFoxy/install/openslam_gmapping/include//gmapping/gridfastslam/gridslamprocessor.hxx
[2.805s] -- Up-to-date symlink: /home/ubuntu/ros2_delivFoxy/install/openslam_gmapping/include//gmapping/gridfastslam/motionmodel.h
[2.806s] -- Up-to-date symlink: /home/ubuntu/ros2_delivFoxy/install/openslam_gmapping/include//gmapping/log/configuration.h
[2.828s] -- Up-to-date symlink: /home/ubuntu/ros2_delivFoxy/install/openslam_gmapping/include//gmapping/log/sensorlog.h
[2.850s] -- Up-to-date symlink: /home/ubuntu/ros2_delivFoxy/install/openslam_gmapping/include//gmapping/particlefilter/particlefilter.h
[2.855s] -- Up-to-date symlink: /home/ubuntu/ros2_delivFoxy/install/openslam_gmapping/include//gmapping/scanmatcher/icp.h
[2.860s] -- Up-to-date symlink: /home/ubuntu/ros2_delivFoxy/install/openslam_gmapping/include//gmapping/scanmatcher/scanmatcher.h
[2.865s] -- Up-to-date symlink: /home/ubuntu/ros2_delivFoxy/install/openslam_gmapping/include//gmapping/scanmatcher/smmap.h
[2.865s] -- Up-to-date symlink: /home/ubuntu/ros2_delivFoxy/install/openslam_gmapping/include//gmapping/sensor/sensor_base/sensor.h
[2.866s] -- Up-to-date symlink: /home/ubuntu/ros2_delivFoxy/install/openslam_gmapping/include//gmapping/sensor/sensor_base/sensorreading.h
[2.883s] -- Up-to-date symlink: /home/ubuntu/ros2_delivFoxy/install/openslam_gmapping/include//gmapping/sensor/sensor_odometry/odometryreading.h
[2.884s] -- Up-to-date symlink: /home/ubuntu/ros2_delivFoxy/install/openslam_gmapping/include//gmapping/sensor/sensor_odometry/odometrysensor.h
[2.885s] -- Up-to-date symlink: /home/ubuntu/ros2_delivFoxy/install/openslam_gmapping/include//gmapping/sensor/sensor_range/rangereading.h
[2.886s] -- Up-to-date symlink: /home/ubuntu/ros2_delivFoxy/install/openslam_gmapping/include//gmapping/sensor/sensor_range/rangesensor.h
[2.886s] -- Up-to-date symlink: /home/ubuntu/ros2_delivFoxy/install/openslam_gmapping/include//gmapping/utils/autoptr.h
[2.887s] -- Up-to-date symlink: /home/ubuntu/ros2_delivFoxy/install/openslam_gmapping/include//gmapping/utils/commandline.h
[2.887s] -- Up-to-date symlink: /home/ubuntu/ros2_delivFoxy/install/openslam_gmapping/include//gmapping/utils/gvalues.h
[2.888s] -- Up-to-date symlink: /home/ubuntu/ros2_delivFoxy/install/openslam_gmapping/include//gmapping/utils/macro_params.h
[2.888s] -- Up-to-date symlink: /home/ubuntu/ros2_delivFoxy/install/openslam_gmapping/include//gmapping/utils/point.h
[2.888s] -- Up-to-date symlink: /home/ubuntu/ros2_delivFoxy/install/openslam_gmapping/include//gmapping/utils/stat.h
[2.889s] -- Up-to-date symlink: /home/ubuntu/ros2_delivFoxy/install/openslam_gmapping/share/ament_index/resource_index/package_run_dependencies/openslam_gmapping
[2.889s] -- Up-to-date symlink: /home/ubuntu/ros2_delivFoxy/install/openslam_gmapping/share/ament_index/resource_index/parent_prefix_path/openslam_gmapping
[2.894s] -- Up-to-date symlink: /home/ubuntu/ros2_delivFoxy/install/openslam_gmapping/share/openslam_gmapping/environment/ament_prefix_path.sh
[2.896s] -- Up-to-date symlink: /home/ubuntu/ros2_delivFoxy/install/openslam_gmapping/share/openslam_gmapping/environment/ament_prefix_path.dsv
[2.898s] -- Up-to-date symlink: /home/ubuntu/ros2_delivFoxy/install/openslam_gmapping/share/openslam_gmapping/environment/path.sh
[2.904s] -- Up-to-date symlink: /home/ubuntu/ros2_delivFoxy/install/openslam_gmapping/share/openslam_gmapping/environment/path.dsv
[2.911s] -- Up-to-date symlink: /home/ubuntu/ros2_delivFoxy/install/openslam_gmapping/share/openslam_gmapping/local_setup.bash
[2.921s] -- Up-to-date symlink: /home/ubuntu/ros2_delivFoxy/install/openslam_gmapping/share/openslam_gmapping/local_setup.sh
[2.922s] -- Up-to-date symlink: /home/ubuntu/ros2_delivFoxy/install/openslam_gmapping/share/openslam_gmapping/local_setup.zsh
[2.924s] -- Up-to-date symlink: /home/ubuntu/ros2_delivFoxy/install/openslam_gmapping/share/openslam_gmapping/local_setup.dsv
[2.925s] -- Symlinking: /home/ubuntu/ros2_delivFoxy/install/openslam_gmapping/share/openslam_gmapping/package.dsv
[3.018s] -- Up-to-date symlink: /home/ubuntu/ros2_delivFoxy/install/openslam_gmapping/share/ament_index/resource_index/packages/openslam_gmapping
[3.023s] -- Up-to-date symlink: /home/ubuntu/ros2_delivFoxy/install/openslam_gmapping/share/openslam_gmapping/cmake/ament_cmake_export_libraries-extras.cmake
[3.026s] -- Up-to-date symlink: /home/ubuntu/ros2_delivFoxy/install/openslam_gmapping/share/openslam_gmapping/cmake/ament_cmake_export_include_directories-extras.cmake
[3.031s] -- Up-to-date symlink: /home/ubuntu/ros2_delivFoxy/install/openslam_gmapping/share/openslam_gmapping/cmake/openslam_gmappingConfig.cmake
[3.037s] -- Up-to-date symlink: /home/ubuntu/ros2_delivFoxy/install/openslam_gmapping/share/openslam_gmapping/cmake/openslam_gmappingConfig-version.cmake
[3.041s] -- Up-to-date symlink: /home/ubuntu/ros2_delivFoxy/install/openslam_gmapping/share/openslam_gmapping/package.xml
[3.063s] Invoked command in '/home/ubuntu/ros2_delivFoxy/build/openslam_gmapping' returned '0': CMAKE_PREFIX_PATH=${CMAKE_PREFIX_PATH}:/home/ubuntu/ros2_delivFoxy/install/serial_motor_demo:/home/ubuntu/dev_serial_motor/install/serial_motor_demo:/opt/ros/foxy /usr/bin/cmake --install /home/ubuntu/ros2_delivFoxy/build/openslam_gmapping
