[0.290s] Invoking command in '/home/ubuntu/ros2_delivFoxy/build/ydlidar_ros2_driver': CMAKE_PREFIX_PATH=${CMAKE_PREFIX_PATH}:/home/ubuntu/ros2_delivFoxy/install/serial_motor_demo:/home/ubuntu/dev_serial_motor/install/serial_motor_demo:/opt/ros/foxy /usr/bin/cmake --build /home/ubuntu/ros2_delivFoxy/build/ydlidar_ros2_driver -- -j4 -l4
[1.029s] [ 50%] Built target ydlidar_ros2_driver_node
[1.102s] [100%] Built target ydlidar_ros2_driver_client
[1.292s] Invoked command in '/home/ubuntu/ros2_delivFoxy/build/ydlidar_ros2_driver' returned '0': CMAKE_PREFIX_PATH=${CMAKE_PREFIX_PATH}:/home/ubuntu/ros2_delivFoxy/install/serial_motor_demo:/home/ubuntu/dev_serial_motor/install/serial_motor_demo:/opt/ros/foxy /usr/bin/cmake --build /home/ubuntu/ros2_delivFoxy/build/ydlidar_ros2_driver -- -j4 -l4
[1.613s] Invoking command in '/home/ubuntu/ros2_delivFoxy/build/ydlidar_ros2_driver': CMAKE_PREFIX_PATH=${CMAKE_PREFIX_PATH}:/home/ubuntu/ros2_delivFoxy/install/serial_motor_demo:/home/ubuntu/dev_serial_motor/install/serial_motor_demo:/opt/ros/foxy /usr/bin/cmake --install /home/ubuntu/ros2_delivFoxy/build/ydlidar_ros2_driver
[1.704s] -- Install configuration: ""
[1.706s] -- Execute custom install script
[1.709s] -- Up-to-date symlink: /home/ubuntu/ros2_delivFoxy/install/ydlidar_ros2_driver/lib/ydlidar_ros2_driver/ydlidar_ros2_driver_node
[1.711s] -- Up-to-date symlink: /home/ubuntu/ros2_delivFoxy/install/ydlidar_ros2_driver/lib/ydlidar_ros2_driver/ydlidar_ros2_driver_client
[1.716s] -- Up-to-date symlink: /home/ubuntu/ros2_delivFoxy/install/ydlidar_ros2_driver/share/ydlidar_ros2_driver/launch/__pycache__/ydlidar_launch.cpython-36.pyc
[1.717s] -- Up-to-date symlink: /home/ubuntu/ros2_delivFoxy/install/ydlidar_ros2_driver/share/ydlidar_ros2_driver/launch/__pycache__/ydlidar_launch_view.cpython-36.pyc
[1.718s] -- Up-to-date symlink: /home/ubuntu/ros2_delivFoxy/install/ydlidar_ros2_driver/share/ydlidar_ros2_driver/launch/ydlidar.py
[1.720s] -- Up-to-date symlink: /home/ubuntu/ros2_delivFoxy/install/ydlidar_ros2_driver/share/ydlidar_ros2_driver/launch/ydlidar_launch.py
[1.721s] -- Up-to-date symlink: /home/ubuntu/ros2_delivFoxy/install/ydlidar_ros2_driver/share/ydlidar_ros2_driver/launch/ydlidar_view_launch.py
[1.724s] -- Up-to-date symlink: /home/ubuntu/ros2_delivFoxy/install/ydlidar_ros2_driver/share/ydlidar_ros2_driver/params/ydlidar.yaml
[1.726s] -- Up-to-date symlink: /home/ubuntu/ros2_delivFoxy/install/ydlidar_ros2_driver/share/ydlidar_ros2_driver/startup/initenv.sh
[1.728s] -- Up-to-date symlink: /home/ubuntu/ros2_delivFoxy/install/ydlidar_ros2_driver/share/ydlidar_ros2_driver/config/ydlidar.rviz
[1.730s] -- Up-to-date symlink: /home/ubuntu/ros2_delivFoxy/install/ydlidar_ros2_driver/share/ament_index/resource_index/package_run_dependencies/ydlidar_ros2_driver
[1.732s] -- Up-to-date symlink: /home/ubuntu/ros2_delivFoxy/install/ydlidar_ros2_driver/share/ament_index/resource_index/parent_prefix_path/ydlidar_ros2_driver
[1.735s] -- Up-to-date symlink: /home/ubuntu/ros2_delivFoxy/install/ydlidar_ros2_driver/share/ydlidar_ros2_driver/environment/ament_prefix_path.sh
[1.737s] -- Up-to-date symlink: /home/ubuntu/ros2_delivFoxy/install/ydlidar_ros2_driver/share/ydlidar_ros2_driver/environment/ament_prefix_path.dsv
[1.739s] -- Up-to-date symlink: /home/ubuntu/ros2_delivFoxy/install/ydlidar_ros2_driver/share/ydlidar_ros2_driver/environment/path.sh
[1.741s] -- Up-to-date symlink: /home/ubuntu/ros2_delivFoxy/install/ydlidar_ros2_driver/share/ydlidar_ros2_driver/environment/path.dsv
[1.743s] -- Up-to-date symlink: /home/ubuntu/ros2_delivFoxy/install/ydlidar_ros2_driver/share/ydlidar_ros2_driver/local_setup.bash
[1.745s] -- Up-to-date symlink: /home/ubuntu/ros2_delivFoxy/install/ydlidar_ros2_driver/share/ydlidar_ros2_driver/local_setup.sh
[1.747s] -- Up-to-date symlink: /home/ubuntu/ros2_delivFoxy/install/ydlidar_ros2_driver/share/ydlidar_ros2_driver/local_setup.zsh
[1.748s] -- Up-to-date symlink: /home/ubuntu/ros2_delivFoxy/install/ydlidar_ros2_driver/share/ydlidar_ros2_driver/local_setup.dsv
[1.750s] -- Symlinking: /home/ubuntu/ros2_delivFoxy/install/ydlidar_ros2_driver/share/ydlidar_ros2_driver/package.dsv
[1.825s] -- Up-to-date symlink: /home/ubuntu/ros2_delivFoxy/install/ydlidar_ros2_driver/share/ament_index/resource_index/packages/ydlidar_ros2_driver
[1.828s] -- Up-to-date symlink: /home/ubuntu/ros2_delivFoxy/install/ydlidar_ros2_driver/share/ydlidar_ros2_driver/cmake/ydlidar_ros2_driverConfig.cmake
[1.830s] -- Up-to-date symlink: /home/ubuntu/ros2_delivFoxy/install/ydlidar_ros2_driver/share/ydlidar_ros2_driver/cmake/ydlidar_ros2_driverConfig-version.cmake
[1.833s] -- Up-to-date symlink: /home/ubuntu/ros2_delivFoxy/install/ydlidar_ros2_driver/share/ydlidar_ros2_driver/package.xml
[1.844s] Invoked command in '/home/ubuntu/ros2_delivFoxy/build/ydlidar_ros2_driver' returned '0': CMAKE_PREFIX_PATH=${CMAKE_PREFIX_PATH}:/home/ubuntu/ros2_delivFoxy/install/serial_motor_demo:/home/ubuntu/dev_serial_motor/install/serial_motor_demo:/opt/ros/foxy /usr/bin/cmake --install /home/ubuntu/ros2_delivFoxy/build/ydlidar_ros2_driver
