[0.121s] Invoking command in '/home/ubuntu/ros2_delivFoxy/build/diffdrive_arduino': CMAKE_PREFIX_PATH=/home/ubuntu/ros2_delivFoxy/install/serial:/home/ubuntu/ros2_delivFoxy/install/ydlidar_sdk:/home/ubuntu/ros2_delivFoxy/install/ydlidar_ros2_driver:/home/ubuntu/ros2_delivFoxy/install/slam_gmapping:/home/ubuntu/ros2_delivFoxy/install/serial_motor_demo_msgs:/home/ubuntu/ros2_delivFoxy/install/diffdrive_arduino:/home/ubuntu/ros2_delivFoxy/install/openslam_gmapping:/home/ubuntu/ros2_delivFoxy/install/articubot_one:/home/ubuntu/dev_serial_motor/install/serial_motor_demo_msgs:/home/ubuntu/ros2_delivFoxy/install/serial_motor_demo:/home/ubuntu/dev_serial_motor/install/serial_motor_demo:/opt/ros/foxy /usr/bin/cmake --build /home/ubuntu/ros2_delivFoxy/build/diffdrive_arduino -- -j4 -l4
[0.922s] [ 42%] Built target fake_robot
[0.931s] [100%] Built target diffdrive_arduino
[1.013s] Invoked command in '/home/ubuntu/ros2_delivFoxy/build/diffdrive_arduino' returned '0': CMAKE_PREFIX_PATH=/home/ubuntu/ros2_delivFoxy/install/serial:/home/ubuntu/ros2_delivFoxy/install/ydlidar_sdk:/home/ubuntu/ros2_delivFoxy/install/ydlidar_ros2_driver:/home/ubuntu/ros2_delivFoxy/install/slam_gmapping:/home/ubuntu/ros2_delivFoxy/install/serial_motor_demo_msgs:/home/ubuntu/ros2_delivFoxy/install/diffdrive_arduino:/home/ubuntu/ros2_delivFoxy/install/openslam_gmapping:/home/ubuntu/ros2_delivFoxy/install/articubot_one:/home/ubuntu/dev_serial_motor/install/serial_motor_demo_msgs:/home/ubuntu/ros2_delivFoxy/install/serial_motor_demo:/home/ubuntu/dev_serial_motor/install/serial_motor_demo:/opt/ros/foxy /usr/bin/cmake --build /home/ubuntu/ros2_delivFoxy/build/diffdrive_arduino -- -j4 -l4
[1.535s] Invoking command in '/home/ubuntu/ros2_delivFoxy/build/diffdrive_arduino': CMAKE_PREFIX_PATH=/home/ubuntu/ros2_delivFoxy/install/serial:/home/ubuntu/ros2_delivFoxy/install/ydlidar_sdk:/home/ubuntu/ros2_delivFoxy/install/ydlidar_ros2_driver:/home/ubuntu/ros2_delivFoxy/install/slam_gmapping:/home/ubuntu/ros2_delivFoxy/install/serial_motor_demo_msgs:/home/ubuntu/ros2_delivFoxy/install/diffdrive_arduino:/home/ubuntu/ros2_delivFoxy/install/openslam_gmapping:/home/ubuntu/ros2_delivFoxy/install/articubot_one:/home/ubuntu/dev_serial_motor/install/serial_motor_demo_msgs:/home/ubuntu/ros2_delivFoxy/install/serial_motor_demo:/home/ubuntu/dev_serial_motor/install/serial_motor_demo:/opt/ros/foxy /usr/bin/cmake --install /home/ubuntu/ros2_delivFoxy/build/diffdrive_arduino
[1.648s] -- Install configuration: ""
[1.657s] -- Execute custom install script
[1.666s] -- Up-to-date symlink: /home/ubuntu/ros2_delivFoxy/install/diffdrive_arduino/share/diffdrive_arduino//robot_hardware.xml
[1.670s] -- Up-to-date symlink: /home/ubuntu/ros2_delivFoxy/install/diffdrive_arduino/share/diffdrive_arduino//fake_robot_hardware.xml
[1.677s] -- Up-to-date symlink: /home/ubuntu/ros2_delivFoxy/install/diffdrive_arduino/lib/libdiffdrive_arduino.so
[1.680s] -- Up-to-date symlink: /home/ubuntu/ros2_delivFoxy/install/diffdrive_arduino/lib/libfake_robot.so
[1.685s] -- Up-to-date symlink: /home/ubuntu/ros2_delivFoxy/install/diffdrive_arduino/share/diffdrive_arduino/controllers/robot_controller_example.yaml
[1.691s] -- Up-to-date symlink: /home/ubuntu/ros2_delivFoxy/install/diffdrive_arduino/share/diffdrive_arduino/fake_robot.launch.py
[1.694s] -- Up-to-date symlink: /home/ubuntu/ros2_delivFoxy/install/diffdrive_arduino/share/diffdrive_arduino/test_robot.launch.py
[1.698s] -- Up-to-date symlink: /home/ubuntu/ros2_delivFoxy/install/diffdrive_arduino/share/diffdrive_arduino/environment/library_path.sh
[1.707s] -- Up-to-date symlink: /home/ubuntu/ros2_delivFoxy/install/diffdrive_arduino/share/diffdrive_arduino/environment/library_path.dsv
[1.711s] -- Up-to-date symlink: /home/ubuntu/ros2_delivFoxy/install/diffdrive_arduino/share/ament_index/resource_index/package_run_dependencies/diffdrive_arduino
[1.717s] -- Up-to-date symlink: /home/ubuntu/ros2_delivFoxy/install/diffdrive_arduino/share/ament_index/resource_index/parent_prefix_path/diffdrive_arduino
[1.726s] -- Up-to-date symlink: /home/ubuntu/ros2_delivFoxy/install/diffdrive_arduino/share/diffdrive_arduino/environment/ament_prefix_path.sh
[1.730s] -- Up-to-date symlink: /home/ubuntu/ros2_delivFoxy/install/diffdrive_arduino/share/diffdrive_arduino/environment/ament_prefix_path.dsv
[1.734s] -- Up-to-date symlink: /home/ubuntu/ros2_delivFoxy/install/diffdrive_arduino/share/diffdrive_arduino/environment/path.sh
[1.740s] -- Up-to-date symlink: /home/ubuntu/ros2_delivFoxy/install/diffdrive_arduino/share/diffdrive_arduino/environment/path.dsv
[1.761s] -- Up-to-date symlink: /home/ubuntu/ros2_delivFoxy/install/diffdrive_arduino/share/diffdrive_arduino/local_setup.bash
[1.762s] -- Up-to-date symlink: /home/ubuntu/ros2_delivFoxy/install/diffdrive_arduino/share/diffdrive_arduino/local_setup.sh
[1.762s] -- Up-to-date symlink: /home/ubuntu/ros2_delivFoxy/install/diffdrive_arduino/share/diffdrive_arduino/local_setup.zsh
[1.766s] -- Up-to-date symlink: /home/ubuntu/ros2_delivFoxy/install/diffdrive_arduino/share/diffdrive_arduino/local_setup.dsv
[1.773s] -- Symlinking: /home/ubuntu/ros2_delivFoxy/install/diffdrive_arduino/share/diffdrive_arduino/package.dsv
[1.847s] -- Up-to-date symlink: /home/ubuntu/ros2_delivFoxy/install/diffdrive_arduino/share/ament_index/resource_index/packages/diffdrive_arduino
[1.853s] -- Up-to-date symlink: /home/ubuntu/ros2_delivFoxy/install/diffdrive_arduino/share/ament_index/resource_index/hardware_interface__pluginlib__plugin/diffdrive_arduino
[1.856s] -- Up-to-date symlink: /home/ubuntu/ros2_delivFoxy/install/diffdrive_arduino/share/diffdrive_arduino/cmake/ament_cmake_export_libraries-extras.cmake
[1.860s] -- Up-to-date symlink: /home/ubuntu/ros2_delivFoxy/install/diffdrive_arduino/share/diffdrive_arduino/cmake/ament_cmake_export_dependencies-extras.cmake
[1.865s] -- Up-to-date symlink: /home/ubuntu/ros2_delivFoxy/install/diffdrive_arduino/share/diffdrive_arduino/cmake/diffdrive_arduinoConfig.cmake
[1.868s] -- Up-to-date symlink: /home/ubuntu/ros2_delivFoxy/install/diffdrive_arduino/share/diffdrive_arduino/cmake/diffdrive_arduinoConfig-version.cmake
[1.935s] -- Up-to-date symlink: /home/ubuntu/ros2_delivFoxy/install/diffdrive_arduino/share/diffdrive_arduino/package.xml
[1.981s] Invoked command in '/home/ubuntu/ros2_delivFoxy/build/diffdrive_arduino' returned '0': CMAKE_PREFIX_PATH=/home/ubuntu/ros2_delivFoxy/install/serial:/home/ubuntu/ros2_delivFoxy/install/ydlidar_sdk:/home/ubuntu/ros2_delivFoxy/install/ydlidar_ros2_driver:/home/ubuntu/ros2_delivFoxy/install/slam_gmapping:/home/ubuntu/ros2_delivFoxy/install/serial_motor_demo_msgs:/home/ubuntu/ros2_delivFoxy/install/diffdrive_arduino:/home/ubuntu/ros2_delivFoxy/install/openslam_gmapping:/home/ubuntu/ros2_delivFoxy/install/articubot_one:/home/ubuntu/dev_serial_motor/install/serial_motor_demo_msgs:/home/ubuntu/ros2_delivFoxy/install/serial_motor_demo:/home/ubuntu/dev_serial_motor/install/serial_motor_demo:/opt/ros/foxy /usr/bin/cmake --install /home/ubuntu/ros2_delivFoxy/build/diffdrive_arduino
