make: Warning: File 'Makefile' has modification time 1236 s in the future
make[1]: Warning: File 'CMakeFiles/Makefile2' has modification time 1236 s in the future
make[2]: Warning: File 'utils/CMakeFiles/utils.dir/progress.make' has modification time 1236 s in the future
make[2]: Warning: File 'sensor/sensor_base/CMakeFiles/sensor_base.dir/progress.make' has modification time 1236 s in the future
make[2]: warning:  Clock skew detected.  Your build may be incomplete.
make[2]: warning:  Clock skew detected.  Your build may be incomplete.
make[2]: Warning: File 'sensor/sensor_base/CMakeFiles/sensor_base.dir/progress.make' has modification time 1236 s in the future
make[2]: warning:  Clock skew detected.  Your build may be incomplete.
make[2]: Warning: File 'utils/CMakeFiles/utils.dir/progress.make' has modification time 1236 s in the future
make[2]: warning:  Clock skew detected.  Your build may be incomplete.
make[2]: Warning: File 'sensor/sensor_range/CMakeFiles/sensor_range.dir/progress.make' has modification time 1236 s in the future
make[2]: Warning: File 'sensor/sensor_odometry/CMakeFiles/sensor_odometry.dir/progress.make' has modification time 1236 s in the future
make[2]: warning:  Clock skew detected.  Your build may be incomplete.
make[2]: Warning: File 'sensor/sensor_range/CMakeFiles/sensor_range.dir/progress.make' has modification time 1236 s in the future
make[2]: warning:  Clock skew detected.  Your build may be incomplete.
make[2]: warning:  Clock skew detected.  Your build may be incomplete.
make[2]: Warning: File 'sensor/sensor_odometry/CMakeFiles/sensor_odometry.dir/progress.make' has modification time 1236 s in the future
make[2]: warning:  Clock skew detected.  Your build may be incomplete.
make[2]: Warning: File 'scanmatcher/CMakeFiles/scanmatcher.dir/progress.make' has modification time 1236 s in the future
make[2]: warning:  Clock skew detected.  Your build may be incomplete.
make[2]: Warning: File 'scanmatcher/CMakeFiles/scanmatcher.dir/progress.make' has modification time 1235 s in the future
make[2]: warning:  Clock skew detected.  Your build may be incomplete.
make[2]: Warning: File 'gridfastslam/CMakeFiles/gridfastslam.dir/progress.make' has modification time 1235 s in the future
make[2]: warning:  Clock skew detected.  Your build may be incomplete.
make[2]: Warning: File 'gridfastslam/CMakeFiles/gridfastslam.dir/progress.make' has modification time 1235 s in the future
make[2]: warning:  Clock skew detected.  Your build may be incomplete.
make[1]: warning:  Clock skew detected.  Your build may be incomplete.
make: warning:  Clock skew detected.  Your build may be incomplete.
