[4.132s] Invoking command in '/home/ubuntu/ros2_delivFoxy/build/serial_motor_demo': CMAKE_PREFIX_PATH=/home/ubuntu/ros2_delivFoxy/install/serial_motor_demo_msgs:/home/ubuntu/ros2_delivFoxy/install/ydlidar_sdk:/home/ubuntu/ros2_delivFoxy/install/ydlidar_ros2_driver:/home/ubuntu/ros2_delivFoxy/install/slam_gmapping:/home/ubuntu/ros2_delivFoxy/install/diffdrive_arduino:/home/ubuntu/ros2_delivFoxy/install/serial:/home/ubuntu/ros2_delivFoxy/install/openslam_gmapping:/home/ubuntu/ros2_delivFoxy/install/articubot_one:/home/ubuntu/dev_serial_motor/install/serial_motor_demo_msgs PYTHONPATH=/home/ubuntu/ros2_delivFoxy/build/serial_motor_demo/prefix_override:/home/ubuntu/ros2_delivFoxy/install/serial_motor_demo/lib/python3.8/site-packages:/home/ubuntu/ros2_delivFoxy/install/serial_motor_demo_msgs/lib/python3.8/site-packages:/home/ubuntu/ros2_delivFoxy/install/serial_motor_demo/lib/python3.8/site-packages:/home/ubuntu/dev_serial_motor/install/serial_motor_demo/lib/python3.8/site-packages:/home/ubuntu/dev_serial_motor/install/serial_motor_demo_msgs/lib/python3.8/site-packages:/opt/ros/foxy/lib/python3.8/site-packages /usr/bin/python3 setup.py develop --uninstall --editable --build-directory /home/ubuntu/ros2_delivFoxy/build/serial_motor_demo/build
[5.560s] running develop
[6.632s] Invoked command in '/home/ubuntu/ros2_delivFoxy/build/serial_motor_demo' returned '0': CMAKE_PREFIX_PATH=/home/ubuntu/ros2_delivFoxy/install/serial_motor_demo_msgs:/home/ubuntu/ros2_delivFoxy/install/ydlidar_sdk:/home/ubuntu/ros2_delivFoxy/install/ydlidar_ros2_driver:/home/ubuntu/ros2_delivFoxy/install/slam_gmapping:/home/ubuntu/ros2_delivFoxy/install/diffdrive_arduino:/home/ubuntu/ros2_delivFoxy/install/serial:/home/ubuntu/ros2_delivFoxy/install/openslam_gmapping:/home/ubuntu/ros2_delivFoxy/install/articubot_one:/home/ubuntu/dev_serial_motor/install/serial_motor_demo_msgs PYTHONPATH=/home/ubuntu/ros2_delivFoxy/build/serial_motor_demo/prefix_override:/home/ubuntu/ros2_delivFoxy/install/serial_motor_demo/lib/python3.8/site-packages:/home/ubuntu/ros2_delivFoxy/install/serial_motor_demo_msgs/lib/python3.8/site-packages:/home/ubuntu/ros2_delivFoxy/install/serial_motor_demo/lib/python3.8/site-packages:/home/ubuntu/dev_serial_motor/install/serial_motor_demo/lib/python3.8/site-packages:/home/ubuntu/dev_serial_motor/install/serial_motor_demo_msgs/lib/python3.8/site-packages:/opt/ros/foxy/lib/python3.8/site-packages /usr/bin/python3 setup.py develop --uninstall --editable --build-directory /home/ubuntu/ros2_delivFoxy/build/serial_motor_demo/build
[6.644s] Invoking command in '/home/ubuntu/ros2_delivFoxy/src/serial_motor_demo/serial_motor_demo': CMAKE_PREFIX_PATH=/home/ubuntu/ros2_delivFoxy/install/serial_motor_demo_msgs:/home/ubuntu/ros2_delivFoxy/install/ydlidar_sdk:/home/ubuntu/ros2_delivFoxy/install/ydlidar_ros2_driver:/home/ubuntu/ros2_delivFoxy/install/slam_gmapping:/home/ubuntu/ros2_delivFoxy/install/diffdrive_arduino:/home/ubuntu/ros2_delivFoxy/install/serial:/home/ubuntu/ros2_delivFoxy/install/openslam_gmapping:/home/ubuntu/ros2_delivFoxy/install/articubot_one:/home/ubuntu/dev_serial_motor/install/serial_motor_demo_msgs PYTHONPATH=/home/ubuntu/ros2_delivFoxy/build/serial_motor_demo/prefix_override:/home/ubuntu/ros2_delivFoxy/install/serial_motor_demo/lib/python3.8/site-packages:/home/ubuntu/ros2_delivFoxy/install/serial_motor_demo_msgs/lib/python3.8/site-packages:/home/ubuntu/ros2_delivFoxy/install/serial_motor_demo/lib/python3.8/site-packages:/home/ubuntu/dev_serial_motor/install/serial_motor_demo/lib/python3.8/site-packages:/home/ubuntu/dev_serial_motor/install/serial_motor_demo_msgs/lib/python3.8/site-packages:/opt/ros/foxy/lib/python3.8/site-packages /usr/bin/python3 setup.py egg_info --egg-base ../../../build/serial_motor_demo build --build-base /home/ubuntu/ros2_delivFoxy/build/serial_motor_demo/build install --record /home/ubuntu/ros2_delivFoxy/build/serial_motor_demo/install.log --install-scripts $base/lib/serial_motor_demo --single-version-externally-managed
[8.020s] running egg_info
[8.024s] writing ../../../build/serial_motor_demo/serial_motor_demo.egg-info/PKG-INFO
[8.031s] writing dependency_links to ../../../build/serial_motor_demo/serial_motor_demo.egg-info/dependency_links.txt
[8.032s] writing entry points to ../../../build/serial_motor_demo/serial_motor_demo.egg-info/entry_points.txt
[8.033s] writing requirements to ../../../build/serial_motor_demo/serial_motor_demo.egg-info/requires.txt
[8.034s] writing top-level names to ../../../build/serial_motor_demo/serial_motor_demo.egg-info/top_level.txt
[8.202s] reading manifest file '../../../build/serial_motor_demo/serial_motor_demo.egg-info/SOURCES.txt'
[8.207s] writing manifest file '../../../build/serial_motor_demo/serial_motor_demo.egg-info/SOURCES.txt'
[8.208s] running build
[8.208s] running build_py
[8.209s] running install
[8.213s] running install_lib
[8.221s] running install_data
[8.224s] running install_egg_info
[8.232s] removing '/home/ubuntu/ros2_delivFoxy/install/serial_motor_demo/lib/python3.8/site-packages/serial_motor_demo-0.0.0-py3.8.egg-info' (and everything under it)
[8.234s] Copying ../../../build/serial_motor_demo/serial_motor_demo.egg-info to /home/ubuntu/ros2_delivFoxy/install/serial_motor_demo/lib/python3.8/site-packages/serial_motor_demo-0.0.0-py3.8.egg-info
[8.242s] running install_scripts
[8.331s] Installing driver script to /home/ubuntu/ros2_delivFoxy/install/serial_motor_demo/lib/serial_motor_demo
[8.331s] Installing gui script to /home/ubuntu/ros2_delivFoxy/install/serial_motor_demo/lib/serial_motor_demo
[8.333s] writing list of installed files to '/home/ubuntu/ros2_delivFoxy/build/serial_motor_demo/install.log'
[8.461s] Invoked command in '/home/ubuntu/ros2_delivFoxy/src/serial_motor_demo/serial_motor_demo' returned '0': CMAKE_PREFIX_PATH=/home/ubuntu/ros2_delivFoxy/install/serial_motor_demo_msgs:/home/ubuntu/ros2_delivFoxy/install/ydlidar_sdk:/home/ubuntu/ros2_delivFoxy/install/ydlidar_ros2_driver:/home/ubuntu/ros2_delivFoxy/install/slam_gmapping:/home/ubuntu/ros2_delivFoxy/install/diffdrive_arduino:/home/ubuntu/ros2_delivFoxy/install/serial:/home/ubuntu/ros2_delivFoxy/install/openslam_gmapping:/home/ubuntu/ros2_delivFoxy/install/articubot_one:/home/ubuntu/dev_serial_motor/install/serial_motor_demo_msgs PYTHONPATH=/home/ubuntu/ros2_delivFoxy/build/serial_motor_demo/prefix_override:/home/ubuntu/ros2_delivFoxy/install/serial_motor_demo/lib/python3.8/site-packages:/home/ubuntu/ros2_delivFoxy/install/serial_motor_demo_msgs/lib/python3.8/site-packages:/home/ubuntu/ros2_delivFoxy/install/serial_motor_demo/lib/python3.8/site-packages:/home/ubuntu/dev_serial_motor/install/serial_motor_demo/lib/python3.8/site-packages:/home/ubuntu/dev_serial_motor/install/serial_motor_demo_msgs/lib/python3.8/site-packages:/opt/ros/foxy/lib/python3.8/site-packages /usr/bin/python3 setup.py egg_info --egg-base ../../../build/serial_motor_demo build --build-base /home/ubuntu/ros2_delivFoxy/build/serial_motor_demo/build install --record /home/ubuntu/ros2_delivFoxy/build/serial_motor_demo/install.log --install-scripts $base/lib/serial_motor_demo --single-version-externally-managed
