[0.234s] Invoking command in '/home/ubuntu/ros2_delivFoxy/build/articubot_one': CMAKE_PREFIX_PATH=${CMAKE_PREFIX_PATH}:/home/ubuntu/ros2_delivFoxy/install/serial_motor_demo:/home/ubuntu/dev_serial_motor/install/serial_motor_demo:/opt/ros/foxy /usr/bin/cmake --build /home/ubuntu/ros2_delivFoxy/build/articubot_one -- -j4 -l4
[0.739s] Invoked command in '/home/ubuntu/ros2_delivFoxy/build/articubot_one' returned '0': CMAKE_PREFIX_PATH=${CMAKE_PREFIX_PATH}:/home/ubuntu/ros2_delivFoxy/install/serial_motor_demo:/home/ubuntu/dev_serial_motor/install/serial_motor_demo:/opt/ros/foxy /usr/bin/cmake --build /home/ubuntu/ros2_delivFoxy/build/articubot_one -- -j4 -l4
[1.268s] Invoking command in '/home/ubuntu/ros2_delivFoxy/build/articubot_one': CMAKE_PREFIX_PATH=${CMAKE_PREFIX_PATH}:/home/ubuntu/ros2_delivFoxy/install/serial_motor_demo:/home/ubuntu/dev_serial_motor/install/serial_motor_demo:/opt/ros/foxy /usr/bin/cmake --install /home/ubuntu/ros2_delivFoxy/build/articubot_one
[1.382s] -- Install configuration: ""
[1.386s] -- Execute custom install script
[1.393s] -- Up-to-date symlink: /home/ubuntu/ros2_delivFoxy/install/articubot_one/share/articubot_one/config/ball_tracker_params_robot.yaml
[1.396s] -- Up-to-date symlink: /home/ubuntu/ros2_delivFoxy/install/articubot_one/share/articubot_one/config/ball_tracker_params_sim.yaml
[1.400s] -- Up-to-date symlink: /home/ubuntu/ros2_delivFoxy/install/articubot_one/share/articubot_one/config/drive_bot.rviz
[1.404s] -- Up-to-date symlink: /home/ubuntu/ros2_delivFoxy/install/articubot_one/share/articubot_one/config/empty.yaml
[1.410s] -- Up-to-date symlink: /home/ubuntu/ros2_delivFoxy/install/articubot_one/share/articubot_one/config/gaz_ros2_ctl_use_sim.yaml
[1.427s] -- Up-to-date symlink: /home/ubuntu/ros2_delivFoxy/install/articubot_one/share/articubot_one/config/gazebo_params.yaml
[1.431s] -- Up-to-date symlink: /home/ubuntu/ros2_delivFoxy/install/articubot_one/share/articubot_one/config/joystick.yaml
[1.435s] -- Up-to-date symlink: /home/ubuntu/ros2_delivFoxy/install/articubot_one/share/articubot_one/config/main.rviz
[1.439s] -- Up-to-date symlink: /home/ubuntu/ros2_delivFoxy/install/articubot_one/share/articubot_one/config/map.rviz
[1.443s] -- Up-to-date symlink: /home/ubuntu/ros2_delivFoxy/install/articubot_one/share/articubot_one/config/mapper_params_online_async.yaml
[1.447s] -- Up-to-date symlink: /home/ubuntu/ros2_delivFoxy/install/articubot_one/share/articubot_one/config/my_controllers.yaml
[1.450s] -- Up-to-date symlink: /home/ubuntu/ros2_delivFoxy/install/articubot_one/share/articubot_one/config/nav2_params.yaml
[1.461s] -- Up-to-date symlink: /home/ubuntu/ros2_delivFoxy/install/articubot_one/share/articubot_one/config/twist_mux.yaml
[1.468s] -- Up-to-date symlink: /home/ubuntu/ros2_delivFoxy/install/articubot_one/share/articubot_one/config/view_bot.rviz
[1.473s] -- Up-to-date symlink: /home/ubuntu/ros2_delivFoxy/install/articubot_one/share/articubot_one/description/camera.xacro
[1.476s] -- Up-to-date symlink: /home/ubuntu/ros2_delivFoxy/install/articubot_one/share/articubot_one/description/depth_camera.xacro
[1.479s] -- Up-to-date symlink: /home/ubuntu/ros2_delivFoxy/install/articubot_one/share/articubot_one/description/face.xacro
[1.513s] -- Up-to-date symlink: /home/ubuntu/ros2_delivFoxy/install/articubot_one/share/articubot_one/description/gazebo_control.xacro
[1.516s] -- Up-to-date symlink: /home/ubuntu/ros2_delivFoxy/install/articubot_one/share/articubot_one/description/inertial_macros.xacro
[1.519s] -- Up-to-date symlink: /home/ubuntu/ros2_delivFoxy/install/articubot_one/share/articubot_one/description/lidar.xacro
[1.520s] -- Up-to-date symlink: /home/ubuntu/ros2_delivFoxy/install/articubot_one/share/articubot_one/description/robot.urdf.xacro
[1.521s] -- Up-to-date symlink: /home/ubuntu/ros2_delivFoxy/install/articubot_one/share/articubot_one/description/robot_core.xacro
[1.522s] -- Up-to-date symlink: /home/ubuntu/ros2_delivFoxy/install/articubot_one/share/articubot_one/description/ros2_control.xacro
[1.528s] -- Up-to-date symlink: /home/ubuntu/ros2_delivFoxy/install/articubot_one/share/articubot_one/launch/ball_tracker.launch.py
[1.529s] -- Up-to-date symlink: /home/ubuntu/ros2_delivFoxy/install/articubot_one/share/articubot_one/launch/camera.launch.py
[1.542s] -- Up-to-date symlink: /home/ubuntu/ros2_delivFoxy/install/articubot_one/share/articubot_one/launch/joystick.launch.py
[1.544s] -- Up-to-date symlink: /home/ubuntu/ros2_delivFoxy/install/articubot_one/share/articubot_one/launch/launch_robot.launch.py
[1.547s] -- Up-to-date symlink: /home/ubuntu/ros2_delivFoxy/install/articubot_one/share/articubot_one/launch/launch_sim.launch.py
[1.550s] -- Up-to-date symlink: /home/ubuntu/ros2_delivFoxy/install/articubot_one/share/articubot_one/launch/localization_launch.py
[1.550s] -- Up-to-date symlink: /home/ubuntu/ros2_delivFoxy/install/articubot_one/share/articubot_one/launch/navigation_launch.py
[1.554s] -- Up-to-date symlink: /home/ubuntu/ros2_delivFoxy/install/articubot_one/share/articubot_one/launch/online_async_launch.py
[1.558s] -- Up-to-date symlink: /home/ubuntu/ros2_delivFoxy/install/articubot_one/share/articubot_one/launch/rplidar.launch.py
[1.561s] -- Up-to-date symlink: /home/ubuntu/ros2_delivFoxy/install/articubot_one/share/articubot_one/launch/rsp.launch.py
[1.571s] -- Up-to-date symlink: /home/ubuntu/ros2_delivFoxy/install/articubot_one/share/articubot_one/worlds/empty.world
[1.572s] -- Up-to-date symlink: /home/ubuntu/ros2_delivFoxy/install/articubot_one/share/articubot_one/worlds/obstacles.world
[1.573s] -- Up-to-date symlink: /home/ubuntu/ros2_delivFoxy/install/articubot_one/share/ament_index/resource_index/package_run_dependencies/articubot_one
[1.578s] -- Up-to-date symlink: /home/ubuntu/ros2_delivFoxy/install/articubot_one/share/ament_index/resource_index/parent_prefix_path/articubot_one
[1.580s] -- Up-to-date symlink: /home/ubuntu/ros2_delivFoxy/install/articubot_one/share/articubot_one/environment/ament_prefix_path.sh
[1.590s] -- Up-to-date symlink: /home/ubuntu/ros2_delivFoxy/install/articubot_one/share/articubot_one/environment/ament_prefix_path.dsv
[1.594s] -- Up-to-date symlink: /home/ubuntu/ros2_delivFoxy/install/articubot_one/share/articubot_one/environment/path.sh
[1.597s] -- Up-to-date symlink: /home/ubuntu/ros2_delivFoxy/install/articubot_one/share/articubot_one/environment/path.dsv
[1.612s] -- Up-to-date symlink: /home/ubuntu/ros2_delivFoxy/install/articubot_one/share/articubot_one/local_setup.bash
[1.633s] -- Up-to-date symlink: /home/ubuntu/ros2_delivFoxy/install/articubot_one/share/articubot_one/local_setup.sh
[1.649s] -- Up-to-date symlink: /home/ubuntu/ros2_delivFoxy/install/articubot_one/share/articubot_one/local_setup.zsh
[1.651s] -- Up-to-date symlink: /home/ubuntu/ros2_delivFoxy/install/articubot_one/share/articubot_one/local_setup.dsv
[1.665s] -- Symlinking: /home/ubuntu/ros2_delivFoxy/install/articubot_one/share/articubot_one/package.dsv
[1.695s] -- Up-to-date symlink: /home/ubuntu/ros2_delivFoxy/install/articubot_one/share/ament_index/resource_index/packages/articubot_one
[1.697s] -- Up-to-date symlink: /home/ubuntu/ros2_delivFoxy/install/articubot_one/share/articubot_one/cmake/articubot_oneConfig.cmake
[1.700s] -- Up-to-date symlink: /home/ubuntu/ros2_delivFoxy/install/articubot_one/share/articubot_one/cmake/articubot_oneConfig-version.cmake
[1.701s] -- Up-to-date symlink: /home/ubuntu/ros2_delivFoxy/install/articubot_one/share/articubot_one/package.xml
[1.718s] Invoked command in '/home/ubuntu/ros2_delivFoxy/build/articubot_one' returned '0': CMAKE_PREFIX_PATH=${CMAKE_PREFIX_PATH}:/home/ubuntu/ros2_delivFoxy/install/serial_motor_demo:/home/ubuntu/dev_serial_motor/install/serial_motor_demo:/opt/ros/foxy /usr/bin/cmake --install /home/ubuntu/ros2_delivFoxy/build/articubot_one
