[0.129s] Invoking command in '/home/ubuntu/ros2_delivFoxy/build/diffdrive_arduino': CMAKE_PREFIX_PATH=/home/ubuntu/ros2_delivFoxy/install/serial:/home/ubuntu/ros2_delivFoxy/install/ydlidar_sdk:/home/ubuntu/ros2_delivFoxy/install/ydlidar_ros2_driver:/home/ubuntu/ros2_delivFoxy/install/slam_gmapping:/home/ubuntu/ros2_delivFoxy/install/serial_motor_demo_msgs:/home/ubuntu/ros2_delivFoxy/install/diffdrive_arduino:/home/ubuntu/ros2_delivFoxy/install/openslam_gmapping:/home/ubuntu/ros2_delivFoxy/install/articubot_one:/home/ubuntu/dev_serial_motor/install/serial_motor_demo_msgs:/home/ubuntu/ros2_delivFoxy/install/serial_motor_demo:/home/ubuntu/dev_serial_motor/install/serial_motor_demo:/opt/ros/foxy /usr/bin/cmake --build /home/ubuntu/ros2_delivFoxy/build/diffdrive_arduino -- -j4 -l4
[0.915s] [ 42%] Built target fake_robot
[0.929s] [100%] Built target diffdrive_arduino
[1.042s] Invoked command in '/home/ubuntu/ros2_delivFoxy/build/diffdrive_arduino' returned '0': CMAKE_PREFIX_PATH=/home/ubuntu/ros2_delivFoxy/install/serial:/home/ubuntu/ros2_delivFoxy/install/ydlidar_sdk:/home/ubuntu/ros2_delivFoxy/install/ydlidar_ros2_driver:/home/ubuntu/ros2_delivFoxy/install/slam_gmapping:/home/ubuntu/ros2_delivFoxy/install/serial_motor_demo_msgs:/home/ubuntu/ros2_delivFoxy/install/diffdrive_arduino:/home/ubuntu/ros2_delivFoxy/install/openslam_gmapping:/home/ubuntu/ros2_delivFoxy/install/articubot_one:/home/ubuntu/dev_serial_motor/install/serial_motor_demo_msgs:/home/ubuntu/ros2_delivFoxy/install/serial_motor_demo:/home/ubuntu/dev_serial_motor/install/serial_motor_demo:/opt/ros/foxy /usr/bin/cmake --build /home/ubuntu/ros2_delivFoxy/build/diffdrive_arduino -- -j4 -l4
[1.559s] Invoking command in '/home/ubuntu/ros2_delivFoxy/build/diffdrive_arduino': CMAKE_PREFIX_PATH=/home/ubuntu/ros2_delivFoxy/install/serial:/home/ubuntu/ros2_delivFoxy/install/ydlidar_sdk:/home/ubuntu/ros2_delivFoxy/install/ydlidar_ros2_driver:/home/ubuntu/ros2_delivFoxy/install/slam_gmapping:/home/ubuntu/ros2_delivFoxy/install/serial_motor_demo_msgs:/home/ubuntu/ros2_delivFoxy/install/diffdrive_arduino:/home/ubuntu/ros2_delivFoxy/install/openslam_gmapping:/home/ubuntu/ros2_delivFoxy/install/articubot_one:/home/ubuntu/dev_serial_motor/install/serial_motor_demo_msgs:/home/ubuntu/ros2_delivFoxy/install/serial_motor_demo:/home/ubuntu/dev_serial_motor/install/serial_motor_demo:/opt/ros/foxy /usr/bin/cmake --install /home/ubuntu/ros2_delivFoxy/build/diffdrive_arduino
[1.646s] -- Install configuration: ""
[1.670s] -- Execute custom install script
[1.671s] -- Up-to-date symlink: /home/ubuntu/ros2_delivFoxy/install/diffdrive_arduino/share/diffdrive_arduino//robot_hardware.xml
[1.675s] -- Up-to-date symlink: /home/ubuntu/ros2_delivFoxy/install/diffdrive_arduino/share/diffdrive_arduino//fake_robot_hardware.xml
[1.684s] -- Up-to-date symlink: /home/ubuntu/ros2_delivFoxy/install/diffdrive_arduino/lib/libdiffdrive_arduino.so
[1.689s] -- Up-to-date symlink: /home/ubuntu/ros2_delivFoxy/install/diffdrive_arduino/lib/libfake_robot.so
[1.695s] -- Up-to-date symlink: /home/ubuntu/ros2_delivFoxy/install/diffdrive_arduino/share/diffdrive_arduino/controllers/robot_controller_example.yaml
[1.704s] -- Up-to-date symlink: /home/ubuntu/ros2_delivFoxy/install/diffdrive_arduino/share/diffdrive_arduino/fake_robot.launch.py
[1.712s] -- Up-to-date symlink: /home/ubuntu/ros2_delivFoxy/install/diffdrive_arduino/share/diffdrive_arduino/test_robot.launch.py
[1.718s] -- Up-to-date symlink: /home/ubuntu/ros2_delivFoxy/install/diffdrive_arduino/share/diffdrive_arduino/environment/library_path.sh
[1.739s] -- Up-to-date symlink: /home/ubuntu/ros2_delivFoxy/install/diffdrive_arduino/share/diffdrive_arduino/environment/library_path.dsv
[1.746s] -- Up-to-date symlink: /home/ubuntu/ros2_delivFoxy/install/diffdrive_arduino/share/ament_index/resource_index/package_run_dependencies/diffdrive_arduino
[1.757s] -- Up-to-date symlink: /home/ubuntu/ros2_delivFoxy/install/diffdrive_arduino/share/ament_index/resource_index/parent_prefix_path/diffdrive_arduino
[1.767s] -- Up-to-date symlink: /home/ubuntu/ros2_delivFoxy/install/diffdrive_arduino/share/diffdrive_arduino/environment/ament_prefix_path.sh
[1.774s] -- Up-to-date symlink: /home/ubuntu/ros2_delivFoxy/install/diffdrive_arduino/share/diffdrive_arduino/environment/ament_prefix_path.dsv
[1.781s] -- Up-to-date symlink: /home/ubuntu/ros2_delivFoxy/install/diffdrive_arduino/share/diffdrive_arduino/environment/path.sh
[1.791s] -- Up-to-date symlink: /home/ubuntu/ros2_delivFoxy/install/diffdrive_arduino/share/diffdrive_arduino/environment/path.dsv
[1.803s] -- Up-to-date symlink: /home/ubuntu/ros2_delivFoxy/install/diffdrive_arduino/share/diffdrive_arduino/local_setup.bash
[1.805s] -- Up-to-date symlink: /home/ubuntu/ros2_delivFoxy/install/diffdrive_arduino/share/diffdrive_arduino/local_setup.sh
[1.809s] -- Up-to-date symlink: /home/ubuntu/ros2_delivFoxy/install/diffdrive_arduino/share/diffdrive_arduino/local_setup.zsh
[1.811s] -- Up-to-date symlink: /home/ubuntu/ros2_delivFoxy/install/diffdrive_arduino/share/diffdrive_arduino/local_setup.dsv
[1.827s] -- Symlinking: /home/ubuntu/ros2_delivFoxy/install/diffdrive_arduino/share/diffdrive_arduino/package.dsv
[2.062s] -- Up-to-date symlink: /home/ubuntu/ros2_delivFoxy/install/diffdrive_arduino/share/ament_index/resource_index/packages/diffdrive_arduino
[2.062s] -- Up-to-date symlink: /home/ubuntu/ros2_delivFoxy/install/diffdrive_arduino/share/ament_index/resource_index/hardware_interface__pluginlib__plugin/diffdrive_arduino
[2.063s] -- Up-to-date symlink: /home/ubuntu/ros2_delivFoxy/install/diffdrive_arduino/share/diffdrive_arduino/cmake/ament_cmake_export_libraries-extras.cmake
[2.064s] -- Up-to-date symlink: /home/ubuntu/ros2_delivFoxy/install/diffdrive_arduino/share/diffdrive_arduino/cmake/ament_cmake_export_dependencies-extras.cmake
[2.064s] -- Up-to-date symlink: /home/ubuntu/ros2_delivFoxy/install/diffdrive_arduino/share/diffdrive_arduino/cmake/diffdrive_arduinoConfig.cmake
[2.065s] -- Up-to-date symlink: /home/ubuntu/ros2_delivFoxy/install/diffdrive_arduino/share/diffdrive_arduino/cmake/diffdrive_arduinoConfig-version.cmake
[2.065s] -- Up-to-date symlink: /home/ubuntu/ros2_delivFoxy/install/diffdrive_arduino/share/diffdrive_arduino/package.xml
[2.245s] Invoked command in '/home/ubuntu/ros2_delivFoxy/build/diffdrive_arduino' returned '0': CMAKE_PREFIX_PATH=/home/ubuntu/ros2_delivFoxy/install/serial:/home/ubuntu/ros2_delivFoxy/install/ydlidar_sdk:/home/ubuntu/ros2_delivFoxy/install/ydlidar_ros2_driver:/home/ubuntu/ros2_delivFoxy/install/slam_gmapping:/home/ubuntu/ros2_delivFoxy/install/serial_motor_demo_msgs:/home/ubuntu/ros2_delivFoxy/install/diffdrive_arduino:/home/ubuntu/ros2_delivFoxy/install/openslam_gmapping:/home/ubuntu/ros2_delivFoxy/install/articubot_one:/home/ubuntu/dev_serial_motor/install/serial_motor_demo_msgs:/home/ubuntu/ros2_delivFoxy/install/serial_motor_demo:/home/ubuntu/dev_serial_motor/install/serial_motor_demo:/opt/ros/foxy /usr/bin/cmake --install /home/ubuntu/ros2_delivFoxy/build/diffdrive_arduino
