[0.191s] Invoking command in '/home/ubuntu/ros2_delivFoxy/build/articubot_one': CMAKE_PREFIX_PATH=${CMAKE_PREFIX_PATH}:/home/ubuntu/ros2_delivFoxy/install/serial_motor_demo:/home/ubuntu/dev_serial_motor/install/serial_motor_demo:/opt/ros/foxy /usr/bin/cmake /home/ubuntu/ros2_delivFoxy/src/articubot_one -DAMENT_CMAKE_SYMLINK_INSTALL=1 -DCMAKE_INSTALL_PREFIX=/home/ubuntu/ros2_delivFoxy/install/articubot_one
[0.409s] -- Found ament_cmake: 0.9.12 (/opt/ros/foxy/share/ament_cmake/cmake)
[0.629s] -- Using PYTHON_EXECUTABLE: /usr/bin/python3
[2.312s] -- Override CMake install command with custom implementation using symlinks instead of copying resources
[2.412s] -- Found ament_lint_auto: 0.9.8 (/opt/ros/foxy/share/ament_lint_auto/cmake)
[3.071s] -- Added test 'copyright' to check source files copyright and LICENSE
[3.196s] -- Added test 'flake8' to check Python code syntax and style conventions
[3.220s] -- Added test 'lint_cmake' to check CMake code style
[3.229s] -- Added test 'pep257' to check Python code against some of the style conventions in PEP 257
[3.298s] -- Added test 'xmllint' to check XML markup files
[3.319s] -- Configuring done
[3.434s] -- Generating done
[3.435s] -- Build files have been written to: /home/ubuntu/ros2_delivFoxy/build/articubot_one
[3.459s] Invoked command in '/home/ubuntu/ros2_delivFoxy/build/articubot_one' returned '0': CMAKE_PREFIX_PATH=${CMAKE_PREFIX_PATH}:/home/ubuntu/ros2_delivFoxy/install/serial_motor_demo:/home/ubuntu/dev_serial_motor/install/serial_motor_demo:/opt/ros/foxy /usr/bin/cmake /home/ubuntu/ros2_delivFoxy/src/articubot_one -DAMENT_CMAKE_SYMLINK_INSTALL=1 -DCMAKE_INSTALL_PREFIX=/home/ubuntu/ros2_delivFoxy/install/articubot_one
[3.480s] Invoking command in '/home/ubuntu/ros2_delivFoxy/build/articubot_one': CMAKE_PREFIX_PATH=${CMAKE_PREFIX_PATH}:/home/ubuntu/ros2_delivFoxy/install/serial_motor_demo:/home/ubuntu/dev_serial_motor/install/serial_motor_demo:/opt/ros/foxy /usr/bin/cmake --build /home/ubuntu/ros2_delivFoxy/build/articubot_one -- -j4 -l4
[3.792s] Invoked command in '/home/ubuntu/ros2_delivFoxy/build/articubot_one' returned '0': CMAKE_PREFIX_PATH=${CMAKE_PREFIX_PATH}:/home/ubuntu/ros2_delivFoxy/install/serial_motor_demo:/home/ubuntu/dev_serial_motor/install/serial_motor_demo:/opt/ros/foxy /usr/bin/cmake --build /home/ubuntu/ros2_delivFoxy/build/articubot_one -- -j4 -l4
[4.254s] Invoking command in '/home/ubuntu/ros2_delivFoxy/build/articubot_one': CMAKE_PREFIX_PATH=${CMAKE_PREFIX_PATH}:/home/ubuntu/ros2_delivFoxy/install/serial_motor_demo:/home/ubuntu/dev_serial_motor/install/serial_motor_demo:/opt/ros/foxy /usr/bin/cmake --install /home/ubuntu/ros2_delivFoxy/build/articubot_one
[4.388s] -- Install configuration: ""
[4.390s] -- Execute custom install script
[4.394s] -- Up-to-date symlink: /home/ubuntu/ros2_delivFoxy/install/articubot_one/share/articubot_one/config/ball_tracker_params_robot.yaml
[4.395s] -- Up-to-date symlink: /home/ubuntu/ros2_delivFoxy/install/articubot_one/share/articubot_one/config/ball_tracker_params_sim.yaml
[4.396s] -- Up-to-date symlink: /home/ubuntu/ros2_delivFoxy/install/articubot_one/share/articubot_one/config/drive_bot.rviz
[4.411s] -- Up-to-date symlink: /home/ubuntu/ros2_delivFoxy/install/articubot_one/share/articubot_one/config/empty.yaml
[4.415s] -- Up-to-date symlink: /home/ubuntu/ros2_delivFoxy/install/articubot_one/share/articubot_one/config/gaz_ros2_ctl_use_sim.yaml
[4.419s] -- Up-to-date symlink: /home/ubuntu/ros2_delivFoxy/install/articubot_one/share/articubot_one/config/gazebo_params.yaml
[4.426s] -- Up-to-date symlink: /home/ubuntu/ros2_delivFoxy/install/articubot_one/share/articubot_one/config/joystick.yaml
[4.430s] -- Up-to-date symlink: /home/ubuntu/ros2_delivFoxy/install/articubot_one/share/articubot_one/config/main.rviz
[4.434s] -- Up-to-date symlink: /home/ubuntu/ros2_delivFoxy/install/articubot_one/share/articubot_one/config/map.rviz
[4.439s] -- Up-to-date symlink: /home/ubuntu/ros2_delivFoxy/install/articubot_one/share/articubot_one/config/mapper_params_online_async.yaml
[4.443s] -- Up-to-date symlink: /home/ubuntu/ros2_delivFoxy/install/articubot_one/share/articubot_one/config/my_controllers.yaml
[4.448s] -- Up-to-date symlink: /home/ubuntu/ros2_delivFoxy/install/articubot_one/share/articubot_one/config/nav2_params.yaml
[4.452s] -- Up-to-date symlink: /home/ubuntu/ros2_delivFoxy/install/articubot_one/share/articubot_one/config/twist_mux.yaml
[4.459s] -- Up-to-date symlink: /home/ubuntu/ros2_delivFoxy/install/articubot_one/share/articubot_one/config/view_bot.rviz
[4.463s] -- Up-to-date symlink: /home/ubuntu/ros2_delivFoxy/install/articubot_one/share/articubot_one/description/camera.xacro
[4.466s] -- Up-to-date symlink: /home/ubuntu/ros2_delivFoxy/install/articubot_one/share/articubot_one/description/depth_camera.xacro
[4.470s] -- Up-to-date symlink: /home/ubuntu/ros2_delivFoxy/install/articubot_one/share/articubot_one/description/face.xacro
[4.473s] -- Up-to-date symlink: /home/ubuntu/ros2_delivFoxy/install/articubot_one/share/articubot_one/description/gazebo_control.xacro
[4.476s] -- Up-to-date symlink: /home/ubuntu/ros2_delivFoxy/install/articubot_one/share/articubot_one/description/inertial_macros.xacro
[4.479s] -- Up-to-date symlink: /home/ubuntu/ros2_delivFoxy/install/articubot_one/share/articubot_one/description/lidar.xacro
[4.482s] -- Up-to-date symlink: /home/ubuntu/ros2_delivFoxy/install/articubot_one/share/articubot_one/description/robot.urdf.xacro
[4.485s] -- Up-to-date symlink: /home/ubuntu/ros2_delivFoxy/install/articubot_one/share/articubot_one/description/robot_core.xacro
[4.489s] -- Up-to-date symlink: /home/ubuntu/ros2_delivFoxy/install/articubot_one/share/articubot_one/description/ros2_control.xacro
[4.502s] -- Up-to-date symlink: /home/ubuntu/ros2_delivFoxy/install/articubot_one/share/articubot_one/launch/ball_tracker.launch.py
[4.505s] -- Up-to-date symlink: /home/ubuntu/ros2_delivFoxy/install/articubot_one/share/articubot_one/launch/camera.launch.py
[4.509s] -- Up-to-date symlink: /home/ubuntu/ros2_delivFoxy/install/articubot_one/share/articubot_one/launch/joystick.launch.py
[4.513s] -- Up-to-date symlink: /home/ubuntu/ros2_delivFoxy/install/articubot_one/share/articubot_one/launch/launch_robot.launch.py
[4.518s] -- Up-to-date symlink: /home/ubuntu/ros2_delivFoxy/install/articubot_one/share/articubot_one/launch/launch_sim.launch.py
[4.527s] -- Up-to-date symlink: /home/ubuntu/ros2_delivFoxy/install/articubot_one/share/articubot_one/launch/localization_launch.py
[4.544s] -- Up-to-date symlink: /home/ubuntu/ros2_delivFoxy/install/articubot_one/share/articubot_one/launch/navigation_launch.py
[4.544s] -- Up-to-date symlink: /home/ubuntu/ros2_delivFoxy/install/articubot_one/share/articubot_one/launch/online_async_launch.py
[4.545s] -- Up-to-date symlink: /home/ubuntu/ros2_delivFoxy/install/articubot_one/share/articubot_one/launch/rplidar.launch.py
[4.545s] -- Up-to-date symlink: /home/ubuntu/ros2_delivFoxy/install/articubot_one/share/articubot_one/launch/rsp.launch.py
[4.551s] -- Up-to-date symlink: /home/ubuntu/ros2_delivFoxy/install/articubot_one/share/articubot_one/worlds/empty.world
[4.554s] -- Up-to-date symlink: /home/ubuntu/ros2_delivFoxy/install/articubot_one/share/articubot_one/worlds/obstacles.world
[4.559s] -- Up-to-date symlink: /home/ubuntu/ros2_delivFoxy/install/articubot_one/share/ament_index/resource_index/package_run_dependencies/articubot_one
[4.565s] -- Up-to-date symlink: /home/ubuntu/ros2_delivFoxy/install/articubot_one/share/ament_index/resource_index/parent_prefix_path/articubot_one
[4.569s] -- Up-to-date symlink: /home/ubuntu/ros2_delivFoxy/install/articubot_one/share/articubot_one/environment/ament_prefix_path.sh
[4.573s] -- Up-to-date symlink: /home/ubuntu/ros2_delivFoxy/install/articubot_one/share/articubot_one/environment/ament_prefix_path.dsv
[4.578s] -- Up-to-date symlink: /home/ubuntu/ros2_delivFoxy/install/articubot_one/share/articubot_one/environment/path.sh
[4.584s] -- Up-to-date symlink: /home/ubuntu/ros2_delivFoxy/install/articubot_one/share/articubot_one/environment/path.dsv
[4.588s] -- Up-to-date symlink: /home/ubuntu/ros2_delivFoxy/install/articubot_one/share/articubot_one/local_setup.bash
[4.591s] -- Up-to-date symlink: /home/ubuntu/ros2_delivFoxy/install/articubot_one/share/articubot_one/local_setup.sh
[4.595s] -- Up-to-date symlink: /home/ubuntu/ros2_delivFoxy/install/articubot_one/share/articubot_one/local_setup.zsh
[4.599s] -- Up-to-date symlink: /home/ubuntu/ros2_delivFoxy/install/articubot_one/share/articubot_one/local_setup.dsv
[4.603s] -- Symlinking: /home/ubuntu/ros2_delivFoxy/install/articubot_one/share/articubot_one/package.dsv
[4.695s] -- Up-to-date symlink: /home/ubuntu/ros2_delivFoxy/install/articubot_one/share/ament_index/resource_index/packages/articubot_one
[4.697s] -- Up-to-date symlink: /home/ubuntu/ros2_delivFoxy/install/articubot_one/share/articubot_one/cmake/articubot_oneConfig.cmake
[4.701s] -- Up-to-date symlink: /home/ubuntu/ros2_delivFoxy/install/articubot_one/share/articubot_one/cmake/articubot_oneConfig-version.cmake
[4.705s] -- Up-to-date symlink: /home/ubuntu/ros2_delivFoxy/install/articubot_one/share/articubot_one/package.xml
[4.717s] Invoked command in '/home/ubuntu/ros2_delivFoxy/build/articubot_one' returned '0': CMAKE_PREFIX_PATH=${CMAKE_PREFIX_PATH}:/home/ubuntu/ros2_delivFoxy/install/serial_motor_demo:/home/ubuntu/dev_serial_motor/install/serial_motor_demo:/opt/ros/foxy /usr/bin/cmake --install /home/ubuntu/ros2_delivFoxy/build/articubot_one
