[0.482s] Invoking command in '/home/ubuntu/ros2_delivFoxy/build/robot_localization': CMAKE_PREFIX_PATH=${CMAKE_PREFIX_PATH}:/home/ubuntu/ros2_delivFoxy/install/serial_motor_demo:/home/ubuntu/dev_serial_motor/install/serial_motor_demo:/opt/ros/foxy /usr/bin/cmake /home/ubuntu/ros2_delivFoxy/src/robot_localization -DCMAKE_INSTALL_PREFIX=/home/ubuntu/ros2_delivFoxy/install/robot_localization
[0.893s] -- robot_localization: You did not request a specific build type: selecting 'RelWithDebInfo'.
[0.904s] -- Found ament_cmake: 0.9.12 (/opt/ros/foxy/share/ament_cmake/cmake)
[1.388s] -- Found PythonInterp: /usr/bin/python3 (found suitable version "3.8.10", minimum required is "3") 
[1.390s] -- Using PYTHON_EXECUTABLE: /usr/bin/python3
[4.841s] -- Found angles: 1.12.6 (/opt/ros/foxy/share/angles/cmake)
[4.850s] -- Found rclcpp: 2.4.3 (/opt/ros/foxy/share/rclcpp/cmake)
[5.524s] -- Using all available rosidl_typesupport_c: rosidl_typesupport_fastrtps_c;rosidl_typesupport_introspection_c
[5.572s] -- Found rosidl_adapter: 1.3.1 (/opt/ros/foxy/share/rosidl_adapter/cmake)
[8.828s] -- Using all available rosidl_typesupport_cpp: rosidl_typesupport_fastrtps_cpp;rosidl_typesupport_introspection_cpp
[9.485s] -- Found rmw_implementation_cmake: 1.0.4 (/opt/ros/foxy/share/rmw_implementation_cmake/cmake)
[9.494s] -- Using RMW implementation 'rmw_fastrtps_cpp' as default
[11.292s] -- Found diagnostic_msgs: 2.0.5 (/opt/ros/foxy/share/diagnostic_msgs/cmake)
[11.696s] -- Found diagnostic_updater: 3.1.2 (/opt/ros/foxy/share/diagnostic_updater/cmake)
[11.914s] -- Found geographic_msgs: 1.0.4 (/opt/ros/foxy/share/geographic_msgs/cmake)
[13.701s] -- Found message_filters: 3.2.7 (/opt/ros/foxy/share/message_filters/cmake)
[13.742s] -- Found nav_msgs: 2.0.5 (/opt/ros/foxy/share/nav_msgs/cmake)
[14.609s] -- Found rosidl_default_generators: 1.0.1 (/opt/ros/foxy/share/rosidl_default_generators/cmake)
[14.746s] -- Found sensor_msgs: 2.0.5 (/opt/ros/foxy/share/sensor_msgs/cmake)
[15.585s] -- Found std_srvs: 2.0.5 (/opt/ros/foxy/share/std_srvs/cmake)
[15.695s] -- Found tf2: 0.13.14 (/opt/ros/foxy/share/tf2/cmake)
[15.811s] -- Found tf2_eigen: 0.13.14 (/opt/ros/foxy/share/tf2_eigen/cmake)
[19.509s] -- Found tf2_geometry_msgs: 0.13.14 (/opt/ros/foxy/share/tf2_geometry_msgs/cmake)
[19.959s] -- Found yaml_cpp_vendor: 7.0.3 (/opt/ros/foxy/share/yaml_cpp_vendor/cmake)
[19.961s] -- Setting yaml-cpp_DIR to: '/opt/ros/foxy/share/yaml_cpp_vendor/cmake/../../../opt/yaml_cpp_vendor/lib/cmake/yaml-cpp'
[20.350s] -- Found PythonInterp: /usr/bin/python3 (found version "3.8.10") 
[23.306s] -- Found ament_cmake_cppcheck: 0.9.8 (/opt/ros/foxy/share/ament_cmake_cppcheck/cmake)
[23.316s] -- Found ament_cmake_cpplint: 0.9.8 (/opt/ros/foxy/share/ament_cmake_cpplint/cmake)
[23.326s] -- Found ament_cmake_uncrustify: 0.9.8 (/opt/ros/foxy/share/ament_cmake_uncrustify/cmake)
[23.338s] -- Found ament_cmake_ros: 0.9.2 (/opt/ros/foxy/share/ament_cmake_ros/cmake)
[28.641s] -- Using all available rosidl_typesupport_c: rosidl_typesupport_fastrtps_c;rosidl_typesupport_introspection_c
[30.558s] -- Using all available rosidl_typesupport_cpp: rosidl_typesupport_fastrtps_cpp;rosidl_typesupport_introspection_cpp
[30.982s] -- Found PythonInterp: /usr/bin/python3 (found suitable version "3.8.10", minimum required is "3.5") 
[30.986s] -- Found python_cmake_module: 0.8.1 (/opt/ros/foxy/share/python_cmake_module/cmake)
[31.330s] -- Using PYTHON_EXECUTABLE: /usr/bin/python3
[31.331s] -- Using PYTHON_INCLUDE_DIRS: /usr/include/python3.8
[31.332s] -- Using PYTHON_LIBRARIES: /usr/lib/aarch64-linux-gnu/libpython3.8.so
[32.089s] -- Found ament_cmake_flake8: 0.9.8 (/opt/ros/foxy/share/ament_cmake_flake8/cmake)
[32.097s] -- Found ament_cmake_pep257: 0.9.8 (/opt/ros/foxy/share/ament_cmake_pep257/cmake)
[32.116s] CMake Error at CMakeLists.txt:77 (rosidl_get_typesupport_target):
[32.117s]   Unknown CMake command "rosidl_get_typesupport_target".
[32.119s] 
[32.119s] 
[32.193s] -- Configuring incomplete, errors occurred!
[32.194s] See also "/home/ubuntu/ros2_delivFoxy/build/robot_localization/CMakeFiles/CMakeOutput.log".
[32.195s] See also "/home/ubuntu/ros2_delivFoxy/build/robot_localization/CMakeFiles/CMakeError.log".
[32.296s] Invoked command in '/home/ubuntu/ros2_delivFoxy/build/robot_localization' returned '1': CMAKE_PREFIX_PATH=${CMAKE_PREFIX_PATH}:/home/ubuntu/ros2_delivFoxy/install/serial_motor_demo:/home/ubuntu/dev_serial_motor/install/serial_motor_demo:/opt/ros/foxy /usr/bin/cmake /home/ubuntu/ros2_delivFoxy/src/robot_localization -DCMAKE_INSTALL_PREFIX=/home/ubuntu/ros2_delivFoxy/install/robot_localization
