[0.117s] Invoking command in '/home/ubuntu/ros2_delivFoxy/build/ydlidar_sdk': /usr/bin/cmake --build /home/ubuntu/ros2_delivFoxy/build/ydlidar_sdk -- -j4 -l4
[0.695s] [ 60%] Built target ydlidar_sdk
[1.029s] [ 68%] Built target ydlidar_test
[1.102s] [ 76%] Built target lidar_c_api_test
[1.115s] [ 84%] Built target etlidar_test
[1.170s] [ 92%] Built target tof_test
[1.364s] [100%] Built target lidar_test
[1.544s] Invoked command in '/home/ubuntu/ros2_delivFoxy/build/ydlidar_sdk' returned '0': /usr/bin/cmake --build /home/ubuntu/ros2_delivFoxy/build/ydlidar_sdk -- -j4 -l4
[2.478s] Invoking command in '/home/ubuntu/ros2_delivFoxy/build/ydlidar_sdk': /usr/bin/cmake --install /home/ubuntu/ros2_delivFoxy/build/ydlidar_sdk
[2.573s] -- Install configuration: ""
[2.575s] -- Up-to-date: /home/ubuntu/ros2_delivFoxy/install/ydlidar_sdk/include/core/base/datatype.h
[2.576s] -- Up-to-date: /home/ubuntu/ros2_delivFoxy/install/ydlidar_sdk/include/core/base/locker.h
[2.577s] -- Up-to-date: /home/ubuntu/ros2_delivFoxy/install/ydlidar_sdk/include/core/base/thread.h
[2.577s] -- Up-to-date: /home/ubuntu/ros2_delivFoxy/install/ydlidar_sdk/include/core/base/timer.h
[2.579s] -- Up-to-date: /home/ubuntu/ros2_delivFoxy/install/ydlidar_sdk/include/core/base/typedef.h
[2.580s] -- Up-to-date: /home/ubuntu/ros2_delivFoxy/install/ydlidar_sdk/include/core/base/utils.h
[2.581s] -- Up-to-date: /home/ubuntu/ros2_delivFoxy/install/ydlidar_sdk/include/core/base/v8stdint.h
[2.582s] -- Up-to-date: /home/ubuntu/ros2_delivFoxy/install/ydlidar_sdk/include/core/base/ydlidar.h
[2.583s] -- Up-to-date: /home/ubuntu/ros2_delivFoxy/install/ydlidar_sdk/include/core/common/ChannelDevice.h
[2.586s] -- Up-to-date: /home/ubuntu/ros2_delivFoxy/install/ydlidar_sdk/include/core/common/DriverInterface.h
[2.590s] -- Up-to-date: /home/ubuntu/ros2_delivFoxy/install/ydlidar_sdk/include/core/common/ydlidar_datatype.h
[2.591s] -- Up-to-date: /home/ubuntu/ros2_delivFoxy/install/ydlidar_sdk/include/core/common/ydlidar_def.h
[2.592s] -- Up-to-date: /home/ubuntu/ros2_delivFoxy/install/ydlidar_sdk/include/core/common/ydlidar_help.h
[2.592s] -- Up-to-date: /home/ubuntu/ros2_delivFoxy/install/ydlidar_sdk/include/core/common/ydlidar_protocol.h
[2.598s] -- Up-to-date: /home/ubuntu/ros2_delivFoxy/install/ydlidar_sdk/include/core/math/angles.h
[2.600s] -- Up-to-date: /home/ubuntu/ros2_delivFoxy/install/ydlidar_sdk/include/core/network/ActiveSocket.h
[2.601s] -- Up-to-date: /home/ubuntu/ros2_delivFoxy/install/ydlidar_sdk/include/core/network/PassiveSocket.h
[2.603s] -- Up-to-date: /home/ubuntu/ros2_delivFoxy/install/ydlidar_sdk/include/core/network/SimpleSocket.h
[2.608s] -- Up-to-date: /home/ubuntu/ros2_delivFoxy/install/ydlidar_sdk/include/core/network/StatTimer.h
[2.610s] -- Up-to-date: /home/ubuntu/ros2_delivFoxy/install/ydlidar_sdk/include/core/serial/common.h
[2.610s] -- Up-to-date: /home/ubuntu/ros2_delivFoxy/install/ydlidar_sdk/include/core/serial/serial.h
[2.611s] -- Up-to-date: /home/ubuntu/ros2_delivFoxy/install/ydlidar_sdk/include/core/serial/impl/unix/lock.h
[2.612s] -- Up-to-date: /home/ubuntu/ros2_delivFoxy/install/ydlidar_sdk/include/core/serial/impl/unix/unix.h
[2.621s] -- Up-to-date: /home/ubuntu/ros2_delivFoxy/install/ydlidar_sdk/include/core/serial/impl/unix/unix_serial.h
[2.622s] -- Up-to-date: /home/ubuntu/ros2_delivFoxy/install/ydlidar_sdk/include/src/CYdLidar.h
[2.623s] -- Up-to-date: /home/ubuntu/ros2_delivFoxy/install/ydlidar_sdk/include/src/ETLidarDriver.h
[2.625s] -- Up-to-date: /home/ubuntu/ros2_delivFoxy/install/ydlidar_sdk/include/src/ydlidar_driver.h
[2.627s] -- Up-to-date: /home/ubuntu/ros2_delivFoxy/install/ydlidar_sdk/include/src/ydlidar_sdk.h
[2.628s] -- Up-to-date: /home/ubuntu/ros2_delivFoxy/install/ydlidar_sdk/include/src/filters/FilterInterface.h
[2.630s] -- Up-to-date: /home/ubuntu/ros2_delivFoxy/install/ydlidar_sdk/include/src/filters/NoiseFilter.h
[2.631s] -- Up-to-date: /home/ubuntu/ros2_delivFoxy/install/ydlidar_sdk/include/ydlidar_config.h
[2.632s] -- Up-to-date: /home/ubuntu/ros2_delivFoxy/install/ydlidar_sdk/lib/libydlidar_sdk.a
[2.636s] -- Up-to-date: /home/ubuntu/ros2_delivFoxy/install/ydlidar_sdk/lib/pkgconfig/YDLIDAR_SDK.pc
[2.637s] -- Up-to-date: /home/ubuntu/ros2_delivFoxy/install/ydlidar_sdk/lib/cmake/ydlidar_sdk/ydlidar_sdkConfig.cmake
[2.638s] -- Up-to-date: /home/ubuntu/ros2_delivFoxy/install/ydlidar_sdk/lib/cmake/ydlidar_sdk/ydlidar_sdkTargets.cmake
[2.638s] -- Up-to-date: /home/ubuntu/ros2_delivFoxy/install/ydlidar_sdk/lib/cmake/ydlidar_sdk/ydlidar_sdkConfigVersion.cmake
[2.646s] -- Up-to-date: /home/ubuntu/ros2_delivFoxy/install/ydlidar_sdk/share/YDLIDAR_SDK/FindYDLIDAR_SDK.cmake
[2.649s] -- Up-to-date: /home/ubuntu/ros2_delivFoxy/install/ydlidar_sdk/share/YDLIDAR_SDK
[2.651s] -- Up-to-date: /home/ubuntu/ros2_delivFoxy/install/ydlidar_sdk/share/YDLIDAR_SDK/install_package.cmake
[2.652s] -- Up-to-date: /home/ubuntu/ros2_delivFoxy/install/ydlidar_sdk/share/YDLIDAR_SDK/cmake_uninstall.cmake.in
[2.653s] -- Up-to-date: /home/ubuntu/ros2_delivFoxy/install/ydlidar_sdk/share/YDLIDAR_SDK/FindPackage.cmake.in
[2.653s] -- Up-to-date: /home/ubuntu/ros2_delivFoxy/install/ydlidar_sdk/share/YDLIDAR_SDK/PkgConfig.pc.in
[2.654s] -- Up-to-date: /home/ubuntu/ros2_delivFoxy/install/ydlidar_sdk/share/YDLIDAR_SDK/PackageConfig.cmake.in
[2.655s] -- Up-to-date: /home/ubuntu/ros2_delivFoxy/install/ydlidar_sdk/share/YDLIDAR_SDK/PackageConfigVersion.cmake.in
[2.655s] -- Up-to-date: /home/ubuntu/ros2_delivFoxy/install/ydlidar_sdk/share/YDLIDAR_SDK/script_show_final_summary.cmake
[2.656s] -- Up-to-date: /home/ubuntu/ros2_delivFoxy/install/ydlidar_sdk/share/YDLIDAR_SDK/common
[2.657s] -- Up-to-date: /home/ubuntu/ros2_delivFoxy/install/ydlidar_sdk/share/YDLIDAR_SDK/common/ydlidar_base.cmake
[2.658s] -- Up-to-date: /home/ubuntu/ros2_delivFoxy/install/ydlidar_sdk/share/YDLIDAR_SDK/common/ydlidar_parse.cmake
[2.659s] -- Up-to-date: /home/ubuntu/ros2_delivFoxy/install/ydlidar_sdk/share/YDLIDAR_SDK/LICENSE.txt
[2.660s] -- Up-to-date: /home/ubuntu/ros2_delivFoxy/install/ydlidar_sdk/share/YDLIDAR_SDK/README.md
[2.660s] -- Up-to-date: /home/ubuntu/ros2_delivFoxy/install/ydlidar_sdk/share/YDLIDAR_SDK/doc
[2.661s] -- Up-to-date: /home/ubuntu/ros2_delivFoxy/install/ydlidar_sdk/share/YDLIDAR_SDK/doc/FAQs
[2.662s] -- Up-to-date: /home/ubuntu/ros2_delivFoxy/install/ydlidar_sdk/share/YDLIDAR_SDK/doc/FAQs/Software_FAQs.md
[2.662s] -- Up-to-date: /home/ubuntu/ros2_delivFoxy/install/ydlidar_sdk/share/YDLIDAR_SDK/doc/FAQs/General_FAQs.md
[2.663s] -- Up-to-date: /home/ubuntu/ros2_delivFoxy/install/ydlidar_sdk/share/YDLIDAR_SDK/doc/FAQs/Hardware_FAQs.md
[2.663s] -- Up-to-date: /home/ubuntu/ros2_delivFoxy/install/ydlidar_sdk/share/YDLIDAR_SDK/doc/FAQs/README.md
[2.664s] -- Up-to-date: /home/ubuntu/ros2_delivFoxy/install/ydlidar_sdk/share/YDLIDAR_SDK/doc/FAQs/Software_FAQs_cn.md
[2.665s] -- Up-to-date: /home/ubuntu/ros2_delivFoxy/install/ydlidar_sdk/share/YDLIDAR_SDK/doc/FAQs/General_FAQs_cn.md
[2.666s] -- Up-to-date: /home/ubuntu/ros2_delivFoxy/install/ydlidar_sdk/share/YDLIDAR_SDK/doc/FAQs/Hardware_FAQs_cn.md
[2.666s] -- Up-to-date: /home/ubuntu/ros2_delivFoxy/install/ydlidar_sdk/share/YDLIDAR_SDK/doc/YDLidar_SDK_Communication_Protocol.pdf
[2.668s] -- Up-to-date: /home/ubuntu/ros2_delivFoxy/install/ydlidar_sdk/share/YDLIDAR_SDK/doc/tutorials
[2.670s] -- Up-to-date: /home/ubuntu/ros2_delivFoxy/install/ydlidar_sdk/share/YDLIDAR_SDK/doc/tutorials/writing_lidar_tutorial_python.md
[2.670s] -- Up-to-date: /home/ubuntu/ros2_delivFoxy/install/ydlidar_sdk/share/YDLIDAR_SDK/doc/tutorials/examine_the_simple_lidar_tutorial.md
[2.671s] -- Up-to-date: /home/ubuntu/ros2_delivFoxy/install/ydlidar_sdk/share/YDLIDAR_SDK/doc/tutorials/writing_lidar_network_adapter_tutorial_c++.md
[2.672s] -- Up-to-date: /home/ubuntu/ros2_delivFoxy/install/ydlidar_sdk/share/YDLIDAR_SDK/doc/tutorials/writing_lidar_tutorial_c.md
[2.673s] -- Up-to-date: /home/ubuntu/ros2_delivFoxy/install/ydlidar_sdk/share/YDLIDAR_SDK/doc/tutorials/writing_lidar_tutorial_c++.md
[2.674s] -- Up-to-date: /home/ubuntu/ros2_delivFoxy/install/ydlidar_sdk/share/YDLIDAR_SDK/doc/Diagram.md
[2.674s] -- Up-to-date: /home/ubuntu/ros2_delivFoxy/install/ydlidar_sdk/share/YDLIDAR_SDK/doc/YDLIDAR_SDK_API_for_Developers.md
[2.675s] -- Up-to-date: /home/ubuntu/ros2_delivFoxy/install/ydlidar_sdk/share/YDLIDAR_SDK/doc/Dataset.md
[2.675s] -- Up-to-date: /home/ubuntu/ros2_delivFoxy/install/ydlidar_sdk/share/YDLIDAR_SDK/doc/README.md
[2.676s] -- Up-to-date: /home/ubuntu/ros2_delivFoxy/install/ydlidar_sdk/share/YDLIDAR_SDK/doc/YDLidar-SDK-Communication-Protocol.html
[2.676s] -- Up-to-date: /home/ubuntu/ros2_delivFoxy/install/ydlidar_sdk/share/YDLIDAR_SDK/doc/YDLidar-SDK-Communication-Protocol.md
[2.677s] -- Up-to-date: /home/ubuntu/ros2_delivFoxy/install/ydlidar_sdk/share/YDLIDAR_SDK/doc/howto
[2.677s] -- Up-to-date: /home/ubuntu/ros2_delivFoxy/install/ydlidar_sdk/share/YDLIDAR_SDK/doc/howto/how_to_create_a_udev_rules.md
[2.677s] -- Up-to-date: /home/ubuntu/ros2_delivFoxy/install/ydlidar_sdk/share/YDLIDAR_SDK/doc/howto/how_to_build_and_install.md
[2.678s] -- Up-to-date: /home/ubuntu/ros2_delivFoxy/install/ydlidar_sdk/share/YDLIDAR_SDK/doc/howto/how_to_gerenrate_vs_project_by_cmake.md
[2.685s] -- Up-to-date: /home/ubuntu/ros2_delivFoxy/install/ydlidar_sdk/share/YDLIDAR_SDK/doc/howto/how_to_build_and_debug_using_vscode.md
[2.685s] -- Up-to-date: /home/ubuntu/ros2_delivFoxy/install/ydlidar_sdk/share/YDLIDAR_SDK/doc/howto/README.md
[2.686s] -- Up-to-date: /home/ubuntu/ros2_delivFoxy/install/ydlidar_sdk/share/YDLIDAR_SDK/doc/howto/how_to_create_a_csharp_project.md
[2.686s] -- Up-to-date: /home/ubuntu/ros2_delivFoxy/install/ydlidar_sdk/share/YDLIDAR_SDK/doc/howto/images
[2.687s] -- Up-to-date: /home/ubuntu/ros2_delivFoxy/install/ydlidar_sdk/share/YDLIDAR_SDK/doc/howto/images/csharp_running.png
[2.687s] -- Up-to-date: /home/ubuntu/ros2_delivFoxy/install/ydlidar_sdk/share/YDLIDAR_SDK/doc/howto/images/cpack.png
[2.688s] -- Up-to-date: /home/ubuntu/ros2_delivFoxy/install/ydlidar_sdk/share/YDLIDAR_SDK/doc/howto/images/csharp_exception.png
[2.689s] -- Up-to-date: /home/ubuntu/ros2_delivFoxy/install/ydlidar_sdk/share/YDLIDAR_SDK/doc/howto/images/ttyUSB1.png
[2.689s] -- Up-to-date: /home/ubuntu/ros2_delivFoxy/install/ydlidar_sdk/share/YDLIDAR_SDK/doc/howto/images/ydlidar_lidar_monitor.png
[2.690s] -- Up-to-date: /home/ubuntu/ros2_delivFoxy/install/ydlidar_sdk/share/YDLIDAR_SDK/doc/howto/images/ttyUSB0.png
[2.690s] -- Up-to-date: /home/ubuntu/ros2_delivFoxy/install/ydlidar_sdk/share/YDLIDAR_SDK/doc/howto/images/csharp_build.png
[2.691s] -- Up-to-date: /home/ubuntu/ros2_delivFoxy/install/ydlidar_sdk/share/YDLIDAR_SDK/doc/howto/images/csharp_project.png
[2.692s] -- Up-to-date: /home/ubuntu/ros2_delivFoxy/install/ydlidar_sdk/share/YDLIDAR_SDK/doc/howto/images/sequence.png
[2.693s] -- Up-to-date: /home/ubuntu/ros2_delivFoxy/install/ydlidar_sdk/share/YDLIDAR_SDK/doc/howto/images/csharp_library.png
[2.693s] -- Up-to-date: /home/ubuntu/ros2_delivFoxy/install/ydlidar_sdk/share/YDLIDAR_SDK/doc/howto/images/vscode
[2.694s] -- Up-to-date: /home/ubuntu/ros2_delivFoxy/install/ydlidar_sdk/share/YDLIDAR_SDK/doc/howto/images/vscode/run_tasks.jpg
[2.695s] -- Up-to-date: /home/ubuntu/ros2_delivFoxy/install/ydlidar_sdk/share/YDLIDAR_SDK/doc/howto/images/vscode/tasks.png
[2.695s] -- Up-to-date: /home/ubuntu/ros2_delivFoxy/install/ydlidar_sdk/share/YDLIDAR_SDK/doc/howto/images/sdk_init.png
[2.696s] -- Up-to-date: /home/ubuntu/ros2_delivFoxy/install/ydlidar_sdk/share/YDLIDAR_SDK/doc/howto/images/sdk_scanning.png
[2.702s] -- Up-to-date: /home/ubuntu/ros2_delivFoxy/install/ydlidar_sdk/share/YDLIDAR_SDK/doc/howto/how_to_solve_slow_pull_from_cn.md
[2.702s] -- Up-to-date: /home/ubuntu/ros2_delivFoxy/install/ydlidar_sdk/share/YDLIDAR_SDK/doc/howto/how_to_create_a_pull.md
[2.703s] -- Up-to-date: /home/ubuntu/ros2_delivFoxy/install/ydlidar_sdk/share/YDLIDAR_SDK/doc/YDLidar-SDK-Communication-Protocol.pdf
[2.704s] -- Up-to-date: /home/ubuntu/ros2_delivFoxy/install/ydlidar_sdk/share/YDLIDAR_SDK/doc/SDK.pdf
[2.704s] -- Up-to-date: /home/ubuntu/ros2_delivFoxy/install/ydlidar_sdk/share/YDLIDAR_SDK/doc/images
[2.705s] -- Up-to-date: /home/ubuntu/ros2_delivFoxy/install/ydlidar_sdk/share/YDLIDAR_SDK/doc/images/sdk_architecture.png
[2.705s] -- Up-to-date: /home/ubuntu/ros2_delivFoxy/install/ydlidar_sdk/share/YDLIDAR_SDK/doc/images/frame_intensity.png
[2.707s] -- Up-to-date: /home/ubuntu/ros2_delivFoxy/install/ydlidar_sdk/share/YDLIDAR_SDK/doc/images/FlowChart.png
[2.708s] -- Up-to-date: /home/ubuntu/ros2_delivFoxy/install/ydlidar_sdk/share/YDLIDAR_SDK/doc/images/frame.png
[2.709s] -- Up-to-date: /home/ubuntu/ros2_delivFoxy/install/ydlidar_sdk/share/YDLIDAR_SDK/doc/images/communication_mechanism.png
[2.709s] -- Up-to-date: /home/ubuntu/ros2_delivFoxy/install/ydlidar_sdk/share/YDLIDAR_SDK/doc/images/YDLidar.jpg
[2.709s] -- Up-to-date: /home/ubuntu/ros2_delivFoxy/install/ydlidar_sdk/share/YDLIDAR_SDK/doc/images/sequence.png
[2.710s] -- Up-to-date: /home/ubuntu/ros2_delivFoxy/install/ydlidar_sdk/share/YDLIDAR_SDK/doc/images/system_workflow.png
[2.710s] -- Up-to-date: /home/ubuntu/ros2_delivFoxy/install/ydlidar_sdk/share/YDLIDAR_SDK/doc/images/angle_q2.png
[2.713s] -- Up-to-date: /home/ubuntu/ros2_delivFoxy/install/ydlidar_sdk/share/YDLIDAR_SDK/doc/images/EAI.png
[2.713s] -- Up-to-date: /home/ubuntu/ros2_delivFoxy/install/ydlidar_sdk/share/YDLIDAR_SDK/doc/images/YDLidar.png
[2.714s] -- Up-to-date: /home/ubuntu/ros2_delivFoxy/install/ydlidar_sdk/share/YDLIDAR_SDK/doc/images/sdk_init.png
[2.714s] -- Up-to-date: /home/ubuntu/ros2_delivFoxy/install/ydlidar_sdk/share/YDLIDAR_SDK/doc/images/sdk_scanning.png
[2.715s] -- Up-to-date: /home/ubuntu/ros2_delivFoxy/install/ydlidar_sdk/share/YDLIDAR_SDK/doc/Tutorials.md
[2.715s] -- Up-to-date: /home/ubuntu/ros2_delivFoxy/install/ydlidar_sdk/share/YDLIDAR_SDK/doc/quickstart
[2.717s] -- Up-to-date: /home/ubuntu/ros2_delivFoxy/install/ydlidar_sdk/share/YDLIDAR_SDK/doc/quickstart/ydlidar_sdk_software_installation_guide.md
[2.717s] -- Up-to-date: /home/ubuntu/ros2_delivFoxy/install/ydlidar_sdk/share/YDLIDAR_SDK/doc/quickstart/README.md
[2.718s] -- Up-to-date: /home/ubuntu/ros2_delivFoxy/install/ydlidar_sdk/startup/initenv.sh
[2.719s] -- Up-to-date: /home/ubuntu/ros2_delivFoxy/install/ydlidar_sdk/bin/etlidar_test
[2.731s] -- Up-to-date: /home/ubuntu/ros2_delivFoxy/install/ydlidar_sdk/bin/tof_test
[2.739s] -- Up-to-date: /home/ubuntu/ros2_delivFoxy/install/ydlidar_sdk/bin/ydlidar_test
[2.749s] -- Up-to-date: /home/ubuntu/ros2_delivFoxy/install/ydlidar_sdk/bin/lidar_c_api_test
[2.774s] Invoked command in '/home/ubuntu/ros2_delivFoxy/build/ydlidar_sdk' returned '0': /usr/bin/cmake --install /home/ubuntu/ros2_delivFoxy/build/ydlidar_sdk
