[3.177s] DEBUG:colcon:Command line arguments: ['/usr/bin/colcon', 'build']
[3.178s] DEBUG:colcon:Parsed command line arguments: Namespace(allow_overriding=[], ament_cmake_args=None, base_paths=['.'], build_base='build', catkin_cmake_args=None, catkin_skip_building_tests=False, cmake_args=None, cmake_clean_cache=False, cmake_clean_first=False, cmake_force_configure=False, cmake_target=None, cmake_target_skip_unavailable=False, continue_on_error=False, event_handlers=None, executor='parallel', ignore_user_meta=False, install_base='install', log_base=None, log_level=None, main=<bound method BuildVerb.main of <colcon_core.verb.build.BuildVerb object at 0xffff9ea34970>>, merge_install=False, metas=['./colcon.meta'], packages_above=None, packages_above_and_dependencies=None, packages_above_depth=None, packages_end=None, packages_ignore=None, packages_ignore_regex=None, packages_select=None, packages_select_build_failed=False, packages_select_by_dep=None, packages_select_regex=None, packages_select_test_failures=False, packages_skip=None, packages_skip_build_finished=False, packages_skip_by_dep=None, packages_skip_regex=None, packages_skip_test_passed=False, packages_skip_up_to=None, packages_start=None, packages_up_to=None, packages_up_to_regex=None, parallel_workers=4, paths=None, symlink_install=False, test_result_base=None, verb_extension=<colcon_core.verb.build.BuildVerb object at 0xffff9ea34970>, verb_name='build', verb_parser=<colcon_defaults.argument_parser.defaults.DefaultArgumentsDecorator object at 0xffff9ea34ee0>)
[3.459s] Level 1:colcon.colcon_core.package_discovery:discover_packages(colcon_meta) check parameters
[3.461s] Level 1:colcon.colcon_core.package_discovery:discover_packages(recursive) check parameters
[3.461s] Level 1:colcon.colcon_core.package_discovery:discover_packages(ignore) check parameters
[3.461s] Level 1:colcon.colcon_core.package_discovery:discover_packages(path) check parameters
[3.462s] Level 1:colcon.colcon_core.package_discovery:discover_packages(colcon_meta) discover
[3.462s] Level 1:colcon.colcon_core.package_discovery:discover_packages(recursive) discover
[3.463s] INFO:colcon.colcon_core.package_discovery:Crawling recursively for packages in '/home/ubuntu/ros2_delivFoxy'
[3.464s] Level 1:colcon.colcon_core.package_identification:_identify(.) by extensions ['ignore', 'ignore_ament_install']
[3.465s] Level 1:colcon.colcon_core.package_identification:_identify(.) by extension 'ignore'
[3.465s] Level 1:colcon.colcon_core.package_identification:_identify(.) by extension 'ignore_ament_install'
[3.466s] Level 1:colcon.colcon_core.package_identification:_identify(.) by extensions ['colcon_pkg']
[3.466s] Level 1:colcon.colcon_core.package_identification:_identify(.) by extension 'colcon_pkg'
[3.467s] Level 1:colcon.colcon_core.package_identification:_identify(.) by extensions ['colcon_meta']
[3.467s] Level 1:colcon.colcon_core.package_identification:_identify(.) by extension 'colcon_meta'
[3.467s] Level 1:colcon.colcon_core.package_identification:_identify(.) by extensions ['ros']
[3.468s] Level 1:colcon.colcon_core.package_identification:_identify(.) by extension 'ros'
[3.646s] Level 1:colcon.colcon_core.package_identification:_identify(.) by extensions ['cmake', 'python']
[3.647s] Level 1:colcon.colcon_core.package_identification:_identify(.) by extension 'cmake'
[3.648s] Level 1:colcon.colcon_core.package_identification:_identify(.) by extension 'python'
[3.648s] Level 1:colcon.colcon_core.package_identification:_identify(.) by extensions ['python_setup_py']
[3.649s] Level 1:colcon.colcon_core.package_identification:_identify(.) by extension 'python_setup_py'
[3.650s] Level 1:colcon.colcon_core.package_identification:_identify(build) by extensions ['ignore', 'ignore_ament_install']
[3.651s] Level 1:colcon.colcon_core.package_identification:_identify(build) by extension 'ignore'
[3.652s] Level 1:colcon.colcon_core.package_identification:_identify(build) ignored
[3.654s] Level 1:colcon.colcon_core.package_identification:_identify(install) by extensions ['ignore', 'ignore_ament_install']
[3.655s] Level 1:colcon.colcon_core.package_identification:_identify(install) by extension 'ignore'
[3.656s] Level 1:colcon.colcon_core.package_identification:_identify(install) ignored
[3.658s] Level 1:colcon.colcon_core.package_identification:_identify(log) by extensions ['ignore', 'ignore_ament_install']
[3.659s] Level 1:colcon.colcon_core.package_identification:_identify(log) by extension 'ignore'
[3.660s] Level 1:colcon.colcon_core.package_identification:_identify(log) ignored
[3.661s] Level 1:colcon.colcon_core.package_identification:_identify(src) by extensions ['ignore', 'ignore_ament_install']
[3.662s] Level 1:colcon.colcon_core.package_identification:_identify(src) by extension 'ignore'
[3.662s] Level 1:colcon.colcon_core.package_identification:_identify(src) by extension 'ignore_ament_install'
[3.663s] Level 1:colcon.colcon_core.package_identification:_identify(src) by extensions ['colcon_pkg']
[3.663s] Level 1:colcon.colcon_core.package_identification:_identify(src) by extension 'colcon_pkg'
[3.664s] Level 1:colcon.colcon_core.package_identification:_identify(src) by extensions ['colcon_meta']
[3.664s] Level 1:colcon.colcon_core.package_identification:_identify(src) by extension 'colcon_meta'
[3.665s] Level 1:colcon.colcon_core.package_identification:_identify(src) by extensions ['ros']
[3.665s] Level 1:colcon.colcon_core.package_identification:_identify(src) by extension 'ros'
[3.666s] Level 1:colcon.colcon_core.package_identification:_identify(src) by extensions ['cmake', 'python']
[3.666s] Level 1:colcon.colcon_core.package_identification:_identify(src) by extension 'cmake'
[3.667s] Level 1:colcon.colcon_core.package_identification:_identify(src) by extension 'python'
[3.667s] Level 1:colcon.colcon_core.package_identification:_identify(src) by extensions ['python_setup_py']
[3.667s] Level 1:colcon.colcon_core.package_identification:_identify(src) by extension 'python_setup_py'
[3.669s] Level 1:colcon.colcon_core.package_identification:_identify(src/articubot_one) by extensions ['ignore', 'ignore_ament_install']
[3.670s] Level 1:colcon.colcon_core.package_identification:_identify(src/articubot_one) by extension 'ignore'
[3.670s] Level 1:colcon.colcon_core.package_identification:_identify(src/articubot_one) by extension 'ignore_ament_install'
[3.671s] Level 1:colcon.colcon_core.package_identification:_identify(src/articubot_one) by extensions ['colcon_pkg']
[3.671s] Level 1:colcon.colcon_core.package_identification:_identify(src/articubot_one) by extension 'colcon_pkg'
[3.672s] Level 1:colcon.colcon_core.package_identification:_identify(src/articubot_one) by extensions ['colcon_meta']
[3.672s] Level 1:colcon.colcon_core.package_identification:_identify(src/articubot_one) by extension 'colcon_meta'
[3.673s] Level 1:colcon.colcon_core.package_identification:_identify(src/articubot_one) by extensions ['ros']
[3.673s] Level 1:colcon.colcon_core.package_identification:_identify(src/articubot_one) by extension 'ros'
[3.696s] DEBUG:colcon.colcon_core.package_identification:Package 'src/articubot_one' with type 'ros.ament_cmake' and name 'articubot_one'
[3.698s] Level 1:colcon.colcon_core.package_identification:_identify(src/diffdrive_arduino) by extensions ['ignore', 'ignore_ament_install']
[3.699s] Level 1:colcon.colcon_core.package_identification:_identify(src/diffdrive_arduino) by extension 'ignore'
[3.700s] Level 1:colcon.colcon_core.package_identification:_identify(src/diffdrive_arduino) by extension 'ignore_ament_install'
[3.700s] Level 1:colcon.colcon_core.package_identification:_identify(src/diffdrive_arduino) by extensions ['colcon_pkg']
[3.701s] Level 1:colcon.colcon_core.package_identification:_identify(src/diffdrive_arduino) by extension 'colcon_pkg'
[3.701s] Level 1:colcon.colcon_core.package_identification:_identify(src/diffdrive_arduino) by extensions ['colcon_meta']
[3.702s] Level 1:colcon.colcon_core.package_identification:_identify(src/diffdrive_arduino) by extension 'colcon_meta'
[3.702s] Level 1:colcon.colcon_core.package_identification:_identify(src/diffdrive_arduino) by extensions ['ros']
[3.703s] Level 1:colcon.colcon_core.package_identification:_identify(src/diffdrive_arduino) by extension 'ros'
[3.712s] DEBUG:colcon.colcon_core.package_identification:Package 'src/diffdrive_arduino' with type 'ros.ament_cmake' and name 'diffdrive_arduino'
[3.714s] Level 1:colcon.colcon_core.package_identification:_identify(src/robot_localization) by extensions ['ignore', 'ignore_ament_install']
[3.715s] Level 1:colcon.colcon_core.package_identification:_identify(src/robot_localization) by extension 'ignore'
[3.716s] Level 1:colcon.colcon_core.package_identification:_identify(src/robot_localization) by extension 'ignore_ament_install'
[3.717s] Level 1:colcon.colcon_core.package_identification:_identify(src/robot_localization) by extensions ['colcon_pkg']
[3.717s] Level 1:colcon.colcon_core.package_identification:_identify(src/robot_localization) by extension 'colcon_pkg'
[3.717s] Level 1:colcon.colcon_core.package_identification:_identify(src/robot_localization) by extensions ['colcon_meta']
[3.718s] Level 1:colcon.colcon_core.package_identification:_identify(src/robot_localization) by extension 'colcon_meta'
[3.718s] Level 1:colcon.colcon_core.package_identification:_identify(src/robot_localization) by extensions ['ros']
[3.719s] Level 1:colcon.colcon_core.package_identification:_identify(src/robot_localization) by extension 'ros'
[3.742s] DEBUG:colcon.colcon_core.package_identification:Package 'src/robot_localization' with type 'ros.ament_cmake' and name 'robot_localization'
[3.744s] Level 1:colcon.colcon_core.package_identification:_identify(src/serial) by extensions ['ignore', 'ignore_ament_install']
[3.745s] Level 1:colcon.colcon_core.package_identification:_identify(src/serial) by extension 'ignore'
[3.745s] Level 1:colcon.colcon_core.package_identification:_identify(src/serial) by extension 'ignore_ament_install'
[3.746s] Level 1:colcon.colcon_core.package_identification:_identify(src/serial) by extensions ['colcon_pkg']
[3.746s] Level 1:colcon.colcon_core.package_identification:_identify(src/serial) by extension 'colcon_pkg'
[3.747s] Level 1:colcon.colcon_core.package_identification:_identify(src/serial) by extensions ['colcon_meta']
[3.747s] Level 1:colcon.colcon_core.package_identification:_identify(src/serial) by extension 'colcon_meta'
[3.748s] Level 1:colcon.colcon_core.package_identification:_identify(src/serial) by extensions ['ros']
[3.748s] Level 1:colcon.colcon_core.package_identification:_identify(src/serial) by extension 'ros'
[3.754s] DEBUG:colcon.colcon_core.package_identification:Package 'src/serial' with type 'ros.ament_cmake' and name 'serial'
[3.756s] Level 1:colcon.colcon_core.package_identification:_identify(src/serial_motor_demo) by extensions ['ignore', 'ignore_ament_install']
[3.757s] Level 1:colcon.colcon_core.package_identification:_identify(src/serial_motor_demo) by extension 'ignore'
[3.757s] Level 1:colcon.colcon_core.package_identification:_identify(src/serial_motor_demo) by extension 'ignore_ament_install'
[3.758s] Level 1:colcon.colcon_core.package_identification:_identify(src/serial_motor_demo) by extensions ['colcon_pkg']
[3.758s] Level 1:colcon.colcon_core.package_identification:_identify(src/serial_motor_demo) by extension 'colcon_pkg'
[3.759s] Level 1:colcon.colcon_core.package_identification:_identify(src/serial_motor_demo) by extensions ['colcon_meta']
[3.759s] Level 1:colcon.colcon_core.package_identification:_identify(src/serial_motor_demo) by extension 'colcon_meta'
[3.760s] Level 1:colcon.colcon_core.package_identification:_identify(src/serial_motor_demo) by extensions ['ros']
[3.760s] Level 1:colcon.colcon_core.package_identification:_identify(src/serial_motor_demo) by extension 'ros'
[3.761s] Level 1:colcon.colcon_core.package_identification:_identify(src/serial_motor_demo) by extensions ['cmake', 'python']
[3.762s] Level 1:colcon.colcon_core.package_identification:_identify(src/serial_motor_demo) by extension 'cmake'
[3.762s] Level 1:colcon.colcon_core.package_identification:_identify(src/serial_motor_demo) by extension 'python'
[3.762s] Level 1:colcon.colcon_core.package_identification:_identify(src/serial_motor_demo) by extensions ['python_setup_py']
[3.763s] Level 1:colcon.colcon_core.package_identification:_identify(src/serial_motor_demo) by extension 'python_setup_py'
[3.764s] Level 1:colcon.colcon_core.package_identification:_identify(src/serial_motor_demo/serial_motor_demo) by extensions ['ignore', 'ignore_ament_install']
[3.765s] Level 1:colcon.colcon_core.package_identification:_identify(src/serial_motor_demo/serial_motor_demo) by extension 'ignore'
[3.766s] Level 1:colcon.colcon_core.package_identification:_identify(src/serial_motor_demo/serial_motor_demo) by extension 'ignore_ament_install'
[3.766s] Level 1:colcon.colcon_core.package_identification:_identify(src/serial_motor_demo/serial_motor_demo) by extensions ['colcon_pkg']
[3.767s] Level 1:colcon.colcon_core.package_identification:_identify(src/serial_motor_demo/serial_motor_demo) by extension 'colcon_pkg'
[3.767s] Level 1:colcon.colcon_core.package_identification:_identify(src/serial_motor_demo/serial_motor_demo) by extensions ['colcon_meta']
[3.767s] Level 1:colcon.colcon_core.package_identification:_identify(src/serial_motor_demo/serial_motor_demo) by extension 'colcon_meta'
[3.768s] Level 1:colcon.colcon_core.package_identification:_identify(src/serial_motor_demo/serial_motor_demo) by extensions ['ros']
[3.768s] Level 1:colcon.colcon_core.package_identification:_identify(src/serial_motor_demo/serial_motor_demo) by extension 'ros'
[3.776s] DEBUG:colcon.colcon_core.package_identification:Package 'src/serial_motor_demo/serial_motor_demo' with type 'ros.ament_python' and name 'serial_motor_demo'
[3.777s] Level 1:colcon.colcon_core.package_identification:_identify(src/serial_motor_demo/serial_motor_demo_msgs) by extensions ['ignore', 'ignore_ament_install']
[3.778s] Level 1:colcon.colcon_core.package_identification:_identify(src/serial_motor_demo/serial_motor_demo_msgs) by extension 'ignore'
[3.779s] Level 1:colcon.colcon_core.package_identification:_identify(src/serial_motor_demo/serial_motor_demo_msgs) by extension 'ignore_ament_install'
[3.779s] Level 1:colcon.colcon_core.package_identification:_identify(src/serial_motor_demo/serial_motor_demo_msgs) by extensions ['colcon_pkg']
[3.780s] Level 1:colcon.colcon_core.package_identification:_identify(src/serial_motor_demo/serial_motor_demo_msgs) by extension 'colcon_pkg'
[3.780s] Level 1:colcon.colcon_core.package_identification:_identify(src/serial_motor_demo/serial_motor_demo_msgs) by extensions ['colcon_meta']
[3.781s] Level 1:colcon.colcon_core.package_identification:_identify(src/serial_motor_demo/serial_motor_demo_msgs) by extension 'colcon_meta'
[3.781s] Level 1:colcon.colcon_core.package_identification:_identify(src/serial_motor_demo/serial_motor_demo_msgs) by extensions ['ros']
[3.782s] Level 1:colcon.colcon_core.package_identification:_identify(src/serial_motor_demo/serial_motor_demo_msgs) by extension 'ros'
[3.787s] DEBUG:colcon.colcon_core.package_identification:Package 'src/serial_motor_demo/serial_motor_demo_msgs' with type 'ros.ament_cmake' and name 'serial_motor_demo_msgs'
[3.789s] Level 1:colcon.colcon_core.package_identification:_identify(src/ydlidarX3_foxy) by extensions ['ignore', 'ignore_ament_install']
[3.790s] Level 1:colcon.colcon_core.package_identification:_identify(src/ydlidarX3_foxy) by extension 'ignore'
[3.791s] Level 1:colcon.colcon_core.package_identification:_identify(src/ydlidarX3_foxy) by extension 'ignore_ament_install'
[3.792s] Level 1:colcon.colcon_core.package_identification:_identify(src/ydlidarX3_foxy) by extensions ['colcon_pkg']
[3.792s] Level 1:colcon.colcon_core.package_identification:_identify(src/ydlidarX3_foxy) by extension 'colcon_pkg'
[3.793s] Level 1:colcon.colcon_core.package_identification:_identify(src/ydlidarX3_foxy) by extensions ['colcon_meta']
[3.793s] Level 1:colcon.colcon_core.package_identification:_identify(src/ydlidarX3_foxy) by extension 'colcon_meta'
[3.794s] Level 1:colcon.colcon_core.package_identification:_identify(src/ydlidarX3_foxy) by extensions ['ros']
[3.794s] Level 1:colcon.colcon_core.package_identification:_identify(src/ydlidarX3_foxy) by extension 'ros'
[3.795s] Level 1:colcon.colcon_core.package_identification:_identify(src/ydlidarX3_foxy) by extensions ['cmake', 'python']
[3.795s] Level 1:colcon.colcon_core.package_identification:_identify(src/ydlidarX3_foxy) by extension 'cmake'
[3.796s] Level 1:colcon.colcon_core.package_identification:_identify(src/ydlidarX3_foxy) by extension 'python'
[3.796s] Level 1:colcon.colcon_core.package_identification:_identify(src/ydlidarX3_foxy) by extensions ['python_setup_py']
[3.797s] Level 1:colcon.colcon_core.package_identification:_identify(src/ydlidarX3_foxy) by extension 'python_setup_py'
[3.798s] Level 1:colcon.colcon_core.package_identification:_identify(src/ydlidarX3_foxy/YDLidar-SDK-master) by extensions ['ignore', 'ignore_ament_install']
[3.799s] Level 1:colcon.colcon_core.package_identification:_identify(src/ydlidarX3_foxy/YDLidar-SDK-master) by extension 'ignore'
[3.800s] Level 1:colcon.colcon_core.package_identification:_identify(src/ydlidarX3_foxy/YDLidar-SDK-master) by extension 'ignore_ament_install'
[3.801s] Level 1:colcon.colcon_core.package_identification:_identify(src/ydlidarX3_foxy/YDLidar-SDK-master) by extensions ['colcon_pkg']
[3.801s] Level 1:colcon.colcon_core.package_identification:_identify(src/ydlidarX3_foxy/YDLidar-SDK-master) by extension 'colcon_pkg'
[3.802s] Level 1:colcon.colcon_core.package_identification:_identify(src/ydlidarX3_foxy/YDLidar-SDK-master) by extensions ['colcon_meta']
[3.802s] Level 1:colcon.colcon_core.package_identification:_identify(src/ydlidarX3_foxy/YDLidar-SDK-master) by extension 'colcon_meta'
[3.802s] Level 1:colcon.colcon_core.package_identification:_identify(src/ydlidarX3_foxy/YDLidar-SDK-master) by extensions ['ros']
[3.803s] Level 1:colcon.colcon_core.package_identification:_identify(src/ydlidarX3_foxy/YDLidar-SDK-master) by extension 'ros'
[3.804s] Level 1:colcon.colcon_core.package_identification:_identify(src/ydlidarX3_foxy/YDLidar-SDK-master) by extensions ['cmake', 'python']
[3.804s] Level 1:colcon.colcon_core.package_identification:_identify(src/ydlidarX3_foxy/YDLidar-SDK-master) by extension 'cmake'
[4.016s] Level 1:colcon.colcon_core.package_identification:_identify(src/ydlidarX3_foxy/YDLidar-SDK-master) by extension 'python'
[4.017s] DEBUG:colcon.colcon_core.package_identification:Package 'src/ydlidarX3_foxy/YDLidar-SDK-master' with type 'cmake' and name 'ydlidar_sdk'
[4.018s] Level 1:colcon.colcon_core.package_identification:_identify(src/ydlidarX3_foxy/build) by extensions ['ignore', 'ignore_ament_install']
[4.019s] Level 1:colcon.colcon_core.package_identification:_identify(src/ydlidarX3_foxy/build) by extension 'ignore'
[4.020s] Level 1:colcon.colcon_core.package_identification:_identify(src/ydlidarX3_foxy/build) ignored
[4.022s] Level 1:colcon.colcon_core.package_identification:_identify(src/ydlidarX3_foxy/install) by extensions ['ignore', 'ignore_ament_install']
[4.023s] Level 1:colcon.colcon_core.package_identification:_identify(src/ydlidarX3_foxy/install) by extension 'ignore'
[4.023s] Level 1:colcon.colcon_core.package_identification:_identify(src/ydlidarX3_foxy/install) ignored
[4.025s] Level 1:colcon.colcon_core.package_identification:_identify(src/ydlidarX3_foxy/log) by extensions ['ignore', 'ignore_ament_install']
[4.026s] Level 1:colcon.colcon_core.package_identification:_identify(src/ydlidarX3_foxy/log) by extension 'ignore'
[4.026s] Level 1:colcon.colcon_core.package_identification:_identify(src/ydlidarX3_foxy/log) ignored
[4.027s] Level 1:colcon.colcon_core.package_identification:_identify(src/ydlidarX3_foxy/src) by extensions ['ignore', 'ignore_ament_install']
[4.028s] Level 1:colcon.colcon_core.package_identification:_identify(src/ydlidarX3_foxy/src) by extension 'ignore'
[4.029s] Level 1:colcon.colcon_core.package_identification:_identify(src/ydlidarX3_foxy/src) by extension 'ignore_ament_install'
[4.029s] Level 1:colcon.colcon_core.package_identification:_identify(src/ydlidarX3_foxy/src) by extensions ['colcon_pkg']
[4.030s] Level 1:colcon.colcon_core.package_identification:_identify(src/ydlidarX3_foxy/src) by extension 'colcon_pkg'
[4.030s] Level 1:colcon.colcon_core.package_identification:_identify(src/ydlidarX3_foxy/src) by extensions ['colcon_meta']
[4.031s] Level 1:colcon.colcon_core.package_identification:_identify(src/ydlidarX3_foxy/src) by extension 'colcon_meta'
[4.031s] Level 1:colcon.colcon_core.package_identification:_identify(src/ydlidarX3_foxy/src) by extensions ['ros']
[4.032s] Level 1:colcon.colcon_core.package_identification:_identify(src/ydlidarX3_foxy/src) by extension 'ros'
[4.033s] Level 1:colcon.colcon_core.package_identification:_identify(src/ydlidarX3_foxy/src) by extensions ['cmake', 'python']
[4.033s] Level 1:colcon.colcon_core.package_identification:_identify(src/ydlidarX3_foxy/src) by extension 'cmake'
[4.033s] Level 1:colcon.colcon_core.package_identification:_identify(src/ydlidarX3_foxy/src) by extension 'python'
[4.034s] Level 1:colcon.colcon_core.package_identification:_identify(src/ydlidarX3_foxy/src) by extensions ['python_setup_py']
[4.034s] Level 1:colcon.colcon_core.package_identification:_identify(src/ydlidarX3_foxy/src) by extension 'python_setup_py'
[4.036s] Level 1:colcon.colcon_core.package_identification:_identify(src/ydlidarX3_foxy/src/openslam_gmapping) by extensions ['ignore', 'ignore_ament_install']
[4.037s] Level 1:colcon.colcon_core.package_identification:_identify(src/ydlidarX3_foxy/src/openslam_gmapping) by extension 'ignore'
[4.037s] Level 1:colcon.colcon_core.package_identification:_identify(src/ydlidarX3_foxy/src/openslam_gmapping) by extension 'ignore_ament_install'
[4.038s] Level 1:colcon.colcon_core.package_identification:_identify(src/ydlidarX3_foxy/src/openslam_gmapping) by extensions ['colcon_pkg']
[4.038s] Level 1:colcon.colcon_core.package_identification:_identify(src/ydlidarX3_foxy/src/openslam_gmapping) by extension 'colcon_pkg'
[4.039s] Level 1:colcon.colcon_core.package_identification:_identify(src/ydlidarX3_foxy/src/openslam_gmapping) by extensions ['colcon_meta']
[4.039s] Level 1:colcon.colcon_core.package_identification:_identify(src/ydlidarX3_foxy/src/openslam_gmapping) by extension 'colcon_meta'
[4.040s] Level 1:colcon.colcon_core.package_identification:_identify(src/ydlidarX3_foxy/src/openslam_gmapping) by extensions ['ros']
[4.040s] Level 1:colcon.colcon_core.package_identification:_identify(src/ydlidarX3_foxy/src/openslam_gmapping) by extension 'ros'
[4.045s] DEBUG:colcon.colcon_core.package_identification:Package 'src/ydlidarX3_foxy/src/openslam_gmapping' with type 'ros.ament_cmake' and name 'openslam_gmapping'
[4.047s] Level 1:colcon.colcon_core.package_identification:_identify(src/ydlidarX3_foxy/src/slam_gmapping) by extensions ['ignore', 'ignore_ament_install']
[4.048s] Level 1:colcon.colcon_core.package_identification:_identify(src/ydlidarX3_foxy/src/slam_gmapping) by extension 'ignore'
[4.049s] Level 1:colcon.colcon_core.package_identification:_identify(src/ydlidarX3_foxy/src/slam_gmapping) by extension 'ignore_ament_install'
[4.050s] Level 1:colcon.colcon_core.package_identification:_identify(src/ydlidarX3_foxy/src/slam_gmapping) by extensions ['colcon_pkg']
[4.050s] Level 1:colcon.colcon_core.package_identification:_identify(src/ydlidarX3_foxy/src/slam_gmapping) by extension 'colcon_pkg'
[4.050s] Level 1:colcon.colcon_core.package_identification:_identify(src/ydlidarX3_foxy/src/slam_gmapping) by extensions ['colcon_meta']
[4.051s] Level 1:colcon.colcon_core.package_identification:_identify(src/ydlidarX3_foxy/src/slam_gmapping) by extension 'colcon_meta'
[4.052s] Level 1:colcon.colcon_core.package_identification:_identify(src/ydlidarX3_foxy/src/slam_gmapping) by extensions ['ros']
[4.052s] Level 1:colcon.colcon_core.package_identification:_identify(src/ydlidarX3_foxy/src/slam_gmapping) by extension 'ros'
[4.067s] DEBUG:colcon.colcon_core.package_identification:Package 'src/ydlidarX3_foxy/src/slam_gmapping' with type 'ros.ament_cmake' and name 'slam_gmapping'
[4.068s] Level 1:colcon.colcon_core.package_identification:_identify(src/ydlidarX3_foxy/src/sllidar_ros2) by extensions ['ignore', 'ignore_ament_install']
[4.069s] Level 1:colcon.colcon_core.package_identification:_identify(src/ydlidarX3_foxy/src/sllidar_ros2) by extension 'ignore'
[4.070s] Level 1:colcon.colcon_core.package_identification:_identify(src/ydlidarX3_foxy/src/sllidar_ros2) by extension 'ignore_ament_install'
[4.070s] Level 1:colcon.colcon_core.package_identification:_identify(src/ydlidarX3_foxy/src/sllidar_ros2) by extensions ['colcon_pkg']
[4.071s] Level 1:colcon.colcon_core.package_identification:_identify(src/ydlidarX3_foxy/src/sllidar_ros2) by extension 'colcon_pkg'
[4.071s] Level 1:colcon.colcon_core.package_identification:_identify(src/ydlidarX3_foxy/src/sllidar_ros2) by extensions ['colcon_meta']
[4.072s] Level 1:colcon.colcon_core.package_identification:_identify(src/ydlidarX3_foxy/src/sllidar_ros2) by extension 'colcon_meta'
[4.072s] Level 1:colcon.colcon_core.package_identification:_identify(src/ydlidarX3_foxy/src/sllidar_ros2) by extensions ['ros']
[4.073s] Level 1:colcon.colcon_core.package_identification:_identify(src/ydlidarX3_foxy/src/sllidar_ros2) by extension 'ros'
[4.074s] Level 1:colcon.colcon_core.package_identification:_identify(src/ydlidarX3_foxy/src/sllidar_ros2) by extensions ['cmake', 'python']
[4.074s] Level 1:colcon.colcon_core.package_identification:_identify(src/ydlidarX3_foxy/src/sllidar_ros2) by extension 'cmake'
[4.074s] Level 1:colcon.colcon_core.package_identification:_identify(src/ydlidarX3_foxy/src/sllidar_ros2) by extension 'python'
[4.075s] Level 1:colcon.colcon_core.package_identification:_identify(src/ydlidarX3_foxy/src/sllidar_ros2) by extensions ['python_setup_py']
[4.075s] Level 1:colcon.colcon_core.package_identification:_identify(src/ydlidarX3_foxy/src/sllidar_ros2) by extension 'python_setup_py'
[4.077s] Level 1:colcon.colcon_core.package_identification:_identify(src/ydlidarX3_foxy/src/sllidar_ros2/launch) by extensions ['ignore', 'ignore_ament_install']
[4.078s] Level 1:colcon.colcon_core.package_identification:_identify(src/ydlidarX3_foxy/src/sllidar_ros2/launch) by extension 'ignore'
[4.078s] Level 1:colcon.colcon_core.package_identification:_identify(src/ydlidarX3_foxy/src/sllidar_ros2/launch) by extension 'ignore_ament_install'
[4.079s] Level 1:colcon.colcon_core.package_identification:_identify(src/ydlidarX3_foxy/src/sllidar_ros2/launch) by extensions ['colcon_pkg']
[4.079s] Level 1:colcon.colcon_core.package_identification:_identify(src/ydlidarX3_foxy/src/sllidar_ros2/launch) by extension 'colcon_pkg'
[4.080s] Level 1:colcon.colcon_core.package_identification:_identify(src/ydlidarX3_foxy/src/sllidar_ros2/launch) by extensions ['colcon_meta']
[4.080s] Level 1:colcon.colcon_core.package_identification:_identify(src/ydlidarX3_foxy/src/sllidar_ros2/launch) by extension 'colcon_meta'
[4.081s] Level 1:colcon.colcon_core.package_identification:_identify(src/ydlidarX3_foxy/src/sllidar_ros2/launch) by extensions ['ros']
[4.081s] Level 1:colcon.colcon_core.package_identification:_identify(src/ydlidarX3_foxy/src/sllidar_ros2/launch) by extension 'ros'
[4.082s] Level 1:colcon.colcon_core.package_identification:_identify(src/ydlidarX3_foxy/src/sllidar_ros2/launch) by extensions ['cmake', 'python']
[4.083s] Level 1:colcon.colcon_core.package_identification:_identify(src/ydlidarX3_foxy/src/sllidar_ros2/launch) by extension 'cmake'
[4.083s] Level 1:colcon.colcon_core.package_identification:_identify(src/ydlidarX3_foxy/src/sllidar_ros2/launch) by extension 'python'
[4.084s] Level 1:colcon.colcon_core.package_identification:_identify(src/ydlidarX3_foxy/src/sllidar_ros2/launch) by extensions ['python_setup_py']
[4.084s] Level 1:colcon.colcon_core.package_identification:_identify(src/ydlidarX3_foxy/src/sllidar_ros2/launch) by extension 'python_setup_py'
[4.086s] Level 1:colcon.colcon_core.package_identification:_identify(src/ydlidarX3_foxy/src/sllidar_ros2/launch/__pycache__) by extensions ['ignore', 'ignore_ament_install']
[4.087s] Level 1:colcon.colcon_core.package_identification:_identify(src/ydlidarX3_foxy/src/sllidar_ros2/launch/__pycache__) by extension 'ignore'
[4.088s] Level 1:colcon.colcon_core.package_identification:_identify(src/ydlidarX3_foxy/src/sllidar_ros2/launch/__pycache__) by extension 'ignore_ament_install'
[4.088s] Level 1:colcon.colcon_core.package_identification:_identify(src/ydlidarX3_foxy/src/sllidar_ros2/launch/__pycache__) by extensions ['colcon_pkg']
[4.089s] Level 1:colcon.colcon_core.package_identification:_identify(src/ydlidarX3_foxy/src/sllidar_ros2/launch/__pycache__) by extension 'colcon_pkg'
[4.089s] Level 1:colcon.colcon_core.package_identification:_identify(src/ydlidarX3_foxy/src/sllidar_ros2/launch/__pycache__) by extensions ['colcon_meta']
[4.090s] Level 1:colcon.colcon_core.package_identification:_identify(src/ydlidarX3_foxy/src/sllidar_ros2/launch/__pycache__) by extension 'colcon_meta'
[4.090s] Level 1:colcon.colcon_core.package_identification:_identify(src/ydlidarX3_foxy/src/sllidar_ros2/launch/__pycache__) by extensions ['ros']
[4.091s] Level 1:colcon.colcon_core.package_identification:_identify(src/ydlidarX3_foxy/src/sllidar_ros2/launch/__pycache__) by extension 'ros'
[4.092s] Level 1:colcon.colcon_core.package_identification:_identify(src/ydlidarX3_foxy/src/sllidar_ros2/launch/__pycache__) by extensions ['cmake', 'python']
[4.092s] Level 1:colcon.colcon_core.package_identification:_identify(src/ydlidarX3_foxy/src/sllidar_ros2/launch/__pycache__) by extension 'cmake'
[4.093s] Level 1:colcon.colcon_core.package_identification:_identify(src/ydlidarX3_foxy/src/sllidar_ros2/launch/__pycache__) by extension 'python'
[4.093s] Level 1:colcon.colcon_core.package_identification:_identify(src/ydlidarX3_foxy/src/sllidar_ros2/launch/__pycache__) by extensions ['python_setup_py']
[4.094s] Level 1:colcon.colcon_core.package_identification:_identify(src/ydlidarX3_foxy/src/sllidar_ros2/launch/__pycache__) by extension 'python_setup_py'
[4.095s] Level 1:colcon.colcon_core.package_identification:_identify(src/ydlidarX3_foxy/src/ydlidar_ros2_driver-master) by extensions ['ignore', 'ignore_ament_install']
[4.096s] Level 1:colcon.colcon_core.package_identification:_identify(src/ydlidarX3_foxy/src/ydlidar_ros2_driver-master) by extension 'ignore'
[4.097s] Level 1:colcon.colcon_core.package_identification:_identify(src/ydlidarX3_foxy/src/ydlidar_ros2_driver-master) by extension 'ignore_ament_install'
[4.098s] Level 1:colcon.colcon_core.package_identification:_identify(src/ydlidarX3_foxy/src/ydlidar_ros2_driver-master) by extensions ['colcon_pkg']
[4.098s] Level 1:colcon.colcon_core.package_identification:_identify(src/ydlidarX3_foxy/src/ydlidar_ros2_driver-master) by extension 'colcon_pkg'
[4.099s] Level 1:colcon.colcon_core.package_identification:_identify(src/ydlidarX3_foxy/src/ydlidar_ros2_driver-master) by extensions ['colcon_meta']
[4.099s] Level 1:colcon.colcon_core.package_identification:_identify(src/ydlidarX3_foxy/src/ydlidar_ros2_driver-master) by extension 'colcon_meta'
[4.100s] Level 1:colcon.colcon_core.package_identification:_identify(src/ydlidarX3_foxy/src/ydlidar_ros2_driver-master) by extensions ['ros']
[4.100s] Level 1:colcon.colcon_core.package_identification:_identify(src/ydlidarX3_foxy/src/ydlidar_ros2_driver-master) by extension 'ros'
[4.107s] DEBUG:colcon.colcon_core.package_identification:Package 'src/ydlidarX3_foxy/src/ydlidar_ros2_driver-master' with type 'ros.ament_cmake' and name 'ydlidar_ros2_driver'
[4.107s] Level 1:colcon.colcon_core.package_discovery:discover_packages(recursive) using defaults
[4.108s] Level 1:colcon.colcon_core.package_discovery:discover_packages(ignore) discover
[4.108s] Level 1:colcon.colcon_core.package_discovery:discover_packages(ignore) using defaults
[4.108s] Level 1:colcon.colcon_core.package_discovery:discover_packages(path) discover
[4.109s] Level 1:colcon.colcon_core.package_discovery:discover_packages(path) using defaults
[4.316s] Level 1:colcon.colcon_core.package_discovery:discover_packages(prefix_path) check parameters
[4.317s] Level 1:colcon.colcon_core.package_discovery:discover_packages(prefix_path) discover
[4.358s] DEBUG:colcon.colcon_installed_package_information.package_discovery:Found 10 installed packages in /home/ubuntu/ros2_delivFoxy/install
[4.370s] DEBUG:colcon.colcon_installed_package_information.package_discovery:Found 2 installed packages in /home/ubuntu/dev_serial_motor/install
[4.401s] DEBUG:colcon.colcon_installed_package_information.package_discovery:Found 286 installed packages in /opt/ros/foxy
[4.423s] Level 1:colcon.colcon_core.package_discovery:discover_packages(prefix_path) using defaults
[5.288s] Level 5:colcon.colcon_core.verb:set package 'articubot_one' build argument 'cmake_args' from command line to 'None'
[5.289s] Level 5:colcon.colcon_core.verb:set package 'articubot_one' build argument 'cmake_target' from command line to 'None'
[5.289s] Level 5:colcon.colcon_core.verb:set package 'articubot_one' build argument 'cmake_target_skip_unavailable' from command line to 'False'
[5.290s] Level 5:colcon.colcon_core.verb:set package 'articubot_one' build argument 'cmake_clean_cache' from command line to 'False'
[5.290s] Level 5:colcon.colcon_core.verb:set package 'articubot_one' build argument 'cmake_clean_first' from command line to 'False'
[5.290s] Level 5:colcon.colcon_core.verb:set package 'articubot_one' build argument 'cmake_force_configure' from command line to 'False'
[5.291s] Level 5:colcon.colcon_core.verb:set package 'articubot_one' build argument 'ament_cmake_args' from command line to 'None'
[5.291s] Level 5:colcon.colcon_core.verb:set package 'articubot_one' build argument 'catkin_cmake_args' from command line to 'None'
[5.292s] Level 5:colcon.colcon_core.verb:set package 'articubot_one' build argument 'catkin_skip_building_tests' from command line to 'False'
[5.292s] DEBUG:colcon.colcon_core.verb:Building package 'articubot_one' with the following arguments: {'ament_cmake_args': None, 'build_base': '/home/ubuntu/ros2_delivFoxy/build/articubot_one', 'catkin_cmake_args': None, 'catkin_skip_building_tests': False, 'cmake_args': None, 'cmake_clean_cache': False, 'cmake_clean_first': False, 'cmake_force_configure': False, 'cmake_target': None, 'cmake_target_skip_unavailable': False, 'install_base': '/home/ubuntu/ros2_delivFoxy/install/articubot_one', 'merge_install': False, 'path': '/home/ubuntu/ros2_delivFoxy/src/articubot_one', 'symlink_install': False, 'test_result_base': None}
[5.304s] Level 5:colcon.colcon_core.verb:set package 'openslam_gmapping' build argument 'cmake_args' from command line to 'None'
[5.304s] Level 5:colcon.colcon_core.verb:set package 'openslam_gmapping' build argument 'cmake_target' from command line to 'None'
[5.305s] Level 5:colcon.colcon_core.verb:set package 'openslam_gmapping' build argument 'cmake_target_skip_unavailable' from command line to 'False'
[5.305s] Level 5:colcon.colcon_core.verb:set package 'openslam_gmapping' build argument 'cmake_clean_cache' from command line to 'False'
[5.305s] Level 5:colcon.colcon_core.verb:set package 'openslam_gmapping' build argument 'cmake_clean_first' from command line to 'False'
[5.305s] Level 5:colcon.colcon_core.verb:set package 'openslam_gmapping' build argument 'cmake_force_configure' from command line to 'False'
[5.306s] Level 5:colcon.colcon_core.verb:set package 'openslam_gmapping' build argument 'ament_cmake_args' from command line to 'None'
[5.306s] Level 5:colcon.colcon_core.verb:set package 'openslam_gmapping' build argument 'catkin_cmake_args' from command line to 'None'
[5.306s] Level 5:colcon.colcon_core.verb:set package 'openslam_gmapping' build argument 'catkin_skip_building_tests' from command line to 'False'
[5.307s] DEBUG:colcon.colcon_core.verb:Building package 'openslam_gmapping' with the following arguments: {'ament_cmake_args': None, 'build_base': '/home/ubuntu/ros2_delivFoxy/build/openslam_gmapping', 'catkin_cmake_args': None, 'catkin_skip_building_tests': False, 'cmake_args': None, 'cmake_clean_cache': False, 'cmake_clean_first': False, 'cmake_force_configure': False, 'cmake_target': None, 'cmake_target_skip_unavailable': False, 'install_base': '/home/ubuntu/ros2_delivFoxy/install/openslam_gmapping', 'merge_install': False, 'path': '/home/ubuntu/ros2_delivFoxy/src/ydlidarX3_foxy/src/openslam_gmapping', 'symlink_install': False, 'test_result_base': None}
[5.318s] Level 5:colcon.colcon_core.verb:set package 'robot_localization' build argument 'cmake_args' from command line to 'None'
[5.318s] Level 5:colcon.colcon_core.verb:set package 'robot_localization' build argument 'cmake_target' from command line to 'None'
[5.319s] Level 5:colcon.colcon_core.verb:set package 'robot_localization' build argument 'cmake_target_skip_unavailable' from command line to 'False'
[5.319s] Level 5:colcon.colcon_core.verb:set package 'robot_localization' build argument 'cmake_clean_cache' from command line to 'False'
[5.319s] Level 5:colcon.colcon_core.verb:set package 'robot_localization' build argument 'cmake_clean_first' from command line to 'False'
[5.320s] Level 5:colcon.colcon_core.verb:set package 'robot_localization' build argument 'cmake_force_configure' from command line to 'False'
[5.320s] Level 5:colcon.colcon_core.verb:set package 'robot_localization' build argument 'ament_cmake_args' from command line to 'None'
[5.321s] Level 5:colcon.colcon_core.verb:set package 'robot_localization' build argument 'catkin_cmake_args' from command line to 'None'
[5.321s] Level 5:colcon.colcon_core.verb:set package 'robot_localization' build argument 'catkin_skip_building_tests' from command line to 'False'
[5.321s] DEBUG:colcon.colcon_core.verb:Building package 'robot_localization' with the following arguments: {'ament_cmake_args': None, 'build_base': '/home/ubuntu/ros2_delivFoxy/build/robot_localization', 'catkin_cmake_args': None, 'catkin_skip_building_tests': False, 'cmake_args': None, 'cmake_clean_cache': False, 'cmake_clean_first': False, 'cmake_force_configure': False, 'cmake_target': None, 'cmake_target_skip_unavailable': False, 'install_base': '/home/ubuntu/ros2_delivFoxy/install/robot_localization', 'merge_install': False, 'path': '/home/ubuntu/ros2_delivFoxy/src/robot_localization', 'symlink_install': False, 'test_result_base': None}
[5.333s] Level 5:colcon.colcon_core.verb:set package 'serial' build argument 'cmake_args' from command line to 'None'
[5.334s] Level 5:colcon.colcon_core.verb:set package 'serial' build argument 'cmake_target' from command line to 'None'
[5.334s] Level 5:colcon.colcon_core.verb:set package 'serial' build argument 'cmake_target_skip_unavailable' from command line to 'False'
[5.334s] Level 5:colcon.colcon_core.verb:set package 'serial' build argument 'cmake_clean_cache' from command line to 'False'
[5.335s] Level 5:colcon.colcon_core.verb:set package 'serial' build argument 'cmake_clean_first' from command line to 'False'
[5.335s] Level 5:colcon.colcon_core.verb:set package 'serial' build argument 'cmake_force_configure' from command line to 'False'
[5.335s] Level 5:colcon.colcon_core.verb:set package 'serial' build argument 'ament_cmake_args' from command line to 'None'
[5.335s] Level 5:colcon.colcon_core.verb:set package 'serial' build argument 'catkin_cmake_args' from command line to 'None'
[5.336s] Level 5:colcon.colcon_core.verb:set package 'serial' build argument 'catkin_skip_building_tests' from command line to 'False'
[5.336s] DEBUG:colcon.colcon_core.verb:Building package 'serial' with the following arguments: {'ament_cmake_args': None, 'build_base': '/home/ubuntu/ros2_delivFoxy/build/serial', 'catkin_cmake_args': None, 'catkin_skip_building_tests': False, 'cmake_args': None, 'cmake_clean_cache': False, 'cmake_clean_first': False, 'cmake_force_configure': False, 'cmake_target': None, 'cmake_target_skip_unavailable': False, 'install_base': '/home/ubuntu/ros2_delivFoxy/install/serial', 'merge_install': False, 'path': '/home/ubuntu/ros2_delivFoxy/src/serial', 'symlink_install': False, 'test_result_base': None}
[5.347s] Level 5:colcon.colcon_core.verb:set package 'serial_motor_demo_msgs' build argument 'cmake_args' from command line to 'None'
[5.348s] Level 5:colcon.colcon_core.verb:set package 'serial_motor_demo_msgs' build argument 'cmake_target' from command line to 'None'
[5.348s] Level 5:colcon.colcon_core.verb:set package 'serial_motor_demo_msgs' build argument 'cmake_target_skip_unavailable' from command line to 'False'
[5.348s] Level 5:colcon.colcon_core.verb:set package 'serial_motor_demo_msgs' build argument 'cmake_clean_cache' from command line to 'False'
[5.349s] Level 5:colcon.colcon_core.verb:set package 'serial_motor_demo_msgs' build argument 'cmake_clean_first' from command line to 'False'
[5.349s] Level 5:colcon.colcon_core.verb:set package 'serial_motor_demo_msgs' build argument 'cmake_force_configure' from command line to 'False'
[5.349s] Level 5:colcon.colcon_core.verb:set package 'serial_motor_demo_msgs' build argument 'ament_cmake_args' from command line to 'None'
[5.350s] Level 5:colcon.colcon_core.verb:set package 'serial_motor_demo_msgs' build argument 'catkin_cmake_args' from command line to 'None'
[5.350s] Level 5:colcon.colcon_core.verb:set package 'serial_motor_demo_msgs' build argument 'catkin_skip_building_tests' from command line to 'False'
[5.350s] DEBUG:colcon.colcon_core.verb:Building package 'serial_motor_demo_msgs' with the following arguments: {'ament_cmake_args': None, 'build_base': '/home/ubuntu/ros2_delivFoxy/build/serial_motor_demo_msgs', 'catkin_cmake_args': None, 'catkin_skip_building_tests': False, 'cmake_args': None, 'cmake_clean_cache': False, 'cmake_clean_first': False, 'cmake_force_configure': False, 'cmake_target': None, 'cmake_target_skip_unavailable': False, 'install_base': '/home/ubuntu/ros2_delivFoxy/install/serial_motor_demo_msgs', 'merge_install': False, 'path': '/home/ubuntu/ros2_delivFoxy/src/serial_motor_demo/serial_motor_demo_msgs', 'symlink_install': False, 'test_result_base': None}
[5.362s] Level 5:colcon.colcon_core.verb:set package 'ydlidar_ros2_driver' build argument 'cmake_args' from command line to 'None'
[5.362s] Level 5:colcon.colcon_core.verb:set package 'ydlidar_ros2_driver' build argument 'cmake_target' from command line to 'None'
[5.363s] Level 5:colcon.colcon_core.verb:set package 'ydlidar_ros2_driver' build argument 'cmake_target_skip_unavailable' from command line to 'False'
[5.363s] Level 5:colcon.colcon_core.verb:set package 'ydlidar_ros2_driver' build argument 'cmake_clean_cache' from command line to 'False'
[5.363s] Level 5:colcon.colcon_core.verb:set package 'ydlidar_ros2_driver' build argument 'cmake_clean_first' from command line to 'False'
[5.363s] Level 5:colcon.colcon_core.verb:set package 'ydlidar_ros2_driver' build argument 'cmake_force_configure' from command line to 'False'
[5.364s] Level 5:colcon.colcon_core.verb:set package 'ydlidar_ros2_driver' build argument 'ament_cmake_args' from command line to 'None'
[5.364s] Level 5:colcon.colcon_core.verb:set package 'ydlidar_ros2_driver' build argument 'catkin_cmake_args' from command line to 'None'
[5.364s] Level 5:colcon.colcon_core.verb:set package 'ydlidar_ros2_driver' build argument 'catkin_skip_building_tests' from command line to 'False'
[5.365s] DEBUG:colcon.colcon_core.verb:Building package 'ydlidar_ros2_driver' with the following arguments: {'ament_cmake_args': None, 'build_base': '/home/ubuntu/ros2_delivFoxy/build/ydlidar_ros2_driver', 'catkin_cmake_args': None, 'catkin_skip_building_tests': False, 'cmake_args': None, 'cmake_clean_cache': False, 'cmake_clean_first': False, 'cmake_force_configure': False, 'cmake_target': None, 'cmake_target_skip_unavailable': False, 'install_base': '/home/ubuntu/ros2_delivFoxy/install/ydlidar_ros2_driver', 'merge_install': False, 'path': '/home/ubuntu/ros2_delivFoxy/src/ydlidarX3_foxy/src/ydlidar_ros2_driver-master', 'symlink_install': False, 'test_result_base': None}
[5.376s] Level 5:colcon.colcon_core.verb:set package 'ydlidar_sdk' build argument 'cmake_args' from command line to 'None'
[5.376s] Level 5:colcon.colcon_core.verb:set package 'ydlidar_sdk' build argument 'cmake_target' from command line to 'None'
[5.377s] Level 5:colcon.colcon_core.verb:set package 'ydlidar_sdk' build argument 'cmake_target_skip_unavailable' from command line to 'False'
[5.377s] Level 5:colcon.colcon_core.verb:set package 'ydlidar_sdk' build argument 'cmake_clean_cache' from command line to 'False'
[5.377s] Level 5:colcon.colcon_core.verb:set package 'ydlidar_sdk' build argument 'cmake_clean_first' from command line to 'False'
[5.377s] Level 5:colcon.colcon_core.verb:set package 'ydlidar_sdk' build argument 'cmake_force_configure' from command line to 'False'
[5.378s] Level 5:colcon.colcon_core.verb:set package 'ydlidar_sdk' build argument 'ament_cmake_args' from command line to 'None'
[5.378s] Level 5:colcon.colcon_core.verb:set package 'ydlidar_sdk' build argument 'catkin_cmake_args' from command line to 'None'
[5.378s] Level 5:colcon.colcon_core.verb:set package 'ydlidar_sdk' build argument 'catkin_skip_building_tests' from command line to 'False'
[5.379s] DEBUG:colcon.colcon_core.verb:Building package 'ydlidar_sdk' with the following arguments: {'ament_cmake_args': None, 'build_base': '/home/ubuntu/ros2_delivFoxy/build/ydlidar_sdk', 'catkin_cmake_args': None, 'catkin_skip_building_tests': False, 'cmake_args': None, 'cmake_clean_cache': False, 'cmake_clean_first': False, 'cmake_force_configure': False, 'cmake_target': None, 'cmake_target_skip_unavailable': False, 'install_base': '/home/ubuntu/ros2_delivFoxy/install/ydlidar_sdk', 'merge_install': False, 'path': '/home/ubuntu/ros2_delivFoxy/src/ydlidarX3_foxy/YDLidar-SDK-master', 'symlink_install': False, 'test_result_base': None}
[5.390s] Level 5:colcon.colcon_core.verb:set package 'diffdrive_arduino' build argument 'cmake_args' from command line to 'None'
[5.391s] Level 5:colcon.colcon_core.verb:set package 'diffdrive_arduino' build argument 'cmake_target' from command line to 'None'
[5.391s] Level 5:colcon.colcon_core.verb:set package 'diffdrive_arduino' build argument 'cmake_target_skip_unavailable' from command line to 'False'
[5.392s] Level 5:colcon.colcon_core.verb:set package 'diffdrive_arduino' build argument 'cmake_clean_cache' from command line to 'False'
[5.392s] Level 5:colcon.colcon_core.verb:set package 'diffdrive_arduino' build argument 'cmake_clean_first' from command line to 'False'
[5.392s] Level 5:colcon.colcon_core.verb:set package 'diffdrive_arduino' build argument 'cmake_force_configure' from command line to 'False'
[5.392s] Level 5:colcon.colcon_core.verb:set package 'diffdrive_arduino' build argument 'ament_cmake_args' from command line to 'None'
[5.393s] Level 5:colcon.colcon_core.verb:set package 'diffdrive_arduino' build argument 'catkin_cmake_args' from command line to 'None'
[5.393s] Level 5:colcon.colcon_core.verb:set package 'diffdrive_arduino' build argument 'catkin_skip_building_tests' from command line to 'False'
[5.393s] DEBUG:colcon.colcon_core.verb:Building package 'diffdrive_arduino' with the following arguments: {'ament_cmake_args': None, 'build_base': '/home/ubuntu/ros2_delivFoxy/build/diffdrive_arduino', 'catkin_cmake_args': None, 'catkin_skip_building_tests': False, 'cmake_args': None, 'cmake_clean_cache': False, 'cmake_clean_first': False, 'cmake_force_configure': False, 'cmake_target': None, 'cmake_target_skip_unavailable': False, 'install_base': '/home/ubuntu/ros2_delivFoxy/install/diffdrive_arduino', 'merge_install': False, 'path': '/home/ubuntu/ros2_delivFoxy/src/diffdrive_arduino', 'symlink_install': False, 'test_result_base': None}
[5.405s] Level 5:colcon.colcon_core.verb:set package 'serial_motor_demo' build argument 'cmake_args' from command line to 'None'
[5.405s] Level 5:colcon.colcon_core.verb:set package 'serial_motor_demo' build argument 'cmake_target' from command line to 'None'
[5.405s] Level 5:colcon.colcon_core.verb:set package 'serial_motor_demo' build argument 'cmake_target_skip_unavailable' from command line to 'False'
[5.406s] Level 5:colcon.colcon_core.verb:set package 'serial_motor_demo' build argument 'cmake_clean_cache' from command line to 'False'
[5.406s] Level 5:colcon.colcon_core.verb:set package 'serial_motor_demo' build argument 'cmake_clean_first' from command line to 'False'
[5.406s] Level 5:colcon.colcon_core.verb:set package 'serial_motor_demo' build argument 'cmake_force_configure' from command line to 'False'
[5.407s] Level 5:colcon.colcon_core.verb:set package 'serial_motor_demo' build argument 'ament_cmake_args' from command line to 'None'
[5.407s] Level 5:colcon.colcon_core.verb:set package 'serial_motor_demo' build argument 'catkin_cmake_args' from command line to 'None'
[5.407s] Level 5:colcon.colcon_core.verb:set package 'serial_motor_demo' build argument 'catkin_skip_building_tests' from command line to 'False'
[5.408s] DEBUG:colcon.colcon_core.verb:Building package 'serial_motor_demo' with the following arguments: {'ament_cmake_args': None, 'build_base': '/home/ubuntu/ros2_delivFoxy/build/serial_motor_demo', 'catkin_cmake_args': None, 'catkin_skip_building_tests': False, 'cmake_args': None, 'cmake_clean_cache': False, 'cmake_clean_first': False, 'cmake_force_configure': False, 'cmake_target': None, 'cmake_target_skip_unavailable': False, 'install_base': '/home/ubuntu/ros2_delivFoxy/install/serial_motor_demo', 'merge_install': False, 'path': '/home/ubuntu/ros2_delivFoxy/src/serial_motor_demo/serial_motor_demo', 'symlink_install': False, 'test_result_base': None}
[5.419s] Level 5:colcon.colcon_core.verb:set package 'slam_gmapping' build argument 'cmake_args' from command line to 'None'
[5.420s] Level 5:colcon.colcon_core.verb:set package 'slam_gmapping' build argument 'cmake_target' from command line to 'None'
[5.420s] Level 5:colcon.colcon_core.verb:set package 'slam_gmapping' build argument 'cmake_target_skip_unavailable' from command line to 'False'
[5.421s] Level 5:colcon.colcon_core.verb:set package 'slam_gmapping' build argument 'cmake_clean_cache' from command line to 'False'
[5.421s] Level 5:colcon.colcon_core.verb:set package 'slam_gmapping' build argument 'cmake_clean_first' from command line to 'False'
[5.421s] Level 5:colcon.colcon_core.verb:set package 'slam_gmapping' build argument 'cmake_force_configure' from command line to 'False'
[5.421s] Level 5:colcon.colcon_core.verb:set package 'slam_gmapping' build argument 'ament_cmake_args' from command line to 'None'
[5.422s] Level 5:colcon.colcon_core.verb:set package 'slam_gmapping' build argument 'catkin_cmake_args' from command line to 'None'
[5.422s] Level 5:colcon.colcon_core.verb:set package 'slam_gmapping' build argument 'catkin_skip_building_tests' from command line to 'False'
[5.422s] DEBUG:colcon.colcon_core.verb:Building package 'slam_gmapping' with the following arguments: {'ament_cmake_args': None, 'build_base': '/home/ubuntu/ros2_delivFoxy/build/slam_gmapping', 'catkin_cmake_args': None, 'catkin_skip_building_tests': False, 'cmake_args': None, 'cmake_clean_cache': False, 'cmake_clean_first': False, 'cmake_force_configure': False, 'cmake_target': None, 'cmake_target_skip_unavailable': False, 'install_base': '/home/ubuntu/ros2_delivFoxy/install/slam_gmapping', 'merge_install': False, 'path': '/home/ubuntu/ros2_delivFoxy/src/ydlidarX3_foxy/src/slam_gmapping', 'symlink_install': False, 'test_result_base': None}
[5.430s] INFO:colcon.colcon_core.executor:Executing jobs using 'parallel' executor
[5.467s] DEBUG:colcon.colcon_parallel_executor.executor.parallel:run_until_complete
[5.471s] INFO:colcon.colcon_ros.task.ament_cmake.build:Building ROS package in '/home/ubuntu/ros2_delivFoxy/src/ydlidarX3_foxy/src/openslam_gmapping' with build type 'ament_cmake'
[5.472s] INFO:colcon.colcon_cmake.task.cmake.build:Building CMake package in '/home/ubuntu/ros2_delivFoxy/src/ydlidarX3_foxy/src/openslam_gmapping'
[5.521s] INFO:colcon.colcon_core.plugin_system:Skipping extension 'colcon_core.shell.bat': Not used on non-Windows systems
[5.523s] INFO:colcon.colcon_core.shell:Skip shell extension 'powershell' for command environment: Not usable outside of PowerShell
[5.524s] DEBUG:colcon.colcon_core.shell:Skip shell extension 'dsv' for command environment
[5.617s] INFO:colcon.colcon_ros.task.ament_cmake.build:Building ROS package in '/home/ubuntu/ros2_delivFoxy/src/serial' with build type 'ament_cmake'
[5.622s] INFO:colcon.colcon_cmake.task.cmake.build:Building CMake package in '/home/ubuntu/ros2_delivFoxy/src/serial'
[5.640s] INFO:colcon.colcon_core.shell:Skip shell extension 'powershell' for command environment: Not usable outside of PowerShell
[5.641s] DEBUG:colcon.colcon_core.shell:Skip shell extension 'dsv' for command environment
[5.701s] INFO:colcon.colcon_ros.task.ament_cmake.build:Building ROS package in '/home/ubuntu/ros2_delivFoxy/src/serial_motor_demo/serial_motor_demo_msgs' with build type 'ament_cmake'
[5.703s] INFO:colcon.colcon_cmake.task.cmake.build:Building CMake package in '/home/ubuntu/ros2_delivFoxy/src/serial_motor_demo/serial_motor_demo_msgs'
[5.723s] INFO:colcon.colcon_core.shell:Skip shell extension 'powershell' for command environment: Not usable outside of PowerShell
[5.724s] DEBUG:colcon.colcon_core.shell:Skip shell extension 'dsv' for command environment
[5.815s] INFO:colcon.colcon_ros.task.ament_cmake.build:Building ROS package in '/home/ubuntu/ros2_delivFoxy/src/articubot_one' with build type 'ament_cmake'
[5.818s] INFO:colcon.colcon_cmake.task.cmake.build:Building CMake package in '/home/ubuntu/ros2_delivFoxy/src/articubot_one'
[5.837s] INFO:colcon.colcon_core.shell:Skip shell extension 'powershell' for command environment: Not usable outside of PowerShell
[5.838s] DEBUG:colcon.colcon_core.shell:Skip shell extension 'dsv' for command environment
[5.976s] DEBUG:colcon.colcon_core.event_handler.log_command:Invoking command in '/home/ubuntu/ros2_delivFoxy/build/openslam_gmapping': CMAKE_PREFIX_PATH=${CMAKE_PREFIX_PATH}:/home/ubuntu/ros2_delivFoxy/install/serial_motor_demo:/home/ubuntu/dev_serial_motor/install/serial_motor_demo:/opt/ros/foxy /usr/bin/cmake --build /home/ubuntu/ros2_delivFoxy/build/openslam_gmapping -- -j4 -l4
[6.049s] DEBUG:colcon.colcon_core.event_handler.log_command:Invoking command in '/home/ubuntu/ros2_delivFoxy/build/serial': CMAKE_PREFIX_PATH=${CMAKE_PREFIX_PATH}:/home/ubuntu/ros2_delivFoxy/install/serial_motor_demo:/home/ubuntu/dev_serial_motor/install/serial_motor_demo:/opt/ros/foxy /usr/bin/cmake --build /home/ubuntu/ros2_delivFoxy/build/serial -- -j4 -l4
[6.108s] DEBUG:colcon.colcon_core.event_handler.log_command:Invoking command in '/home/ubuntu/ros2_delivFoxy/build/serial_motor_demo_msgs': CMAKE_PREFIX_PATH=${CMAKE_PREFIX_PATH}:/home/ubuntu/ros2_delivFoxy/install/serial_motor_demo:/home/ubuntu/dev_serial_motor/install/serial_motor_demo:/opt/ros/foxy /usr/bin/cmake --build /home/ubuntu/ros2_delivFoxy/build/serial_motor_demo_msgs -- -j4 -l4
[6.265s] DEBUG:colcon.colcon_core.event_handler.log_command:Invoking command in '/home/ubuntu/ros2_delivFoxy/build/articubot_one': CMAKE_PREFIX_PATH=${CMAKE_PREFIX_PATH}:/home/ubuntu/ros2_delivFoxy/install/serial_motor_demo:/home/ubuntu/dev_serial_motor/install/serial_motor_demo:/opt/ros/foxy /usr/bin/cmake --build /home/ubuntu/ros2_delivFoxy/build/articubot_one -- -j4 -l4
[7.103s] DEBUG:colcon.colcon_core.event_handler.log_command:Invoked command in '/home/ubuntu/ros2_delivFoxy/build/articubot_one' returned '0': CMAKE_PREFIX_PATH=${CMAKE_PREFIX_PATH}:/home/ubuntu/ros2_delivFoxy/install/serial_motor_demo:/home/ubuntu/dev_serial_motor/install/serial_motor_demo:/opt/ros/foxy /usr/bin/cmake --build /home/ubuntu/ros2_delivFoxy/build/articubot_one -- -j4 -l4
[8.368s] DEBUG:colcon.colcon_core.event_handler.log_command:Invoking command in '/home/ubuntu/ros2_delivFoxy/build/articubot_one': CMAKE_PREFIX_PATH=${CMAKE_PREFIX_PATH}:/home/ubuntu/ros2_delivFoxy/install/serial_motor_demo:/home/ubuntu/dev_serial_motor/install/serial_motor_demo:/opt/ros/foxy /usr/bin/cmake --install /home/ubuntu/ros2_delivFoxy/build/articubot_one
[8.421s] DEBUG:colcon.colcon_core.event_handler.log_command:Invoked command in '/home/ubuntu/ros2_delivFoxy/build/serial' returned '0': CMAKE_PREFIX_PATH=${CMAKE_PREFIX_PATH}:/home/ubuntu/ros2_delivFoxy/install/serial_motor_demo:/home/ubuntu/dev_serial_motor/install/serial_motor_demo:/opt/ros/foxy /usr/bin/cmake --build /home/ubuntu/ros2_delivFoxy/build/serial -- -j4 -l4
[8.922s] DEBUG:colcon.colcon_core.event_handler.log_command:Invoked command in '/home/ubuntu/ros2_delivFoxy/build/openslam_gmapping' returned '0': CMAKE_PREFIX_PATH=${CMAKE_PREFIX_PATH}:/home/ubuntu/ros2_delivFoxy/install/serial_motor_demo:/home/ubuntu/dev_serial_motor/install/serial_motor_demo:/opt/ros/foxy /usr/bin/cmake --build /home/ubuntu/ros2_delivFoxy/build/openslam_gmapping -- -j4 -l4
[8.995s] Level 1:colcon.colcon_core.environment:create_environment_scripts_only(articubot_one)
[9.006s] DEBUG:colcon.colcon_core.event_handler.log_command:Invoked command in '/home/ubuntu/ros2_delivFoxy/build/articubot_one' returned '0': CMAKE_PREFIX_PATH=${CMAKE_PREFIX_PATH}:/home/ubuntu/ros2_delivFoxy/install/serial_motor_demo:/home/ubuntu/dev_serial_motor/install/serial_motor_demo:/opt/ros/foxy /usr/bin/cmake --install /home/ubuntu/ros2_delivFoxy/build/articubot_one
[9.077s] Level 1:colcon.colcon_core.environment:checking '/home/ubuntu/ros2_delivFoxy/install/articubot_one' for CMake module files
[9.086s] Level 1:colcon.colcon_core.environment:checking '/home/ubuntu/ros2_delivFoxy/install/articubot_one' for CMake config files
[9.096s] Level 1:colcon.colcon_core.shell:create_environment_hook('articubot_one', 'cmake_prefix_path')
[9.117s] INFO:colcon.colcon_core.shell:Creating environment hook '/home/ubuntu/ros2_delivFoxy/install/articubot_one/share/articubot_one/hook/cmake_prefix_path.ps1'
[9.127s] INFO:colcon.colcon_core.shell:Creating environment descriptor '/home/ubuntu/ros2_delivFoxy/install/articubot_one/share/articubot_one/hook/cmake_prefix_path.dsv'
[9.133s] INFO:colcon.colcon_core.shell:Creating environment hook '/home/ubuntu/ros2_delivFoxy/install/articubot_one/share/articubot_one/hook/cmake_prefix_path.sh'
[9.143s] Level 1:colcon.colcon_core.environment:checking '/home/ubuntu/ros2_delivFoxy/install/articubot_one/bin'
[9.145s] Level 1:colcon.colcon_core.environment:checking '/home/ubuntu/ros2_delivFoxy/install/articubot_one/lib/pkgconfig/articubot_one.pc'
[9.149s] Level 1:colcon.colcon_core.environment:checking '/home/ubuntu/ros2_delivFoxy/install/articubot_one/lib/python3.8/site-packages'
[9.151s] Level 1:colcon.colcon_core.environment:checking '/home/ubuntu/ros2_delivFoxy/install/articubot_one/bin'
[9.170s] INFO:colcon.colcon_core.shell:Creating package script '/home/ubuntu/ros2_delivFoxy/install/articubot_one/share/articubot_one/package.ps1'
[9.181s] INFO:colcon.colcon_core.shell:Creating package descriptor '/home/ubuntu/ros2_delivFoxy/install/articubot_one/share/articubot_one/package.dsv'
[9.189s] INFO:colcon.colcon_core.shell:Creating package script '/home/ubuntu/ros2_delivFoxy/install/articubot_one/share/articubot_one/package.sh'
[9.199s] INFO:colcon.colcon_core.shell:Creating package script '/home/ubuntu/ros2_delivFoxy/install/articubot_one/share/articubot_one/package.bash'
[9.207s] INFO:colcon.colcon_core.shell:Creating package script '/home/ubuntu/ros2_delivFoxy/install/articubot_one/share/articubot_one/package.zsh'
[9.215s] Level 1:colcon.colcon_core.environment:create_file_with_runtime_dependencies(/home/ubuntu/ros2_delivFoxy/install/articubot_one/share/colcon-core/packages/articubot_one)
[9.275s] DEBUG:colcon.colcon_core.event_handler.log_command:Invoking command in '/home/ubuntu/ros2_delivFoxy/build/serial': CMAKE_PREFIX_PATH=${CMAKE_PREFIX_PATH}:/home/ubuntu/ros2_delivFoxy/install/serial_motor_demo:/home/ubuntu/dev_serial_motor/install/serial_motor_demo:/opt/ros/foxy /usr/bin/cmake --install /home/ubuntu/ros2_delivFoxy/build/serial
[9.538s] DEBUG:colcon.colcon_core.event_handler.log_command:Invoking command in '/home/ubuntu/ros2_delivFoxy/build/openslam_gmapping': CMAKE_PREFIX_PATH=${CMAKE_PREFIX_PATH}:/home/ubuntu/ros2_delivFoxy/install/serial_motor_demo:/home/ubuntu/dev_serial_motor/install/serial_motor_demo:/opt/ros/foxy /usr/bin/cmake --install /home/ubuntu/ros2_delivFoxy/build/openslam_gmapping
[9.773s] Level 1:colcon.colcon_core.environment:create_environment_scripts_only(articubot_one)
[9.814s] Level 1:colcon.colcon_core.environment:checking '/home/ubuntu/ros2_delivFoxy/install/articubot_one' for CMake module files
[9.862s] Level 1:colcon.colcon_core.environment:checking '/home/ubuntu/ros2_delivFoxy/install/articubot_one' for CMake config files
[9.895s] Level 1:colcon.colcon_core.shell:create_environment_hook('articubot_one', 'cmake_prefix_path')
[9.918s] INFO:colcon.colcon_core.shell:Creating environment hook '/home/ubuntu/ros2_delivFoxy/install/articubot_one/share/articubot_one/hook/cmake_prefix_path.ps1'
[9.942s] INFO:colcon.colcon_core.shell:Creating environment descriptor '/home/ubuntu/ros2_delivFoxy/install/articubot_one/share/articubot_one/hook/cmake_prefix_path.dsv'
[9.955s] INFO:colcon.colcon_core.shell:Creating environment hook '/home/ubuntu/ros2_delivFoxy/install/articubot_one/share/articubot_one/hook/cmake_prefix_path.sh'
[9.962s] Level 1:colcon.colcon_core.environment:checking '/home/ubuntu/ros2_delivFoxy/install/articubot_one/bin'
[9.963s] Level 1:colcon.colcon_core.environment:checking '/home/ubuntu/ros2_delivFoxy/install/articubot_one/lib/pkgconfig/articubot_one.pc'
[9.965s] Level 1:colcon.colcon_core.environment:checking '/home/ubuntu/ros2_delivFoxy/install/articubot_one/lib/python3.8/site-packages'
[9.967s] Level 1:colcon.colcon_core.environment:checking '/home/ubuntu/ros2_delivFoxy/install/articubot_one/bin'
[9.985s] INFO:colcon.colcon_core.shell:Creating package script '/home/ubuntu/ros2_delivFoxy/install/articubot_one/share/articubot_one/package.ps1'
[9.991s] INFO:colcon.colcon_core.shell:Creating package descriptor '/home/ubuntu/ros2_delivFoxy/install/articubot_one/share/articubot_one/package.dsv'
[9.997s] INFO:colcon.colcon_core.shell:Creating package script '/home/ubuntu/ros2_delivFoxy/install/articubot_one/share/articubot_one/package.sh'
[10.004s] INFO:colcon.colcon_core.shell:Creating package script '/home/ubuntu/ros2_delivFoxy/install/articubot_one/share/articubot_one/package.bash'
[10.009s] INFO:colcon.colcon_core.shell:Creating package script '/home/ubuntu/ros2_delivFoxy/install/articubot_one/share/articubot_one/package.zsh'
[10.014s] Level 1:colcon.colcon_core.environment:create_file_with_runtime_dependencies(/home/ubuntu/ros2_delivFoxy/install/articubot_one/share/colcon-core/packages/articubot_one)
[10.025s] INFO:colcon.colcon_ros.task.ament_cmake.build:Building ROS package in '/home/ubuntu/ros2_delivFoxy/src/robot_localization' with build type 'ament_cmake'
[10.028s] INFO:colcon.colcon_cmake.task.cmake.build:Building CMake package in '/home/ubuntu/ros2_delivFoxy/src/robot_localization'
[10.050s] INFO:colcon.colcon_core.shell:Skip shell extension 'powershell' for command environment: Not usable outside of PowerShell
[10.052s] DEBUG:colcon.colcon_core.shell:Skip shell extension 'dsv' for command environment
[10.193s] Level 1:colcon.colcon_core.environment:create_environment_scripts_only(serial)
[10.198s] DEBUG:colcon.colcon_core.event_handler.log_command:Invoked command in '/home/ubuntu/ros2_delivFoxy/build/serial' returned '0': CMAKE_PREFIX_PATH=${CMAKE_PREFIX_PATH}:/home/ubuntu/ros2_delivFoxy/install/serial_motor_demo:/home/ubuntu/dev_serial_motor/install/serial_motor_demo:/opt/ros/foxy /usr/bin/cmake --install /home/ubuntu/ros2_delivFoxy/build/serial
[10.277s] Level 1:colcon.colcon_core.environment:checking '/home/ubuntu/ros2_delivFoxy/install/serial' for CMake module files
[10.292s] Level 1:colcon.colcon_core.environment:checking '/home/ubuntu/ros2_delivFoxy/install/serial' for CMake config files
[10.304s] Level 1:colcon.colcon_core.shell:create_environment_hook('serial', 'cmake_prefix_path')
[10.330s] INFO:colcon.colcon_core.shell:Creating environment hook '/home/ubuntu/ros2_delivFoxy/install/serial/share/serial/hook/cmake_prefix_path.ps1'
[10.337s] INFO:colcon.colcon_core.shell:Creating environment descriptor '/home/ubuntu/ros2_delivFoxy/install/serial/share/serial/hook/cmake_prefix_path.dsv'
[10.342s] INFO:colcon.colcon_core.shell:Creating environment hook '/home/ubuntu/ros2_delivFoxy/install/serial/share/serial/hook/cmake_prefix_path.sh'
[10.351s] Level 1:colcon.colcon_core.environment:checking '/home/ubuntu/ros2_delivFoxy/install/serial/lib'
[10.355s] Level 1:colcon.colcon_core.environment:checking '/home/ubuntu/ros2_delivFoxy/install/serial/bin'
[10.356s] Level 1:colcon.colcon_core.environment:checking '/home/ubuntu/ros2_delivFoxy/install/serial/lib/pkgconfig/serial.pc'
[10.359s] Level 1:colcon.colcon_core.environment:checking '/home/ubuntu/ros2_delivFoxy/install/serial/lib/python3.8/site-packages'
[10.362s] Level 1:colcon.colcon_core.environment:checking '/home/ubuntu/ros2_delivFoxy/install/serial/bin'
[10.384s] INFO:colcon.colcon_core.shell:Creating package script '/home/ubuntu/ros2_delivFoxy/install/serial/share/serial/package.ps1'
[10.393s] INFO:colcon.colcon_core.shell:Creating package descriptor '/home/ubuntu/ros2_delivFoxy/install/serial/share/serial/package.dsv'
[10.399s] INFO:colcon.colcon_core.shell:Creating package script '/home/ubuntu/ros2_delivFoxy/install/serial/share/serial/package.sh'
[10.406s] INFO:colcon.colcon_core.shell:Creating package script '/home/ubuntu/ros2_delivFoxy/install/serial/share/serial/package.bash'
[10.411s] INFO:colcon.colcon_core.shell:Creating package script '/home/ubuntu/ros2_delivFoxy/install/serial/share/serial/package.zsh'
[10.416s] Level 1:colcon.colcon_core.environment:create_file_with_runtime_dependencies(/home/ubuntu/ros2_delivFoxy/install/serial/share/colcon-core/packages/serial)
[10.464s] Level 1:colcon.colcon_core.environment:create_environment_scripts_only(openslam_gmapping)
[10.468s] DEBUG:colcon.colcon_core.event_handler.log_command:Invoked command in '/home/ubuntu/ros2_delivFoxy/build/openslam_gmapping' returned '0': CMAKE_PREFIX_PATH=${CMAKE_PREFIX_PATH}:/home/ubuntu/ros2_delivFoxy/install/serial_motor_demo:/home/ubuntu/dev_serial_motor/install/serial_motor_demo:/opt/ros/foxy /usr/bin/cmake --install /home/ubuntu/ros2_delivFoxy/build/openslam_gmapping
[10.509s] Level 1:colcon.colcon_core.environment:checking '/home/ubuntu/ros2_delivFoxy/install/openslam_gmapping' for CMake module files
[10.517s] Level 1:colcon.colcon_core.environment:checking '/home/ubuntu/ros2_delivFoxy/install/openslam_gmapping' for CMake config files
[10.536s] Level 1:colcon.colcon_core.shell:create_environment_hook('openslam_gmapping', 'cmake_prefix_path')
[10.562s] INFO:colcon.colcon_core.shell:Creating environment hook '/home/ubuntu/ros2_delivFoxy/install/openslam_gmapping/share/openslam_gmapping/hook/cmake_prefix_path.ps1'
[10.568s] INFO:colcon.colcon_core.shell:Creating environment descriptor '/home/ubuntu/ros2_delivFoxy/install/openslam_gmapping/share/openslam_gmapping/hook/cmake_prefix_path.dsv'
[10.575s] INFO:colcon.colcon_core.shell:Creating environment hook '/home/ubuntu/ros2_delivFoxy/install/openslam_gmapping/share/openslam_gmapping/hook/cmake_prefix_path.sh'
[10.583s] Level 1:colcon.colcon_core.environment:checking '/home/ubuntu/ros2_delivFoxy/install/openslam_gmapping/lib'
[10.587s] Level 1:colcon.colcon_core.environment:checking '/home/ubuntu/ros2_delivFoxy/install/openslam_gmapping/bin'
[10.588s] Level 1:colcon.colcon_core.environment:checking '/home/ubuntu/ros2_delivFoxy/install/openslam_gmapping/lib/pkgconfig/openslam_gmapping.pc'
[10.591s] Level 1:colcon.colcon_core.environment:checking '/home/ubuntu/ros2_delivFoxy/install/openslam_gmapping/lib/python3.8/site-packages'
[10.593s] Level 1:colcon.colcon_core.environment:checking '/home/ubuntu/ros2_delivFoxy/install/openslam_gmapping/bin'
[10.618s] INFO:colcon.colcon_core.shell:Creating package script '/home/ubuntu/ros2_delivFoxy/install/openslam_gmapping/share/openslam_gmapping/package.ps1'
[10.626s] INFO:colcon.colcon_core.shell:Creating package descriptor '/home/ubuntu/ros2_delivFoxy/install/openslam_gmapping/share/openslam_gmapping/package.dsv'
[10.632s] INFO:colcon.colcon_core.shell:Creating package script '/home/ubuntu/ros2_delivFoxy/install/openslam_gmapping/share/openslam_gmapping/package.sh'
[10.638s] INFO:colcon.colcon_core.shell:Creating package script '/home/ubuntu/ros2_delivFoxy/install/openslam_gmapping/share/openslam_gmapping/package.bash'
[10.645s] INFO:colcon.colcon_core.shell:Creating package script '/home/ubuntu/ros2_delivFoxy/install/openslam_gmapping/share/openslam_gmapping/package.zsh'
[10.651s] Level 1:colcon.colcon_core.environment:create_file_with_runtime_dependencies(/home/ubuntu/ros2_delivFoxy/install/openslam_gmapping/share/colcon-core/packages/openslam_gmapping)
[10.730s] DEBUG:colcon.colcon_core.event_handler.log_command:Invoking command in '/home/ubuntu/ros2_delivFoxy/build/robot_localization': CMAKE_PREFIX_PATH=${CMAKE_PREFIX_PATH}:/home/ubuntu/ros2_delivFoxy/install/serial_motor_demo:/home/ubuntu/dev_serial_motor/install/serial_motor_demo:/opt/ros/foxy /usr/bin/cmake /home/ubuntu/ros2_delivFoxy/src/robot_localization -DCMAKE_INSTALL_PREFIX=/home/ubuntu/ros2_delivFoxy/install/robot_localization
[10.818s] DEBUG:colcon.colcon_core.event_handler.log_command:Invoked command in '/home/ubuntu/ros2_delivFoxy/build/serial_motor_demo_msgs' returned '0': CMAKE_PREFIX_PATH=${CMAKE_PREFIX_PATH}:/home/ubuntu/ros2_delivFoxy/install/serial_motor_demo:/home/ubuntu/dev_serial_motor/install/serial_motor_demo:/opt/ros/foxy /usr/bin/cmake --build /home/ubuntu/ros2_delivFoxy/build/serial_motor_demo_msgs -- -j4 -l4
[11.231s] Level 1:colcon.colcon_core.environment:create_environment_scripts_only(openslam_gmapping)
[11.266s] Level 1:colcon.colcon_core.environment:checking '/home/ubuntu/ros2_delivFoxy/install/openslam_gmapping' for CMake module files
[11.275s] Level 1:colcon.colcon_core.environment:checking '/home/ubuntu/ros2_delivFoxy/install/openslam_gmapping' for CMake config files
[11.292s] Level 1:colcon.colcon_core.shell:create_environment_hook('openslam_gmapping', 'cmake_prefix_path')
[11.313s] INFO:colcon.colcon_core.shell:Creating environment hook '/home/ubuntu/ros2_delivFoxy/install/openslam_gmapping/share/openslam_gmapping/hook/cmake_prefix_path.ps1'
[11.320s] INFO:colcon.colcon_core.shell:Creating environment descriptor '/home/ubuntu/ros2_delivFoxy/install/openslam_gmapping/share/openslam_gmapping/hook/cmake_prefix_path.dsv'
[11.325s] INFO:colcon.colcon_core.shell:Creating environment hook '/home/ubuntu/ros2_delivFoxy/install/openslam_gmapping/share/openslam_gmapping/hook/cmake_prefix_path.sh'
[11.332s] Level 1:colcon.colcon_core.environment:checking '/home/ubuntu/ros2_delivFoxy/install/openslam_gmapping/lib'
[11.333s] Level 1:colcon.colcon_core.environment:checking '/home/ubuntu/ros2_delivFoxy/install/openslam_gmapping/bin'
[11.334s] Level 1:colcon.colcon_core.environment:checking '/home/ubuntu/ros2_delivFoxy/install/openslam_gmapping/lib/pkgconfig/openslam_gmapping.pc'
[11.336s] Level 1:colcon.colcon_core.environment:checking '/home/ubuntu/ros2_delivFoxy/install/openslam_gmapping/lib/python3.8/site-packages'
[11.339s] Level 1:colcon.colcon_core.environment:checking '/home/ubuntu/ros2_delivFoxy/install/openslam_gmapping/bin'
[11.358s] INFO:colcon.colcon_core.shell:Creating package script '/home/ubuntu/ros2_delivFoxy/install/openslam_gmapping/share/openslam_gmapping/package.ps1'
[11.364s] INFO:colcon.colcon_core.shell:Creating package descriptor '/home/ubuntu/ros2_delivFoxy/install/openslam_gmapping/share/openslam_gmapping/package.dsv'
[11.370s] INFO:colcon.colcon_core.shell:Creating package script '/home/ubuntu/ros2_delivFoxy/install/openslam_gmapping/share/openslam_gmapping/package.sh'
[11.376s] INFO:colcon.colcon_core.shell:Creating package script '/home/ubuntu/ros2_delivFoxy/install/openslam_gmapping/share/openslam_gmapping/package.bash'
[11.381s] INFO:colcon.colcon_core.shell:Creating package script '/home/ubuntu/ros2_delivFoxy/install/openslam_gmapping/share/openslam_gmapping/package.zsh'
[11.385s] Level 1:colcon.colcon_core.environment:create_file_with_runtime_dependencies(/home/ubuntu/ros2_delivFoxy/install/openslam_gmapping/share/colcon-core/packages/openslam_gmapping)
[11.397s] INFO:colcon.colcon_ros.task.ament_cmake.build:Building ROS package in '/home/ubuntu/ros2_delivFoxy/src/ydlidarX3_foxy/src/ydlidar_ros2_driver-master' with build type 'ament_cmake'
[11.399s] INFO:colcon.colcon_cmake.task.cmake.build:Building CMake package in '/home/ubuntu/ros2_delivFoxy/src/ydlidarX3_foxy/src/ydlidar_ros2_driver-master'
[11.420s] INFO:colcon.colcon_core.shell:Skip shell extension 'powershell' for command environment: Not usable outside of PowerShell
[11.421s] DEBUG:colcon.colcon_core.shell:Skip shell extension 'dsv' for command environment
[11.565s] Level 1:colcon.colcon_core.environment:create_environment_scripts_only(serial)
[11.595s] Level 1:colcon.colcon_core.environment:checking '/home/ubuntu/ros2_delivFoxy/install/serial' for CMake module files
[11.603s] Level 1:colcon.colcon_core.environment:checking '/home/ubuntu/ros2_delivFoxy/install/serial' for CMake config files
[11.609s] Level 1:colcon.colcon_core.shell:create_environment_hook('serial', 'cmake_prefix_path')
[11.628s] INFO:colcon.colcon_core.shell:Creating environment hook '/home/ubuntu/ros2_delivFoxy/install/serial/share/serial/hook/cmake_prefix_path.ps1'
[11.636s] INFO:colcon.colcon_core.shell:Creating environment descriptor '/home/ubuntu/ros2_delivFoxy/install/serial/share/serial/hook/cmake_prefix_path.dsv'
[11.641s] INFO:colcon.colcon_core.shell:Creating environment hook '/home/ubuntu/ros2_delivFoxy/install/serial/share/serial/hook/cmake_prefix_path.sh'
[11.647s] Level 1:colcon.colcon_core.environment:checking '/home/ubuntu/ros2_delivFoxy/install/serial/lib'
[11.649s] Level 1:colcon.colcon_core.environment:checking '/home/ubuntu/ros2_delivFoxy/install/serial/bin'
[11.650s] Level 1:colcon.colcon_core.environment:checking '/home/ubuntu/ros2_delivFoxy/install/serial/lib/pkgconfig/serial.pc'
[11.652s] Level 1:colcon.colcon_core.environment:checking '/home/ubuntu/ros2_delivFoxy/install/serial/lib/python3.8/site-packages'
[11.655s] Level 1:colcon.colcon_core.environment:checking '/home/ubuntu/ros2_delivFoxy/install/serial/bin'
[11.673s] INFO:colcon.colcon_core.shell:Creating package script '/home/ubuntu/ros2_delivFoxy/install/serial/share/serial/package.ps1'
[11.679s] INFO:colcon.colcon_core.shell:Creating package descriptor '/home/ubuntu/ros2_delivFoxy/install/serial/share/serial/package.dsv'
[11.686s] INFO:colcon.colcon_core.shell:Creating package script '/home/ubuntu/ros2_delivFoxy/install/serial/share/serial/package.sh'
[11.691s] INFO:colcon.colcon_core.shell:Creating package script '/home/ubuntu/ros2_delivFoxy/install/serial/share/serial/package.bash'
[11.697s] INFO:colcon.colcon_core.shell:Creating package script '/home/ubuntu/ros2_delivFoxy/install/serial/share/serial/package.zsh'
[11.702s] Level 1:colcon.colcon_core.environment:create_file_with_runtime_dependencies(/home/ubuntu/ros2_delivFoxy/install/serial/share/colcon-core/packages/serial)
[11.720s] INFO:colcon.colcon_cmake.task.cmake.build:Building CMake package in '/home/ubuntu/ros2_delivFoxy/src/ydlidarX3_foxy/YDLidar-SDK-master'
[11.744s] INFO:colcon.colcon_core.shell:Skip shell extension 'powershell' for command environment: Not usable outside of PowerShell
[11.746s] DEBUG:colcon.colcon_core.shell:Skip shell extension 'dsv' for command environment
[11.925s] DEBUG:colcon.colcon_core.event_handler.log_command:Invoking command in '/home/ubuntu/ros2_delivFoxy/build/ydlidar_ros2_driver': CMAKE_PREFIX_PATH=${CMAKE_PREFIX_PATH}:/home/ubuntu/ros2_delivFoxy/install/serial_motor_demo:/home/ubuntu/dev_serial_motor/install/serial_motor_demo:/opt/ros/foxy /usr/bin/cmake --build /home/ubuntu/ros2_delivFoxy/build/ydlidar_ros2_driver -- -j4 -l4
[11.987s] DEBUG:colcon.colcon_core.event_handler.log_command:Invoking command in '/home/ubuntu/ros2_delivFoxy/build/ydlidar_sdk': /usr/bin/cmake --build /home/ubuntu/ros2_delivFoxy/build/ydlidar_sdk -- -j4 -l4
[12.936s] DEBUG:colcon.colcon_core.event_handler.log_command:Invoking command in '/home/ubuntu/ros2_delivFoxy/build/serial_motor_demo_msgs': CMAKE_PREFIX_PATH=${CMAKE_PREFIX_PATH}:/home/ubuntu/ros2_delivFoxy/install/serial_motor_demo:/home/ubuntu/dev_serial_motor/install/serial_motor_demo:/opt/ros/foxy /usr/bin/cmake --install /home/ubuntu/ros2_delivFoxy/build/serial_motor_demo_msgs
[13.555s] DEBUG:colcon.colcon_core.event_handler.log_command:Invoked command in '/home/ubuntu/ros2_delivFoxy/build/ydlidar_ros2_driver' returned '0': CMAKE_PREFIX_PATH=${CMAKE_PREFIX_PATH}:/home/ubuntu/ros2_delivFoxy/install/serial_motor_demo:/home/ubuntu/dev_serial_motor/install/serial_motor_demo:/opt/ros/foxy /usr/bin/cmake --build /home/ubuntu/ros2_delivFoxy/build/ydlidar_ros2_driver -- -j4 -l4
[14.031s] DEBUG:colcon.colcon_core.event_handler.log_command:Invoked command in '/home/ubuntu/ros2_delivFoxy/build/robot_localization' returned '1': CMAKE_PREFIX_PATH=${CMAKE_PREFIX_PATH}:/home/ubuntu/ros2_delivFoxy/install/serial_motor_demo:/home/ubuntu/dev_serial_motor/install/serial_motor_demo:/opt/ros/foxy /usr/bin/cmake /home/ubuntu/ros2_delivFoxy/src/robot_localization -DCMAKE_INSTALL_PREFIX=/home/ubuntu/ros2_delivFoxy/install/robot_localization
[14.209s] Level 1:colcon.colcon_core.environment:create_environment_scripts_only(robot_localization)
[14.270s] Level 1:colcon.colcon_core.environment:checking '/home/ubuntu/ros2_delivFoxy/install/robot_localization' for CMake module files
[14.279s] Level 1:colcon.colcon_core.environment:checking '/home/ubuntu/ros2_delivFoxy/install/robot_localization' for CMake config files
[14.284s] Level 1:colcon.colcon_core.environment:checking '/home/ubuntu/ros2_delivFoxy/install/robot_localization/bin'
[14.285s] Level 1:colcon.colcon_core.environment:checking '/home/ubuntu/ros2_delivFoxy/install/robot_localization/lib/pkgconfig/robot_localization.pc'
[14.288s] Level 1:colcon.colcon_core.environment:checking '/home/ubuntu/ros2_delivFoxy/install/robot_localization/lib/python3.8/site-packages'
[14.292s] Level 1:colcon.colcon_core.environment:checking '/home/ubuntu/ros2_delivFoxy/install/robot_localization/bin'
[14.317s] INFO:colcon.colcon_core.shell:Creating package script '/home/ubuntu/ros2_delivFoxy/install/robot_localization/share/robot_localization/package.ps1'
[14.323s] INFO:colcon.colcon_core.shell:Creating package descriptor '/home/ubuntu/ros2_delivFoxy/install/robot_localization/share/robot_localization/package.dsv'
[14.327s] INFO:colcon.colcon_core.shell:Creating package script '/home/ubuntu/ros2_delivFoxy/install/robot_localization/share/robot_localization/package.sh'
[14.331s] INFO:colcon.colcon_core.shell:Creating package script '/home/ubuntu/ros2_delivFoxy/install/robot_localization/share/robot_localization/package.bash'
[14.335s] INFO:colcon.colcon_core.shell:Creating package script '/home/ubuntu/ros2_delivFoxy/install/robot_localization/share/robot_localization/package.zsh'
[14.340s] Level 1:colcon.colcon_core.environment:create_file_with_runtime_dependencies(/home/ubuntu/ros2_delivFoxy/install/robot_localization/share/colcon-core/packages/robot_localization)
[14.703s] DEBUG:colcon.colcon_parallel_executor.executor.parallel:closing loop
[14.705s] DEBUG:colcon.colcon_parallel_executor.executor.parallel:loop closed
[14.706s] DEBUG:colcon.colcon_parallel_executor.executor.parallel:run_until_complete finished with '1'
[14.707s] DEBUG:colcon.colcon_core.event_reactor:joining thread
[14.767s] INFO:colcon.colcon_core.plugin_system:Skipping extension 'colcon_notification.desktop_notification.terminal_notifier': Not used on non-Darwin systems
[14.768s] INFO:colcon.colcon_core.plugin_system:Skipping extension 'colcon_notification.desktop_notification.win32': Not used on non-Windows systems
[14.769s] INFO:colcon.colcon_notification.desktop_notification:Sending desktop notification using 'notify2'
[14.863s] DEBUG:colcon.colcon_core.event_reactor:joined thread
[14.883s] INFO:colcon.colcon_core.shell:Creating prefix script '/home/ubuntu/ros2_delivFoxy/install/local_setup.ps1'
[14.894s] INFO:colcon.colcon_core.shell:Creating prefix util module '/home/ubuntu/ros2_delivFoxy/install/_local_setup_util_ps1.py'
[14.909s] INFO:colcon.colcon_core.shell:Creating prefix chain script '/home/ubuntu/ros2_delivFoxy/install/setup.ps1'
[14.931s] INFO:colcon.colcon_core.shell:Creating prefix script '/home/ubuntu/ros2_delivFoxy/install/local_setup.sh'
[14.937s] INFO:colcon.colcon_core.shell:Creating prefix util module '/home/ubuntu/ros2_delivFoxy/install/_local_setup_util_sh.py'
[14.943s] INFO:colcon.colcon_core.shell:Creating prefix chain script '/home/ubuntu/ros2_delivFoxy/install/setup.sh'
[14.967s] INFO:colcon.colcon_core.shell:Creating prefix script '/home/ubuntu/ros2_delivFoxy/install/local_setup.bash'
[14.972s] INFO:colcon.colcon_core.shell:Creating prefix chain script '/home/ubuntu/ros2_delivFoxy/install/setup.bash'
[14.993s] INFO:colcon.colcon_core.shell:Creating prefix script '/home/ubuntu/ros2_delivFoxy/install/local_setup.zsh'
[14.999s] INFO:colcon.colcon_core.shell:Creating prefix chain script '/home/ubuntu/ros2_delivFoxy/install/setup.zsh'
