[21.215s] Invoking command in '/home/ubuntu/ros2_delivFoxy/build/serial_motor_demo': CMAKE_PREFIX_PATH=/home/ubuntu/ros2_delivFoxy/install/serial_motor_demo_msgs:/home/ubuntu/control_ros2/install/diffdrive_arduino:/home/ubuntu/control_ros2/install/ros2_control_demos:/home/ubuntu/control_ros2/install/ros2_control_demo_bringup:/home/ubuntu/control_ros2/install/rrbot_description:/home/ubuntu/control_ros2/install/ros2_control_demo_hardware:/home/ubuntu/control_ros2/install/diffbot_description:/home/ubuntu/ros2_delivFoxy/install/ydlidar_sdk:/home/ubuntu/ros2_delivFoxy/install/ydlidar_ros2_driver:/home/ubuntu/ros2_delivFoxy/install/slam_gmapping:/home/ubuntu/ros2_delivFoxy/install/diffdrive_arduino:/home/ubuntu/ros2_delivFoxy/install/serial:/home/ubuntu/ros2_delivFoxy/install/openslam_gmapping:/home/ubuntu/ros2_delivFoxy/install/articubot_one:/home/ubuntu/dev_serial_motor/install/serial_motor_demo_msgs LD_LIBRARY_PATH=/home/ubuntu/ros2_delivFoxy/install/serial_motor_demo_msgs/lib:/home/ubuntu/control_ros2/install/diffdrive_arduino/lib:/home/ubuntu/control_ros2/install/ros2_control_demo_hardware/lib:/home/ubuntu/ros2_delivFoxy/install/diffdrive_arduino/lib:/home/ubuntu/ros2_delivFoxy/install/serial/lib:/home/ubuntu/ros2_delivFoxy/install/openslam_gmapping/lib:/home/ubuntu/dev_serial_motor/install/serial_motor_demo_msgs/lib:/opt/ros/foxy/opt/yaml_cpp_vendor/lib:/opt/ros/foxy/opt/rviz_ogre_vendor/lib:/opt/ros/foxy/lib/aarch64-linux-gnu:/opt/ros/foxy/lib PYTHONPATH=/home/ubuntu/ros2_delivFoxy/build/serial_motor_demo/prefix_override:/home/ubuntu/ros2_delivFoxy/install/serial_motor_demo/lib/python3.8/site-packages:/home/ubuntu/ros2_delivFoxy/install/serial_motor_demo_msgs/lib/python3.8/site-packages:/home/ubuntu/ros2_delivFoxy/build/serial_motor_demo:/home/ubuntu/control_ros2/build/ros2_control_test_nodes:/home/ubuntu/control_ros2/install/ros2_control_test_nodes/lib/python3.8/site-packages:/home/ubuntu/ros2_delivFoxy/install/serial_motor_demo/lib/python3.8/site-packages:/home/ubuntu/dev_serial_motor/install/serial_motor_demo/lib/python3.8/site-packages:/home/ubuntu/dev_serial_motor/install/serial_motor_demo_msgs/lib/python3.8/site-packages:/opt/ros/foxy/lib/python3.8/site-packages /usr/bin/python3 setup.py develop --editable --build-directory /home/ubuntu/ros2_delivFoxy/build/serial_motor_demo/build --no-deps install_data
[27.050s] running develop
[28.560s] running egg_info
[28.566s] creating serial_motor_demo.egg-info
[28.566s] writing serial_motor_demo.egg-info/PKG-INFO
[28.567s] writing dependency_links to serial_motor_demo.egg-info/dependency_links.txt
[28.568s] writing entry points to serial_motor_demo.egg-info/entry_points.txt
[28.568s] writing requirements to serial_motor_demo.egg-info/requires.txt
[28.569s] writing top-level names to serial_motor_demo.egg-info/top_level.txt
[28.579s] writing manifest file 'serial_motor_demo.egg-info/SOURCES.txt'
[28.879s] reading manifest file 'serial_motor_demo.egg-info/SOURCES.txt'
[28.885s] writing manifest file 'serial_motor_demo.egg-info/SOURCES.txt'
[29.352s] running build_ext
[29.365s] Creating /home/ubuntu/ros2_delivFoxy/install/serial_motor_demo/lib/python3.8/site-packages/site.py
[29.389s] Creating /home/ubuntu/ros2_delivFoxy/install/serial_motor_demo/lib/python3.8/site-packages/serial-motor-demo.egg-link (link to .)
[29.405s] Installing driver script to /home/ubuntu/ros2_delivFoxy/install/serial_motor_demo/lib/serial_motor_demo
[29.406s] Installing gui script to /home/ubuntu/ros2_delivFoxy/install/serial_motor_demo/lib/serial_motor_demo
[29.408s] 
[29.409s] Installed /home/ubuntu/ros2_delivFoxy/build/serial_motor_demo
[29.411s] running install_data
[29.420s] creating /home/ubuntu/ros2_delivFoxy/install/serial_motor_demo/share/ament_index
[29.421s] creating /home/ubuntu/ros2_delivFoxy/install/serial_motor_demo/share/ament_index/resource_index
[29.422s] creating /home/ubuntu/ros2_delivFoxy/install/serial_motor_demo/share/ament_index/resource_index/packages
[29.423s] copying resource/serial_motor_demo -> /home/ubuntu/ros2_delivFoxy/install/serial_motor_demo/share/ament_index/resource_index/packages
[29.426s] copying package.xml -> /home/ubuntu/ros2_delivFoxy/install/serial_motor_demo/share/serial_motor_demo
[29.789s] Invoked command in '/home/ubuntu/ros2_delivFoxy/build/serial_motor_demo' returned '0': CMAKE_PREFIX_PATH=/home/ubuntu/ros2_delivFoxy/install/serial_motor_demo_msgs:/home/ubuntu/control_ros2/install/diffdrive_arduino:/home/ubuntu/control_ros2/install/ros2_control_demos:/home/ubuntu/control_ros2/install/ros2_control_demo_bringup:/home/ubuntu/control_ros2/install/rrbot_description:/home/ubuntu/control_ros2/install/ros2_control_demo_hardware:/home/ubuntu/control_ros2/install/diffbot_description:/home/ubuntu/ros2_delivFoxy/install/ydlidar_sdk:/home/ubuntu/ros2_delivFoxy/install/ydlidar_ros2_driver:/home/ubuntu/ros2_delivFoxy/install/slam_gmapping:/home/ubuntu/ros2_delivFoxy/install/diffdrive_arduino:/home/ubuntu/ros2_delivFoxy/install/serial:/home/ubuntu/ros2_delivFoxy/install/openslam_gmapping:/home/ubuntu/ros2_delivFoxy/install/articubot_one:/home/ubuntu/dev_serial_motor/install/serial_motor_demo_msgs LD_LIBRARY_PATH=/home/ubuntu/ros2_delivFoxy/install/serial_motor_demo_msgs/lib:/home/ubuntu/control_ros2/install/diffdrive_arduino/lib:/home/ubuntu/control_ros2/install/ros2_control_demo_hardware/lib:/home/ubuntu/ros2_delivFoxy/install/diffdrive_arduino/lib:/home/ubuntu/ros2_delivFoxy/install/serial/lib:/home/ubuntu/ros2_delivFoxy/install/openslam_gmapping/lib:/home/ubuntu/dev_serial_motor/install/serial_motor_demo_msgs/lib:/opt/ros/foxy/opt/yaml_cpp_vendor/lib:/opt/ros/foxy/opt/rviz_ogre_vendor/lib:/opt/ros/foxy/lib/aarch64-linux-gnu:/opt/ros/foxy/lib PYTHONPATH=/home/ubuntu/ros2_delivFoxy/build/serial_motor_demo/prefix_override:/home/ubuntu/ros2_delivFoxy/install/serial_motor_demo/lib/python3.8/site-packages:/home/ubuntu/ros2_delivFoxy/install/serial_motor_demo_msgs/lib/python3.8/site-packages:/home/ubuntu/ros2_delivFoxy/build/serial_motor_demo:/home/ubuntu/control_ros2/build/ros2_control_test_nodes:/home/ubuntu/control_ros2/install/ros2_control_test_nodes/lib/python3.8/site-packages:/home/ubuntu/ros2_delivFoxy/install/serial_motor_demo/lib/python3.8/site-packages:/home/ubuntu/dev_serial_motor/install/serial_motor_demo/lib/python3.8/site-packages:/home/ubuntu/dev_serial_motor/install/serial_motor_demo_msgs/lib/python3.8/site-packages:/opt/ros/foxy/lib/python3.8/site-packages /usr/bin/python3 setup.py develop --editable --build-directory /home/ubuntu/ros2_delivFoxy/build/serial_motor_demo/build --no-deps install_data
