[0.298s] Invoking command in '/home/ubuntu/ros2_delivFoxy/build/ydlidar_sdk': /usr/bin/cmake --build /home/ubuntu/ros2_delivFoxy/build/ydlidar_sdk -- -j4 -l4
[1.603s] [ 60%] Built target ydlidar_sdk
[2.489s] [ 68%] Built target tof_test
[2.577s] [ 84%] Built target lidar_c_api_test
[2.579s] [ 84%] Built target ydlidar_test
[2.713s] [ 92%] Built target etlidar_test
[3.283s] [100%] Built target lidar_test
[3.511s] Invoked command in '/home/ubuntu/ros2_delivFoxy/build/ydlidar_sdk' returned '0': /usr/bin/cmake --build /home/ubuntu/ros2_delivFoxy/build/ydlidar_sdk -- -j4 -l4
[5.534s] Invoking command in '/home/ubuntu/ros2_delivFoxy/build/ydlidar_sdk': /usr/bin/cmake --install /home/ubuntu/ros2_delivFoxy/build/ydlidar_sdk
[5.788s] -- Install configuration: ""
[5.833s] -- Up-to-date: /home/ubuntu/ros2_delivFoxy/install/ydlidar_sdk/include/core/base/datatype.h
[5.844s] -- Up-to-date: /home/ubuntu/ros2_delivFoxy/install/ydlidar_sdk/include/core/base/locker.h
[5.847s] -- Up-to-date: /home/ubuntu/ros2_delivFoxy/install/ydlidar_sdk/include/core/base/thread.h
[5.852s] -- Up-to-date: /home/ubuntu/ros2_delivFoxy/install/ydlidar_sdk/include/core/base/timer.h
[5.858s] -- Up-to-date: /home/ubuntu/ros2_delivFoxy/install/ydlidar_sdk/include/core/base/typedef.h
[5.864s] -- Up-to-date: /home/ubuntu/ros2_delivFoxy/install/ydlidar_sdk/include/core/base/utils.h
[5.869s] -- Up-to-date: /home/ubuntu/ros2_delivFoxy/install/ydlidar_sdk/include/core/base/v8stdint.h
[5.876s] -- Up-to-date: /home/ubuntu/ros2_delivFoxy/install/ydlidar_sdk/include/core/base/ydlidar.h
[5.887s] -- Up-to-date: /home/ubuntu/ros2_delivFoxy/install/ydlidar_sdk/include/core/common/ChannelDevice.h
[5.893s] -- Up-to-date: /home/ubuntu/ros2_delivFoxy/install/ydlidar_sdk/include/core/common/DriverInterface.h
[5.899s] -- Up-to-date: /home/ubuntu/ros2_delivFoxy/install/ydlidar_sdk/include/core/common/ydlidar_datatype.h
[5.906s] -- Up-to-date: /home/ubuntu/ros2_delivFoxy/install/ydlidar_sdk/include/core/common/ydlidar_def.h
[5.921s] -- Up-to-date: /home/ubuntu/ros2_delivFoxy/install/ydlidar_sdk/include/core/common/ydlidar_help.h
[5.930s] -- Up-to-date: /home/ubuntu/ros2_delivFoxy/install/ydlidar_sdk/include/core/common/ydlidar_protocol.h
[5.935s] -- Up-to-date: /home/ubuntu/ros2_delivFoxy/install/ydlidar_sdk/include/core/math/angles.h
[5.940s] -- Up-to-date: /home/ubuntu/ros2_delivFoxy/install/ydlidar_sdk/include/core/network/ActiveSocket.h
[5.949s] -- Up-to-date: /home/ubuntu/ros2_delivFoxy/install/ydlidar_sdk/include/core/network/PassiveSocket.h
[5.955s] -- Up-to-date: /home/ubuntu/ros2_delivFoxy/install/ydlidar_sdk/include/core/network/SimpleSocket.h
[5.962s] -- Up-to-date: /home/ubuntu/ros2_delivFoxy/install/ydlidar_sdk/include/core/network/StatTimer.h
[5.966s] -- Up-to-date: /home/ubuntu/ros2_delivFoxy/install/ydlidar_sdk/include/core/serial/common.h
[5.973s] -- Up-to-date: /home/ubuntu/ros2_delivFoxy/install/ydlidar_sdk/include/core/serial/serial.h
[5.978s] -- Up-to-date: /home/ubuntu/ros2_delivFoxy/install/ydlidar_sdk/include/core/serial/impl/unix/lock.h
[5.988s] -- Up-to-date: /home/ubuntu/ros2_delivFoxy/install/ydlidar_sdk/include/core/serial/impl/unix/unix.h
[5.993s] -- Up-to-date: /home/ubuntu/ros2_delivFoxy/install/ydlidar_sdk/include/core/serial/impl/unix/unix_serial.h
[5.997s] -- Up-to-date: /home/ubuntu/ros2_delivFoxy/install/ydlidar_sdk/include/src/CYdLidar.h
[6.002s] -- Up-to-date: /home/ubuntu/ros2_delivFoxy/install/ydlidar_sdk/include/src/ETLidarDriver.h
[6.009s] -- Up-to-date: /home/ubuntu/ros2_delivFoxy/install/ydlidar_sdk/include/src/ydlidar_driver.h
[6.022s] -- Up-to-date: /home/ubuntu/ros2_delivFoxy/install/ydlidar_sdk/include/src/ydlidar_sdk.h
[6.032s] -- Up-to-date: /home/ubuntu/ros2_delivFoxy/install/ydlidar_sdk/include/src/filters/FilterInterface.h
[6.034s] -- Up-to-date: /home/ubuntu/ros2_delivFoxy/install/ydlidar_sdk/include/src/filters/NoiseFilter.h
[6.038s] -- Up-to-date: /home/ubuntu/ros2_delivFoxy/install/ydlidar_sdk/include/ydlidar_config.h
[6.041s] -- Up-to-date: /home/ubuntu/ros2_delivFoxy/install/ydlidar_sdk/lib/libydlidar_sdk.a
[6.043s] -- Up-to-date: /home/ubuntu/ros2_delivFoxy/install/ydlidar_sdk/lib/pkgconfig/YDLIDAR_SDK.pc
[6.051s] -- Up-to-date: /home/ubuntu/ros2_delivFoxy/install/ydlidar_sdk/lib/cmake/ydlidar_sdk/ydlidar_sdkConfig.cmake
[6.054s] -- Up-to-date: /home/ubuntu/ros2_delivFoxy/install/ydlidar_sdk/lib/cmake/ydlidar_sdk/ydlidar_sdkTargets.cmake
[6.056s] -- Up-to-date: /home/ubuntu/ros2_delivFoxy/install/ydlidar_sdk/lib/cmake/ydlidar_sdk/ydlidar_sdkConfigVersion.cmake
[6.059s] -- Up-to-date: /home/ubuntu/ros2_delivFoxy/install/ydlidar_sdk/share/YDLIDAR_SDK/FindYDLIDAR_SDK.cmake
[6.062s] -- Up-to-date: /home/ubuntu/ros2_delivFoxy/install/ydlidar_sdk/share/YDLIDAR_SDK
[6.065s] -- Up-to-date: /home/ubuntu/ros2_delivFoxy/install/ydlidar_sdk/share/YDLIDAR_SDK/install_package.cmake
[6.067s] -- Up-to-date: /home/ubuntu/ros2_delivFoxy/install/ydlidar_sdk/share/YDLIDAR_SDK/cmake_uninstall.cmake.in
[6.069s] -- Up-to-date: /home/ubuntu/ros2_delivFoxy/install/ydlidar_sdk/share/YDLIDAR_SDK/FindPackage.cmake.in
[6.071s] -- Up-to-date: /home/ubuntu/ros2_delivFoxy/install/ydlidar_sdk/share/YDLIDAR_SDK/PkgConfig.pc.in
[6.073s] -- Up-to-date: /home/ubuntu/ros2_delivFoxy/install/ydlidar_sdk/share/YDLIDAR_SDK/PackageConfig.cmake.in
[6.075s] -- Up-to-date: /home/ubuntu/ros2_delivFoxy/install/ydlidar_sdk/share/YDLIDAR_SDK/PackageConfigVersion.cmake.in
[6.082s] -- Up-to-date: /home/ubuntu/ros2_delivFoxy/install/ydlidar_sdk/share/YDLIDAR_SDK/script_show_final_summary.cmake
[6.088s] -- Up-to-date: /home/ubuntu/ros2_delivFoxy/install/ydlidar_sdk/share/YDLIDAR_SDK/common
[6.089s] -- Up-to-date: /home/ubuntu/ros2_delivFoxy/install/ydlidar_sdk/share/YDLIDAR_SDK/common/ydlidar_base.cmake
[6.092s] -- Up-to-date: /home/ubuntu/ros2_delivFoxy/install/ydlidar_sdk/share/YDLIDAR_SDK/common/ydlidar_parse.cmake
[6.094s] -- Up-to-date: /home/ubuntu/ros2_delivFoxy/install/ydlidar_sdk/share/YDLIDAR_SDK/LICENSE.txt
[6.095s] -- Up-to-date: /home/ubuntu/ros2_delivFoxy/install/ydlidar_sdk/share/YDLIDAR_SDK/README.md
[6.097s] -- Up-to-date: /home/ubuntu/ros2_delivFoxy/install/ydlidar_sdk/share/YDLIDAR_SDK/doc
[6.099s] -- Up-to-date: /home/ubuntu/ros2_delivFoxy/install/ydlidar_sdk/share/YDLIDAR_SDK/doc/FAQs
[6.101s] -- Up-to-date: /home/ubuntu/ros2_delivFoxy/install/ydlidar_sdk/share/YDLIDAR_SDK/doc/FAQs/Software_FAQs.md
[6.104s] -- Up-to-date: /home/ubuntu/ros2_delivFoxy/install/ydlidar_sdk/share/YDLIDAR_SDK/doc/FAQs/General_FAQs.md
[6.108s] -- Up-to-date: /home/ubuntu/ros2_delivFoxy/install/ydlidar_sdk/share/YDLIDAR_SDK/doc/FAQs/Hardware_FAQs.md
[6.110s] -- Up-to-date: /home/ubuntu/ros2_delivFoxy/install/ydlidar_sdk/share/YDLIDAR_SDK/doc/FAQs/README.md
[6.119s] -- Up-to-date: /home/ubuntu/ros2_delivFoxy/install/ydlidar_sdk/share/YDLIDAR_SDK/doc/FAQs/Software_FAQs_cn.md
[6.122s] -- Up-to-date: /home/ubuntu/ros2_delivFoxy/install/ydlidar_sdk/share/YDLIDAR_SDK/doc/FAQs/General_FAQs_cn.md
[6.127s] -- Up-to-date: /home/ubuntu/ros2_delivFoxy/install/ydlidar_sdk/share/YDLIDAR_SDK/doc/FAQs/Hardware_FAQs_cn.md
[6.132s] -- Up-to-date: /home/ubuntu/ros2_delivFoxy/install/ydlidar_sdk/share/YDLIDAR_SDK/doc/YDLidar_SDK_Communication_Protocol.pdf
[6.134s] -- Up-to-date: /home/ubuntu/ros2_delivFoxy/install/ydlidar_sdk/share/YDLIDAR_SDK/doc/tutorials
[6.137s] -- Up-to-date: /home/ubuntu/ros2_delivFoxy/install/ydlidar_sdk/share/YDLIDAR_SDK/doc/tutorials/writing_lidar_tutorial_python.md
[6.139s] -- Up-to-date: /home/ubuntu/ros2_delivFoxy/install/ydlidar_sdk/share/YDLIDAR_SDK/doc/tutorials/examine_the_simple_lidar_tutorial.md
[6.142s] -- Up-to-date: /home/ubuntu/ros2_delivFoxy/install/ydlidar_sdk/share/YDLIDAR_SDK/doc/tutorials/writing_lidar_network_adapter_tutorial_c++.md
[6.146s] -- Up-to-date: /home/ubuntu/ros2_delivFoxy/install/ydlidar_sdk/share/YDLIDAR_SDK/doc/tutorials/writing_lidar_tutorial_c.md
[6.151s] -- Up-to-date: /home/ubuntu/ros2_delivFoxy/install/ydlidar_sdk/share/YDLIDAR_SDK/doc/tutorials/writing_lidar_tutorial_c++.md
[6.156s] -- Up-to-date: /home/ubuntu/ros2_delivFoxy/install/ydlidar_sdk/share/YDLIDAR_SDK/doc/Diagram.md
[6.165s] -- Up-to-date: /home/ubuntu/ros2_delivFoxy/install/ydlidar_sdk/share/YDLIDAR_SDK/doc/YDLIDAR_SDK_API_for_Developers.md
[6.168s] -- Up-to-date: /home/ubuntu/ros2_delivFoxy/install/ydlidar_sdk/share/YDLIDAR_SDK/doc/Dataset.md
[6.182s] -- Up-to-date: /home/ubuntu/ros2_delivFoxy/install/ydlidar_sdk/share/YDLIDAR_SDK/doc/README.md
[6.185s] -- Up-to-date: /home/ubuntu/ros2_delivFoxy/install/ydlidar_sdk/share/YDLIDAR_SDK/doc/YDLidar-SDK-Communication-Protocol.html
[6.187s] -- Up-to-date: /home/ubuntu/ros2_delivFoxy/install/ydlidar_sdk/share/YDLIDAR_SDK/doc/YDLidar-SDK-Communication-Protocol.md
[6.211s] -- Up-to-date: /home/ubuntu/ros2_delivFoxy/install/ydlidar_sdk/share/YDLIDAR_SDK/doc/howto
[6.214s] -- Up-to-date: /home/ubuntu/ros2_delivFoxy/install/ydlidar_sdk/share/YDLIDAR_SDK/doc/howto/how_to_create_a_udev_rules.md
[6.228s] -- Up-to-date: /home/ubuntu/ros2_delivFoxy/install/ydlidar_sdk/share/YDLIDAR_SDK/doc/howto/how_to_build_and_install.md
[6.249s] -- Up-to-date: /home/ubuntu/ros2_delivFoxy/install/ydlidar_sdk/share/YDLIDAR_SDK/doc/howto/how_to_gerenrate_vs_project_by_cmake.md
[6.251s] -- Up-to-date: /home/ubuntu/ros2_delivFoxy/install/ydlidar_sdk/share/YDLIDAR_SDK/doc/howto/how_to_build_and_debug_using_vscode.md
[6.254s] -- Up-to-date: /home/ubuntu/ros2_delivFoxy/install/ydlidar_sdk/share/YDLIDAR_SDK/doc/howto/README.md
[6.258s] -- Up-to-date: /home/ubuntu/ros2_delivFoxy/install/ydlidar_sdk/share/YDLIDAR_SDK/doc/howto/how_to_create_a_csharp_project.md
[6.260s] -- Up-to-date: /home/ubuntu/ros2_delivFoxy/install/ydlidar_sdk/share/YDLIDAR_SDK/doc/howto/images
[6.262s] -- Up-to-date: /home/ubuntu/ros2_delivFoxy/install/ydlidar_sdk/share/YDLIDAR_SDK/doc/howto/images/csharp_running.png
[6.264s] -- Up-to-date: /home/ubuntu/ros2_delivFoxy/install/ydlidar_sdk/share/YDLIDAR_SDK/doc/howto/images/cpack.png
[6.268s] -- Up-to-date: /home/ubuntu/ros2_delivFoxy/install/ydlidar_sdk/share/YDLIDAR_SDK/doc/howto/images/csharp_exception.png
[6.269s] -- Up-to-date: /home/ubuntu/ros2_delivFoxy/install/ydlidar_sdk/share/YDLIDAR_SDK/doc/howto/images/ttyUSB1.png
[6.271s] -- Up-to-date: /home/ubuntu/ros2_delivFoxy/install/ydlidar_sdk/share/YDLIDAR_SDK/doc/howto/images/ydlidar_lidar_monitor.png
[6.272s] -- Up-to-date: /home/ubuntu/ros2_delivFoxy/install/ydlidar_sdk/share/YDLIDAR_SDK/doc/howto/images/ttyUSB0.png
[6.278s] -- Up-to-date: /home/ubuntu/ros2_delivFoxy/install/ydlidar_sdk/share/YDLIDAR_SDK/doc/howto/images/csharp_build.png
[6.280s] -- Up-to-date: /home/ubuntu/ros2_delivFoxy/install/ydlidar_sdk/share/YDLIDAR_SDK/doc/howto/images/csharp_project.png
[6.281s] -- Up-to-date: /home/ubuntu/ros2_delivFoxy/install/ydlidar_sdk/share/YDLIDAR_SDK/doc/howto/images/sequence.png
[6.284s] -- Up-to-date: /home/ubuntu/ros2_delivFoxy/install/ydlidar_sdk/share/YDLIDAR_SDK/doc/howto/images/csharp_library.png
[6.292s] -- Up-to-date: /home/ubuntu/ros2_delivFoxy/install/ydlidar_sdk/share/YDLIDAR_SDK/doc/howto/images/vscode
[6.294s] -- Up-to-date: /home/ubuntu/ros2_delivFoxy/install/ydlidar_sdk/share/YDLIDAR_SDK/doc/howto/images/vscode/run_tasks.jpg
[6.301s] -- Up-to-date: /home/ubuntu/ros2_delivFoxy/install/ydlidar_sdk/share/YDLIDAR_SDK/doc/howto/images/vscode/tasks.png
[6.303s] -- Up-to-date: /home/ubuntu/ros2_delivFoxy/install/ydlidar_sdk/share/YDLIDAR_SDK/doc/howto/images/sdk_init.png
[6.304s] -- Up-to-date: /home/ubuntu/ros2_delivFoxy/install/ydlidar_sdk/share/YDLIDAR_SDK/doc/howto/images/sdk_scanning.png
[6.306s] -- Up-to-date: /home/ubuntu/ros2_delivFoxy/install/ydlidar_sdk/share/YDLIDAR_SDK/doc/howto/how_to_solve_slow_pull_from_cn.md
[6.307s] -- Up-to-date: /home/ubuntu/ros2_delivFoxy/install/ydlidar_sdk/share/YDLIDAR_SDK/doc/howto/how_to_create_a_pull.md
[6.322s] -- Up-to-date: /home/ubuntu/ros2_delivFoxy/install/ydlidar_sdk/share/YDLIDAR_SDK/doc/YDLidar-SDK-Communication-Protocol.pdf
[6.325s] -- Up-to-date: /home/ubuntu/ros2_delivFoxy/install/ydlidar_sdk/share/YDLIDAR_SDK/doc/SDK.pdf
[6.326s] -- Up-to-date: /home/ubuntu/ros2_delivFoxy/install/ydlidar_sdk/share/YDLIDAR_SDK/doc/images
[6.327s] -- Up-to-date: /home/ubuntu/ros2_delivFoxy/install/ydlidar_sdk/share/YDLIDAR_SDK/doc/images/sdk_architecture.png
[6.339s] -- Up-to-date: /home/ubuntu/ros2_delivFoxy/install/ydlidar_sdk/share/YDLIDAR_SDK/doc/images/frame_intensity.png
[6.341s] -- Up-to-date: /home/ubuntu/ros2_delivFoxy/install/ydlidar_sdk/share/YDLIDAR_SDK/doc/images/FlowChart.png
[6.342s] -- Up-to-date: /home/ubuntu/ros2_delivFoxy/install/ydlidar_sdk/share/YDLIDAR_SDK/doc/images/frame.png
[6.343s] -- Up-to-date: /home/ubuntu/ros2_delivFoxy/install/ydlidar_sdk/share/YDLIDAR_SDK/doc/images/communication_mechanism.png
[6.344s] -- Up-to-date: /home/ubuntu/ros2_delivFoxy/install/ydlidar_sdk/share/YDLIDAR_SDK/doc/images/YDLidar.jpg
[6.346s] -- Up-to-date: /home/ubuntu/ros2_delivFoxy/install/ydlidar_sdk/share/YDLIDAR_SDK/doc/images/sequence.png
[6.347s] -- Up-to-date: /home/ubuntu/ros2_delivFoxy/install/ydlidar_sdk/share/YDLIDAR_SDK/doc/images/system_workflow.png
[6.349s] -- Up-to-date: /home/ubuntu/ros2_delivFoxy/install/ydlidar_sdk/share/YDLIDAR_SDK/doc/images/angle_q2.png
[6.354s] -- Up-to-date: /home/ubuntu/ros2_delivFoxy/install/ydlidar_sdk/share/YDLIDAR_SDK/doc/images/EAI.png
[6.355s] -- Up-to-date: /home/ubuntu/ros2_delivFoxy/install/ydlidar_sdk/share/YDLIDAR_SDK/doc/images/YDLidar.png
[6.357s] -- Up-to-date: /home/ubuntu/ros2_delivFoxy/install/ydlidar_sdk/share/YDLIDAR_SDK/doc/images/sdk_init.png
[6.358s] -- Up-to-date: /home/ubuntu/ros2_delivFoxy/install/ydlidar_sdk/share/YDLIDAR_SDK/doc/images/sdk_scanning.png
[6.359s] -- Up-to-date: /home/ubuntu/ros2_delivFoxy/install/ydlidar_sdk/share/YDLIDAR_SDK/doc/Tutorials.md
[6.368s] -- Up-to-date: /home/ubuntu/ros2_delivFoxy/install/ydlidar_sdk/share/YDLIDAR_SDK/doc/quickstart
[6.369s] -- Up-to-date: /home/ubuntu/ros2_delivFoxy/install/ydlidar_sdk/share/YDLIDAR_SDK/doc/quickstart/ydlidar_sdk_software_installation_guide.md
[6.370s] -- Up-to-date: /home/ubuntu/ros2_delivFoxy/install/ydlidar_sdk/share/YDLIDAR_SDK/doc/quickstart/README.md
[6.371s] -- Up-to-date: /home/ubuntu/ros2_delivFoxy/install/ydlidar_sdk/startup/initenv.sh
[6.382s] -- Up-to-date: /home/ubuntu/ros2_delivFoxy/install/ydlidar_sdk/bin/etlidar_test
[6.386s] -- Up-to-date: /home/ubuntu/ros2_delivFoxy/install/ydlidar_sdk/bin/tof_test
[6.387s] -- Up-to-date: /home/ubuntu/ros2_delivFoxy/install/ydlidar_sdk/bin/ydlidar_test
[6.388s] -- Up-to-date: /home/ubuntu/ros2_delivFoxy/install/ydlidar_sdk/bin/lidar_c_api_test
[6.389s] Invoked command in '/home/ubuntu/ros2_delivFoxy/build/ydlidar_sdk' returned '0': /usr/bin/cmake --install /home/ubuntu/ros2_delivFoxy/build/ydlidar_sdk
