[0.142s] Invoking command in '/home/ubuntu/ros2_delivFoxy/build/diffdrive_arduino': CMAKE_PREFIX_PATH=/home/ubuntu/ros2_delivFoxy/install/serial:/home/ubuntu/ros2_delivFoxy/install/ydlidar_sdk:/home/ubuntu/ros2_delivFoxy/install/ydlidar_ros2_driver:/home/ubuntu/ros2_delivFoxy/install/slam_gmapping:/home/ubuntu/ros2_delivFoxy/install/serial_motor_demo_msgs:/home/ubuntu/ros2_delivFoxy/install/diffdrive_arduino:/home/ubuntu/ros2_delivFoxy/install/openslam_gmapping:/home/ubuntu/ros2_delivFoxy/install/articubot_one:/home/ubuntu/dev_serial_motor/install/serial_motor_demo_msgs:/home/ubuntu/ros2_delivFoxy/install/serial_motor_demo:/home/ubuntu/dev_serial_motor/install/serial_motor_demo:/opt/ros/foxy /usr/bin/cmake --build /home/ubuntu/ros2_delivFoxy/build/diffdrive_arduino -- -j4 -l4
[1.101s] [ 42%] Built target fake_robot
[1.202s] [100%] Built target diffdrive_arduino
[1.441s] Invoked command in '/home/ubuntu/ros2_delivFoxy/build/diffdrive_arduino' returned '0': CMAKE_PREFIX_PATH=/home/ubuntu/ros2_delivFoxy/install/serial:/home/ubuntu/ros2_delivFoxy/install/ydlidar_sdk:/home/ubuntu/ros2_delivFoxy/install/ydlidar_ros2_driver:/home/ubuntu/ros2_delivFoxy/install/slam_gmapping:/home/ubuntu/ros2_delivFoxy/install/serial_motor_demo_msgs:/home/ubuntu/ros2_delivFoxy/install/diffdrive_arduino:/home/ubuntu/ros2_delivFoxy/install/openslam_gmapping:/home/ubuntu/ros2_delivFoxy/install/articubot_one:/home/ubuntu/dev_serial_motor/install/serial_motor_demo_msgs:/home/ubuntu/ros2_delivFoxy/install/serial_motor_demo:/home/ubuntu/dev_serial_motor/install/serial_motor_demo:/opt/ros/foxy /usr/bin/cmake --build /home/ubuntu/ros2_delivFoxy/build/diffdrive_arduino -- -j4 -l4
[2.733s] Invoking command in '/home/ubuntu/ros2_delivFoxy/build/diffdrive_arduino': CMAKE_PREFIX_PATH=/home/ubuntu/ros2_delivFoxy/install/serial:/home/ubuntu/ros2_delivFoxy/install/ydlidar_sdk:/home/ubuntu/ros2_delivFoxy/install/ydlidar_ros2_driver:/home/ubuntu/ros2_delivFoxy/install/slam_gmapping:/home/ubuntu/ros2_delivFoxy/install/serial_motor_demo_msgs:/home/ubuntu/ros2_delivFoxy/install/diffdrive_arduino:/home/ubuntu/ros2_delivFoxy/install/openslam_gmapping:/home/ubuntu/ros2_delivFoxy/install/articubot_one:/home/ubuntu/dev_serial_motor/install/serial_motor_demo_msgs:/home/ubuntu/ros2_delivFoxy/install/serial_motor_demo:/home/ubuntu/dev_serial_motor/install/serial_motor_demo:/opt/ros/foxy /usr/bin/cmake --install /home/ubuntu/ros2_delivFoxy/build/diffdrive_arduino
[2.891s] -- Install configuration: ""
[2.901s] -- Execute custom install script
[2.917s] -- Up-to-date symlink: /home/ubuntu/ros2_delivFoxy/install/diffdrive_arduino/share/diffdrive_arduino//robot_hardware.xml
[2.918s] -- Up-to-date symlink: /home/ubuntu/ros2_delivFoxy/install/diffdrive_arduino/share/diffdrive_arduino//fake_robot_hardware.xml
[2.920s] -- Up-to-date symlink: /home/ubuntu/ros2_delivFoxy/install/diffdrive_arduino/lib/libdiffdrive_arduino.so
[2.944s] -- Up-to-date symlink: /home/ubuntu/ros2_delivFoxy/install/diffdrive_arduino/lib/libfake_robot.so
[2.950s] -- Up-to-date symlink: /home/ubuntu/ros2_delivFoxy/install/diffdrive_arduino/share/diffdrive_arduino/controllers/robot_controller_example.yaml
[3.012s] -- Up-to-date symlink: /home/ubuntu/ros2_delivFoxy/install/diffdrive_arduino/share/diffdrive_arduino/fake_robot.launch.py
[3.027s] -- Up-to-date symlink: /home/ubuntu/ros2_delivFoxy/install/diffdrive_arduino/share/diffdrive_arduino/test_robot.launch.py
[3.028s] -- Up-to-date symlink: /home/ubuntu/ros2_delivFoxy/install/diffdrive_arduino/share/diffdrive_arduino/environment/library_path.sh
[3.030s] -- Up-to-date symlink: /home/ubuntu/ros2_delivFoxy/install/diffdrive_arduino/share/diffdrive_arduino/environment/library_path.dsv
[3.031s] -- Up-to-date symlink: /home/ubuntu/ros2_delivFoxy/install/diffdrive_arduino/share/ament_index/resource_index/package_run_dependencies/diffdrive_arduino
[3.033s] -- Up-to-date symlink: /home/ubuntu/ros2_delivFoxy/install/diffdrive_arduino/share/ament_index/resource_index/parent_prefix_path/diffdrive_arduino
[3.034s] -- Up-to-date symlink: /home/ubuntu/ros2_delivFoxy/install/diffdrive_arduino/share/diffdrive_arduino/environment/ament_prefix_path.sh
[3.035s] -- Up-to-date symlink: /home/ubuntu/ros2_delivFoxy/install/diffdrive_arduino/share/diffdrive_arduino/environment/ament_prefix_path.dsv
[3.036s] -- Up-to-date symlink: /home/ubuntu/ros2_delivFoxy/install/diffdrive_arduino/share/diffdrive_arduino/environment/path.sh
[3.038s] -- Up-to-date symlink: /home/ubuntu/ros2_delivFoxy/install/diffdrive_arduino/share/diffdrive_arduino/environment/path.dsv
[3.054s] -- Up-to-date symlink: /home/ubuntu/ros2_delivFoxy/install/diffdrive_arduino/share/diffdrive_arduino/local_setup.bash
[3.060s] -- Up-to-date symlink: /home/ubuntu/ros2_delivFoxy/install/diffdrive_arduino/share/diffdrive_arduino/local_setup.sh
[3.088s] -- Up-to-date symlink: /home/ubuntu/ros2_delivFoxy/install/diffdrive_arduino/share/diffdrive_arduino/local_setup.zsh
[3.090s] -- Up-to-date symlink: /home/ubuntu/ros2_delivFoxy/install/diffdrive_arduino/share/diffdrive_arduino/local_setup.dsv
[3.093s] -- Symlinking: /home/ubuntu/ros2_delivFoxy/install/diffdrive_arduino/share/diffdrive_arduino/package.dsv
[3.503s] -- Up-to-date symlink: /home/ubuntu/ros2_delivFoxy/install/diffdrive_arduino/share/ament_index/resource_index/packages/diffdrive_arduino
[3.504s] -- Up-to-date symlink: /home/ubuntu/ros2_delivFoxy/install/diffdrive_arduino/share/ament_index/resource_index/hardware_interface__pluginlib__plugin/diffdrive_arduino
[3.515s] -- Up-to-date symlink: /home/ubuntu/ros2_delivFoxy/install/diffdrive_arduino/share/diffdrive_arduino/cmake/ament_cmake_export_libraries-extras.cmake
[3.516s] -- Up-to-date symlink: /home/ubuntu/ros2_delivFoxy/install/diffdrive_arduino/share/diffdrive_arduino/cmake/ament_cmake_export_dependencies-extras.cmake
[3.517s] -- Up-to-date symlink: /home/ubuntu/ros2_delivFoxy/install/diffdrive_arduino/share/diffdrive_arduino/cmake/diffdrive_arduinoConfig.cmake
[3.518s] -- Up-to-date symlink: /home/ubuntu/ros2_delivFoxy/install/diffdrive_arduino/share/diffdrive_arduino/cmake/diffdrive_arduinoConfig-version.cmake
[3.519s] -- Up-to-date symlink: /home/ubuntu/ros2_delivFoxy/install/diffdrive_arduino/share/diffdrive_arduino/package.xml
[3.683s] Invoked command in '/home/ubuntu/ros2_delivFoxy/build/diffdrive_arduino' returned '0': CMAKE_PREFIX_PATH=/home/ubuntu/ros2_delivFoxy/install/serial:/home/ubuntu/ros2_delivFoxy/install/ydlidar_sdk:/home/ubuntu/ros2_delivFoxy/install/ydlidar_ros2_driver:/home/ubuntu/ros2_delivFoxy/install/slam_gmapping:/home/ubuntu/ros2_delivFoxy/install/serial_motor_demo_msgs:/home/ubuntu/ros2_delivFoxy/install/diffdrive_arduino:/home/ubuntu/ros2_delivFoxy/install/openslam_gmapping:/home/ubuntu/ros2_delivFoxy/install/articubot_one:/home/ubuntu/dev_serial_motor/install/serial_motor_demo_msgs:/home/ubuntu/ros2_delivFoxy/install/serial_motor_demo:/home/ubuntu/dev_serial_motor/install/serial_motor_demo:/opt/ros/foxy /usr/bin/cmake --install /home/ubuntu/ros2_delivFoxy/build/diffdrive_arduino
