[0.197s] Invoking command in '/home/ubuntu/ros2_delivFoxy/build/articubot_one': CMAKE_PREFIX_PATH=${CMAKE_PREFIX_PATH}:/home/ubuntu/ros2_delivFoxy/install/serial_motor_demo:/home/ubuntu/dev_serial_motor/install/serial_motor_demo:/opt/ros/foxy /usr/bin/cmake --build /home/ubuntu/ros2_delivFoxy/build/articubot_one -- -j4 -l4
[0.714s] Invoked command in '/home/ubuntu/ros2_delivFoxy/build/articubot_one' returned '0': CMAKE_PREFIX_PATH=${CMAKE_PREFIX_PATH}:/home/ubuntu/ros2_delivFoxy/install/serial_motor_demo:/home/ubuntu/dev_serial_motor/install/serial_motor_demo:/opt/ros/foxy /usr/bin/cmake --build /home/ubuntu/ros2_delivFoxy/build/articubot_one -- -j4 -l4
[1.333s] Invoking command in '/home/ubuntu/ros2_delivFoxy/build/articubot_one': CMAKE_PREFIX_PATH=${CMAKE_PREFIX_PATH}:/home/ubuntu/ros2_delivFoxy/install/serial_motor_demo:/home/ubuntu/dev_serial_motor/install/serial_motor_demo:/opt/ros/foxy /usr/bin/cmake --install /home/ubuntu/ros2_delivFoxy/build/articubot_one
[1.450s] -- Install configuration: ""
[1.451s] -- Execute custom install script
[1.461s] -- Up-to-date symlink: /home/ubuntu/ros2_delivFoxy/install/articubot_one/share/articubot_one/config/ball_tracker_params_robot.yaml
[1.465s] -- Up-to-date symlink: /home/ubuntu/ros2_delivFoxy/install/articubot_one/share/articubot_one/config/ball_tracker_params_sim.yaml
[1.468s] -- Up-to-date symlink: /home/ubuntu/ros2_delivFoxy/install/articubot_one/share/articubot_one/config/drive_bot.rviz
[1.470s] -- Up-to-date symlink: /home/ubuntu/ros2_delivFoxy/install/articubot_one/share/articubot_one/config/empty.yaml
[1.477s] -- Up-to-date symlink: /home/ubuntu/ros2_delivFoxy/install/articubot_one/share/articubot_one/config/gaz_ros2_ctl_use_sim.yaml
[1.480s] -- Up-to-date symlink: /home/ubuntu/ros2_delivFoxy/install/articubot_one/share/articubot_one/config/gazebo_params.yaml
[1.496s] -- Up-to-date symlink: /home/ubuntu/ros2_delivFoxy/install/articubot_one/share/articubot_one/config/joystick.yaml
[1.497s] -- Up-to-date symlink: /home/ubuntu/ros2_delivFoxy/install/articubot_one/share/articubot_one/config/main.rviz
[1.498s] -- Up-to-date symlink: /home/ubuntu/ros2_delivFoxy/install/articubot_one/share/articubot_one/config/map.rviz
[1.516s] -- Up-to-date symlink: /home/ubuntu/ros2_delivFoxy/install/articubot_one/share/articubot_one/config/mapper_params_online_async.yaml
[1.522s] -- Up-to-date symlink: /home/ubuntu/ros2_delivFoxy/install/articubot_one/share/articubot_one/config/my_controllers.yaml
[1.526s] -- Up-to-date symlink: /home/ubuntu/ros2_delivFoxy/install/articubot_one/share/articubot_one/config/nav2_params.yaml
[1.529s] -- Up-to-date symlink: /home/ubuntu/ros2_delivFoxy/install/articubot_one/share/articubot_one/config/twist_mux.yaml
[1.531s] -- Up-to-date symlink: /home/ubuntu/ros2_delivFoxy/install/articubot_one/share/articubot_one/config/view_bot.rviz
[1.533s] -- Up-to-date symlink: /home/ubuntu/ros2_delivFoxy/install/articubot_one/share/articubot_one/description/camera.xacro
[1.534s] -- Up-to-date symlink: /home/ubuntu/ros2_delivFoxy/install/articubot_one/share/articubot_one/description/depth_camera.xacro
[1.547s] -- Up-to-date symlink: /home/ubuntu/ros2_delivFoxy/install/articubot_one/share/articubot_one/description/face.xacro
[1.547s] -- Up-to-date symlink: /home/ubuntu/ros2_delivFoxy/install/articubot_one/share/articubot_one/description/gazebo_control.xacro
[1.548s] -- Up-to-date symlink: /home/ubuntu/ros2_delivFoxy/install/articubot_one/share/articubot_one/description/inertial_macros.xacro
[1.551s] -- Up-to-date symlink: /home/ubuntu/ros2_delivFoxy/install/articubot_one/share/articubot_one/description/lidar.xacro
[1.552s] -- Up-to-date symlink: /home/ubuntu/ros2_delivFoxy/install/articubot_one/share/articubot_one/description/robot.urdf.xacro
[1.556s] -- Up-to-date symlink: /home/ubuntu/ros2_delivFoxy/install/articubot_one/share/articubot_one/description/robot_core.xacro
[1.557s] -- Up-to-date symlink: /home/ubuntu/ros2_delivFoxy/install/articubot_one/share/articubot_one/description/ros2_control.xacro
[1.558s] -- Up-to-date symlink: /home/ubuntu/ros2_delivFoxy/install/articubot_one/share/articubot_one/launch/ball_tracker.launch.py
[1.564s] -- Up-to-date symlink: /home/ubuntu/ros2_delivFoxy/install/articubot_one/share/articubot_one/launch/camera.launch.py
[1.565s] -- Up-to-date symlink: /home/ubuntu/ros2_delivFoxy/install/articubot_one/share/articubot_one/launch/joystick.launch.py
[1.565s] -- Up-to-date symlink: /home/ubuntu/ros2_delivFoxy/install/articubot_one/share/articubot_one/launch/launch_robot.launch.py
[1.571s] -- Up-to-date symlink: /home/ubuntu/ros2_delivFoxy/install/articubot_one/share/articubot_one/launch/launch_sim.launch.py
[1.572s] -- Up-to-date symlink: /home/ubuntu/ros2_delivFoxy/install/articubot_one/share/articubot_one/launch/localization_launch.py
[1.573s] -- Up-to-date symlink: /home/ubuntu/ros2_delivFoxy/install/articubot_one/share/articubot_one/launch/navigation_launch.py
[1.574s] -- Up-to-date symlink: /home/ubuntu/ros2_delivFoxy/install/articubot_one/share/articubot_one/launch/online_async_launch.py
[1.574s] -- Up-to-date symlink: /home/ubuntu/ros2_delivFoxy/install/articubot_one/share/articubot_one/launch/rplidar.launch.py
[1.575s] -- Up-to-date symlink: /home/ubuntu/ros2_delivFoxy/install/articubot_one/share/articubot_one/launch/rsp.launch.py
[1.576s] -- Up-to-date symlink: /home/ubuntu/ros2_delivFoxy/install/articubot_one/share/articubot_one/worlds/empty.world
[1.577s] -- Up-to-date symlink: /home/ubuntu/ros2_delivFoxy/install/articubot_one/share/articubot_one/worlds/obstacles.world
[1.579s] -- Up-to-date symlink: /home/ubuntu/ros2_delivFoxy/install/articubot_one/share/ament_index/resource_index/package_run_dependencies/articubot_one
[1.581s] -- Up-to-date symlink: /home/ubuntu/ros2_delivFoxy/install/articubot_one/share/ament_index/resource_index/parent_prefix_path/articubot_one
[1.584s] -- Up-to-date symlink: /home/ubuntu/ros2_delivFoxy/install/articubot_one/share/articubot_one/environment/ament_prefix_path.sh
[1.586s] -- Up-to-date symlink: /home/ubuntu/ros2_delivFoxy/install/articubot_one/share/articubot_one/environment/ament_prefix_path.dsv
[1.588s] -- Up-to-date symlink: /home/ubuntu/ros2_delivFoxy/install/articubot_one/share/articubot_one/environment/path.sh
[1.589s] -- Up-to-date symlink: /home/ubuntu/ros2_delivFoxy/install/articubot_one/share/articubot_one/environment/path.dsv
[1.592s] -- Up-to-date symlink: /home/ubuntu/ros2_delivFoxy/install/articubot_one/share/articubot_one/local_setup.bash
[1.592s] -- Up-to-date symlink: /home/ubuntu/ros2_delivFoxy/install/articubot_one/share/articubot_one/local_setup.sh
[1.597s] -- Up-to-date symlink: /home/ubuntu/ros2_delivFoxy/install/articubot_one/share/articubot_one/local_setup.zsh
[1.598s] -- Up-to-date symlink: /home/ubuntu/ros2_delivFoxy/install/articubot_one/share/articubot_one/local_setup.dsv
[1.601s] -- Symlinking: /home/ubuntu/ros2_delivFoxy/install/articubot_one/share/articubot_one/package.dsv
[1.677s] -- Up-to-date symlink: /home/ubuntu/ros2_delivFoxy/install/articubot_one/share/ament_index/resource_index/packages/articubot_one
[1.677s] -- Up-to-date symlink: /home/ubuntu/ros2_delivFoxy/install/articubot_one/share/articubot_one/cmake/articubot_oneConfig.cmake
[1.678s] -- Up-to-date symlink: /home/ubuntu/ros2_delivFoxy/install/articubot_one/share/articubot_one/cmake/articubot_oneConfig-version.cmake
[1.687s] -- Up-to-date symlink: /home/ubuntu/ros2_delivFoxy/install/articubot_one/share/articubot_one/package.xml
[1.721s] Invoked command in '/home/ubuntu/ros2_delivFoxy/build/articubot_one' returned '0': CMAKE_PREFIX_PATH=${CMAKE_PREFIX_PATH}:/home/ubuntu/ros2_delivFoxy/install/serial_motor_demo:/home/ubuntu/dev_serial_motor/install/serial_motor_demo:/opt/ros/foxy /usr/bin/cmake --install /home/ubuntu/ros2_delivFoxy/build/articubot_one
