[0.135s] Invoking command in '/home/ubuntu/ros2_delivFoxy/build/ydlidar_sdk': /usr/bin/cmake --build /home/ubuntu/ros2_delivFoxy/build/ydlidar_sdk -- -j4 -l4
[0.555s] [ 60%] Built target ydlidar_sdk
[0.892s] [ 68%] Built target ydlidar_test
[1.082s] [ 76%] Built target etlidar_test
[1.330s] [ 84%] Built target lidar_test
[1.506s] [ 92%] Built target lidar_c_api_test
[1.711s] [100%] Built target tof_test
[1.816s] Invoked command in '/home/ubuntu/ros2_delivFoxy/build/ydlidar_sdk' returned '0': /usr/bin/cmake --build /home/ubuntu/ros2_delivFoxy/build/ydlidar_sdk -- -j4 -l4
[2.644s] Invoking command in '/home/ubuntu/ros2_delivFoxy/build/ydlidar_sdk': /usr/bin/cmake --install /home/ubuntu/ros2_delivFoxy/build/ydlidar_sdk
[2.792s] -- Install configuration: ""
[2.796s] -- Up-to-date: /home/ubuntu/ros2_delivFoxy/install/ydlidar_sdk/include/core/base/datatype.h
[2.803s] -- Up-to-date: /home/ubuntu/ros2_delivFoxy/install/ydlidar_sdk/include/core/base/locker.h
[2.805s] -- Up-to-date: /home/ubuntu/ros2_delivFoxy/install/ydlidar_sdk/include/core/base/thread.h
[2.806s] -- Up-to-date: /home/ubuntu/ros2_delivFoxy/install/ydlidar_sdk/include/core/base/timer.h
[2.807s] -- Up-to-date: /home/ubuntu/ros2_delivFoxy/install/ydlidar_sdk/include/core/base/typedef.h
[2.810s] -- Up-to-date: /home/ubuntu/ros2_delivFoxy/install/ydlidar_sdk/include/core/base/utils.h
[2.810s] -- Up-to-date: /home/ubuntu/ros2_delivFoxy/install/ydlidar_sdk/include/core/base/v8stdint.h
[2.812s] -- Up-to-date: /home/ubuntu/ros2_delivFoxy/install/ydlidar_sdk/include/core/base/ydlidar.h
[2.813s] -- Up-to-date: /home/ubuntu/ros2_delivFoxy/install/ydlidar_sdk/include/core/common/ChannelDevice.h
[2.814s] -- Up-to-date: /home/ubuntu/ros2_delivFoxy/install/ydlidar_sdk/include/core/common/DriverInterface.h
[2.815s] -- Up-to-date: /home/ubuntu/ros2_delivFoxy/install/ydlidar_sdk/include/core/common/ydlidar_datatype.h
[2.816s] -- Up-to-date: /home/ubuntu/ros2_delivFoxy/install/ydlidar_sdk/include/core/common/ydlidar_def.h
[2.817s] -- Up-to-date: /home/ubuntu/ros2_delivFoxy/install/ydlidar_sdk/include/core/common/ydlidar_help.h
[2.817s] -- Up-to-date: /home/ubuntu/ros2_delivFoxy/install/ydlidar_sdk/include/core/common/ydlidar_protocol.h
[2.818s] -- Up-to-date: /home/ubuntu/ros2_delivFoxy/install/ydlidar_sdk/include/core/math/angles.h
[2.818s] -- Up-to-date: /home/ubuntu/ros2_delivFoxy/install/ydlidar_sdk/include/core/network/ActiveSocket.h
[2.822s] -- Up-to-date: /home/ubuntu/ros2_delivFoxy/install/ydlidar_sdk/include/core/network/PassiveSocket.h
[2.822s] -- Up-to-date: /home/ubuntu/ros2_delivFoxy/install/ydlidar_sdk/include/core/network/SimpleSocket.h
[2.823s] -- Up-to-date: /home/ubuntu/ros2_delivFoxy/install/ydlidar_sdk/include/core/network/StatTimer.h
[2.823s] -- Up-to-date: /home/ubuntu/ros2_delivFoxy/install/ydlidar_sdk/include/core/serial/common.h
[2.829s] -- Up-to-date: /home/ubuntu/ros2_delivFoxy/install/ydlidar_sdk/include/core/serial/serial.h
[2.849s] -- Up-to-date: /home/ubuntu/ros2_delivFoxy/install/ydlidar_sdk/include/core/serial/impl/unix/lock.h
[2.850s] -- Up-to-date: /home/ubuntu/ros2_delivFoxy/install/ydlidar_sdk/include/core/serial/impl/unix/unix.h
[2.851s] -- Up-to-date: /home/ubuntu/ros2_delivFoxy/install/ydlidar_sdk/include/core/serial/impl/unix/unix_serial.h
[2.851s] -- Up-to-date: /home/ubuntu/ros2_delivFoxy/install/ydlidar_sdk/include/src/CYdLidar.h
[2.852s] -- Up-to-date: /home/ubuntu/ros2_delivFoxy/install/ydlidar_sdk/include/src/ETLidarDriver.h
[2.853s] -- Up-to-date: /home/ubuntu/ros2_delivFoxy/install/ydlidar_sdk/include/src/ydlidar_driver.h
[2.854s] -- Up-to-date: /home/ubuntu/ros2_delivFoxy/install/ydlidar_sdk/include/src/ydlidar_sdk.h
[2.856s] -- Up-to-date: /home/ubuntu/ros2_delivFoxy/install/ydlidar_sdk/include/src/filters/FilterInterface.h
[2.856s] -- Up-to-date: /home/ubuntu/ros2_delivFoxy/install/ydlidar_sdk/include/src/filters/NoiseFilter.h
[2.857s] -- Up-to-date: /home/ubuntu/ros2_delivFoxy/install/ydlidar_sdk/include/ydlidar_config.h
[2.858s] -- Up-to-date: /home/ubuntu/ros2_delivFoxy/install/ydlidar_sdk/lib/libydlidar_sdk.a
[2.868s] -- Up-to-date: /home/ubuntu/ros2_delivFoxy/install/ydlidar_sdk/lib/pkgconfig/YDLIDAR_SDK.pc
[2.869s] -- Up-to-date: /home/ubuntu/ros2_delivFoxy/install/ydlidar_sdk/lib/cmake/ydlidar_sdk/ydlidar_sdkConfig.cmake
[2.870s] -- Up-to-date: /home/ubuntu/ros2_delivFoxy/install/ydlidar_sdk/lib/cmake/ydlidar_sdk/ydlidar_sdkTargets.cmake
[2.871s] -- Up-to-date: /home/ubuntu/ros2_delivFoxy/install/ydlidar_sdk/lib/cmake/ydlidar_sdk/ydlidar_sdkConfigVersion.cmake
[2.872s] -- Up-to-date: /home/ubuntu/ros2_delivFoxy/install/ydlidar_sdk/share/YDLIDAR_SDK/FindYDLIDAR_SDK.cmake
[2.873s] -- Up-to-date: /home/ubuntu/ros2_delivFoxy/install/ydlidar_sdk/share/YDLIDAR_SDK
[2.875s] -- Up-to-date: /home/ubuntu/ros2_delivFoxy/install/ydlidar_sdk/share/YDLIDAR_SDK/install_package.cmake
[2.877s] -- Up-to-date: /home/ubuntu/ros2_delivFoxy/install/ydlidar_sdk/share/YDLIDAR_SDK/cmake_uninstall.cmake.in
[2.878s] -- Up-to-date: /home/ubuntu/ros2_delivFoxy/install/ydlidar_sdk/share/YDLIDAR_SDK/FindPackage.cmake.in
[2.879s] -- Up-to-date: /home/ubuntu/ros2_delivFoxy/install/ydlidar_sdk/share/YDLIDAR_SDK/PkgConfig.pc.in
[2.881s] -- Up-to-date: /home/ubuntu/ros2_delivFoxy/install/ydlidar_sdk/share/YDLIDAR_SDK/PackageConfig.cmake.in
[2.881s] -- Up-to-date: /home/ubuntu/ros2_delivFoxy/install/ydlidar_sdk/share/YDLIDAR_SDK/PackageConfigVersion.cmake.in
[2.882s] -- Up-to-date: /home/ubuntu/ros2_delivFoxy/install/ydlidar_sdk/share/YDLIDAR_SDK/script_show_final_summary.cmake
[2.883s] -- Up-to-date: /home/ubuntu/ros2_delivFoxy/install/ydlidar_sdk/share/YDLIDAR_SDK/common
[2.883s] -- Up-to-date: /home/ubuntu/ros2_delivFoxy/install/ydlidar_sdk/share/YDLIDAR_SDK/common/ydlidar_base.cmake
[2.884s] -- Up-to-date: /home/ubuntu/ros2_delivFoxy/install/ydlidar_sdk/share/YDLIDAR_SDK/common/ydlidar_parse.cmake
[2.885s] -- Up-to-date: /home/ubuntu/ros2_delivFoxy/install/ydlidar_sdk/share/YDLIDAR_SDK/LICENSE.txt
[2.886s] -- Up-to-date: /home/ubuntu/ros2_delivFoxy/install/ydlidar_sdk/share/YDLIDAR_SDK/README.md
[2.887s] -- Up-to-date: /home/ubuntu/ros2_delivFoxy/install/ydlidar_sdk/share/YDLIDAR_SDK/doc
[2.887s] -- Up-to-date: /home/ubuntu/ros2_delivFoxy/install/ydlidar_sdk/share/YDLIDAR_SDK/doc/FAQs
[2.888s] -- Up-to-date: /home/ubuntu/ros2_delivFoxy/install/ydlidar_sdk/share/YDLIDAR_SDK/doc/FAQs/Software_FAQs.md
[2.888s] -- Up-to-date: /home/ubuntu/ros2_delivFoxy/install/ydlidar_sdk/share/YDLIDAR_SDK/doc/FAQs/General_FAQs.md
[2.891s] -- Up-to-date: /home/ubuntu/ros2_delivFoxy/install/ydlidar_sdk/share/YDLIDAR_SDK/doc/FAQs/Hardware_FAQs.md
[2.895s] -- Up-to-date: /home/ubuntu/ros2_delivFoxy/install/ydlidar_sdk/share/YDLIDAR_SDK/doc/FAQs/README.md
[2.898s] -- Up-to-date: /home/ubuntu/ros2_delivFoxy/install/ydlidar_sdk/share/YDLIDAR_SDK/doc/FAQs/Software_FAQs_cn.md
[2.902s] -- Up-to-date: /home/ubuntu/ros2_delivFoxy/install/ydlidar_sdk/share/YDLIDAR_SDK/doc/FAQs/General_FAQs_cn.md
[2.908s] -- Up-to-date: /home/ubuntu/ros2_delivFoxy/install/ydlidar_sdk/share/YDLIDAR_SDK/doc/FAQs/Hardware_FAQs_cn.md
[2.913s] -- Up-to-date: /home/ubuntu/ros2_delivFoxy/install/ydlidar_sdk/share/YDLIDAR_SDK/doc/YDLidar_SDK_Communication_Protocol.pdf
[2.915s] -- Up-to-date: /home/ubuntu/ros2_delivFoxy/install/ydlidar_sdk/share/YDLIDAR_SDK/doc/tutorials
[2.916s] -- Up-to-date: /home/ubuntu/ros2_delivFoxy/install/ydlidar_sdk/share/YDLIDAR_SDK/doc/tutorials/writing_lidar_tutorial_python.md
[2.936s] -- Up-to-date: /home/ubuntu/ros2_delivFoxy/install/ydlidar_sdk/share/YDLIDAR_SDK/doc/tutorials/examine_the_simple_lidar_tutorial.md
[2.937s] -- Up-to-date: /home/ubuntu/ros2_delivFoxy/install/ydlidar_sdk/share/YDLIDAR_SDK/doc/tutorials/writing_lidar_network_adapter_tutorial_c++.md
[2.938s] -- Up-to-date: /home/ubuntu/ros2_delivFoxy/install/ydlidar_sdk/share/YDLIDAR_SDK/doc/tutorials/writing_lidar_tutorial_c.md
[2.939s] -- Up-to-date: /home/ubuntu/ros2_delivFoxy/install/ydlidar_sdk/share/YDLIDAR_SDK/doc/tutorials/writing_lidar_tutorial_c++.md
[2.939s] -- Up-to-date: /home/ubuntu/ros2_delivFoxy/install/ydlidar_sdk/share/YDLIDAR_SDK/doc/Diagram.md
[2.940s] -- Up-to-date: /home/ubuntu/ros2_delivFoxy/install/ydlidar_sdk/share/YDLIDAR_SDK/doc/YDLIDAR_SDK_API_for_Developers.md
[2.941s] -- Up-to-date: /home/ubuntu/ros2_delivFoxy/install/ydlidar_sdk/share/YDLIDAR_SDK/doc/Dataset.md
[2.947s] -- Up-to-date: /home/ubuntu/ros2_delivFoxy/install/ydlidar_sdk/share/YDLIDAR_SDK/doc/README.md
[2.948s] -- Up-to-date: /home/ubuntu/ros2_delivFoxy/install/ydlidar_sdk/share/YDLIDAR_SDK/doc/YDLidar-SDK-Communication-Protocol.html
[2.949s] -- Up-to-date: /home/ubuntu/ros2_delivFoxy/install/ydlidar_sdk/share/YDLIDAR_SDK/doc/YDLidar-SDK-Communication-Protocol.md
[2.949s] -- Up-to-date: /home/ubuntu/ros2_delivFoxy/install/ydlidar_sdk/share/YDLIDAR_SDK/doc/howto
[2.950s] -- Up-to-date: /home/ubuntu/ros2_delivFoxy/install/ydlidar_sdk/share/YDLIDAR_SDK/doc/howto/how_to_create_a_udev_rules.md
[2.952s] -- Up-to-date: /home/ubuntu/ros2_delivFoxy/install/ydlidar_sdk/share/YDLIDAR_SDK/doc/howto/how_to_build_and_install.md
[2.952s] -- Up-to-date: /home/ubuntu/ros2_delivFoxy/install/ydlidar_sdk/share/YDLIDAR_SDK/doc/howto/how_to_gerenrate_vs_project_by_cmake.md
[2.954s] -- Up-to-date: /home/ubuntu/ros2_delivFoxy/install/ydlidar_sdk/share/YDLIDAR_SDK/doc/howto/how_to_build_and_debug_using_vscode.md
[2.955s] -- Up-to-date: /home/ubuntu/ros2_delivFoxy/install/ydlidar_sdk/share/YDLIDAR_SDK/doc/howto/README.md
[2.955s] -- Up-to-date: /home/ubuntu/ros2_delivFoxy/install/ydlidar_sdk/share/YDLIDAR_SDK/doc/howto/how_to_create_a_csharp_project.md
[2.956s] -- Up-to-date: /home/ubuntu/ros2_delivFoxy/install/ydlidar_sdk/share/YDLIDAR_SDK/doc/howto/images
[2.958s] -- Up-to-date: /home/ubuntu/ros2_delivFoxy/install/ydlidar_sdk/share/YDLIDAR_SDK/doc/howto/images/csharp_running.png
[2.959s] -- Up-to-date: /home/ubuntu/ros2_delivFoxy/install/ydlidar_sdk/share/YDLIDAR_SDK/doc/howto/images/cpack.png
[2.959s] -- Up-to-date: /home/ubuntu/ros2_delivFoxy/install/ydlidar_sdk/share/YDLIDAR_SDK/doc/howto/images/csharp_exception.png
[2.960s] -- Up-to-date: /home/ubuntu/ros2_delivFoxy/install/ydlidar_sdk/share/YDLIDAR_SDK/doc/howto/images/ttyUSB1.png
[2.961s] -- Up-to-date: /home/ubuntu/ros2_delivFoxy/install/ydlidar_sdk/share/YDLIDAR_SDK/doc/howto/images/ydlidar_lidar_monitor.png
[2.962s] -- Up-to-date: /home/ubuntu/ros2_delivFoxy/install/ydlidar_sdk/share/YDLIDAR_SDK/doc/howto/images/ttyUSB0.png
[2.963s] -- Up-to-date: /home/ubuntu/ros2_delivFoxy/install/ydlidar_sdk/share/YDLIDAR_SDK/doc/howto/images/csharp_build.png
[2.964s] -- Up-to-date: /home/ubuntu/ros2_delivFoxy/install/ydlidar_sdk/share/YDLIDAR_SDK/doc/howto/images/csharp_project.png
[2.965s] -- Up-to-date: /home/ubuntu/ros2_delivFoxy/install/ydlidar_sdk/share/YDLIDAR_SDK/doc/howto/images/sequence.png
[2.966s] -- Up-to-date: /home/ubuntu/ros2_delivFoxy/install/ydlidar_sdk/share/YDLIDAR_SDK/doc/howto/images/csharp_library.png
[2.967s] -- Up-to-date: /home/ubuntu/ros2_delivFoxy/install/ydlidar_sdk/share/YDLIDAR_SDK/doc/howto/images/vscode
[2.968s] -- Up-to-date: /home/ubuntu/ros2_delivFoxy/install/ydlidar_sdk/share/YDLIDAR_SDK/doc/howto/images/vscode/run_tasks.jpg
[2.969s] -- Up-to-date: /home/ubuntu/ros2_delivFoxy/install/ydlidar_sdk/share/YDLIDAR_SDK/doc/howto/images/vscode/tasks.png
[2.970s] -- Up-to-date: /home/ubuntu/ros2_delivFoxy/install/ydlidar_sdk/share/YDLIDAR_SDK/doc/howto/images/sdk_init.png
[2.972s] -- Up-to-date: /home/ubuntu/ros2_delivFoxy/install/ydlidar_sdk/share/YDLIDAR_SDK/doc/howto/images/sdk_scanning.png
[2.976s] -- Up-to-date: /home/ubuntu/ros2_delivFoxy/install/ydlidar_sdk/share/YDLIDAR_SDK/doc/howto/how_to_solve_slow_pull_from_cn.md
[2.978s] -- Up-to-date: /home/ubuntu/ros2_delivFoxy/install/ydlidar_sdk/share/YDLIDAR_SDK/doc/howto/how_to_create_a_pull.md
[2.985s] -- Up-to-date: /home/ubuntu/ros2_delivFoxy/install/ydlidar_sdk/share/YDLIDAR_SDK/doc/YDLidar-SDK-Communication-Protocol.pdf
[2.986s] -- Up-to-date: /home/ubuntu/ros2_delivFoxy/install/ydlidar_sdk/share/YDLIDAR_SDK/doc/SDK.pdf
[2.987s] -- Up-to-date: /home/ubuntu/ros2_delivFoxy/install/ydlidar_sdk/share/YDLIDAR_SDK/doc/images
[2.987s] -- Up-to-date: /home/ubuntu/ros2_delivFoxy/install/ydlidar_sdk/share/YDLIDAR_SDK/doc/images/sdk_architecture.png
[2.988s] -- Up-to-date: /home/ubuntu/ros2_delivFoxy/install/ydlidar_sdk/share/YDLIDAR_SDK/doc/images/frame_intensity.png
[2.990s] -- Up-to-date: /home/ubuntu/ros2_delivFoxy/install/ydlidar_sdk/share/YDLIDAR_SDK/doc/images/FlowChart.png
[2.992s] -- Up-to-date: /home/ubuntu/ros2_delivFoxy/install/ydlidar_sdk/share/YDLIDAR_SDK/doc/images/frame.png
[2.993s] -- Up-to-date: /home/ubuntu/ros2_delivFoxy/install/ydlidar_sdk/share/YDLIDAR_SDK/doc/images/communication_mechanism.png
[2.994s] -- Up-to-date: /home/ubuntu/ros2_delivFoxy/install/ydlidar_sdk/share/YDLIDAR_SDK/doc/images/YDLidar.jpg
[2.995s] -- Up-to-date: /home/ubuntu/ros2_delivFoxy/install/ydlidar_sdk/share/YDLIDAR_SDK/doc/images/sequence.png
[2.996s] -- Up-to-date: /home/ubuntu/ros2_delivFoxy/install/ydlidar_sdk/share/YDLIDAR_SDK/doc/images/system_workflow.png
[2.997s] -- Up-to-date: /home/ubuntu/ros2_delivFoxy/install/ydlidar_sdk/share/YDLIDAR_SDK/doc/images/angle_q2.png
[2.997s] -- Up-to-date: /home/ubuntu/ros2_delivFoxy/install/ydlidar_sdk/share/YDLIDAR_SDK/doc/images/EAI.png
[2.998s] -- Up-to-date: /home/ubuntu/ros2_delivFoxy/install/ydlidar_sdk/share/YDLIDAR_SDK/doc/images/YDLidar.png
[2.998s] -- Up-to-date: /home/ubuntu/ros2_delivFoxy/install/ydlidar_sdk/share/YDLIDAR_SDK/doc/images/sdk_init.png
[2.999s] -- Up-to-date: /home/ubuntu/ros2_delivFoxy/install/ydlidar_sdk/share/YDLIDAR_SDK/doc/images/sdk_scanning.png
[3.000s] -- Up-to-date: /home/ubuntu/ros2_delivFoxy/install/ydlidar_sdk/share/YDLIDAR_SDK/doc/Tutorials.md
[3.002s] -- Up-to-date: /home/ubuntu/ros2_delivFoxy/install/ydlidar_sdk/share/YDLIDAR_SDK/doc/quickstart
[3.003s] -- Up-to-date: /home/ubuntu/ros2_delivFoxy/install/ydlidar_sdk/share/YDLIDAR_SDK/doc/quickstart/ydlidar_sdk_software_installation_guide.md
[3.003s] -- Up-to-date: /home/ubuntu/ros2_delivFoxy/install/ydlidar_sdk/share/YDLIDAR_SDK/doc/quickstart/README.md
[3.004s] -- Up-to-date: /home/ubuntu/ros2_delivFoxy/install/ydlidar_sdk/startup/initenv.sh
[3.161s] -- Up-to-date: /home/ubuntu/ros2_delivFoxy/install/ydlidar_sdk/bin/etlidar_test
[3.163s] -- Up-to-date: /home/ubuntu/ros2_delivFoxy/install/ydlidar_sdk/bin/tof_test
[3.174s] -- Up-to-date: /home/ubuntu/ros2_delivFoxy/install/ydlidar_sdk/bin/ydlidar_test
[3.187s] -- Up-to-date: /home/ubuntu/ros2_delivFoxy/install/ydlidar_sdk/bin/lidar_c_api_test
[3.199s] Invoked command in '/home/ubuntu/ros2_delivFoxy/build/ydlidar_sdk' returned '0': /usr/bin/cmake --install /home/ubuntu/ros2_delivFoxy/build/ydlidar_sdk
