[0.242s] Invoking command in '/home/ubuntu/ros2_delivFoxy/build/serial': CMAKE_PREFIX_PATH=${CMAKE_PREFIX_PATH}:/home/ubuntu/ros2_delivFoxy/install/serial_motor_demo:/home/ubuntu/dev_serial_motor/install/serial_motor_demo:/opt/ros/foxy /usr/bin/cmake --build /home/ubuntu/ros2_delivFoxy/build/serial -- -j4 -l4
[0.772s] [ 14%] Built target gtest
[0.811s] [ 42%] Built target serial
[0.850s] [ 57%] Built target gtest_main
[1.169s] [ 71%] Built target serial_example
[1.181s] [ 85%] Built target serial-test
[1.204s] [100%] Built target serial-test-timer
[1.433s] Invoked command in '/home/ubuntu/ros2_delivFoxy/build/serial' returned '0': CMAKE_PREFIX_PATH=${CMAKE_PREFIX_PATH}:/home/ubuntu/ros2_delivFoxy/install/serial_motor_demo:/home/ubuntu/dev_serial_motor/install/serial_motor_demo:/opt/ros/foxy /usr/bin/cmake --build /home/ubuntu/ros2_delivFoxy/build/serial -- -j4 -l4
[2.037s] Invoking command in '/home/ubuntu/ros2_delivFoxy/build/serial': CMAKE_PREFIX_PATH=${CMAKE_PREFIX_PATH}:/home/ubuntu/ros2_delivFoxy/install/serial_motor_demo:/home/ubuntu/dev_serial_motor/install/serial_motor_demo:/opt/ros/foxy /usr/bin/cmake --install /home/ubuntu/ros2_delivFoxy/build/serial
[2.144s] -- Install configuration: ""
[2.148s] -- Execute custom install script
[2.151s] -- Up-to-date symlink: /home/ubuntu/ros2_delivFoxy/install/serial/lib/libserial.a
[2.153s] -- Up-to-date symlink: /home/ubuntu/ros2_delivFoxy/install/serial/include/serial/serial.h
[2.155s] -- Up-to-date symlink: /home/ubuntu/ros2_delivFoxy/install/serial/include/serial/v8stdint.h
[2.156s] -- Up-to-date symlink: /home/ubuntu/ros2_delivFoxy/install/serial/share/serial/environment/library_path.sh
[2.158s] -- Up-to-date symlink: /home/ubuntu/ros2_delivFoxy/install/serial/share/serial/environment/library_path.dsv
[2.162s] -- Up-to-date symlink: /home/ubuntu/ros2_delivFoxy/install/serial/share/ament_index/resource_index/package_run_dependencies/serial
[2.164s] -- Up-to-date symlink: /home/ubuntu/ros2_delivFoxy/install/serial/share/ament_index/resource_index/parent_prefix_path/serial
[2.171s] -- Up-to-date symlink: /home/ubuntu/ros2_delivFoxy/install/serial/share/serial/environment/ament_prefix_path.sh
[2.180s] -- Up-to-date symlink: /home/ubuntu/ros2_delivFoxy/install/serial/share/serial/environment/ament_prefix_path.dsv
[2.210s] -- Up-to-date symlink: /home/ubuntu/ros2_delivFoxy/install/serial/share/serial/environment/path.sh
[2.211s] -- Up-to-date symlink: /home/ubuntu/ros2_delivFoxy/install/serial/share/serial/environment/path.dsv
[2.212s] -- Up-to-date symlink: /home/ubuntu/ros2_delivFoxy/install/serial/share/serial/local_setup.bash
[2.212s] -- Up-to-date symlink: /home/ubuntu/ros2_delivFoxy/install/serial/share/serial/local_setup.sh
[2.213s] -- Up-to-date symlink: /home/ubuntu/ros2_delivFoxy/install/serial/share/serial/local_setup.zsh
[2.214s] -- Up-to-date symlink: /home/ubuntu/ros2_delivFoxy/install/serial/share/serial/local_setup.dsv
[2.216s] -- Symlinking: /home/ubuntu/ros2_delivFoxy/install/serial/share/serial/package.dsv
[2.303s] -- Up-to-date symlink: /home/ubuntu/ros2_delivFoxy/install/serial/share/ament_index/resource_index/packages/serial
[2.304s] -- Up-to-date symlink: /home/ubuntu/ros2_delivFoxy/install/serial/share/serial/cmake/ament_cmake_export_include_directories-extras.cmake
[2.306s] -- Up-to-date symlink: /home/ubuntu/ros2_delivFoxy/install/serial/share/serial/cmake/ament_cmake_export_libraries-extras.cmake
[2.312s] -- Up-to-date symlink: /home/ubuntu/ros2_delivFoxy/install/serial/share/serial/cmake/serialConfig.cmake
[2.313s] -- Up-to-date symlink: /home/ubuntu/ros2_delivFoxy/install/serial/share/serial/cmake/serialConfig-version.cmake
[2.314s] -- Up-to-date symlink: /home/ubuntu/ros2_delivFoxy/install/serial/share/serial/package.xml
[2.405s] Invoked command in '/home/ubuntu/ros2_delivFoxy/build/serial' returned '0': CMAKE_PREFIX_PATH=${CMAKE_PREFIX_PATH}:/home/ubuntu/ros2_delivFoxy/install/serial_motor_demo:/home/ubuntu/dev_serial_motor/install/serial_motor_demo:/opt/ros/foxy /usr/bin/cmake --install /home/ubuntu/ros2_delivFoxy/build/serial
