[0.256s] Invoking command in '/home/ubuntu/ros2_delivFoxy/build/serial': CMAKE_PREFIX_PATH=${CMAKE_PREFIX_PATH}:/home/ubuntu/ros2_delivFoxy/install/serial_motor_demo:/home/ubuntu/dev_serial_motor/install/serial_motor_demo:/opt/ros/foxy /usr/bin/cmake --build /home/ubuntu/ros2_delivFoxy/build/serial -- -j4 -l4
[0.992s] [ 28%] Built target serial
[1.052s] [ 42%] Built target gtest
[1.336s] [ 57%] Built target gtest_main
[1.459s] [ 71%] Built target serial_example
[1.714s] [ 85%] Built target serial-test-timer
[1.762s] [100%] Built target serial-test
[3.748s] Invoked command in '/home/ubuntu/ros2_delivFoxy/build/serial' returned '0': CMAKE_PREFIX_PATH=${CMAKE_PREFIX_PATH}:/home/ubuntu/ros2_delivFoxy/install/serial_motor_demo:/home/ubuntu/dev_serial_motor/install/serial_motor_demo:/opt/ros/foxy /usr/bin/cmake --build /home/ubuntu/ros2_delivFoxy/build/serial -- -j4 -l4
[4.125s] Invoking command in '/home/ubuntu/ros2_delivFoxy/build/serial': CMAKE_PREFIX_PATH=${CMAKE_PREFIX_PATH}:/home/ubuntu/ros2_delivFoxy/install/serial_motor_demo:/home/ubuntu/dev_serial_motor/install/serial_motor_demo:/opt/ros/foxy /usr/bin/cmake --install /home/ubuntu/ros2_delivFoxy/build/serial
[4.237s] -- Install configuration: ""
[4.249s] -- Execute custom install script
[4.258s] -- Up-to-date symlink: /home/ubuntu/ros2_delivFoxy/install/serial/lib/libserial.a
[4.262s] -- Up-to-date symlink: /home/ubuntu/ros2_delivFoxy/install/serial/include/serial/serial.h
[4.268s] -- Up-to-date symlink: /home/ubuntu/ros2_delivFoxy/install/serial/include/serial/v8stdint.h
[4.274s] -- Up-to-date symlink: /home/ubuntu/ros2_delivFoxy/install/serial/share/serial/environment/library_path.sh
[4.283s] -- Up-to-date symlink: /home/ubuntu/ros2_delivFoxy/install/serial/share/serial/environment/library_path.dsv
[4.287s] -- Up-to-date symlink: /home/ubuntu/ros2_delivFoxy/install/serial/share/ament_index/resource_index/package_run_dependencies/serial
[4.299s] -- Up-to-date symlink: /home/ubuntu/ros2_delivFoxy/install/serial/share/ament_index/resource_index/parent_prefix_path/serial
[4.310s] -- Up-to-date symlink: /home/ubuntu/ros2_delivFoxy/install/serial/share/serial/environment/ament_prefix_path.sh
[4.315s] -- Up-to-date symlink: /home/ubuntu/ros2_delivFoxy/install/serial/share/serial/environment/ament_prefix_path.dsv
[4.326s] -- Up-to-date symlink: /home/ubuntu/ros2_delivFoxy/install/serial/share/serial/environment/path.sh
[4.336s] -- Up-to-date symlink: /home/ubuntu/ros2_delivFoxy/install/serial/share/serial/environment/path.dsv
[4.348s] -- Up-to-date symlink: /home/ubuntu/ros2_delivFoxy/install/serial/share/serial/local_setup.bash
[4.363s] -- Up-to-date symlink: /home/ubuntu/ros2_delivFoxy/install/serial/share/serial/local_setup.sh
[4.363s] -- Up-to-date symlink: /home/ubuntu/ros2_delivFoxy/install/serial/share/serial/local_setup.zsh
[4.374s] -- Up-to-date symlink: /home/ubuntu/ros2_delivFoxy/install/serial/share/serial/local_setup.dsv
[4.375s] -- Symlinking: /home/ubuntu/ros2_delivFoxy/install/serial/share/serial/package.dsv
[4.437s] -- Up-to-date symlink: /home/ubuntu/ros2_delivFoxy/install/serial/share/ament_index/resource_index/packages/serial
[4.443s] -- Up-to-date symlink: /home/ubuntu/ros2_delivFoxy/install/serial/share/serial/cmake/ament_cmake_export_include_directories-extras.cmake
[4.449s] -- Up-to-date symlink: /home/ubuntu/ros2_delivFoxy/install/serial/share/serial/cmake/ament_cmake_export_libraries-extras.cmake
[4.458s] -- Up-to-date symlink: /home/ubuntu/ros2_delivFoxy/install/serial/share/serial/cmake/serialConfig.cmake
[4.470s] -- Up-to-date symlink: /home/ubuntu/ros2_delivFoxy/install/serial/share/serial/cmake/serialConfig-version.cmake
[4.492s] -- Up-to-date symlink: /home/ubuntu/ros2_delivFoxy/install/serial/share/serial/package.xml
[4.520s] Invoked command in '/home/ubuntu/ros2_delivFoxy/build/serial' returned '0': CMAKE_PREFIX_PATH=${CMAKE_PREFIX_PATH}:/home/ubuntu/ros2_delivFoxy/install/serial_motor_demo:/home/ubuntu/dev_serial_motor/install/serial_motor_demo:/opt/ros/foxy /usr/bin/cmake --install /home/ubuntu/ros2_delivFoxy/build/serial
