[6.302s] Invoking command in '/home/ubuntu/ros2_delivFoxy/build/serial_motor_demo': CMAKE_PREFIX_PATH=/home/ubuntu/ros2_delivFoxy/install/serial_motor_demo_msgs:/home/ubuntu/ros2_delivFoxy/install/ydlidar_sdk:/home/ubuntu/ros2_delivFoxy/install/ydlidar_ros2_driver:/home/ubuntu/ros2_delivFoxy/install/slam_gmapping:/home/ubuntu/ros2_delivFoxy/install/diffdrive_arduino:/home/ubuntu/ros2_delivFoxy/install/serial:/home/ubuntu/ros2_delivFoxy/install/openslam_gmapping:/home/ubuntu/ros2_delivFoxy/install/articubot_one:/home/ubuntu/dev_serial_motor/install/serial_motor_demo_msgs PYTHONPATH=/home/ubuntu/ros2_delivFoxy/build/serial_motor_demo/prefix_override:/home/ubuntu/ros2_delivFoxy/install/serial_motor_demo/lib/python3.8/site-packages:/home/ubuntu/ros2_delivFoxy/install/serial_motor_demo_msgs/lib/python3.8/site-packages:/home/ubuntu/ros2_delivFoxy/install/serial_motor_demo/lib/python3.8/site-packages:/home/ubuntu/dev_serial_motor/install/serial_motor_demo/lib/python3.8/site-packages:/home/ubuntu/dev_serial_motor/install/serial_motor_demo_msgs/lib/python3.8/site-packages:/opt/ros/foxy/lib/python3.8/site-packages:/quick2wire-python-api /usr/bin/python3 setup.py develop --uninstall --editable --build-directory /home/ubuntu/ros2_delivFoxy/build/serial_motor_demo/build
[7.717s] running develop
[8.769s] Invoked command in '/home/ubuntu/ros2_delivFoxy/build/serial_motor_demo' returned '0': CMAKE_PREFIX_PATH=/home/ubuntu/ros2_delivFoxy/install/serial_motor_demo_msgs:/home/ubuntu/ros2_delivFoxy/install/ydlidar_sdk:/home/ubuntu/ros2_delivFoxy/install/ydlidar_ros2_driver:/home/ubuntu/ros2_delivFoxy/install/slam_gmapping:/home/ubuntu/ros2_delivFoxy/install/diffdrive_arduino:/home/ubuntu/ros2_delivFoxy/install/serial:/home/ubuntu/ros2_delivFoxy/install/openslam_gmapping:/home/ubuntu/ros2_delivFoxy/install/articubot_one:/home/ubuntu/dev_serial_motor/install/serial_motor_demo_msgs PYTHONPATH=/home/ubuntu/ros2_delivFoxy/build/serial_motor_demo/prefix_override:/home/ubuntu/ros2_delivFoxy/install/serial_motor_demo/lib/python3.8/site-packages:/home/ubuntu/ros2_delivFoxy/install/serial_motor_demo_msgs/lib/python3.8/site-packages:/home/ubuntu/ros2_delivFoxy/install/serial_motor_demo/lib/python3.8/site-packages:/home/ubuntu/dev_serial_motor/install/serial_motor_demo/lib/python3.8/site-packages:/home/ubuntu/dev_serial_motor/install/serial_motor_demo_msgs/lib/python3.8/site-packages:/opt/ros/foxy/lib/python3.8/site-packages:/quick2wire-python-api /usr/bin/python3 setup.py develop --uninstall --editable --build-directory /home/ubuntu/ros2_delivFoxy/build/serial_motor_demo/build
[8.783s] Invoking command in '/home/ubuntu/ros2_delivFoxy/src/serial_motor_demo/serial_motor_demo': CMAKE_PREFIX_PATH=/home/ubuntu/ros2_delivFoxy/install/serial_motor_demo_msgs:/home/ubuntu/ros2_delivFoxy/install/ydlidar_sdk:/home/ubuntu/ros2_delivFoxy/install/ydlidar_ros2_driver:/home/ubuntu/ros2_delivFoxy/install/slam_gmapping:/home/ubuntu/ros2_delivFoxy/install/diffdrive_arduino:/home/ubuntu/ros2_delivFoxy/install/serial:/home/ubuntu/ros2_delivFoxy/install/openslam_gmapping:/home/ubuntu/ros2_delivFoxy/install/articubot_one:/home/ubuntu/dev_serial_motor/install/serial_motor_demo_msgs PYTHONPATH=/home/ubuntu/ros2_delivFoxy/build/serial_motor_demo/prefix_override:/home/ubuntu/ros2_delivFoxy/install/serial_motor_demo/lib/python3.8/site-packages:/home/ubuntu/ros2_delivFoxy/install/serial_motor_demo_msgs/lib/python3.8/site-packages:/home/ubuntu/ros2_delivFoxy/install/serial_motor_demo/lib/python3.8/site-packages:/home/ubuntu/dev_serial_motor/install/serial_motor_demo/lib/python3.8/site-packages:/home/ubuntu/dev_serial_motor/install/serial_motor_demo_msgs/lib/python3.8/site-packages:/opt/ros/foxy/lib/python3.8/site-packages:/quick2wire-python-api /usr/bin/python3 setup.py egg_info --egg-base ../../../build/serial_motor_demo build --build-base /home/ubuntu/ros2_delivFoxy/build/serial_motor_demo/build install --record /home/ubuntu/ros2_delivFoxy/build/serial_motor_demo/install.log --install-scripts $base/lib/serial_motor_demo --single-version-externally-managed
[10.104s] running egg_info
[10.108s] writing ../../../build/serial_motor_demo/serial_motor_demo.egg-info/PKG-INFO
[10.109s] writing dependency_links to ../../../build/serial_motor_demo/serial_motor_demo.egg-info/dependency_links.txt
[10.111s] writing entry points to ../../../build/serial_motor_demo/serial_motor_demo.egg-info/entry_points.txt
[10.112s] writing requirements to ../../../build/serial_motor_demo/serial_motor_demo.egg-info/requires.txt
[10.113s] writing top-level names to ../../../build/serial_motor_demo/serial_motor_demo.egg-info/top_level.txt
[10.288s] reading manifest file '../../../build/serial_motor_demo/serial_motor_demo.egg-info/SOURCES.txt'
[10.297s] writing manifest file '../../../build/serial_motor_demo/serial_motor_demo.egg-info/SOURCES.txt'
[10.299s] running build
[10.299s] running build_py
[10.301s] running install
[10.303s] running install_lib
[10.310s] running install_data
[10.313s] running install_egg_info
[10.322s] removing '/home/ubuntu/ros2_delivFoxy/install/serial_motor_demo/lib/python3.8/site-packages/serial_motor_demo-0.0.0-py3.8.egg-info' (and everything under it)
[10.325s] Copying ../../../build/serial_motor_demo/serial_motor_demo.egg-info to /home/ubuntu/ros2_delivFoxy/install/serial_motor_demo/lib/python3.8/site-packages/serial_motor_demo-0.0.0-py3.8.egg-info
[10.335s] running install_scripts
[10.419s] Installing driver script to /home/ubuntu/ros2_delivFoxy/install/serial_motor_demo/lib/serial_motor_demo
[10.422s] Installing gui script to /home/ubuntu/ros2_delivFoxy/install/serial_motor_demo/lib/serial_motor_demo
[10.423s] writing list of installed files to '/home/ubuntu/ros2_delivFoxy/build/serial_motor_demo/install.log'
[10.566s] Invoked command in '/home/ubuntu/ros2_delivFoxy/src/serial_motor_demo/serial_motor_demo' returned '0': CMAKE_PREFIX_PATH=/home/ubuntu/ros2_delivFoxy/install/serial_motor_demo_msgs:/home/ubuntu/ros2_delivFoxy/install/ydlidar_sdk:/home/ubuntu/ros2_delivFoxy/install/ydlidar_ros2_driver:/home/ubuntu/ros2_delivFoxy/install/slam_gmapping:/home/ubuntu/ros2_delivFoxy/install/diffdrive_arduino:/home/ubuntu/ros2_delivFoxy/install/serial:/home/ubuntu/ros2_delivFoxy/install/openslam_gmapping:/home/ubuntu/ros2_delivFoxy/install/articubot_one:/home/ubuntu/dev_serial_motor/install/serial_motor_demo_msgs PYTHONPATH=/home/ubuntu/ros2_delivFoxy/build/serial_motor_demo/prefix_override:/home/ubuntu/ros2_delivFoxy/install/serial_motor_demo/lib/python3.8/site-packages:/home/ubuntu/ros2_delivFoxy/install/serial_motor_demo_msgs/lib/python3.8/site-packages:/home/ubuntu/ros2_delivFoxy/install/serial_motor_demo/lib/python3.8/site-packages:/home/ubuntu/dev_serial_motor/install/serial_motor_demo/lib/python3.8/site-packages:/home/ubuntu/dev_serial_motor/install/serial_motor_demo_msgs/lib/python3.8/site-packages:/opt/ros/foxy/lib/python3.8/site-packages:/quick2wire-python-api /usr/bin/python3 setup.py egg_info --egg-base ../../../build/serial_motor_demo build --build-base /home/ubuntu/ros2_delivFoxy/build/serial_motor_demo/build install --record /home/ubuntu/ros2_delivFoxy/build/serial_motor_demo/install.log --install-scripts $base/lib/serial_motor_demo --single-version-externally-managed
