[3.394s] Invoking command in '/home/ubuntu/ros2_delivFoxy/build/serial_motor_demo': CMAKE_PREFIX_PATH=/home/ubuntu/ros2_delivFoxy/install/serial_motor_demo_msgs:/home/ubuntu/ros2_delivFoxy/install/ydlidar_sdk:/home/ubuntu/ros2_delivFoxy/install/ydlidar_ros2_driver:/home/ubuntu/ros2_delivFoxy/install/slam_gmapping:/home/ubuntu/ros2_delivFoxy/install/diffdrive_arduino:/home/ubuntu/ros2_delivFoxy/install/serial:/home/ubuntu/ros2_delivFoxy/install/openslam_gmapping:/home/ubuntu/ros2_delivFoxy/install/articubot_one:/home/ubuntu/dev_serial_motor/install/serial_motor_demo_msgs PYTHONPATH=/home/ubuntu/ros2_delivFoxy/build/serial_motor_demo/prefix_override:/home/ubuntu/ros2_delivFoxy/install/serial_motor_demo/lib/python3.8/site-packages:/home/ubuntu/ros2_delivFoxy/install/serial_motor_demo_msgs/lib/python3.8/site-packages:/home/ubuntu/ros2_delivFoxy/install/serial_motor_demo/lib/python3.8/site-packages:/home/ubuntu/dev_serial_motor/install/serial_motor_demo/lib/python3.8/site-packages:/home/ubuntu/dev_serial_motor/install/serial_motor_demo_msgs/lib/python3.8/site-packages:/opt/ros/foxy/lib/python3.8/site-packages:/quick2wire-python-api:/quick2wire-python-api /usr/bin/python3 setup.py develop --uninstall --editable --build-directory /home/ubuntu/ros2_delivFoxy/build/serial_motor_demo/build
[5.416s] running develop
[6.917s] Invoked command in '/home/ubuntu/ros2_delivFoxy/build/serial_motor_demo' returned '0': CMAKE_PREFIX_PATH=/home/ubuntu/ros2_delivFoxy/install/serial_motor_demo_msgs:/home/ubuntu/ros2_delivFoxy/install/ydlidar_sdk:/home/ubuntu/ros2_delivFoxy/install/ydlidar_ros2_driver:/home/ubuntu/ros2_delivFoxy/install/slam_gmapping:/home/ubuntu/ros2_delivFoxy/install/diffdrive_arduino:/home/ubuntu/ros2_delivFoxy/install/serial:/home/ubuntu/ros2_delivFoxy/install/openslam_gmapping:/home/ubuntu/ros2_delivFoxy/install/articubot_one:/home/ubuntu/dev_serial_motor/install/serial_motor_demo_msgs PYTHONPATH=/home/ubuntu/ros2_delivFoxy/build/serial_motor_demo/prefix_override:/home/ubuntu/ros2_delivFoxy/install/serial_motor_demo/lib/python3.8/site-packages:/home/ubuntu/ros2_delivFoxy/install/serial_motor_demo_msgs/lib/python3.8/site-packages:/home/ubuntu/ros2_delivFoxy/install/serial_motor_demo/lib/python3.8/site-packages:/home/ubuntu/dev_serial_motor/install/serial_motor_demo/lib/python3.8/site-packages:/home/ubuntu/dev_serial_motor/install/serial_motor_demo_msgs/lib/python3.8/site-packages:/opt/ros/foxy/lib/python3.8/site-packages:/quick2wire-python-api:/quick2wire-python-api /usr/bin/python3 setup.py develop --uninstall --editable --build-directory /home/ubuntu/ros2_delivFoxy/build/serial_motor_demo/build
[6.931s] Invoking command in '/home/ubuntu/ros2_delivFoxy/src/serial_motor_demo/serial_motor_demo': CMAKE_PREFIX_PATH=/home/ubuntu/ros2_delivFoxy/install/serial_motor_demo_msgs:/home/ubuntu/ros2_delivFoxy/install/ydlidar_sdk:/home/ubuntu/ros2_delivFoxy/install/ydlidar_ros2_driver:/home/ubuntu/ros2_delivFoxy/install/slam_gmapping:/home/ubuntu/ros2_delivFoxy/install/diffdrive_arduino:/home/ubuntu/ros2_delivFoxy/install/serial:/home/ubuntu/ros2_delivFoxy/install/openslam_gmapping:/home/ubuntu/ros2_delivFoxy/install/articubot_one:/home/ubuntu/dev_serial_motor/install/serial_motor_demo_msgs PYTHONPATH=/home/ubuntu/ros2_delivFoxy/build/serial_motor_demo/prefix_override:/home/ubuntu/ros2_delivFoxy/install/serial_motor_demo/lib/python3.8/site-packages:/home/ubuntu/ros2_delivFoxy/install/serial_motor_demo_msgs/lib/python3.8/site-packages:/home/ubuntu/ros2_delivFoxy/install/serial_motor_demo/lib/python3.8/site-packages:/home/ubuntu/dev_serial_motor/install/serial_motor_demo/lib/python3.8/site-packages:/home/ubuntu/dev_serial_motor/install/serial_motor_demo_msgs/lib/python3.8/site-packages:/opt/ros/foxy/lib/python3.8/site-packages:/quick2wire-python-api:/quick2wire-python-api /usr/bin/python3 setup.py egg_info --egg-base ../../../build/serial_motor_demo build --build-base /home/ubuntu/ros2_delivFoxy/build/serial_motor_demo/build install --record /home/ubuntu/ros2_delivFoxy/build/serial_motor_demo/install.log --install-scripts $base/lib/serial_motor_demo --single-version-externally-managed
[8.004s] running egg_info
[8.008s] writing ../../../build/serial_motor_demo/serial_motor_demo.egg-info/PKG-INFO
[8.009s] writing dependency_links to ../../../build/serial_motor_demo/serial_motor_demo.egg-info/dependency_links.txt
[8.010s] writing entry points to ../../../build/serial_motor_demo/serial_motor_demo.egg-info/entry_points.txt
[8.011s] writing requirements to ../../../build/serial_motor_demo/serial_motor_demo.egg-info/requires.txt
[8.012s] writing top-level names to ../../../build/serial_motor_demo/serial_motor_demo.egg-info/top_level.txt
[8.182s] reading manifest file '../../../build/serial_motor_demo/serial_motor_demo.egg-info/SOURCES.txt'
[8.190s] writing manifest file '../../../build/serial_motor_demo/serial_motor_demo.egg-info/SOURCES.txt'
[8.191s] running build
[8.191s] running build_py
[8.196s] running install
[8.199s] running install_lib
[8.208s] running install_data
[8.210s] running install_egg_info
[8.217s] removing '/home/ubuntu/ros2_delivFoxy/install/serial_motor_demo/lib/python3.8/site-packages/serial_motor_demo-0.0.0-py3.8.egg-info' (and everything under it)
[8.222s] Copying ../../../build/serial_motor_demo/serial_motor_demo.egg-info to /home/ubuntu/ros2_delivFoxy/install/serial_motor_demo/lib/python3.8/site-packages/serial_motor_demo-0.0.0-py3.8.egg-info
[8.230s] running install_scripts
[8.303s] Installing driver script to /home/ubuntu/ros2_delivFoxy/install/serial_motor_demo/lib/serial_motor_demo
[8.304s] Installing gui script to /home/ubuntu/ros2_delivFoxy/install/serial_motor_demo/lib/serial_motor_demo
[8.305s] writing list of installed files to '/home/ubuntu/ros2_delivFoxy/build/serial_motor_demo/install.log'
[8.425s] Invoked command in '/home/ubuntu/ros2_delivFoxy/src/serial_motor_demo/serial_motor_demo' returned '0': CMAKE_PREFIX_PATH=/home/ubuntu/ros2_delivFoxy/install/serial_motor_demo_msgs:/home/ubuntu/ros2_delivFoxy/install/ydlidar_sdk:/home/ubuntu/ros2_delivFoxy/install/ydlidar_ros2_driver:/home/ubuntu/ros2_delivFoxy/install/slam_gmapping:/home/ubuntu/ros2_delivFoxy/install/diffdrive_arduino:/home/ubuntu/ros2_delivFoxy/install/serial:/home/ubuntu/ros2_delivFoxy/install/openslam_gmapping:/home/ubuntu/ros2_delivFoxy/install/articubot_one:/home/ubuntu/dev_serial_motor/install/serial_motor_demo_msgs PYTHONPATH=/home/ubuntu/ros2_delivFoxy/build/serial_motor_demo/prefix_override:/home/ubuntu/ros2_delivFoxy/install/serial_motor_demo/lib/python3.8/site-packages:/home/ubuntu/ros2_delivFoxy/install/serial_motor_demo_msgs/lib/python3.8/site-packages:/home/ubuntu/ros2_delivFoxy/install/serial_motor_demo/lib/python3.8/site-packages:/home/ubuntu/dev_serial_motor/install/serial_motor_demo/lib/python3.8/site-packages:/home/ubuntu/dev_serial_motor/install/serial_motor_demo_msgs/lib/python3.8/site-packages:/opt/ros/foxy/lib/python3.8/site-packages:/quick2wire-python-api:/quick2wire-python-api /usr/bin/python3 setup.py egg_info --egg-base ../../../build/serial_motor_demo build --build-base /home/ubuntu/ros2_delivFoxy/build/serial_motor_demo/build install --record /home/ubuntu/ros2_delivFoxy/build/serial_motor_demo/install.log --install-scripts $base/lib/serial_motor_demo --single-version-externally-managed
